{"timestamp": "2026-01-05T05:21:07.126462", "type": "APPSTATE", "from": "APPSTATE.LOADING", "to": "APPSTATE.MAIN_MENU"}
{"timestamp": "2026-01-05T05:21:13.938804", "type": "APPSTATE", "from": "APPSTATE.MAIN_MENU", "to": "APPSTATE.IN_GAME"}
{"timestamp": "2026-01-05T05:21:16.268188", "type": "APPSTATE", "from": "APPSTATE.IN_GAME", "to": "APPSTATE.QUIT"}
{"timestamp": "2026-01-05T05:24:27.559589", "type": "APPSTATE", "from": "APPSTATE.LOADING", "to": "APPSTATE.MAIN_MENU"}
{"timestamp": "2026-01-05T05:24:28.779505", "type": "APPSTATE", "from": "APPSTATE.MAIN_MENU", "to": "APPSTATE.QUIT"}
{"timestamp": "2026-01-05T05:24:37.879724", "type": "APPSTATE", "from": "APPSTATE.LOADING", "to": "APPSTATE.MAIN_MENU"}
{"timestamp": "2026-01-05T05:26:00.039627", "type": "APPSTATE", "from": "APPSTATE.LOADING", "to": "APPSTATE.MAIN_MENU"}
{"timestamp": "2026-01-05T05:26:28.038943", "type": "APPSTATE", "from": "APPSTATE.LOADING", "to": "APPSTATE.MAIN_MENU"}
{"timestamp": "2026-01-05T05:26:45.046145", "type": "APPSTATE", "from": "APPSTATE.LOADING", "to": "APPSTATE.MAIN_MENU"}
{"timestamp": "2026-01-05T05:26:57.092069", "type": "APPSTATE", "from": "APPSTATE.LOADING", "to": "APPSTATE.MAIN_MENU"}
{"timestamp": "2026-01-05T05:27:06.618990", "type": "APPSTATE", "from": "APPSTATE.MAIN_MENU", "to": "APPSTATE.QUIT"}
{"timestamp": "2026-01-05T05:27:10.243872", "type": "APPSTATE", "from": "APPSTATE.LOADING", "to": "APPSTATE.MAIN_MENU"}
{"timestamp": "2026-01-05T05:27:11.580046", "type": "APPSTATE", "from": "APPSTATE.MAIN_MENU", "to": "APPSTATE.QUIT"}
{"timestamp": "2026-01-05T05:36:57.124886", "type": "APPSTATE", "from": "APPSTATE.LOADING", "to": "APPSTATE.MAIN_MENU"}
{"timestamp": "2026-01-05T05:39:56.475126", "type": "APPSTATE", "from": "APPSTATE.LOADING", "to": "APPSTATE.MAIN_MENU"}
{"timestamp": "2026-01-05T05:39:57.438642", "type": "APPSTATE", "from": "APPSTATE.MAIN_MENU", "to": "APPSTATE.QUIT"}
{"timestamp": "2026-01-05T05:40:08.053202", "type": "APPSTATE", "from": "APPSTATE.LOADING", "to": "APPSTATE.MAIN_MENU"}
{"timestamp": "2026-01-05T05:41:21.012224", "type": "APPSTATE", "from": "APPSTATE.LOADING", "to": "APPSTATE.MAIN_MENU"}
{"timestamp": "2026-01-05T05:41:21.780130", "type": "APPSTATE", "from": "APPSTATE.MAIN_MENU", "to": "APPSTATE.QUIT"}
{"timestamp": "2026-01-05T05:41:28.552593", "type": "APPSTATE", "from": "APPSTATE.LOADING", "to": "APPSTATE.MAIN_MENU"}
{"timestamp": "2026-01-05T05:41:33.726937", "type": "APPSTATE", "from": "APPSTATE.MAIN_MENU", "to": "APPSTATE.QUIT"}
{"timestamp": "2026-01-05T05:42:38.959446", "type": "APPSTATE", "from": "APPSTATE.LOADING", "to": "APPSTATE.MAIN_MENU"}
{"timestamp": "2026-01-05T05:42:39.650615", "type": "APPSTATE", "from": "APPSTATE.MAIN_MENU", "to": "APPSTATE.QUIT"}
{"timestamp": "2026-01-05T05:42:47.632437", "type": "APPSTATE", "from": "APPSTATE.LOADING", "to": "APPSTATE.MAIN_MENU"}
{"timestamp": "2026-01-05T05:42:51.089920", "type": "APPSTATE", "from": "APPSTATE.MAIN_MENU", "to": "APPSTATE.QUIT"}
{"timestamp": "2026-01-05T05:43:40.606027", "type": "APPSTATE", "from": "APPSTATE.LOADING", "to": "APPSTATE.QUIT"}
{"timestamp": "2026-01-05T05:43:45.649217", "type": "APPSTATE", "from": "APPSTATE.LOADING", "to": "APPSTATE.MAIN_MENU"}
{"timestamp": "2026-01-05T05:44:09.311586", "type": "APPSTATE", "from": "APPSTATE.LOADING", "to": "APPSTATE.MAIN_MENU"}
{"timestamp": "2026-01-05T05:44:11.530872", "type": "APPSTATE", "from": "APPSTATE.MAIN_MENU", "to": "APPSTATE.QUIT"}
{"timestamp": "2026-01-05T05:47:12.183366", "type": "APPSTATE", "from": "APPSTATE.LOADING", "to": "APPSTATE.MAIN_MENU"}
{"timestamp": "2026-01-05T05:47:15.914021", "type": "APPSTATE", "from": "APPSTATE.MAIN_MENU", "to": "APPSTATE.QUIT"}
{"timestamp": "2026-01-05T05:47:40.736882", "type": "APPSTATE", "from": "APPSTATE.LOADING", "to": "APPSTATE.MAIN_MENU"}
{"timestamp": "2026-01-05T05:47:45.028898", "type": "APPSTATE", "from": "APPSTATE.MAIN_MENU", "to": "APPSTATE.QUIT"}
{"timestamp": "2026-01-05T05:49:55.303057", "type": "APPSTATE", "from": "APPSTATE.LOADING", "to": "APPSTATE.MAIN_MENU"}
{"timestamp": "2026-01-05T05:49:58.455586", "type": "APPSTATE", "from": "APPSTATE.MAIN_MENU", "to": "APPSTATE.QUIT"}
{"timestamp": "2026-01-05T05:53:29.040534", "type": "APPSTATE", "from": "APPSTATE.LOADING", "to": "APPSTATE.MAIN_MENU"}
{"timestamp": "2026-01-05T05:53:31.498736", "type": "APPSTATE", "from": "APPSTATE.MAIN_MENU", "to": "APPSTATE.QUIT"}
{"timestamp": "2026-01-05T05:53:39.074911", "type": "APPSTATE", "from": "APPSTATE.LOADING", "to": "APPSTATE.MAIN_MENU"}
{"timestamp": "2026-01-05T05:53:43.206600", "type": "APPSTATE", "from": "APPSTATE.MAIN_MENU", "to": "APPSTATE.QUIT"}
{"timestamp": "2026-01-05T05:54:23.997805", "type": "APPSTATE", "from": "APPSTATE.LOADING", "to": "APPSTATE.MAIN_MENU"}
{"timestamp": "2026-01-05T05:54:31.997631", "type": "APPSTATE", "from": "APPSTATE.MAIN_MENU", "to": "APPSTATE.QUIT"}
{"timestamp": "2026-01-05T06:00:06.721714", "type": "APPSTATE", "from": "APPSTATE.LOADING", "to": "APPSTATE.MAIN_MENU"}
{"timestamp": "2026-01-05T06:00:20.364612", "type": "APPSTATE", "from": "APPSTATE.LOADING", "to": "APPSTATE.MAIN_MENU"}
{"timestamp": "2026-01-05T06:00:44.044041", "type": "APPSTATE", "from": "APPSTATE.LOADING", "to": "APPSTATE.MAIN_MENU"}
{"timestamp": "2026-01-05T06:01:22.052056", "type": "APPSTATE", "from": "APPSTATE.LOADING", "to": "APPSTATE.MAIN_MENU"}
{"timestamp": "2026-01-05T06:01:32.701893", "type": "APPSTATE", "from": "APPSTATE.LOADING", "to": "APPSTATE.MAIN_MENU"}
{"timestamp": "2026-01-05T06:01:36.334435", "type": "APPSTATE", "from": "APPSTATE.MAIN_MENU", "to": "APPSTATE.QUIT"}
{"timestamp": "2026-01-05T06:03:49.171834", "type": "APPSTATE", "from": "APPSTATE.LOADING", "to": "APPSTATE.MAIN_MENU"}
{"timestamp": "2026-01-05T06:03:56.145033", "type": "APPSTATE", "from": "APPSTATE.MAIN_MENU", "to": "APPSTATE.QUIT"}
{"timestamp": "2026-01-05T06:07:10.533541", "type": "APPSTATE", "from": "APPSTATE.LOADING", "to": "APPSTATE.MAIN_MENU"}
{"timestamp": "2026-01-05T06:07:14.283302", "type": "APPSTATE", "from": "APPSTATE.MAIN_MENU", "to": "APPSTATE.QUIT"}
{"timestamp": "2026-01-05T06:09:06.948012", "type": "APPSTATE", "from": "APPSTATE.LOADING", "to": "APPSTATE.MAIN_MENU"}
{"timestamp": "2026-01-05T06:09:09.633706", "type": "APPSTATE", "from": "APPSTATE.MAIN_MENU", "to": "APPSTATE.QUIT"}
{"timestamp": "2026-01-05T06:09:34.203148", "type": "APPSTATE", "from": "APPSTATE.LOADING", "to": "APPSTATE.MAIN_MENU"}
{"timestamp": "2026-01-05T06:09:37.354853", "type": "APPSTATE", "from": "APPSTATE.MAIN_MENU", "to": "APPSTATE.QUIT"}
{"timestamp": "2026-01-05T06:10:51.243915", "type": "APPSTATE", "from": "APPSTATE.LOADING", "to": "APPSTATE.MAIN_MENU"}
{"timestamp": "2026-01-05T06:11:40.411059", "type": "APPSTATE", "from": "APPSTATE.MAIN_MENU", "to": "APPSTATE.QUIT"}
{"timestamp": "2026-01-05T06:12:23.406763", "type": "APPSTATE", "from": "APPSTATE.LOADING", "to": "APPSTATE.MAIN_MENU"}
{"timestamp": "2026-01-05T06:12:36.076749", "type": "APPSTATE", "from": "APPSTATE.MAIN_MENU", "to": "APPSTATE.IN_GAME"}
{"timestamp": "2026-01-05T06:12:39.550005", "type": "APPSTATE", "from": "APPSTATE.IN_GAME", "to": "APPSTATE.MAIN_MENU"}
{"timestamp": "2026-01-05T06:12:40.948417", "type": "APPSTATE", "from": "APPSTATE.MAIN_MENU", "to": "APPSTATE.IN_GAME"}
{"timestamp": "2026-01-05T06:12:47.069891", "type": "APPSTATE", "from": "APPSTATE.IN_GAME", "to": "APPSTATE.MAIN_MENU"}
{"timestamp": "2026-01-05T06:13:09.396715", "type": "APPSTATE", "from": "APPSTATE.MAIN_MENU", "to": "APPSTATE.QUIT"}
{"timestamp": "2026-01-05T06:19:48.326509", "type": "APPSTATE", "from": "APPSTATE.LOADING", "to": "APPSTATE.MAIN_MENU"}
{"timestamp": "2026-01-05T06:19:52.741359", "type": "APPSTATE", "from": "APPSTATE.MAIN_MENU", "to": "APPSTATE.QUIT"}
{"timestamp": "2026-01-05T06:24:10.846493", "type": "APPSTATE", "from": "APPSTATE.LOADING", "to": "APPSTATE.MAIN_MENU"}
{"timestamp": "2026-01-05T06:24:52.695177", "type": "APPSTATE", "from": "APPSTATE.LOADING", "to": "APPSTATE.MAIN_MENU"}
{"timestamp": "2026-01-05T06:25:13.943105", "type": "APPSTATE", "from": "APPSTATE.MAIN_MENU", "to": "APPSTATE.QUIT"}
{"timestamp": "2026-01-05T06:27:33.928223", "type": "APPSTATE", "from": "APPSTATE.LOADING", "to": "APPSTATE.MAIN_MENU"}
{"timestamp": "2026-01-05T06:27:35.554925", "type": "APPSTATE", "from": "APPSTATE.MAIN_MENU", "to": "APPSTATE.QUIT"}
{"timestamp": "2026-01-05T06:28:31.242565", "type": "APPSTATE", "from": "APPSTATE.LOADING", "to": "APPSTATE.MAIN_MENU"}
{"timestamp": "2026-01-05T06:28:35.220575", "type": "APPSTATE", "from": "APPSTATE.MAIN_MENU", "to": "APPSTATE.QUIT"}
{"timestamp": "2026-01-05T06:30:23.147059", "type": "APPSTATE", "from": "APPSTATE.LOADING", "to": "APPSTATE.MAIN_MENU"}
{"timestamp": "2026-01-05T06:30:31.609724", "type": "APPSTATE", "from": "APPSTATE.MAIN_MENU", "to": "APPSTATE.QUIT"}
{"timestamp": "2026-01-05T06:31:25.084724", "type": "APPSTATE", "from": "APPSTATE.LOADING", "to": "APPSTATE.MAIN_MENU"}
{"timestamp": "2026-01-05T06:31:28.710190", "type": "APPSTATE", "from": "APPSTATE.MAIN_MENU", "to": "APPSTATE.QUIT"}
{"timestamp": "2026-01-05T06:31:39.799671", "type": "APPSTATE", "from": "APPSTATE.LOADING", "to": "APPSTATE.MAIN_MENU"}
{"timestamp": "2026-01-05T06:31:48.296553", "type": "APPSTATE", "from": "APPSTATE.MAIN_MENU", "to": "APPSTATE.QUIT"}
{"timestamp": "2026-01-05T06:32:03.847146", "type": "APPSTATE", "from": "APPSTATE.LOADING", "to": "APPSTATE.MAIN_MENU"}
{"timestamp": "2026-01-05T06:32:13.155799", "type": "APPSTATE", "from": "APPSTATE.MAIN_MENU", "to": "APPSTATE.QUIT"}
{"timestamp": "2026-01-05T06:38:06.416871", "type": "APPSTATE", "from": "APPSTATE.LOADING", "to": "APPSTATE.MAIN_MENU"}
{"timestamp": "2026-01-05T06:38:17.070828", "type": "APPSTATE", "from": "APPSTATE.MAIN_MENU", "to": "APPSTATE.QUIT"}
{"timestamp": "2026-01-05T06:38:46.067110", "type": "APPSTATE", "from": "APPSTATE.LOADING", "to": "APPSTATE.MAIN_MENU"}
{"timestamp": "2026-01-05T06:39:19.633424", "type": "APPSTATE", "from": "APPSTATE.MAIN_MENU", "to": "APPSTATE.QUIT"}
{"timestamp": "2026-01-05T06:39:44.476632", "type": "APPSTATE", "from": "APPSTATE.LOADING", "to": "APPSTATE.MAIN_MENU"}
{"timestamp": "2026-01-05T06:39:54.070507", "type": "APPSTATE", "from": "APPSTATE.MAIN_MENU", "to": "APPSTATE.QUIT"}
{"timestamp": "2026-01-05T06:41:28.561154", "type": "APPSTATE", "from": "APPSTATE.LOADING", "to": "APPSTATE.MAIN_MENU"}
{"timestamp": "2026-01-05T06:41:35.793532", "type": "APPSTATE", "from": "APPSTATE.MAIN_MENU", "to": "APPSTATE.QUIT"}
{"timestamp": "2026-01-05T06:41:55.239819", "type": "APPSTATE", "from": "APPSTATE.LOADING", "to": "APPSTATE.MAIN_MENU"}
{"timestamp": "2026-01-05T06:42:12.281141", "type": "APPSTATE", "from": "APPSTATE.MAIN_MENU", "to": "APPSTATE.QUIT"}
{"timestamp": "2026-01-05T06:42:29.393199", "type": "APPSTATE", "from": "APPSTATE.LOADING", "to": "APPSTATE.MAIN_MENU"}
{"timestamp": "2026-01-05T06:42:49.466234", "type": "APPSTATE", "from": "APPSTATE.MAIN_MENU", "to": "APPSTATE.QUIT"}
{"timestamp": "2026-01-05T06:47:40.036820", "type": "APPSTATE", "from": "APPSTATE.LOADING", "to": "APPSTATE.MAIN_MENU"}
{"timestamp": "2026-01-05T06:47:45.290241", "type": "APPSTATE", "from": "APPSTATE.MAIN_MENU", "to": "APPSTATE.QUIT"}
{"timestamp": "2026-01-05T06:49:45.620444", "type": "APPSTATE", "from": "APPSTATE.LOADING", "to": "APPSTATE.MAIN_MENU"}
{"timestamp": "2026-01-05T06:56:15.126655", "type": "APPSTATE", "from": "APPSTATE.LOADING", "to": "APPSTATE.MAIN_MENU"}
{"timestamp": "2026-01-05T06:56:41.852327", "type": "APPSTATE", "from": "APPSTATE.MAIN_MENU", "to": "APPSTATE.QUIT"}
{"timestamp": "2026-01-05T07:28:33.190286", "type": "APPSTATE", "from": "APPSTATE.LOADING", "to": "APPSTATE.MAIN_MENU"}
{"timestamp": "2026-01-05T07:29:02.466658", "type": "APPSTATE", "from": "APPSTATE.MAIN_MENU", "to": "APPSTATE.QUIT"}
{"timestamp": "2026-01-05T07:29:07.776647", "type": "APPSTATE", "from": "APPSTATE.LOADING", "to": "APPSTATE.MAIN_MENU"}
{"timestamp": "2026-01-05T07:29:10.199231", "type": "APPSTATE", "from": "APPSTATE.MAIN_MENU", "to": "APPSTATE.QUIT"}
{"timestamp": "2026-01-05T07:29:42.462682", "type": "APPSTATE", "from": "APPSTATE.LOADING", "to": "APPSTATE.MAIN_MENU"}
{"timestamp": "2026-01-05T07:29:46.896823", "type": "APPSTATE", "from": "APPSTATE.MAIN_MENU", "to": "APPSTATE.QUIT"}
{"timestamp": "2026-01-05T07:30:55.003293", "type": "APPSTATE", "from": "APPSTATE.LOADING", "to": "APPSTATE.MAIN_MENU"}
{"timestamp": "2026-01-05T07:31:00.341203", "type": "APPSTATE", "from": "APPSTATE.MAIN_MENU", "to": "APPSTATE.QUIT"}
{"timestamp": "2026-01-05T07:31:07.327446", "type": "APPSTATE", "from": "APPSTATE.LOADING", "to": "APPSTATE.MAIN_MENU"}
{"timestamp": "2026-01-05T07:31:08.131958", "type": "APPSTATE", "from": "APPSTATE.MAIN_MENU", "to": "APPSTATE.QUIT"}
{"timestamp": "2026-01-05T07:31:24.287159", "type": "APPSTATE", "from": "APPSTATE.LOADING", "to": "APPSTATE.MAIN_MENU"}
{"timestamp": "2026-01-05T07:31:29.985087", "type": "APPSTATE", "from": "APPSTATE.MAIN_MENU", "to": "APPSTATE.QUIT"}
{"timestamp": "2026-01-05T07:32:23.819201", "type": "APPSTATE", "from": "APPSTATE.LOADING", "to": "APPSTATE.MAIN_MENU"}
{"timestamp": "2026-01-05T07:35:28.826822", "type": "APPSTATE", "from": "APPSTATE.MAIN_MENU", "to": "APPSTATE.IN_GAME"}
{"timestamp": "2026-01-05T07:35:31.952740", "type": "APPSTATE", "from": "APPSTATE.IN_GAME", "to": "APPSTATE.QUIT"}
{"timestamp": "2026-01-05T07:35:34.099944", "type": "APPSTATE", "from": "APPSTATE.LOADING", "to": "APPSTATE.MAIN_MENU"}
{"timestamp": "2026-01-05T07:35:34.999094", "type": "APPSTATE", "from": "APPSTATE.MAIN_MENU", "to": "APPSTATE.IN_GAME"}
{"timestamp": "2026-01-05T07:35:43.959606", "type": "APPSTATE", "from": "APPSTATE.IN_GAME", "to": "APPSTATE.QUIT"}
{"timestamp": "2026-01-05T07:37:14.545885", "type": "APPSTATE", "from": "APPSTATE.LOADING", "to": "APPSTATE.MAIN_MENU"}
{"timestamp": "2026-01-05T07:37:17.340667", "type": "APPSTATE", "from": "APPSTATE.MAIN_MENU", "to": "APPSTATE.IN_GAME"}
{"timestamp": "2026-01-05T07:37:32.318846", "type": "APPSTATE", "from": "APPSTATE.IN_GAME", "to": "APPSTATE.QUIT"}
{"timestamp": "2026-01-05T07:39:46.305686", "type": "APPSTATE", "from": "APPSTATE.LOADING", "to": "APPSTATE.MAIN_MENU"}
{"timestamp": "2026-01-05T07:39:50.814782", "type": "APPSTATE", "from": "APPSTATE.MAIN_MENU", "to": "APPSTATE.IN_GAME"}
{"timestamp": "2026-01-05T07:39:58.879316", "type": "APPSTATE", "from": "APPSTATE.IN_GAME", "to": "APPSTATE.QUIT"}
{"timestamp": "2026-01-05T07:40:36.186848", "type": "APPSTATE", "from": "APPSTATE.LOADING", "to": "APPSTATE.MAIN_MENU"}
{"timestamp": "2026-01-05T07:40:47.663827", "type": "APPSTATE", "from": "APPSTATE.MAIN_MENU", "to": "APPSTATE.QUIT"}
{"timestamp": "2026-01-05T08:16:28.391235", "type": "APPSTATE", "from": "APPSTATE.LOADING", "to": "APPSTATE.MAIN_MENU"}
{"timestamp": "2026-01-05T08:18:40.946194", "type": "APPSTATE", "from": "APPSTATE.LOADING", "to": "APPSTATE.MAIN_MENU"}
{"timestamp": "2026-01-05T08:18:41.971291", "type": "APPSTATE", "from": "APPSTATE.MAIN_MENU", "to": "APPSTATE.QUIT"}
{"timestamp": "2026-01-05T08:18:48.885404", "type": "APPSTATE", "from": "APPSTATE.LOADING", "to": "APPSTATE.MAIN_MENU"}
{"timestamp": "2026-01-05T08:19:15.102116", "type": "APPSTATE", "from": "APPSTATE.LOADING", "to": "APPSTATE.MAIN_MENU"}
{"timestamp": "2026-01-05T08:19:16.306276", "type": "APPSTATE", "from": "APPSTATE.MAIN_MENU", "to": "APPSTATE.QUIT"}
{"timestamp": "2026-01-05T08:19:21.297727", "type": "APPSTATE", "from": "APPSTATE.LOADING", "to": "APPSTATE.MAIN_MENU"}
{"timestamp": "2026-01-05T08:19:33.553103", "type": "APPSTATE", "from": "APPSTATE.LOADING", "to": "APPSTATE.MAIN_MENU"}
{"timestamp": "2026-01-05T08:19:34.937028", "type": "APPSTATE", "from": "APPSTATE.MAIN_MENU", "to": "APPSTATE.QUIT"}
{"timestamp": "2026-01-05T08:19:39.981692", "type": "APPSTATE", "from": "APPSTATE.LOADING", "to": "APPSTATE.MAIN_MENU"}
{"timestamp": "2026-01-05T08:22:02.782262", "type": "APPSTATE", "from": "APPSTATE.LOADING", "to": "APPSTATE.MAIN_MENU"}
{"timestamp": "2026-01-05T08:22:40.710608", "type": "APPSTATE", "from": "APPSTATE.LOADING", "to": "APPSTATE.MAIN_MENU"}
{"timestamp": "2026-01-05T08:22:41.769747", "type": "APPSTATE", "from": "APPSTATE.MAIN_MENU", "to": "APPSTATE.QUIT"}
{"timestamp": "2026-01-05T08:22:47.874971", "type": "APPSTATE", "from": "APPSTATE.LOADING", "to": "APPSTATE.MAIN_MENU"}
{"timestamp": "2026-01-05T08:22:53.815049", "type": "APPSTATE", "from": "APPSTATE.MAIN_MENU", "to": "APPSTATE.QUIT"}
{"timestamp": "2026-01-05T08:23:16.959563", "type": "APPSTATE", "from": "APPSTATE.LOADING", "to": "APPSTATE.MAIN_MENU"}
{"timestamp": "2026-01-05T08:23:21.937414", "type": "APPSTATE", "from": "APPSTATE.MAIN_MENU", "to": "APPSTATE.QUIT"}
{"timestamp": "2026-01-05T08:24:22.227535", "type": "APPSTATE", "from": "APPSTATE.LOADING", "to": "APPSTATE.MAIN_MENU"}
{"timestamp": "2026-01-05T08:24:29.104682", "type": "APPSTATE", "from": "APPSTATE.MAIN_MENU", "to": "APPSTATE.QUIT"}
{"timestamp": "2026-01-05T08:24:57.604632", "type": "APPSTATE", "from": "APPSTATE.LOADING", "to": "APPSTATE.MAIN_MENU"}
{"timestamp": "2026-01-05T08:25:02.741080", "type": "APPSTATE", "from": "APPSTATE.MAIN_MENU", "to": "APPSTATE.QUIT"}
{"timestamp": "2026-01-05T08:25:53.156945", "type": "APPSTATE", "from": "APPSTATE.LOADING", "to": "APPSTATE.MAIN_MENU"}
{"timestamp": "2026-01-05T08:25:54.283089", "type": "APPSTATE", "from": "APPSTATE.MAIN_MENU", "to": "APPSTATE.QUIT"}
{"timestamp": "2026-01-05T08:26:02.099048", "type": "APPSTATE", "from": "APPSTATE.LOADING", "to": "APPSTATE.MAIN_MENU"}
{"timestamp": "2026-01-05T08:26:14.323512", "type": "APPSTATE", "from": "APPSTATE.LOADING", "to": "APPSTATE.MAIN_MENU"}
{"timestamp": "2026-01-05T08:26:15.595043", "type": "APPSTATE", "from": "APPSTATE.MAIN_MENU", "to": "APPSTATE.QUIT"}
{"timestamp": "2026-01-05T08:26:19.479365", "type": "APPSTATE", "from": "APPSTATE.LOADING", "to": "APPSTATE.MAIN_MENU"}
{"timestamp": "2026-01-05T08:28:14.382055", "type": "APPSTATE", "from": "APPSTATE.LOADING", "to": "APPSTATE.MAIN_MENU"}
{"timestamp": "2026-01-05T08:28:15.203816", "type": "APPSTATE", "from": "APPSTATE.MAIN_MENU", "to": "APPSTATE.QUIT"}
{"timestamp": "2026-01-05T08:28:20.379836", "type": "APPSTATE", "from": "APPSTATE.LOADING", "to": "APPSTATE.MAIN_MENU"}
{"timestamp": "2026-01-05T08:28:40.507370", "type": "APPSTATE", "from": "APPSTATE.LOADING", "to": "APPSTATE.MAIN_MENU"}
{"timestamp": "2026-01-05T08:28:41.604326", "type": "APPSTATE", "from": "APPSTATE.MAIN_MENU", "to": "APPSTATE.QUIT"}
{"timestamp": "2026-01-05T08:28:47.899031", "type": "APPSTATE", "from": "APPSTATE.LOADING", "to": "APPSTATE.MAIN_MENU"}
{"timestamp": "2026-01-05T08:28:54.389004", "type": "APPSTATE", "from": "APPSTATE.MAIN_MENU", "to": "APPSTATE.QUIT"}
{"timestamp": "2026-01-05T08:29:29.816328", "type": "APPSTATE", "from": "APPSTATE.LOADING", "to": "APPSTATE.QUIT"}
{"timestamp": "2026-01-05T08:29:34.646559", "type": "APPSTATE", "from": "APPSTATE.LOADING", "to": "APPSTATE.MAIN_MENU"}
{"timestamp": "2026-01-05T08:30:57.531660", "type": "APPSTATE", "from": "APPSTATE.MAIN_MENU", "to": "APPSTATE.QUIT"}
{"timestamp": "2026-01-05T08:32:08.594538", "type": "APPSTATE", "from": "APPSTATE.LOADING", "to": "APPSTATE.QUIT"}
{"timestamp": "2026-01-05T08:32:13.855425", "type": "APPSTATE", "from": "APPSTATE.LOADING", "to": "APPSTATE.MAIN_MENU"}
{"timestamp": "2026-01-05T08:32:22.900377", "type": "APPSTATE", "from": "APPSTATE.MAIN_MENU", "to": "APPSTATE.QUIT"}
{"timestamp": "2026-01-05T08:32:41.431829", "type": "APPSTATE", "from": "APPSTATE.LOADING", "to": "APPSTATE.MAIN_MENU"}
{"timestamp": "2026-01-05T08:32:46.579912", "type": "APPSTATE", "from": "APPSTATE.MAIN_MENU", "to": "APPSTATE.QUIT"}
{"timestamp": "2026-01-05T08:33:32.123510", "type": "APPSTATE", "from": "APPSTATE.LOADING", "to": "APPSTATE.MAIN_MENU"}
{"timestamp": "2026-01-05T08:33:33.377663", "type": "APPSTATE", "from": "APPSTATE.MAIN_MENU", "to": "APPSTATE.QUIT"}
{"timestamp": "2026-01-05T08:33:38.709515", "type": "APPSTATE", "from": "APPSTATE.LOADING", "to": "APPSTATE.MAIN_MENU"}
{"timestamp": "2026-01-05T08:33:46.186164", "type": "APPSTATE", "from": "APPSTATE.MAIN_MENU", "to": "APPSTATE.QUIT"}
{"timestamp": "2026-01-05T08:36:27.451349", "type": "APPSTATE", "from": "APPSTATE.LOADING", "to": "APPSTATE.MAIN_MENU"}
{"timestamp": "2026-01-05T08:36:28.847431", "type": "APPSTATE", "from": "APPSTATE.MAIN_MENU", "to": "APPSTATE.QUIT"}
{"timestamp": "2026-01-05T08:36:34.340377", "type": "APPSTATE", "from": "APPSTATE.LOADING", "to": "APPSTATE.MAIN_MENU"}
{"timestamp": "2026-01-05T08:37:30.262177", "type": "APPSTATE", "from": "APPSTATE.LOADING", "to": "APPSTATE.MAIN_MENU"}
{"timestamp": "2026-01-05T08:37:31.192883", "type": "APPSTATE", "from": "APPSTATE.MAIN_MENU", "to": "APPSTATE.QUIT"}
{"timestamp": "2026-01-05T08:37:35.920286", "type": "APPSTATE", "from": "APPSTATE.LOADING", "to": "APPSTATE.MAIN_MENU"}
{"timestamp": "2026-01-05T08:37:46.146578", "type": "APPSTATE", "from": "APPSTATE.MAIN_MENU", "to": "APPSTATE.QUIT"}
{"timestamp": "2026-01-05T08:38:33.339778", "type": "APPSTATE", "from": "APPSTATE.LOADING", "to": "APPSTATE.MAIN_MENU"}
{"timestamp": "2026-01-05T08:38:34.237999", "type": "APPSTATE", "from": "APPSTATE.MAIN_MENU", "to": "APPSTATE.QUIT"}
{"timestamp": "2026-01-05T08:38:38.170259", "type": "APPSTATE", "from": "APPSTATE.LOADING", "to": "APPSTATE.MAIN_MENU"}
{"timestamp": "2026-01-05T08:39:56.440795", "type": "APPSTATE", "from": "APPSTATE.LOADING", "to": "APPSTATE.MAIN_MENU"}
{"timestamp": "2026-01-05T08:39:57.451752", "type": "APPSTATE", "from": "APPSTATE.MAIN_MENU", "to": "APPSTATE.QUIT"}
{"timestamp": "2026-01-05T08:40:02.125728", "type": "APPSTATE", "from": "APPSTATE.LOADING", "to": "APPSTATE.MAIN_MENU"}
{"timestamp": "2026-01-05T08:40:15.379561", "type": "APPSTATE", "from": "APPSTATE.MAIN_MENU", "to": "APPSTATE.QUIT"}
{"timestamp": "2026-01-05T08:40:42.301086", "type": "APPSTATE", "from": "APPSTATE.LOADING", "to": "APPSTATE.MAIN_MENU"}
{"timestamp": "2026-01-05T08:40:43.429256", "type": "APPSTATE", "from": "APPSTATE.MAIN_MENU", "to": "APPSTATE.QUIT"}
{"timestamp": "2026-01-05T08:40:47.977912", "type": "APPSTATE", "from": "APPSTATE.LOADING", "to": "APPSTATE.MAIN_MENU"}
{"timestamp": "2026-01-05T08:43:04.598353", "type": "APPSTATE", "from": "APPSTATE.LOADING", "to": "APPSTATE.MAIN_MENU"}
{"timestamp": "2026-01-05T08:43:05.383713", "type": "APPSTATE", "from": "APPSTATE.MAIN_MENU", "to": "APPSTATE.QUIT"}
{"timestamp": "2026-01-05T08:43:09.118388", "type": "APPSTATE", "from": "APPSTATE.LOADING", "to": "APPSTATE.MAIN_MENU"}
{"timestamp": "2026-01-05T08:43:22.833463", "type": "APPSTATE", "from": "APPSTATE.MAIN_MENU", "to": "APPSTATE.QUIT"}
{"timestamp": "2026-01-05T08:53:12.875679", "type": "APPSTATE", "from": "APPSTATE.LOADING", "to": "APPSTATE.MAIN_MENU"}
{"timestamp": "2026-01-05T08:53:45.386744", "type": "APPSTATE", "from": "APPSTATE.LOADING", "to": "APPSTATE.MAIN_MENU"}
{"timestamp": "2026-01-05T08:53:47.199322", "type": "APPSTATE", "from": "APPSTATE.MAIN_MENU", "to": "APPSTATE.QUIT"}
{"timestamp": "2026-01-05T08:53:52.549171", "type": "APPSTATE", "from": "APPSTATE.LOADING", "to": "APPSTATE.MAIN_MENU"}
{"timestamp": "2026-01-05T08:55:12.153750", "type": "APPSTATE", "from": "APPSTATE.LOADING", "to": "APPSTATE.MAIN_MENU"}
{"timestamp": "2026-01-05T08:55:13.103577", "type": "APPSTATE", "from": "APPSTATE.MAIN_MENU", "to": "APPSTATE.QUIT"}
{"timestamp": "2026-01-05T08:55:16.719433", "type": "APPSTATE", "from": "APPSTATE.LOADING", "to": "APPSTATE.MAIN_MENU"}
{"timestamp": "2026-01-05T08:55:24.781650", "type": "APPSTATE", "from": "APPSTATE.MAIN_MENU", "to": "APPSTATE.QUIT"}
{"timestamp": "2026-01-05T08:56:02.563952", "type": "APPSTATE", "from": "APPSTATE.LOADING", "to": "APPSTATE.MAIN_MENU"}
{"timestamp": "2026-01-05T08:56:03.172997", "type": "APPSTATE", "from": "APPSTATE.MAIN_MENU", "to": "APPSTATE.QUIT"}
{"timestamp": "2026-01-05T08:56:06.622267", "type": "APPSTATE", "from": "APPSTATE.LOADING", "to": "APPSTATE.MAIN_MENU"}
{"timestamp": "2026-01-05T08:56:13.991116", "type": "APPSTATE", "from": "APPSTATE.MAIN_MENU", "to": "APPSTATE.QUIT"}
{"timestamp": "2026-01-05T08:57:01.235697", "type": "APPSTATE", "from": "APPSTATE.LOADING", "to": "APPSTATE.MAIN_MENU"}
{"timestamp": "2026-01-05T08:57:01.878511", "type": "APPSTATE", "from": "APPSTATE.MAIN_MENU", "to": "APPSTATE.QUIT"}
{"timestamp": "2026-01-05T08:57:05.133710", "type": "APPSTATE", "from": "APPSTATE.LOADING", "to": "APPSTATE.MAIN_MENU"}
{"timestamp": "2026-01-05T08:57:11.745254", "type": "APPSTATE", "from": "APPSTATE.MAIN_MENU", "to": "APPSTATE.QUIT"}
{"timestamp": "2026-01-05T08:57:25.945666", "type": "APPSTATE", "from": "APPSTATE.LOADING", "to": "APPSTATE.MAIN_MENU"}
{"timestamp": "2026-01-05T08:57:40.062922", "type": "APPSTATE", "from": "APPSTATE.MAIN_MENU", "to": "APPSTATE.QUIT"}
{"timestamp": "2026-01-05T08:58:04.431332", "type": "APPSTATE", "from": "APPSTATE.LOADING", "to": "APPSTATE.MAIN_MENU"}
{"timestamp": "2026-01-05T08:58:04.833797", "type": "APPSTATE", "from": "APPSTATE.MAIN_MENU", "to": "APPSTATE.QUIT"}
{"timestamp": "2026-01-05T08:58:08.218763", "type": "APPSTATE", "from": "APPSTATE.LOADING", "to": "APPSTATE.MAIN_MENU"}
{"timestamp": "2026-01-05T08:58:17.193624", "type": "APPSTATE", "from": "APPSTATE.MAIN_MENU", "to": "APPSTATE.QUIT"}
{"timestamp": "2026-01-05T08:59:01.963511", "type": "APPSTATE", "from": "APPSTATE.LOADING", "to": "APPSTATE.QUIT"}
{"timestamp": "2026-01-05T08:59:05.643571", "type": "APPSTATE", "from": "APPSTATE.LOADING", "to": "APPSTATE.MAIN_MENU"}
{"timestamp": "2026-01-05T08:59:18.884872", "type": "APPSTATE", "from": "APPSTATE.MAIN_MENU", "to": "APPSTATE.QUIT"}
{"timestamp": "2026-01-05T09:00:46.496657", "type": "APPSTATE", "from": "APPSTATE.LOADING", "to": "APPSTATE.MAIN_MENU"}
{"timestamp": "2026-01-05T09:00:52.129156", "type": "APPSTATE", "from": "APPSTATE.MAIN_MENU", "to": "APPSTATE.QUIT"}
{"timestamp": "2026-01-05T09:03:15.833225", "type": "APPSTATE", "from": "APPSTATE.LOADING", "to": "APPSTATE.MAIN_MENU"}
{"timestamp": "2026-01-05T09:03:19.155862", "type": "APPSTATE", "from": "APPSTATE.MAIN_MENU", "to": "APPSTATE.QUIT"}
{"timestamp": "2026-01-05T09:03:42.093316", "type": "APPSTATE", "from": "APPSTATE.LOADING", "to": "APPSTATE.MAIN_MENU"}
{"timestamp": "2026-01-05T09:03:42.899896", "type": "APPSTATE", "from": "APPSTATE.MAIN_MENU", "to": "APPSTATE.QUIT"}
{"timestamp": "2026-01-05T09:03:49.864814", "type": "APPSTATE", "from": "APPSTATE.LOADING", "to": "APPSTATE.MAIN_MENU"}
{"timestamp": "2026-01-05T09:03:54.554143", "type": "APPSTATE", "from": "APPSTATE.MAIN_MENU", "to": "APPSTATE.QUIT"}
{"timestamp": "2026-01-05T09:04:14.646586", "type": "APPSTATE", "from": "APPSTATE.LOADING", "to": "APPSTATE.MAIN_MENU"}
{"timestamp": "2026-01-05T09:04:22.635132", "type": "APPSTATE", "from": "APPSTATE.MAIN_MENU", "to": "APPSTATE.QUIT"}
{"timestamp": "2026-01-05T09:05:18.268972", "type": "APPSTATE", "from": "APPSTATE.LOADING", "to": "APPSTATE.MAIN_MENU"}
{"timestamp": "2026-01-05T09:05:19.103954", "type": "APPSTATE", "from": "APPSTATE.MAIN_MENU", "to": "APPSTATE.QUIT"}
{"timestamp": "2026-01-05T09:05:22.480621", "type": "APPSTATE", "from": "APPSTATE.LOADING", "to": "APPSTATE.MAIN_MENU"}
{"timestamp": "2026-01-05T09:05:29.434560", "type": "APPSTATE", "from": "APPSTATE.MAIN_MENU", "to": "APPSTATE.QUIT"}
{"timestamp": "2026-01-05T09:11:40.097330", "type": "APPSTATE", "from": "APPSTATE.LOADING", "to": "APPSTATE.MAIN_MENU"}
{"timestamp": "2026-01-05T09:11:41.287956", "type": "APPSTATE", "from": "APPSTATE.MAIN_MENU", "to": "APPSTATE.QUIT"}
{"timestamp": "2026-01-05T09:11:47.523130", "type": "APPSTATE", "from": "APPSTATE.LOADING", "to": "APPSTATE.MAIN_MENU"}
{"timestamp": "2026-01-05T09:12:01.346688", "type": "APPSTATE", "from": "APPSTATE.MAIN_MENU", "to": "APPSTATE.QUIT"}
{"timestamp": "2026-01-05T09:14:47.227200", "type": "APPSTATE", "from": "APPSTATE.LOADING", "to": "APPSTATE.MAIN_MENU"}
{"timestamp": "2026-01-05T09:14:56.832094", "type": "APPSTATE", "from": "APPSTATE.MAIN_MENU", "to": "APPSTATE.IN_GAME"}
{"timestamp": "2026-01-05T09:14:59.501594", "type": "APPSTATE", "from": "APPSTATE.IN_GAME", "to": "APPSTATE.MAIN_MENU"}
{"timestamp": "2026-01-05T09:15:00.622686", "type": "APPSTATE", "from": "APPSTATE.MAIN_MENU", "to": "APPSTATE.QUIT"}
{"timestamp": "2026-01-05T09:17:58.514019", "type": "APPSTATE", "from": "APPSTATE.LOADING", "to": "APPSTATE.MAIN_MENU"}
{"timestamp": "2026-01-05T09:18:16.122946", "type": "APPSTATE", "from": "APPSTATE.MAIN_MENU", "to": "APPSTATE.QUIT"}
{"timestamp": "2026-01-05T09:20:16.554031", "type": "APPSTATE", "from": "APPSTATE.LOADING", "to": "APPSTATE.MAIN_MENU"}
{"timestamp": "2026-01-05T09:20:17.551986", "type": "APPSTATE", "from": "APPSTATE.MAIN_MENU", "to": "APPSTATE.QUIT"}
{"timestamp": "2026-01-05T09:20:21.571607", "type": "APPSTATE", "from": "APPSTATE.LOADING", "to": "APPSTATE.MAIN_MENU"}
{"timestamp": "2026-01-05T09:21:39.149282", "type": "APPSTATE", "from": "APPSTATE.LOADING", "to": "APPSTATE.MAIN_MENU"}
{"timestamp": "2026-01-05T09:21:50.589024", "type": "APPSTATE", "from": "APPSTATE.MAIN_MENU", "to": "APPSTATE.IN_GAME"}
{"timestamp": "2026-01-05T09:21:54.027487", "type": "APPSTATE", "from": "APPSTATE.IN_GAME", "to": "APPSTATE.MAIN_MENU"}
{"timestamp": "2026-01-05T09:21:58.084204", "type": "APPSTATE", "from": "APPSTATE.MAIN_MENU", "to": "APPSTATE.QUIT"}
{"timestamp": "2026-01-05T09:22:05.472984", "type": "APPSTATE", "from": "APPSTATE.LOADING", "to": "APPSTATE.MAIN_MENU"}
{"timestamp": "2026-01-05T09:22:06.483170", "type": "APPSTATE", "from": "APPSTATE.MAIN_MENU", "to": "APPSTATE.QUIT"}
{"timestamp": "2026-01-05T09:23:58.648249", "type": "APPSTATE", "from": "APPSTATE.LOADING", "to": "APPSTATE.MAIN_MENU"}
{"timestamp": "2026-01-05T09:24:18.575110", "type": "APPSTATE", "from": "APPSTATE.LOADING", "to": "APPSTATE.MAIN_MENU"}
{"timestamp": "2026-01-05T09:26:40.708234", "type": "APPSTATE", "from": "APPSTATE.LOADING", "to": "APPSTATE.MAIN_MENU"}
{"timestamp": "2026-01-05T09:27:09.996508", "type": "APPSTATE", "from": "APPSTATE.MAIN_MENU", "to": "APPSTATE.QUIT"}
{"timestamp": "2026-01-05T09:27:43.671017", "type": "APPSTATE", "from": "APPSTATE.LOADING", "to": "APPSTATE.MAIN_MENU"}
{"timestamp": "2026-01-05T09:27:45.290880", "type": "APPSTATE", "from": "APPSTATE.MAIN_MENU", "to": "APPSTATE.QUIT"}
{"timestamp": "2026-01-05T09:27:53.506323", "type": "APPSTATE", "from": "APPSTATE.LOADING", "to": "APPSTATE.MAIN_MENU"}
{"timestamp": "2026-01-05T09:28:04.216075", "type": "APPSTATE", "from": "APPSTATE.MAIN_MENU", "to": "APPSTATE.QUIT"}
{"timestamp": "2026-01-05T09:30:08.882921", "type": "APPSTATE", "from": "APPSTATE.LOADING", "to": "APPSTATE.MAIN_MENU"}
{"timestamp": "2026-01-05T09:30:26.258228", "type": "APPSTATE", "from": "APPSTATE.MAIN_MENU", "to": "APPSTATE.IN_GAME"}
{"timestamp": "2026-01-05T09:30:29.935302", "type": "APPSTATE", "from": "APPSTATE.IN_GAME", "to": "APPSTATE.MAIN_MENU"}
{"timestamp": "2026-01-05T09:34:26.881792", "type": "APPSTATE", "from": "APPSTATE.MAIN_MENU", "to": "APPSTATE.QUIT"}
{"timestamp": "2026-01-05T09:51:46.932351", "type": "APPSTATE", "from": "APPSTATE.LOADING", "to": "APPSTATE.MAIN_MENU"}
{"timestamp": "2026-01-05T09:51:58.571072", "type": "APPSTATE", "from": "APPSTATE.LOADING", "to": "APPSTATE.MAIN_MENU"}
{"timestamp": "2026-01-05T09:52:32.409107", "type": "APPSTATE", "from": "APPSTATE.LOADING", "to": "APPSTATE.MAIN_MENU"}
{"timestamp": "2026-01-05T09:52:36.791595", "type": "APPSTATE", "from": "APPSTATE.MAIN_MENU", "to": "APPSTATE.QUIT"}
{"timestamp": "2026-01-05T09:52:53.826110", "type": "APPSTATE", "from": "APPSTATE.LOADING", "to": "APPSTATE.MAIN_MENU"}
{"timestamp": "2026-01-05T09:52:54.661120", "type": "APPSTATE", "from": "APPSTATE.MAIN_MENU", "to": "APPSTATE.QUIT"}
{"timestamp": "2026-01-05T09:55:14.744735", "type": "APPSTATE", "from": "APPSTATE.LOADING", "to": "APPSTATE.MAIN_MENU"}
{"timestamp": "2026-01-05T09:55:15.823254", "type": "APPSTATE", "from": "APPSTATE.MAIN_MENU", "to": "APPSTATE.QUIT"}
{"timestamp": "2026-01-05T10:02:38.891641", "type": "APPSTATE", "from": "APPSTATE.LOADING", "to": "APPSTATE.MAIN_MENU"}
{"timestamp": "2026-01-05T10:02:42.863952", "type": "APPSTATE", "from": "APPSTATE.MAIN_MENU", "to": "APPSTATE.QUIT"}
{"timestamp": "2026-01-05T10:04:01.776616", "type": "APPSTATE", "from": "APPSTATE.LOADING", "to": "APPSTATE.MAIN_MENU"}
{"timestamp": "2026-01-05T10:04:06.315760", "type": "APPSTATE", "from": "APPSTATE.MAIN_MENU", "to": "APPSTATE.QUIT"}
{"timestamp": "2026-01-05T10:04:46.187680", "type": "APPSTATE", "from": "APPSTATE.LOADING", "to": "APPSTATE.MAIN_MENU"}
{"timestamp": "2026-01-05T10:04:49.929110", "type": "APPSTATE", "from": "APPSTATE.MAIN_MENU", "to": "APPSTATE.QUIT"}
{"timestamp": "2026-01-05T10:05:14.758254", "type": "APPSTATE", "from": "APPSTATE.LOADING", "to": "APPSTATE.MAIN_MENU"}
{"timestamp": "2026-01-05T10:05:19.584005", "type": "APPSTATE", "from": "APPSTATE.MAIN_MENU", "to": "APPSTATE.QUIT"}
{"timestamp": "2026-01-05T10:08:01.725280", "type": "APPSTATE", "from": "APPSTATE.LOADING", "to": "APPSTATE.MAIN_MENU"}
{"timestamp": "2026-01-05T10:08:03.072828", "type": "APPSTATE", "from": "APPSTATE.MAIN_MENU", "to": "APPSTATE.QUIT"}
{"timestamp": "2026-01-05T10:09:19.219479", "type": "APPSTATE", "from": "APPSTATE.LOADING", "to": "APPSTATE.MAIN_MENU"}
{"timestamp": "2026-01-05T10:09:26.206419", "type": "APPSTATE", "from": "APPSTATE.MAIN_MENU", "to": "APPSTATE.QUIT"}
{"timestamp": "2026-01-05T10:09:35.787129", "type": "APPSTATE", "from": "APPSTATE.LOADING", "to": "APPSTATE.MAIN_MENU"}
{"timestamp": "2026-01-05T10:09:43.050206", "type": "APPSTATE", "from": "APPSTATE.LOADING", "to": "APPSTATE.MAIN_MENU"}
{"timestamp": "2026-01-05T10:09:51.916905", "type": "APPSTATE", "from": "APPSTATE.LOADING", "to": "APPSTATE.MAIN_MENU"}
{"timestamp": "2026-01-05T10:10:18.180963", "type": "APPSTATE", "from": "APPSTATE.LOADING", "to": "APPSTATE.MAIN_MENU"}
{"timestamp": "2026-01-05T10:10:22.096735", "type": "APPSTATE", "from": "APPSTATE.MAIN_MENU", "to": "APPSTATE.QUIT"}
{"timestamp": "2026-01-05T10:10:26.935615", "type": "APPSTATE", "from": "APPSTATE.LOADING", "to": "APPSTATE.MAIN_MENU"}
{"timestamp": "2026-01-05T10:10:32.604530", "type": "APPSTATE", "from": "APPSTATE.MAIN_MENU", "to": "APPSTATE.QUIT"}
{"timestamp": "2026-01-05T10:10:37.707273", "type": "APPSTATE", "from": "APPSTATE.LOADING", "to": "APPSTATE.MAIN_MENU"}
{"timestamp": "2026-01-05T10:10:45.659468", "type": "APPSTATE", "from": "APPSTATE.MAIN_MENU", "to": "APPSTATE.QUIT"}
{"timestamp": "2026-01-05T10:15:41.007309", "type": "APPSTATE", "from": "APPSTATE.LOADING", "to": "APPSTATE.MAIN_MENU"}
{"timestamp": "2026-01-05T10:15:53.525910", "type": "APPSTATE", "from": "APPSTATE.MAIN_MENU", "to": "APPSTATE.QUIT"}
{"timestamp": "2026-01-05T10:16:51.045259", "type": "APPSTATE", "from": "APPSTATE.LOADING", "to": "APPSTATE.MAIN_MENU"}
{"timestamp": "2026-01-05T10:17:02.367507", "type": "APPSTATE", "from": "APPSTATE.MAIN_MENU", "to": "APPSTATE.QUIT"}
{"timestamp": "2026-01-05T10:33:57.773091", "type": "APPSTATE", "from": "APPSTATE.LOADING", "to": "APPSTATE.MAIN_MENU"}
{"timestamp": "2026-01-05T10:34:07.725583", "type": "APPSTATE", "from": "APPSTATE.MAIN_MENU", "to": "APPSTATE.QUIT"}
{"timestamp": "2026-01-05T10:34:43.044638", "type": "APPSTATE", "from": "APPSTATE.LOADING", "to": "APPSTATE.MAIN_MENU"}
{"timestamp": "2026-01-05T10:34:50.586107", "type": "APPSTATE", "from": "APPSTATE.MAIN_MENU", "to": "APPSTATE.QUIT"}
{"timestamp": "2026-01-05T10:35:17.420628", "type": "APPSTATE", "from": "APPSTATE.LOADING", "to": "APPSTATE.MAIN_MENU"}
{"timestamp": "2026-01-05T10:35:25.234518", "type": "APPSTATE", "from": "APPSTATE.MAIN_MENU", "to": "APPSTATE.QUIT"}
{"timestamp": "2026-01-05T10:35:34.143206", "type": "APPSTATE", "from": "APPSTATE.LOADING", "to": "APPSTATE.MAIN_MENU"}
{"timestamp": "2026-01-05T10:35:44.350476", "type": "APPSTATE", "from": "APPSTATE.MAIN_MENU", "to": "APPSTATE.QUIT"}
{"timestamp": "2026-01-05T10:35:55.107187", "type": "APPSTATE", "from": "APPSTATE.LOADING", "to": "APPSTATE.MAIN_MENU"}
{"timestamp": "2026-01-05T10:36:05.313752", "type": "APPSTATE", "from": "APPSTATE.MAIN_MENU", "to": "APPSTATE.QUIT"}
{"timestamp": "2026-01-05T10:36:16.703383", "type": "APPSTATE", "from": "APPSTATE.LOADING", "to": "APPSTATE.MAIN_MENU"}
{"timestamp": "2026-01-05T10:36:21.481781", "type": "APPSTATE", "from": "APPSTATE.MAIN_MENU", "to": "APPSTATE.QUIT"}
{"timestamp": "2026-01-05T10:36:27.266568", "type": "APPSTATE", "from": "APPSTATE.LOADING", "to": "APPSTATE.MAIN_MENU"}
{"timestamp": "2026-01-05T10:36:33.037988", "type": "APPSTATE", "from": "APPSTATE.MAIN_MENU", "to": "APPSTATE.QUIT"}
{"timestamp": "2026-01-05T10:36:40.418107", "type": "APPSTATE", "from": "APPSTATE.LOADING", "to": "APPSTATE.MAIN_MENU"}
{"timestamp": "2026-01-05T10:36:50.128415", "type": "APPSTATE", "from": "APPSTATE.MAIN_MENU", "to": "APPSTATE.QUIT"}
{"timestamp": "2026-01-05T10:38:06.198898", "type": "APPSTATE", "from": "APPSTATE.LOADING", "to": "APPSTATE.MAIN_MENU"}
{"timestamp": "2026-01-05T10:39:19.907355", "type": "APPSTATE", "from": "APPSTATE.MAIN_MENU", "to": "APPSTATE.QUIT"}
{"timestamp": "2026-01-05T10:41:47.659526", "type": "APPSTATE", "from": "APPSTATE.LOADING", "to": "APPSTATE.MAIN_MENU"}
{"timestamp": "2026-01-05T10:42:10.492893", "type": "APPSTATE", "from": "APPSTATE.MAIN_MENU", "to": "APPSTATE.QUIT"}
{"timestamp": "2026-01-05T10:43:59.339686", "type": "APPSTATE", "from": "APPSTATE.LOADING", "to": "APPSTATE.MAIN_MENU"}
{"timestamp": "2026-01-05T10:44:10.187432", "type": "APPSTATE", "from": "APPSTATE.MAIN_MENU", "to": "APPSTATE.QUIT"}
{"timestamp": "2026-01-05T10:44:18.195028", "type": "APPSTATE", "from": "APPSTATE.LOADING", "to": "APPSTATE.MAIN_MENU"}
{"timestamp": "2026-01-05T10:44:30.631371", "type": "APPSTATE", "from": "APPSTATE.MAIN_MENU", "to": "APPSTATE.QUIT"}
{"timestamp": "2026-01-05T10:47:46.320881", "type": "APPSTATE", "from": "APPSTATE.LOADING", "to": "APPSTATE.MAIN_MENU"}
{"timestamp": "2026-01-05T10:47:53.665175", "type": "APPSTATE", "from": "APPSTATE.MAIN_MENU", "to": "APPSTATE.QUIT"}
{"timestamp": "2026-01-05T10:47:57.321672", "type": "APPSTATE", "from": "APPSTATE.LOADING", "to": "APPSTATE.MAIN_MENU"}
{"timestamp": "2026-01-05T10:48:05.535342", "type": "APPSTATE", "from": "APPSTATE.MAIN_MENU", "to": "APPSTATE.QUIT"}
{"timestamp": "2026-01-05T10:50:53.372372", "type": "APPSTATE", "from": "APPSTATE.LOADING", "to": "APPSTATE.MAIN_MENU"}
{"timestamp": "2026-01-05T10:51:39.415864", "type": "APPSTATE", "from": "APPSTATE.MAIN_MENU", "to": "APPSTATE.QUIT"}
{"timestamp": "2026-01-05T10:53:41.843421", "type": "APPSTATE", "from": "APPSTATE.LOADING", "to": "APPSTATE.MAIN_MENU"}
{"timestamp": "2026-01-05T10:53:43.561927", "type": "APPSTATE", "from": "APPSTATE.MAIN_MENU", "to": "APPSTATE.QUIT"}
{"timestamp": "2026-01-05T10:55:32.609864", "type": "APPSTATE", "from": "APPSTATE.LOADING", "to": "APPSTATE.MAIN_MENU"}
{"timestamp": "2026-01-05T10:55:59.222449", "type": "APPSTATE", "from": "APPSTATE.MAIN_MENU", "to": "APPSTATE.QUIT"}
{"timestamp": "2026-01-05T10:59:41.841841", "type": "APPSTATE", "from": "APPSTATE.LOADING", "to": "APPSTATE.MAIN_MENU"}
{"timestamp": "2026-01-05T11:01:24.004864", "type": "APPSTATE", "from": "APPSTATE.LOADING", "to": "APPSTATE.MAIN_MENU"}
