{"timestamp": "2025-12-23T01:09:40.657094", "type": "MOVESTATE", "from": "PLAYER_INTENT_STATE.IDLE_MOVE", "to": "PLAYER_INTENT_STATE.MOVE_LEFT"}
{"timestamp": "2025-12-23T01:09:41.073883", "type": "MOVESTATE", "from": "PLAYER_INTENT_STATE.MOVE_LEFT", "to": "PLAYER_INTENT_STATE.MOVE_RIGHT"}
{"timestamp": "2025-12-23T01:09:42.069140", "type": "MOVESTATE", "from": "PLAYER_INTENT_STATE.MOVE_RIGHT", "to": "PLAYER_INTENT_STATE.MOVE_LEFT"}
{"timestamp": "2025-12-23T01:11:04.488190", "type": "MOVESTATE", "from": "PLAYER_INTENT_STATE.IDLE_MOVE", "to": "PLAYER_INTENT_STATE.MOVE_RIGHT"}
{"timestamp": "2025-12-23T01:11:04.990997", "type": "MOVESTATE", "from": "PLAYER_INTENT_STATE.MOVE_RIGHT", "to": "PLAYER_INTENT_STATE.MOVE_LEFT"}
{"timestamp": "2025-12-23T01:11:06.035097", "type": "MOVESTATE", "from": "PLAYER_INTENT_STATE.MOVE_LEFT", "to": "PLAYER_INTENT_STATE.MOVE_RIGHT"}
{"timestamp": "2025-12-23T01:11:07.613692", "type": "MOVESTATE", "from": "PLAYER_INTENT_STATE.MOVE_RIGHT", "to": "PLAYER_INTENT_STATE.MOVE_LEFT"}
{"timestamp": "2025-12-23T01:11:09.945350", "type": "MOVESTATE", "from": "PLAYER_INTENT_STATE.MOVE_LEFT", "to": "PLAYER_INTENT_STATE.MOVE_RIGHT"}
{"timestamp": "2025-12-23T01:12:05.682874", "type": "MOVESTATE", "from": "PLAYER_INTENT_STATE.IDLE_MOVE", "to": "PLAYER_INTENT_STATE.MOVE_RIGHT"}
{"timestamp": "2025-12-23T01:12:06.487087", "type": "MOVESTATE", "from": "PLAYER_INTENT_STATE.MOVE_RIGHT", "to": "PLAYER_INTENT_STATE.MOVE_LEFT"}
{"timestamp": "2025-12-23T01:12:07.867717", "type": "MOVESTATE", "from": "PLAYER_INTENT_STATE.MOVE_LEFT", "to": "PLAYER_INTENT_STATE.MOVE_RIGHT"}
{"timestamp": "2025-12-23T01:12:09.818046", "type": "MOVESTATE", "from": "PLAYER_INTENT_STATE.MOVE_RIGHT", "to": "PLAYER_INTENT_STATE.MOVE_LEFT"}
{"timestamp": "2025-12-23T01:12:56.701743", "type": "MOVESTATE", "from": "PLAYER_INTENT_STATE.IDLE_MOVE", "to": "PLAYER_INTENT_STATE.MOVE_RIGHT"}
{"timestamp": "2025-12-23T01:12:57.961228", "type": "MOVESTATE", "from": "PLAYER_INTENT_STATE.MOVE_RIGHT", "to": "PLAYER_INTENT_STATE.MOVE_LEFT"}
{"timestamp": "2025-12-23T01:12:59.068605", "type": "MOVESTATE", "from": "PLAYER_INTENT_STATE.MOVE_LEFT", "to": "PLAYER_INTENT_STATE.MOVE_RIGHT"}
{"timestamp": "2025-12-23T01:13:00.035847", "type": "MOVESTATE", "from": "PLAYER_INTENT_STATE.MOVE_RIGHT", "to": "PLAYER_INTENT_STATE.MOVE_LEFT"}
{"timestamp": "2025-12-23T01:13:10.385853", "type": "MOVESTATE", "from": "PLAYER_INTENT_STATE.IDLE_MOVE", "to": "PLAYER_INTENT_STATE.MOVE_RIGHT"}
{"timestamp": "2025-12-23T01:13:10.835274", "type": "MOVESTATE", "from": "PLAYER_INTENT_STATE.MOVE_RIGHT", "to": "PLAYER_INTENT_STATE.MOVE_LEFT"}
{"timestamp": "2025-12-23T01:13:11.222144", "type": "MOVESTATE", "from": "PLAYER_INTENT_STATE.MOVE_LEFT", "to": "PLAYER_INTENT_STATE.MOVE_RIGHT"}
{"timestamp": "2025-12-23T01:13:11.638339", "type": "MOVESTATE", "from": "PLAYER_INTENT_STATE.MOVE_RIGHT", "to": "PLAYER_INTENT_STATE.MOVE_LEFT"}
{"timestamp": "2025-12-23T01:13:36.758373", "type": "MOVESTATE", "from": "PLAYER_INTENT_STATE.IDLE_MOVE", "to": "PLAYER_INTENT_STATE.MOVE_RIGHT"}
{"timestamp": "2025-12-23T01:13:37.190558", "type": "MOVESTATE", "from": "PLAYER_INTENT_STATE.MOVE_RIGHT", "to": "PLAYER_INTENT_STATE.MOVE_LEFT"}
{"timestamp": "2025-12-23T01:13:38.205845", "type": "MOVESTATE", "from": "PLAYER_INTENT_STATE.MOVE_LEFT", "to": "PLAYER_INTENT_STATE.MOVE_RIGHT"}
{"timestamp": "2025-12-23T01:13:52.420448", "type": "MOVESTATE", "from": "PLAYER_INTENT_STATE.IDLE_MOVE", "to": "PLAYER_INTENT_STATE.MOVE_RIGHT"}
{"timestamp": "2025-12-23T01:13:53.898966", "type": "MOVESTATE", "from": "PLAYER_INTENT_STATE.MOVE_RIGHT", "to": "PLAYER_INTENT_STATE.MOVE_LEFT"}
{"timestamp": "2025-12-23T01:13:54.959421", "type": "MOVESTATE", "from": "PLAYER_INTENT_STATE.MOVE_LEFT", "to": "PLAYER_INTENT_STATE.MOVE_RIGHT"}
{"timestamp": "2025-12-23T01:14:34.466016", "type": "MOVESTATE", "from": "PLAYER_INTENT_STATE.IDLE_MOVE", "to": "PLAYER_INTENT_STATE.MOVE_RIGHT"}
{"timestamp": "2025-12-23T01:14:35.383036", "type": "MOVESTATE", "from": "PLAYER_INTENT_STATE.MOVE_RIGHT", "to": "PLAYER_INTENT_STATE.MOVE_LEFT"}
{"timestamp": "2025-12-23T01:14:36.797158", "type": "MOVESTATE", "from": "PLAYER_INTENT_STATE.MOVE_LEFT", "to": "PLAYER_INTENT_STATE.MOVE_RIGHT"}
{"timestamp": "2025-12-23T01:17:48.686301", "type": "MOVESTATE", "from": "PLAYER_INTENT_STATE.IDLE_MOVE", "to": "PLAYER_INTENT_STATE.MOVE_RIGHT"}
{"timestamp": "2025-12-23T01:17:49.054323", "type": "MOVESTATE", "from": "PLAYER_INTENT_STATE.MOVE_RIGHT", "to": "PLAYER_INTENT_STATE.MOVE_LEFT"}
{"timestamp": "2025-12-23T01:17:49.423801", "type": "MOVESTATE", "from": "PLAYER_INTENT_STATE.MOVE_LEFT", "to": "PLAYER_INTENT_STATE.IDLE_MOVE"}
{"timestamp": "2025-12-23T01:17:50.839123", "type": "MOVESTATE", "from": "PLAYER_INTENT_STATE.IDLE_MOVE", "to": "PLAYER_INTENT_STATE.MOVE_LEFT"}
{"timestamp": "2025-12-23T01:17:51.451864", "type": "MOVESTATE", "from": "PLAYER_INTENT_STATE.MOVE_LEFT", "to": "PLAYER_INTENT_STATE.MOVE_RIGHT"}
{"timestamp": "2025-12-23T01:17:51.885601", "type": "MOVESTATE", "from": "PLAYER_INTENT_STATE.MOVE_RIGHT", "to": "PLAYER_INTENT_STATE.IDLE_MOVE"}
{"timestamp": "2025-12-23T01:17:52.381776", "type": "MOVESTATE", "from": "PLAYER_INTENT_STATE.IDLE_MOVE", "to": "PLAYER_INTENT_STATE.MOVE_LEFT"}
{"timestamp": "2025-12-23T01:17:52.720869", "type": "MOVESTATE", "from": "PLAYER_INTENT_STATE.MOVE_LEFT", "to": "PLAYER_INTENT_STATE.IDLE_MOVE"}
{"timestamp": "2025-12-23T01:17:52.959440", "type": "MOVESTATE", "from": "PLAYER_INTENT_STATE.IDLE_MOVE", "to": "PLAYER_INTENT_STATE.MOVE_RIGHT"}
{"timestamp": "2025-12-23T01:18:13.377104", "type": "MOVESTATE", "from": "PLAYER_INTENT_STATE.IDLE_MOVE", "to": "PLAYER_INTENT_STATE.MOVE_RIGHT"}
{"timestamp": "2025-12-23T01:18:14.507260", "type": "MOVESTATE", "from": "PLAYER_INTENT_STATE.MOVE_RIGHT", "to": "PLAYER_INTENT_STATE.MOVE_LEFT"}
{"timestamp": "2025-12-23T01:18:15.390008", "type": "MOVESTATE", "from": "PLAYER_INTENT_STATE.MOVE_LEFT", "to": "PLAYER_INTENT_STATE.MOVE_RIGHT"}
{"timestamp": "2025-12-23T01:18:56.190226", "type": "MOVESTATE", "from": "PLAYER_INTENT_STATE.IDLE_MOVE", "to": "PLAYER_INTENT_STATE.MOVE_RIGHT"}
{"timestamp": "2025-12-23T01:18:56.672928", "type": "MOVESTATE", "from": "PLAYER_INTENT_STATE.MOVE_RIGHT", "to": "PLAYER_INTENT_STATE.IDLE_MOVE"}
{"timestamp": "2025-12-23T01:18:56.994629", "type": "MOVESTATE", "from": "PLAYER_INTENT_STATE.IDLE_MOVE", "to": "PLAYER_INTENT_STATE.MOVE_LEFT"}
{"timestamp": "2025-12-23T01:18:57.414096", "type": "MOVESTATE", "from": "PLAYER_INTENT_STATE.MOVE_LEFT", "to": "PLAYER_INTENT_STATE.IDLE_MOVE"}
{"timestamp": "2025-12-23T01:18:58.122117", "type": "MOVESTATE", "from": "PLAYER_INTENT_STATE.IDLE_MOVE", "to": "PLAYER_INTENT_STATE.MOVE_RIGHT"}
{"timestamp": "2025-12-23T01:18:58.330299", "type": "MOVESTATE", "from": "PLAYER_INTENT_STATE.MOVE_RIGHT", "to": "PLAYER_INTENT_STATE.IDLE_MOVE"}
{"timestamp": "2025-12-23T01:18:58.922897", "type": "MOVESTATE", "from": "PLAYER_INTENT_STATE.IDLE_MOVE", "to": "PLAYER_INTENT_STATE.MOVE_LEFT"}
{"timestamp": "2025-12-23T01:18:59.020708", "type": "MOVESTATE", "from": "PLAYER_INTENT_STATE.MOVE_LEFT", "to": "PLAYER_INTENT_STATE.IDLE_MOVE"}
{"timestamp": "2025-12-23T01:19:00.431452", "type": "MOVESTATE", "from": "PLAYER_INTENT_STATE.IDLE_MOVE", "to": "PLAYER_INTENT_STATE.MOVE_RIGHT"}
{"timestamp": "2025-12-23T01:19:00.497131", "type": "MOVESTATE", "from": "PLAYER_INTENT_STATE.MOVE_RIGHT", "to": "PLAYER_INTENT_STATE.IDLE_MOVE"}
{"timestamp": "2025-12-23T01:19:08.641082", "type": "MOVESTATE", "from": "PLAYER_INTENT_STATE.IDLE_MOVE", "to": "PLAYER_INTENT_STATE.MOVE_RIGHT"}
{"timestamp": "2025-12-23T01:19:08.754868", "type": "MOVESTATE", "from": "PLAYER_INTENT_STATE.MOVE_RIGHT", "to": "PLAYER_INTENT_STATE.IDLE_MOVE"}
{"timestamp": "2025-12-23T01:19:09.377692", "type": "MOVESTATE", "from": "PLAYER_INTENT_STATE.IDLE_MOVE", "to": "PLAYER_INTENT_STATE.MOVE_LEFT"}
{"timestamp": "2025-12-23T01:19:09.474237", "type": "MOVESTATE", "from": "PLAYER_INTENT_STATE.MOVE_LEFT", "to": "PLAYER_INTENT_STATE.IDLE_MOVE"}
{"timestamp": "2025-12-23T01:19:09.972564", "type": "MOVESTATE", "from": "PLAYER_INTENT_STATE.IDLE_MOVE", "to": "PLAYER_INTENT_STATE.MOVE_RIGHT"}
{"timestamp": "2025-12-23T01:19:10.055471", "type": "MOVESTATE", "from": "PLAYER_INTENT_STATE.MOVE_RIGHT", "to": "PLAYER_INTENT_STATE.IDLE_MOVE"}
{"timestamp": "2025-12-23T01:19:10.938721", "type": "MOVESTATE", "from": "PLAYER_INTENT_STATE.IDLE_MOVE", "to": "PLAYER_INTENT_STATE.MOVE_LEFT"}
{"timestamp": "2025-12-23T01:19:11.966498", "type": "MOVESTATE", "from": "PLAYER_INTENT_STATE.MOVE_LEFT", "to": "PLAYER_INTENT_STATE.IDLE_MOVE"}
{"timestamp": "2025-12-23T01:19:12.883478", "type": "MOVESTATE", "from": "PLAYER_INTENT_STATE.IDLE_MOVE", "to": "PLAYER_INTENT_STATE.MOVE_RIGHT"}
{"timestamp": "2025-12-23T01:19:14.089046", "type": "MOVESTATE", "from": "PLAYER_INTENT_STATE.MOVE_RIGHT", "to": "PLAYER_INTENT_STATE.IDLE_MOVE"}
{"timestamp": "2025-12-23T01:19:14.474236", "type": "MOVESTATE", "from": "PLAYER_INTENT_STATE.IDLE_MOVE", "to": "PLAYER_INTENT_STATE.MOVE_LEFT"}
{"timestamp": "2025-12-23T01:19:16.004168", "type": "MOVESTATE", "from": "PLAYER_INTENT_STATE.MOVE_LEFT", "to": "PLAYER_INTENT_STATE.IDLE_MOVE"}
{"timestamp": "2025-12-23T01:19:16.131590", "type": "MOVESTATE", "from": "PLAYER_INTENT_STATE.IDLE_MOVE", "to": "PLAYER_INTENT_STATE.MOVE_RIGHT"}
{"timestamp": "2025-12-23T01:19:17.515712", "type": "MOVESTATE", "from": "PLAYER_INTENT_STATE.MOVE_RIGHT", "to": "PLAYER_INTENT_STATE.IDLE_MOVE"}
{"timestamp": "2025-12-23T01:19:17.790116", "type": "MOVESTATE", "from": "PLAYER_INTENT_STATE.IDLE_MOVE", "to": "PLAYER_INTENT_STATE.MOVE_LEFT"}
{"timestamp": "2025-12-23T01:19:18.657273", "type": "MOVESTATE", "from": "PLAYER_INTENT_STATE.MOVE_LEFT", "to": "PLAYER_INTENT_STATE.IDLE_MOVE"}
{"timestamp": "2025-12-23T01:20:35.626153", "type": "MOVESTATE", "from": "PLAYER_INTENT_STATE.IDLE_MOVE", "to": "PLAYER_INTENT_STATE.MOVE_RIGHT"}
{"timestamp": "2025-12-23T01:20:35.915430", "type": "MOVESTATE", "from": "PLAYER_INTENT_STATE.MOVE_RIGHT", "to": "PLAYER_INTENT_STATE.IDLE_MOVE"}
{"timestamp": "2025-12-23T01:20:36.365796", "type": "MOVESTATE", "from": "PLAYER_INTENT_STATE.IDLE_MOVE", "to": "PLAYER_INTENT_STATE.MOVE_LEFT"}
{"timestamp": "2025-12-23T01:20:36.707286", "type": "MOVESTATE", "from": "PLAYER_INTENT_STATE.MOVE_LEFT", "to": "PLAYER_INTENT_STATE.IDLE_MOVE"}
{"timestamp": "2025-12-23T01:20:37.074342", "type": "MOVESTATE", "from": "PLAYER_INTENT_STATE.IDLE_MOVE", "to": "PLAYER_INTENT_STATE.MOVE_RIGHT"}
{"timestamp": "2025-12-23T01:20:37.313171", "type": "MOVESTATE", "from": "PLAYER_INTENT_STATE.MOVE_RIGHT", "to": "PLAYER_INTENT_STATE.IDLE_MOVE"}
{"timestamp": "2025-12-23T01:20:37.684500", "type": "MOVESTATE", "from": "PLAYER_INTENT_STATE.IDLE_MOVE", "to": "PLAYER_INTENT_STATE.MOVE_LEFT"}
{"timestamp": "2025-12-23T01:20:37.908871", "type": "MOVESTATE", "from": "PLAYER_INTENT_STATE.MOVE_LEFT", "to": "PLAYER_INTENT_STATE.IDLE_MOVE"}
{"timestamp": "2025-12-23T01:20:37.974070", "type": "MOVESTATE", "from": "PLAYER_INTENT_STATE.IDLE_MOVE", "to": "PLAYER_INTENT_STATE.MOVE_RIGHT"}
{"timestamp": "2025-12-23T01:20:38.085656", "type": "MOVESTATE", "from": "PLAYER_INTENT_STATE.MOVE_RIGHT", "to": "PLAYER_INTENT_STATE.IDLE_MOVE"}
{"timestamp": "2025-12-23T01:21:32.689941", "type": "MOVESTATE", "from": "PLAYER_INTENT_STATE.IDLE_MOVE", "to": "PLAYER_INTENT_STATE.MOVE_RIGHT"}
{"timestamp": "2025-12-23T01:21:32.834149", "type": "MOVESTATE", "from": "PLAYER_INTENT_STATE.MOVE_RIGHT", "to": "PLAYER_INTENT_STATE.IDLE_MOVE"}
{"timestamp": "2025-12-23T01:21:33.252179", "type": "MOVESTATE", "from": "PLAYER_INTENT_STATE.IDLE_MOVE", "to": "PLAYER_INTENT_STATE.MOVE_LEFT"}
{"timestamp": "2025-12-23T01:21:33.395840", "type": "MOVESTATE", "from": "PLAYER_INTENT_STATE.MOVE_LEFT", "to": "PLAYER_INTENT_STATE.IDLE_MOVE"}
{"timestamp": "2025-12-23T01:21:33.669556", "type": "MOVESTATE", "from": "PLAYER_INTENT_STATE.IDLE_MOVE", "to": "PLAYER_INTENT_STATE.MOVE_RIGHT"}
{"timestamp": "2025-12-23T01:21:34.268724", "type": "MOVESTATE", "from": "PLAYER_INTENT_STATE.MOVE_RIGHT", "to": "PLAYER_INTENT_STATE.IDLE_MOVE"}
{"timestamp": "2025-12-23T01:21:34.414399", "type": "MOVESTATE", "from": "PLAYER_INTENT_STATE.IDLE_MOVE", "to": "PLAYER_INTENT_STATE.MOVE_LEFT"}
{"timestamp": "2025-12-23T01:21:34.787176", "type": "MOVESTATE", "from": "PLAYER_INTENT_STATE.MOVE_LEFT", "to": "PLAYER_INTENT_STATE.MOVE_RIGHT"}
{"timestamp": "2025-12-23T01:21:35.207082", "type": "MOVESTATE", "from": "PLAYER_INTENT_STATE.MOVE_RIGHT", "to": "PLAYER_INTENT_STATE.IDLE_MOVE"}
{"timestamp": "2025-12-23T01:21:35.241583", "type": "MOVESTATE", "from": "PLAYER_INTENT_STATE.IDLE_MOVE", "to": "PLAYER_INTENT_STATE.MOVE_LEFT"}
{"timestamp": "2025-12-23T01:21:35.740254", "type": "MOVESTATE", "from": "PLAYER_INTENT_STATE.MOVE_LEFT", "to": "PLAYER_INTENT_STATE.MOVE_RIGHT"}
{"timestamp": "2025-12-23T01:21:35.979661", "type": "MOVESTATE", "from": "PLAYER_INTENT_STATE.MOVE_RIGHT", "to": "PLAYER_INTENT_STATE.IDLE_MOVE"}
{"timestamp": "2025-12-23T01:22:26.345427", "type": "MOVESTATE", "from": "PLAYER_INTENT_STATE.IDLE_MOVE", "to": "PLAYER_INTENT_STATE.MOVE_RIGHT"}
{"timestamp": "2025-12-23T01:22:26.830517", "type": "MOVESTATE", "from": "PLAYER_INTENT_STATE.MOVE_RIGHT", "to": "PLAYER_INTENT_STATE.IDLE_MOVE"}
{"timestamp": "2025-12-23T01:22:27.117847", "type": "MOVESTATE", "from": "PLAYER_INTENT_STATE.IDLE_MOVE", "to": "PLAYER_INTENT_STATE.MOVE_LEFT"}
{"timestamp": "2025-12-23T01:22:40.839368", "type": "MOVESTATE", "from": "PLAYER_INTENT_STATE.IDLE_MOVE", "to": "PLAYER_INTENT_STATE.MOVE_RIGHT"}
{"timestamp": "2025-12-23T01:22:41.464539", "type": "MOVESTATE", "from": "PLAYER_INTENT_STATE.MOVE_RIGHT", "to": "PLAYER_INTENT_STATE.IDLE_MOVE"}
{"timestamp": "2025-12-23T01:22:41.579312", "type": "MOVESTATE", "from": "PLAYER_INTENT_STATE.IDLE_MOVE", "to": "PLAYER_INTENT_STATE.MOVE_LEFT"}
{"timestamp": "2025-12-23T01:22:42.109973", "type": "MOVESTATE", "from": "PLAYER_INTENT_STATE.MOVE_LEFT", "to": "PLAYER_INTENT_STATE.IDLE_MOVE"}
{"timestamp": "2025-12-23T01:22:42.349924", "type": "MOVESTATE", "from": "PLAYER_INTENT_STATE.IDLE_MOVE", "to": "PLAYER_INTENT_STATE.MOVE_RIGHT"}
{"timestamp": "2025-12-23T01:22:42.801493", "type": "MOVESTATE", "from": "PLAYER_INTENT_STATE.MOVE_RIGHT", "to": "PLAYER_INTENT_STATE.IDLE_MOVE"}
{"timestamp": "2025-12-23T01:22:42.851827", "type": "MOVESTATE", "from": "PLAYER_INTENT_STATE.IDLE_MOVE", "to": "PLAYER_INTENT_STATE.MOVE_LEFT"}
{"timestamp": "2025-12-23T01:22:43.220489", "type": "MOVESTATE", "from": "PLAYER_INTENT_STATE.MOVE_LEFT", "to": "PLAYER_INTENT_STATE.MOVE_RIGHT"}
{"timestamp": "2025-12-23T01:22:43.652019", "type": "MOVESTATE", "from": "PLAYER_INTENT_STATE.MOVE_RIGHT", "to": "PLAYER_INTENT_STATE.IDLE_MOVE"}
{"timestamp": "2025-12-23T01:22:54.709531", "type": "MOVESTATE", "from": "PLAYER_INTENT_STATE.IDLE_MOVE", "to": "PLAYER_INTENT_STATE.MOVE_RIGHT"}
{"timestamp": "2025-12-23T01:22:55.127343", "type": "MOVESTATE", "from": "PLAYER_INTENT_STATE.MOVE_RIGHT", "to": "PLAYER_INTENT_STATE.IDLE_MOVE"}
{"timestamp": "2025-12-23T01:22:55.350455", "type": "MOVESTATE", "from": "PLAYER_INTENT_STATE.IDLE_MOVE", "to": "PLAYER_INTENT_STATE.MOVE_LEFT"}
{"timestamp": "2025-12-23T01:22:56.426364", "type": "MOVESTATE", "from": "PLAYER_INTENT_STATE.MOVE_LEFT", "to": "PLAYER_INTENT_STATE.IDLE_MOVE"}
{"timestamp": "2025-12-23T01:22:56.664854", "type": "MOVESTATE", "from": "PLAYER_INTENT_STATE.IDLE_MOVE", "to": "PLAYER_INTENT_STATE.MOVE_RIGHT"}
{"timestamp": "2025-12-23T01:22:57.758586", "type": "MOVESTATE", "from": "PLAYER_INTENT_STATE.MOVE_RIGHT", "to": "PLAYER_INTENT_STATE.IDLE_MOVE"}
{"timestamp": "2025-12-23T01:24:21.334117", "type": "MOVESTATE", "from": "PLAYER_INTENT_STATE.IDLE_MOVE", "to": "PLAYER_INTENT_STATE.MOVE_RIGHT"}
{"timestamp": "2025-12-23T01:24:21.689486", "type": "MOVESTATE", "from": "PLAYER_INTENT_STATE.MOVE_RIGHT", "to": "PLAYER_INTENT_STATE.IDLE_MOVE"}
{"timestamp": "2025-12-23T01:24:21.998777", "type": "MOVESTATE", "from": "PLAYER_INTENT_STATE.IDLE_MOVE", "to": "PLAYER_INTENT_STATE.MOVE_LEFT"}
{"timestamp": "2025-12-23T01:24:23.510897", "type": "MOVESTATE", "from": "PLAYER_INTENT_STATE.MOVE_LEFT", "to": "PLAYER_INTENT_STATE.IDLE_MOVE"}
{"timestamp": "2025-12-23T01:24:33.935462", "type": "MOVESTATE", "from": "PLAYER_INTENT_STATE.IDLE_MOVE", "to": "PLAYER_INTENT_STATE.MOVE_LEFT"}
{"timestamp": "2025-12-23T01:24:35.061287", "type": "MOVESTATE", "from": "PLAYER_INTENT_STATE.MOVE_LEFT", "to": "PLAYER_INTENT_STATE.IDLE_MOVE"}
{"timestamp": "2025-12-23T01:24:47.366326", "type": "MOVESTATE", "from": "PLAYER_INTENT_STATE.IDLE_MOVE", "to": "PLAYER_INTENT_STATE.MOVE_RIGHT"}
{"timestamp": "2025-12-23T01:24:47.964321", "type": "MOVESTATE", "from": "PLAYER_INTENT_STATE.MOVE_RIGHT", "to": "PLAYER_INTENT_STATE.IDLE_MOVE"}
{"timestamp": "2025-12-23T01:24:48.012108", "type": "MOVESTATE", "from": "PLAYER_INTENT_STATE.IDLE_MOVE", "to": "PLAYER_INTENT_STATE.MOVE_LEFT"}
{"timestamp": "2025-12-23T01:24:48.563021", "type": "MOVESTATE", "from": "PLAYER_INTENT_STATE.MOVE_LEFT", "to": "PLAYER_INTENT_STATE.IDLE_MOVE"}
{"timestamp": "2025-12-23T01:25:19.660703", "type": "MOVESTATE", "from": "PLAYER_INTENT_STATE.IDLE_MOVE", "to": "PLAYER_INTENT_STATE.MOVE_RIGHT"}
{"timestamp": "2025-12-23T01:25:20.047325", "type": "MOVESTATE", "from": "PLAYER_INTENT_STATE.MOVE_RIGHT", "to": "PLAYER_INTENT_STATE.IDLE_MOVE"}
{"timestamp": "2025-12-23T01:25:20.351875", "type": "MOVESTATE", "from": "PLAYER_INTENT_STATE.IDLE_MOVE", "to": "PLAYER_INTENT_STATE.MOVE_LEFT"}
{"timestamp": "2025-12-23T01:25:20.803312", "type": "MOVESTATE", "from": "PLAYER_INTENT_STATE.MOVE_LEFT", "to": "PLAYER_INTENT_STATE.IDLE_MOVE"}
{"timestamp": "2025-12-23T01:25:20.835510", "type": "MOVESTATE", "from": "PLAYER_INTENT_STATE.IDLE_MOVE", "to": "PLAYER_INTENT_STATE.MOVE_RIGHT"}
{"timestamp": "2025-12-23T01:25:21.224072", "type": "MOVESTATE", "from": "PLAYER_INTENT_STATE.MOVE_RIGHT", "to": "PLAYER_INTENT_STATE.IDLE_MOVE"}
{"timestamp": "2025-12-23T01:26:20.350934", "type": "MOVESTATE", "from": "PLAYER_INTENT_STATE.IDLE_MOVE", "to": "PLAYER_INTENT_STATE.MOVE_RIGHT"}
{"timestamp": "2025-12-23T01:26:20.784799", "type": "MOVESTATE", "from": "PLAYER_INTENT_STATE.MOVE_RIGHT", "to": "PLAYER_INTENT_STATE.IDLE_MOVE"}
{"timestamp": "2025-12-23T01:26:21.347206", "type": "MOVESTATE", "from": "PLAYER_INTENT_STATE.IDLE_MOVE", "to": "PLAYER_INTENT_STATE.MOVE_RIGHT"}
{"timestamp": "2025-12-23T01:26:21.682544", "type": "MOVESTATE", "from": "PLAYER_INTENT_STATE.MOVE_RIGHT", "to": "PLAYER_INTENT_STATE.IDLE_MOVE"}
{"timestamp": "2025-12-23T01:26:22.068681", "type": "MOVESTATE", "from": "PLAYER_INTENT_STATE.IDLE_MOVE", "to": "PLAYER_INTENT_STATE.MOVE_LEFT"}
{"timestamp": "2025-12-23T01:26:23.179615", "type": "MOVESTATE", "from": "PLAYER_INTENT_STATE.MOVE_LEFT", "to": "PLAYER_INTENT_STATE.IDLE_MOVE"}
{"timestamp": "2025-12-23T01:26:23.370399", "type": "MOVESTATE", "from": "PLAYER_INTENT_STATE.IDLE_MOVE", "to": "PLAYER_INTENT_STATE.MOVE_RIGHT"}
{"timestamp": "2025-12-23T01:26:23.482438", "type": "MOVESTATE", "from": "PLAYER_INTENT_STATE.MOVE_RIGHT", "to": "PLAYER_INTENT_STATE.IDLE_MOVE"}
{"timestamp": "2025-12-23T01:26:34.082957", "type": "MOVESTATE", "from": "PLAYER_INTENT_STATE.IDLE_MOVE", "to": "PLAYER_INTENT_STATE.MOVE_RIGHT"}
{"timestamp": "2025-12-23T01:26:34.564785", "type": "MOVESTATE", "from": "PLAYER_INTENT_STATE.MOVE_RIGHT", "to": "PLAYER_INTENT_STATE.IDLE_MOVE"}
{"timestamp": "2025-12-23T01:26:34.820775", "type": "MOVESTATE", "from": "PLAYER_INTENT_STATE.IDLE_MOVE", "to": "PLAYER_INTENT_STATE.MOVE_LEFT"}
{"timestamp": "2025-12-23T01:26:35.780465", "type": "MOVESTATE", "from": "PLAYER_INTENT_STATE.MOVE_LEFT", "to": "PLAYER_INTENT_STATE.IDLE_MOVE"}
{"timestamp": "2025-12-23T01:27:05.604522", "type": "MOVESTATE", "from": "PLAYER_INTENT_STATE.IDLE_MOVE", "to": "PLAYER_INTENT_STATE.MOVE_RIGHT"}
{"timestamp": "2025-12-23T01:27:05.959185", "type": "MOVESTATE", "from": "PLAYER_INTENT_STATE.MOVE_RIGHT", "to": "PLAYER_INTENT_STATE.IDLE_MOVE"}
{"timestamp": "2025-12-23T01:27:06.364942", "type": "MOVESTATE", "from": "PLAYER_INTENT_STATE.IDLE_MOVE", "to": "PLAYER_INTENT_STATE.MOVE_LEFT"}
{"timestamp": "2025-12-23T01:27:07.372878", "type": "MOVESTATE", "from": "PLAYER_INTENT_STATE.MOVE_LEFT", "to": "PLAYER_INTENT_STATE.IDLE_MOVE"}
{"timestamp": "2025-12-23T01:27:07.806243", "type": "MOVESTATE", "from": "PLAYER_INTENT_STATE.IDLE_MOVE", "to": "PLAYER_INTENT_STATE.MOVE_RIGHT"}
{"timestamp": "2025-12-23T01:27:08.820111", "type": "MOVESTATE", "from": "PLAYER_INTENT_STATE.MOVE_RIGHT", "to": "PLAYER_INTENT_STATE.IDLE_MOVE"}
{"timestamp": "2025-12-23T01:27:23.381088", "type": "MOVESTATE", "from": "PLAYER_INTENT_STATE.IDLE_MOVE", "to": "PLAYER_INTENT_STATE.MOVE_RIGHT"}
{"timestamp": "2025-12-23T01:27:23.831589", "type": "MOVESTATE", "from": "PLAYER_INTENT_STATE.MOVE_RIGHT", "to": "PLAYER_INTENT_STATE.IDLE_MOVE"}
{"timestamp": "2025-12-23T01:27:23.976679", "type": "MOVESTATE", "from": "PLAYER_INTENT_STATE.IDLE_MOVE", "to": "PLAYER_INTENT_STATE.MOVE_LEFT"}
{"timestamp": "2025-12-23T01:27:24.384378", "type": "MOVESTATE", "from": "PLAYER_INTENT_STATE.MOVE_LEFT", "to": "PLAYER_INTENT_STATE.IDLE_MOVE"}
{"timestamp": "2025-12-23T01:27:24.557781", "type": "MOVESTATE", "from": "PLAYER_INTENT_STATE.IDLE_MOVE", "to": "PLAYER_INTENT_STATE.MOVE_RIGHT"}
{"timestamp": "2025-12-23T01:27:24.960751", "type": "MOVESTATE", "from": "PLAYER_INTENT_STATE.MOVE_RIGHT", "to": "PLAYER_INTENT_STATE.IDLE_MOVE"}
{"timestamp": "2025-12-23T01:28:58.627180", "type": "MOVESTATE", "from": "PLAYER_INTENT_STATE.IDLE_MOVE", "to": "PLAYER_INTENT_STATE.MOVE_RIGHT"}
{"timestamp": "2025-12-23T01:28:59.062409", "type": "MOVESTATE", "from": "PLAYER_INTENT_STATE.MOVE_RIGHT", "to": "PLAYER_INTENT_STATE.IDLE_MOVE"}
{"timestamp": "2025-12-23T01:28:59.398683", "type": "MOVESTATE", "from": "PLAYER_INTENT_STATE.IDLE_MOVE", "to": "PLAYER_INTENT_STATE.MOVE_LEFT"}
{"timestamp": "2025-12-23T01:29:00.332708", "type": "MOVESTATE", "from": "PLAYER_INTENT_STATE.MOVE_LEFT", "to": "PLAYER_INTENT_STATE.IDLE_MOVE"}
{"timestamp": "2025-12-23T01:29:00.909266", "type": "MOVESTATE", "from": "PLAYER_INTENT_STATE.IDLE_MOVE", "to": "PLAYER_INTENT_STATE.MOVE_RIGHT"}
{"timestamp": "2025-12-23T01:29:02.231991", "type": "MOVESTATE", "from": "PLAYER_INTENT_STATE.MOVE_RIGHT", "to": "PLAYER_INTENT_STATE.IDLE_MOVE"}
{"timestamp": "2025-12-23T01:30:04.144936", "type": "MOVESTATE", "from": "PLAYER_INTENT_STATE.IDLE_MOVE", "to": "PLAYER_INTENT_STATE.MOVE_RIGHT"}
{"timestamp": "2025-12-23T01:30:04.465228", "type": "MOVESTATE", "from": "PLAYER_INTENT_STATE.MOVE_RIGHT", "to": "PLAYER_INTENT_STATE.IDLE_MOVE"}
{"timestamp": "2025-12-23T01:30:04.933068", "type": "MOVESTATE", "from": "PLAYER_INTENT_STATE.IDLE_MOVE", "to": "PLAYER_INTENT_STATE.MOVE_RIGHT"}
{"timestamp": "2025-12-23T01:30:05.303104", "type": "MOVESTATE", "from": "PLAYER_INTENT_STATE.MOVE_RIGHT", "to": "PLAYER_INTENT_STATE.IDLE_MOVE"}
{"timestamp": "2025-12-23T01:30:05.754818", "type": "MOVESTATE", "from": "PLAYER_INTENT_STATE.IDLE_MOVE", "to": "PLAYER_INTENT_STATE.MOVE_RIGHT"}
{"timestamp": "2025-12-23T01:30:06.156332", "type": "MOVESTATE", "from": "PLAYER_INTENT_STATE.MOVE_RIGHT", "to": "PLAYER_INTENT_STATE.IDLE_MOVE"}
{"timestamp": "2025-12-23T01:30:06.524328", "type": "MOVESTATE", "from": "PLAYER_INTENT_STATE.IDLE_MOVE", "to": "PLAYER_INTENT_STATE.MOVE_RIGHT"}
{"timestamp": "2025-12-23T01:30:08.021360", "type": "MOVESTATE", "from": "PLAYER_INTENT_STATE.MOVE_RIGHT", "to": "PLAYER_INTENT_STATE.IDLE_MOVE"}
{"timestamp": "2025-12-23T01:30:09.048168", "type": "MOVESTATE", "from": "PLAYER_INTENT_STATE.IDLE_MOVE", "to": "PLAYER_INTENT_STATE.MOVE_LEFT"}
{"timestamp": "2025-12-23T01:30:09.533166", "type": "MOVESTATE", "from": "PLAYER_INTENT_STATE.MOVE_LEFT", "to": "PLAYER_INTENT_STATE.IDLE_MOVE"}
{"timestamp": "2025-12-23T01:30:49.432274", "type": "MOVESTATE", "from": "PLAYER_INTENT_STATE.IDLE_MOVE", "to": "PLAYER_INTENT_STATE.MOVE_RIGHT"}
{"timestamp": "2025-12-23T01:30:49.788357", "type": "MOVESTATE", "from": "PLAYER_INTENT_STATE.MOVE_RIGHT", "to": "PLAYER_INTENT_STATE.IDLE_MOVE"}
{"timestamp": "2025-12-23T01:30:50.174081", "type": "MOVESTATE", "from": "PLAYER_INTENT_STATE.IDLE_MOVE", "to": "PLAYER_INTENT_STATE.MOVE_LEFT"}
{"timestamp": "2025-12-23T01:30:50.463325", "type": "MOVESTATE", "from": "PLAYER_INTENT_STATE.MOVE_LEFT", "to": "PLAYER_INTENT_STATE.IDLE_MOVE"}
{"timestamp": "2025-12-23T01:31:04.505295", "type": "MOVESTATE", "from": "PLAYER_INTENT_STATE.IDLE_MOVE", "to": "PLAYER_INTENT_STATE.MOVE_RIGHT"}
{"timestamp": "2025-12-23T01:31:04.971230", "type": "MOVESTATE", "from": "PLAYER_INTENT_STATE.MOVE_RIGHT", "to": "PLAYER_INTENT_STATE.IDLE_MOVE"}
{"timestamp": "2025-12-23T01:31:05.050748", "type": "MOVESTATE", "from": "PLAYER_INTENT_STATE.IDLE_MOVE", "to": "PLAYER_INTENT_STATE.MOVE_LEFT"}
{"timestamp": "2025-12-23T01:31:05.210721", "type": "MOVESTATE", "from": "PLAYER_INTENT_STATE.MOVE_LEFT", "to": "PLAYER_INTENT_STATE.IDLE_MOVE"}
{"timestamp": "2025-12-23T01:32:11.901973", "type": "MOVESTATE", "from": "PLAYER_INTENT_STATE.IDLE_MOVE", "to": "PLAYER_INTENT_STATE.MOVE_RIGHT"}
{"timestamp": "2025-12-23T01:32:12.610073", "type": "MOVESTATE", "from": "PLAYER_INTENT_STATE.MOVE_RIGHT", "to": "PLAYER_INTENT_STATE.IDLE_MOVE"}
{"timestamp": "2025-12-23T01:32:12.981023", "type": "MOVESTATE", "from": "PLAYER_INTENT_STATE.IDLE_MOVE", "to": "PLAYER_INTENT_STATE.MOVE_LEFT"}
{"timestamp": "2025-12-23T01:32:13.526345", "type": "MOVESTATE", "from": "PLAYER_INTENT_STATE.MOVE_LEFT", "to": "PLAYER_INTENT_STATE.IDLE_MOVE"}
{"timestamp": "2025-12-23T01:33:55.165967", "type": "MOVESTATE", "from": "PLAYER_INTENT_STATE.IDLE_MOVE", "to": "PLAYER_INTENT_STATE.MOVE_RIGHT"}
{"timestamp": "2025-12-23T01:33:55.663750", "type": "MOVESTATE", "from": "PLAYER_INTENT_STATE.MOVE_RIGHT", "to": "PLAYER_INTENT_STATE.IDLE_MOVE"}
{"timestamp": "2025-12-23T01:33:56.083567", "type": "MOVESTATE", "from": "PLAYER_INTENT_STATE.IDLE_MOVE", "to": "PLAYER_INTENT_STATE.MOVE_LEFT"}
{"timestamp": "2025-12-23T01:33:57.109688", "type": "MOVESTATE", "from": "PLAYER_INTENT_STATE.MOVE_LEFT", "to": "PLAYER_INTENT_STATE.IDLE_MOVE"}
{"timestamp": "2025-12-23T01:33:58.463667", "type": "MOVESTATE", "from": "PLAYER_INTENT_STATE.IDLE_MOVE", "to": "PLAYER_INTENT_STATE.MOVE_LEFT"}
{"timestamp": "2025-12-23T01:33:58.692234", "type": "MOVESTATE", "from": "PLAYER_INTENT_STATE.MOVE_LEFT", "to": "PLAYER_INTENT_STATE.IDLE_MOVE"}
{"timestamp": "2025-12-23T01:33:59.879688", "type": "MOVESTATE", "from": "PLAYER_INTENT_STATE.IDLE_MOVE", "to": "PLAYER_INTENT_STATE.MOVE_LEFT"}
{"timestamp": "2025-12-23T01:33:59.992730", "type": "MOVESTATE", "from": "PLAYER_INTENT_STATE.MOVE_LEFT", "to": "PLAYER_INTENT_STATE.IDLE_MOVE"}
{"timestamp": "2025-12-23T01:34:00.411733", "type": "MOVESTATE", "from": "PLAYER_INTENT_STATE.IDLE_MOVE", "to": "PLAYER_INTENT_STATE.MOVE_LEFT"}
{"timestamp": "2025-12-23T01:34:00.492739", "type": "MOVESTATE", "from": "PLAYER_INTENT_STATE.MOVE_LEFT", "to": "PLAYER_INTENT_STATE.IDLE_MOVE"}
{"timestamp": "2025-12-23T01:34:00.781147", "type": "MOVESTATE", "from": "PLAYER_INTENT_STATE.IDLE_MOVE", "to": "PLAYER_INTENT_STATE.MOVE_LEFT"}
{"timestamp": "2025-12-23T01:34:00.876297", "type": "MOVESTATE", "from": "PLAYER_INTENT_STATE.MOVE_LEFT", "to": "PLAYER_INTENT_STATE.IDLE_MOVE"}
{"timestamp": "2025-12-23T01:34:01.070053", "type": "MOVESTATE", "from": "PLAYER_INTENT_STATE.IDLE_MOVE", "to": "PLAYER_INTENT_STATE.MOVE_LEFT"}
{"timestamp": "2025-12-23T01:34:01.149641", "type": "MOVESTATE", "from": "PLAYER_INTENT_STATE.MOVE_LEFT", "to": "PLAYER_INTENT_STATE.IDLE_MOVE"}
{"timestamp": "2025-12-23T01:34:01.263566", "type": "MOVESTATE", "from": "PLAYER_INTENT_STATE.IDLE_MOVE", "to": "PLAYER_INTENT_STATE.MOVE_LEFT"}
{"timestamp": "2025-12-23T01:34:01.342838", "type": "MOVESTATE", "from": "PLAYER_INTENT_STATE.MOVE_LEFT", "to": "PLAYER_INTENT_STATE.IDLE_MOVE"}
{"timestamp": "2025-12-23T01:34:01.456899", "type": "MOVESTATE", "from": "PLAYER_INTENT_STATE.IDLE_MOVE", "to": "PLAYER_INTENT_STATE.MOVE_LEFT"}
{"timestamp": "2025-12-23T01:34:01.505006", "type": "MOVESTATE", "from": "PLAYER_INTENT_STATE.MOVE_LEFT", "to": "PLAYER_INTENT_STATE.IDLE_MOVE"}
{"timestamp": "2025-12-23T01:34:01.600223", "type": "MOVESTATE", "from": "PLAYER_INTENT_STATE.IDLE_MOVE", "to": "PLAYER_INTENT_STATE.MOVE_LEFT"}
{"timestamp": "2025-12-23T01:34:01.683508", "type": "MOVESTATE", "from": "PLAYER_INTENT_STATE.MOVE_LEFT", "to": "PLAYER_INTENT_STATE.IDLE_MOVE"}
{"timestamp": "2025-12-23T01:34:11.273949", "type": "MOVESTATE", "from": "PLAYER_INTENT_STATE.IDLE_MOVE", "to": "PLAYER_INTENT_STATE.MOVE_RIGHT"}
{"timestamp": "2025-12-23T01:34:11.800629", "type": "MOVESTATE", "from": "PLAYER_INTENT_STATE.MOVE_RIGHT", "to": "PLAYER_INTENT_STATE.IDLE_MOVE"}
{"timestamp": "2025-12-23T01:34:12.156668", "type": "MOVESTATE", "from": "PLAYER_INTENT_STATE.IDLE_MOVE", "to": "PLAYER_INTENT_STATE.MOVE_LEFT"}
{"timestamp": "2025-12-23T01:34:13.213559", "type": "MOVESTATE", "from": "PLAYER_INTENT_STATE.MOVE_LEFT", "to": "PLAYER_INTENT_STATE.IDLE_MOVE"}
{"timestamp": "2025-12-23T01:34:13.857996", "type": "MOVESTATE", "from": "PLAYER_INTENT_STATE.IDLE_MOVE", "to": "PLAYER_INTENT_STATE.MOVE_LEFT"}
{"timestamp": "2025-12-23T01:34:14.211422", "type": "MOVESTATE", "from": "PLAYER_INTENT_STATE.MOVE_LEFT", "to": "PLAYER_INTENT_STATE.IDLE_MOVE"}
{"timestamp": "2025-12-23T01:34:14.468096", "type": "MOVESTATE", "from": "PLAYER_INTENT_STATE.IDLE_MOVE", "to": "PLAYER_INTENT_STATE.MOVE_LEFT"}
{"timestamp": "2025-12-23T01:34:14.599430", "type": "MOVESTATE", "from": "PLAYER_INTENT_STATE.MOVE_LEFT", "to": "PLAYER_INTENT_STATE.IDLE_MOVE"}
{"timestamp": "2025-12-23T01:34:15.129540", "type": "MOVESTATE", "from": "PLAYER_INTENT_STATE.IDLE_MOVE", "to": "PLAYER_INTENT_STATE.MOVE_LEFT"}
{"timestamp": "2025-12-23T01:34:15.421135", "type": "MOVESTATE", "from": "PLAYER_INTENT_STATE.MOVE_LEFT", "to": "PLAYER_INTENT_STATE.IDLE_MOVE"}
{"timestamp": "2025-12-23T01:34:15.502969", "type": "MOVESTATE", "from": "PLAYER_INTENT_STATE.IDLE_MOVE", "to": "PLAYER_INTENT_STATE.MOVE_RIGHT"}
{"timestamp": "2025-12-23T01:34:20.097202", "type": "MOVESTATE", "from": "PLAYER_INTENT_STATE.MOVE_RIGHT", "to": "PLAYER_INTENT_STATE.IDLE_MOVE"}
{"timestamp": "2025-12-23T01:34:44.506434", "type": "MOVESTATE", "from": "PLAYER_INTENT_STATE.IDLE_MOVE", "to": "PLAYER_INTENT_STATE.MOVE_RIGHT"}
{"timestamp": "2025-12-23T01:34:45.004109", "type": "MOVESTATE", "from": "PLAYER_INTENT_STATE.MOVE_RIGHT", "to": "PLAYER_INTENT_STATE.IDLE_MOVE"}
{"timestamp": "2025-12-23T01:34:45.230790", "type": "MOVESTATE", "from": "PLAYER_INTENT_STATE.IDLE_MOVE", "to": "PLAYER_INTENT_STATE.MOVE_LEFT"}
{"timestamp": "2025-12-23T01:34:46.612114", "type": "MOVESTATE", "from": "PLAYER_INTENT_STATE.MOVE_LEFT", "to": "PLAYER_INTENT_STATE.IDLE_MOVE"}
{"timestamp": "2025-12-23T01:34:46.635481", "type": "MOVESTATE", "from": "PLAYER_INTENT_STATE.IDLE_MOVE", "to": "PLAYER_INTENT_STATE.MOVE_RIGHT"}
{"timestamp": "2025-12-23T01:34:46.771462", "type": "MOVESTATE", "from": "PLAYER_INTENT_STATE.MOVE_RIGHT", "to": "PLAYER_INTENT_STATE.IDLE_MOVE"}
{"timestamp": "2025-12-23T01:35:36.695556", "type": "MOVESTATE", "from": "PLAYER_INTENT_STATE.IDLE_MOVE", "to": "PLAYER_INTENT_STATE.MOVE_RIGHT"}
{"timestamp": "2025-12-23T01:35:37.230098", "type": "MOVESTATE", "from": "PLAYER_INTENT_STATE.MOVE_RIGHT", "to": "PLAYER_INTENT_STATE.IDLE_MOVE"}
{"timestamp": "2025-12-23T01:35:37.258864", "type": "MOVESTATE", "from": "PLAYER_INTENT_STATE.IDLE_MOVE", "to": "PLAYER_INTENT_STATE.MOVE_LEFT"}
{"timestamp": "2025-12-23T01:35:39.127029", "type": "MOVESTATE", "from": "PLAYER_INTENT_STATE.MOVE_LEFT", "to": "PLAYER_INTENT_STATE.MOVE_RIGHT"}
{"timestamp": "2025-12-23T01:35:41.484015", "type": "MOVESTATE", "from": "PLAYER_INTENT_STATE.MOVE_RIGHT", "to": "PLAYER_INTENT_STATE.MOVE_LEFT"}
{"timestamp": "2025-12-23T01:35:43.289831", "type": "MOVESTATE", "from": "PLAYER_INTENT_STATE.MOVE_LEFT", "to": "PLAYER_INTENT_STATE.IDLE_MOVE"}
{"timestamp": "2025-12-23T01:35:43.321636", "type": "MOVESTATE", "from": "PLAYER_INTENT_STATE.IDLE_MOVE", "to": "PLAYER_INTENT_STATE.MOVE_RIGHT"}
{"timestamp": "2025-12-23T01:35:44.137231", "type": "MOVESTATE", "from": "PLAYER_INTENT_STATE.MOVE_RIGHT", "to": "PLAYER_INTENT_STATE.IDLE_MOVE"}
{"timestamp": "2025-12-23T01:37:11.469814", "type": "MOVESTATE", "from": "PLAYER_INTENT_STATE.IDLE_MOVE", "to": "PLAYER_INTENT_STATE.MOVE_RIGHT"}
{"timestamp": "2025-12-23T01:37:11.869777", "type": "MOVESTATE", "from": "PLAYER_INTENT_STATE.MOVE_RIGHT", "to": "PLAYER_INTENT_STATE.IDLE_MOVE"}
{"timestamp": "2025-12-23T01:37:11.968048", "type": "MOVESTATE", "from": "PLAYER_INTENT_STATE.IDLE_MOVE", "to": "PLAYER_INTENT_STATE.MOVE_LEFT"}
{"timestamp": "2025-12-23T01:37:12.405342", "type": "MOVESTATE", "from": "PLAYER_INTENT_STATE.MOVE_LEFT", "to": "PLAYER_INTENT_STATE.MOVE_RIGHT"}
{"timestamp": "2025-12-23T01:37:12.646174", "type": "MOVESTATE", "from": "PLAYER_INTENT_STATE.MOVE_RIGHT", "to": "PLAYER_INTENT_STATE.IDLE_MOVE"}
{"timestamp": "2025-12-23T01:37:27.970118", "type": "MOVESTATE", "from": "PLAYER_INTENT_STATE.IDLE_MOVE", "to": "PLAYER_INTENT_STATE.MOVE_RIGHT"}
{"timestamp": "2025-12-23T01:37:28.294538", "type": "MOVESTATE", "from": "PLAYER_INTENT_STATE.MOVE_RIGHT", "to": "PLAYER_INTENT_STATE.IDLE_MOVE"}
{"timestamp": "2025-12-23T01:37:28.778071", "type": "MOVESTATE", "from": "PLAYER_INTENT_STATE.IDLE_MOVE", "to": "PLAYER_INTENT_STATE.MOVE_LEFT"}
{"timestamp": "2025-12-23T01:37:29.614908", "type": "MOVESTATE", "from": "PLAYER_INTENT_STATE.MOVE_LEFT", "to": "PLAYER_INTENT_STATE.IDLE_MOVE"}
{"timestamp": "2025-12-23T01:37:30.096345", "type": "MOVESTATE", "from": "PLAYER_INTENT_STATE.IDLE_MOVE", "to": "PLAYER_INTENT_STATE.MOVE_RIGHT"}
{"timestamp": "2025-12-23T01:37:30.850897", "type": "MOVESTATE", "from": "PLAYER_INTENT_STATE.MOVE_RIGHT", "to": "PLAYER_INTENT_STATE.IDLE_MOVE"}
{"timestamp": "2025-12-23T01:37:31.237218", "type": "MOVESTATE", "from": "PLAYER_INTENT_STATE.IDLE_MOVE", "to": "PLAYER_INTENT_STATE.MOVE_RIGHT"}
{"timestamp": "2025-12-23T01:37:32.639403", "type": "MOVESTATE", "from": "PLAYER_INTENT_STATE.MOVE_RIGHT", "to": "PLAYER_INTENT_STATE.IDLE_MOVE"}
{"timestamp": "2025-12-23T01:37:32.992353", "type": "MOVESTATE", "from": "PLAYER_INTENT_STATE.IDLE_MOVE", "to": "PLAYER_INTENT_STATE.MOVE_RIGHT"}
{"timestamp": "2025-12-23T01:37:34.214393", "type": "MOVESTATE", "from": "PLAYER_INTENT_STATE.MOVE_RIGHT", "to": "PLAYER_INTENT_STATE.IDLE_MOVE"}
{"timestamp": "2025-12-23T01:38:14.972069", "type": "MOVESTATE", "from": "PLAYER_INTENT_STATE.IDLE_MOVE", "to": "PLAYER_INTENT_STATE.MOVE_RIGHT"}
{"timestamp": "2025-12-23T01:38:15.345643", "type": "MOVESTATE", "from": "PLAYER_INTENT_STATE.MOVE_RIGHT", "to": "PLAYER_INTENT_STATE.IDLE_MOVE"}
{"timestamp": "2025-12-23T01:38:15.586755", "type": "MOVESTATE", "from": "PLAYER_INTENT_STATE.IDLE_MOVE", "to": "PLAYER_INTENT_STATE.MOVE_LEFT"}
{"timestamp": "2025-12-23T01:38:16.243989", "type": "MOVESTATE", "from": "PLAYER_INTENT_STATE.MOVE_LEFT", "to": "PLAYER_INTENT_STATE.IDLE_MOVE"}
{"timestamp": "2025-12-23T01:38:16.453786", "type": "MOVESTATE", "from": "PLAYER_INTENT_STATE.IDLE_MOVE", "to": "PLAYER_INTENT_STATE.MOVE_RIGHT"}
{"timestamp": "2025-12-23T01:38:17.255492", "type": "MOVESTATE", "from": "PLAYER_INTENT_STATE.MOVE_RIGHT", "to": "PLAYER_INTENT_STATE.IDLE_MOVE"}
{"timestamp": "2025-12-23T01:38:17.334238", "type": "MOVESTATE", "from": "PLAYER_INTENT_STATE.IDLE_MOVE", "to": "PLAYER_INTENT_STATE.MOVE_LEFT"}
{"timestamp": "2025-12-23T01:38:18.104406", "type": "MOVESTATE", "from": "PLAYER_INTENT_STATE.MOVE_LEFT", "to": "PLAYER_INTENT_STATE.MOVE_RIGHT"}
{"timestamp": "2025-12-23T01:38:18.521962", "type": "MOVESTATE", "from": "PLAYER_INTENT_STATE.MOVE_RIGHT", "to": "PLAYER_INTENT_STATE.IDLE_MOVE"}
{"timestamp": "2025-12-23T01:38:18.537698", "type": "MOVESTATE", "from": "PLAYER_INTENT_STATE.IDLE_MOVE", "to": "PLAYER_INTENT_STATE.MOVE_LEFT"}
{"timestamp": "2025-12-23T01:38:18.938641", "type": "MOVESTATE", "from": "PLAYER_INTENT_STATE.MOVE_LEFT", "to": "PLAYER_INTENT_STATE.MOVE_RIGHT"}
{"timestamp": "2025-12-23T01:38:20.098175", "type": "MOVESTATE", "from": "PLAYER_INTENT_STATE.MOVE_RIGHT", "to": "PLAYER_INTENT_STATE.MOVE_LEFT"}
{"timestamp": "2025-12-23T01:38:20.886382", "type": "MOVESTATE", "from": "PLAYER_INTENT_STATE.MOVE_LEFT", "to": "PLAYER_INTENT_STATE.IDLE_MOVE"}
{"timestamp": "2025-12-23T01:40:51.552425", "type": "MOVESTATE", "from": "PLAYER_INTENT_STATE.IDLE_MOVE", "to": "PLAYER_INTENT_STATE.MOVE_RIGHT"}
{"timestamp": "2025-12-23T01:40:51.919375", "type": "MOVESTATE", "from": "PLAYER_INTENT_STATE.MOVE_RIGHT", "to": "PLAYER_INTENT_STATE.IDLE_MOVE"}
{"timestamp": "2025-12-23T01:40:51.968619", "type": "MOVESTATE", "from": "PLAYER_INTENT_STATE.IDLE_MOVE", "to": "PLAYER_INTENT_STATE.MOVE_LEFT"}
{"timestamp": "2025-12-23T01:40:52.239747", "type": "MOVESTATE", "from": "PLAYER_INTENT_STATE.MOVE_LEFT", "to": "PLAYER_INTENT_STATE.MOVE_RIGHT"}
{"timestamp": "2025-12-23T01:40:52.496848", "type": "MOVESTATE", "from": "PLAYER_INTENT_STATE.MOVE_RIGHT", "to": "PLAYER_INTENT_STATE.IDLE_MOVE"}
{"timestamp": "2025-12-23T01:50:01.511182", "type": "MOVESTATE", "from": "PLAYER_INTENT_STATE.IDLE_MOVE", "to": "PLAYER_INTENT_STATE.MOVE_RIGHT"}
{"timestamp": "2025-12-23T01:50:02.892265", "type": "MOVESTATE", "from": "PLAYER_INTENT_STATE.MOVE_RIGHT", "to": "PLAYER_INTENT_STATE.MOVE_LEFT"}
{"timestamp": "2025-12-23T01:50:03.824058", "type": "MOVESTATE", "from": "PLAYER_INTENT_STATE.MOVE_LEFT", "to": "PLAYER_INTENT_STATE.IDLE_MOVE"}
{"timestamp": "2025-12-23T02:00:20.993647", "type": "MOVESTATE", "from": "PLAYER_INTENT_STATE.IDLE_MOVE", "to": "PLAYER_INTENT_STATE.MOVE_RIGHT"}
{"timestamp": "2025-12-23T02:00:24.256456", "type": "MOVESTATE", "from": "PLAYER_INTENT_STATE.MOVE_RIGHT", "to": "PLAYER_INTENT_STATE.MOVE_LEFT"}
{"timestamp": "2025-12-23T02:00:27.696682", "type": "MOVESTATE", "from": "PLAYER_INTENT_STATE.MOVE_LEFT", "to": "PLAYER_INTENT_STATE.MOVE_RIGHT"}
{"timestamp": "2025-12-23T02:00:29.466829", "type": "MOVESTATE", "from": "PLAYER_INTENT_STATE.MOVE_RIGHT", "to": "PLAYER_INTENT_STATE.IDLE_MOVE"}
{"timestamp": "2025-12-23T02:00:30.395318", "type": "MOVESTATE", "from": "PLAYER_INTENT_STATE.IDLE_MOVE", "to": "PLAYER_INTENT_STATE.MOVE_RIGHT"}
{"timestamp": "2025-12-23T02:00:30.844415", "type": "MOVESTATE", "from": "PLAYER_INTENT_STATE.MOVE_RIGHT", "to": "PLAYER_INTENT_STATE.MOVE_LEFT"}
{"timestamp": "2025-12-23T02:00:31.712710", "type": "MOVESTATE", "from": "PLAYER_INTENT_STATE.MOVE_LEFT", "to": "PLAYER_INTENT_STATE.IDLE_MOVE"}
{"timestamp": "2025-12-23T02:02:33.891726", "type": "MOVESTATE", "from": "PLAYER_INTENT_STATE.IDLE_MOVE", "to": "PLAYER_INTENT_STATE.MOVE_RIGHT"}
{"timestamp": "2025-12-23T02:02:34.328599", "type": "MOVESTATE", "from": "PLAYER_INTENT_STATE.MOVE_RIGHT", "to": "PLAYER_INTENT_STATE.IDLE_MOVE"}
{"timestamp": "2025-12-23T02:02:34.360565", "type": "MOVESTATE", "from": "PLAYER_INTENT_STATE.IDLE_MOVE", "to": "PLAYER_INTENT_STATE.MOVE_LEFT"}
{"timestamp": "2025-12-23T02:02:34.939308", "type": "MOVESTATE", "from": "PLAYER_INTENT_STATE.MOVE_LEFT", "to": "PLAYER_INTENT_STATE.IDLE_MOVE"}
{"timestamp": "2025-12-23T02:03:41.132954", "type": "MOVESTATE", "from": "PLAYER_INTENT_STATE.IDLE_MOVE", "to": "PLAYER_INTENT_STATE.MOVE_RIGHT"}
{"timestamp": "2025-12-23T02:03:41.595963", "type": "MOVESTATE", "from": "PLAYER_INTENT_STATE.MOVE_RIGHT", "to": "PLAYER_INTENT_STATE.IDLE_MOVE"}
{"timestamp": "2025-12-23T02:03:41.643556", "type": "MOVESTATE", "from": "PLAYER_INTENT_STATE.IDLE_MOVE", "to": "PLAYER_INTENT_STATE.MOVE_LEFT"}
{"timestamp": "2025-12-23T02:03:42.144212", "type": "MOVESTATE", "from": "PLAYER_INTENT_STATE.MOVE_LEFT", "to": "PLAYER_INTENT_STATE.IDLE_MOVE"}
{"timestamp": "2025-12-23T02:03:42.162767", "type": "MOVESTATE", "from": "PLAYER_INTENT_STATE.IDLE_MOVE", "to": "PLAYER_INTENT_STATE.MOVE_RIGHT"}
{"timestamp": "2025-12-23T02:03:43.495760", "type": "MOVESTATE", "from": "PLAYER_INTENT_STATE.MOVE_RIGHT", "to": "PLAYER_INTENT_STATE.IDLE_MOVE"}
{"timestamp": "2025-12-23T02:20:48.234118", "type": "MOVESTATE", "from": "PLAYER_INTENT_STATE.IDLE_MOVE", "to": "PLAYER_INTENT_STATE.MOVE_RIGHT"}
{"timestamp": "2025-12-23T02:20:48.831515", "type": "MOVESTATE", "from": "PLAYER_INTENT_STATE.MOVE_RIGHT", "to": "PLAYER_INTENT_STATE.IDLE_MOVE"}
{"timestamp": "2025-12-23T02:20:48.849704", "type": "MOVESTATE", "from": "PLAYER_INTENT_STATE.IDLE_MOVE", "to": "PLAYER_INTENT_STATE.MOVE_LEFT"}
{"timestamp": "2025-12-23T02:20:49.152674", "type": "MOVESTATE", "from": "PLAYER_INTENT_STATE.MOVE_LEFT", "to": "PLAYER_INTENT_STATE.MOVE_RIGHT"}
{"timestamp": "2025-12-23T02:20:49.651571", "type": "MOVESTATE", "from": "PLAYER_INTENT_STATE.MOVE_RIGHT", "to": "PLAYER_INTENT_STATE.IDLE_MOVE"}
{"timestamp": "2025-12-23T02:21:35.427571", "type": "MOVESTATE", "from": "PLAYER_INTENT_STATE.IDLE_MOVE", "to": "PLAYER_INTENT_STATE.MOVE_LEFT"}
{"timestamp": "2025-12-23T02:21:35.878707", "type": "MOVESTATE", "from": "PLAYER_INTENT_STATE.MOVE_LEFT", "to": "PLAYER_INTENT_STATE.IDLE_MOVE"}
{"timestamp": "2025-12-23T02:21:35.926906", "type": "MOVESTATE", "from": "PLAYER_INTENT_STATE.IDLE_MOVE", "to": "PLAYER_INTENT_STATE.MOVE_RIGHT"}
{"timestamp": "2025-12-23T02:21:36.472419", "type": "MOVESTATE", "from": "PLAYER_INTENT_STATE.MOVE_RIGHT", "to": "PLAYER_INTENT_STATE.MOVE_LEFT"}
{"timestamp": "2025-12-23T02:21:36.937905", "type": "MOVESTATE", "from": "PLAYER_INTENT_STATE.MOVE_LEFT", "to": "PLAYER_INTENT_STATE.IDLE_MOVE"}
{"timestamp": "2025-12-23T02:23:34.779875", "type": "MOVESTATE", "from": "PLAYER_INTENT_STATE.IDLE_MOVE", "to": "PLAYER_INTENT_STATE.MOVE_RIGHT"}
{"timestamp": "2025-12-23T02:23:35.198719", "type": "MOVESTATE", "from": "PLAYER_INTENT_STATE.MOVE_RIGHT", "to": "PLAYER_INTENT_STATE.IDLE_MOVE"}
{"timestamp": "2025-12-23T02:23:35.230662", "type": "MOVESTATE", "from": "PLAYER_INTENT_STATE.IDLE_MOVE", "to": "PLAYER_INTENT_STATE.MOVE_LEFT"}
{"timestamp": "2025-12-23T02:23:36.869076", "type": "MOVESTATE", "from": "PLAYER_INTENT_STATE.MOVE_LEFT", "to": "PLAYER_INTENT_STATE.MOVE_RIGHT"}
{"timestamp": "2025-12-23T02:23:38.089042", "type": "MOVESTATE", "from": "PLAYER_INTENT_STATE.MOVE_RIGHT", "to": "PLAYER_INTENT_STATE.IDLE_MOVE"}
{"timestamp": "2025-12-23T02:24:31.700531", "type": "MOVESTATE", "from": "PLAYER_INTENT_STATE.IDLE_MOVE", "to": "PLAYER_INTENT_STATE.MOVE_RIGHT"}
{"timestamp": "2025-12-23T02:24:32.102877", "type": "MOVESTATE", "from": "PLAYER_INTENT_STATE.MOVE_RIGHT", "to": "PLAYER_INTENT_STATE.MOVE_LEFT"}
{"timestamp": "2025-12-23T02:24:32.598769", "type": "MOVESTATE", "from": "PLAYER_INTENT_STATE.MOVE_LEFT", "to": "PLAYER_INTENT_STATE.IDLE_MOVE"}
{"timestamp": "2025-12-23T02:24:32.886588", "type": "MOVESTATE", "from": "PLAYER_INTENT_STATE.IDLE_MOVE", "to": "PLAYER_INTENT_STATE.MOVE_RIGHT"}
{"timestamp": "2025-12-23T02:24:33.371124", "type": "MOVESTATE", "from": "PLAYER_INTENT_STATE.MOVE_RIGHT", "to": "PLAYER_INTENT_STATE.IDLE_MOVE"}
{"timestamp": "2025-12-23T02:24:33.643657", "type": "MOVESTATE", "from": "PLAYER_INTENT_STATE.IDLE_MOVE", "to": "PLAYER_INTENT_STATE.MOVE_LEFT"}
{"timestamp": "2025-12-23T02:24:34.574751", "type": "MOVESTATE", "from": "PLAYER_INTENT_STATE.MOVE_LEFT", "to": "PLAYER_INTENT_STATE.IDLE_MOVE"}
{"timestamp": "2025-12-23T02:24:36.730963", "type": "MOVESTATE", "from": "PLAYER_INTENT_STATE.IDLE_MOVE", "to": "PLAYER_INTENT_STATE.MOVE_RIGHT"}
{"timestamp": "2025-12-23T02:24:37.135054", "type": "MOVESTATE", "from": "PLAYER_INTENT_STATE.MOVE_RIGHT", "to": "PLAYER_INTENT_STATE.MOVE_LEFT"}
{"timestamp": "2025-12-23T02:24:38.192498", "type": "MOVESTATE", "from": "PLAYER_INTENT_STATE.MOVE_LEFT", "to": "PLAYER_INTENT_STATE.MOVE_RIGHT"}
{"timestamp": "2025-12-23T02:24:40.336390", "type": "MOVESTATE", "from": "PLAYER_INTENT_STATE.MOVE_RIGHT", "to": "PLAYER_INTENT_STATE.MOVE_LEFT"}
{"timestamp": "2025-12-23T02:24:42.009821", "type": "MOVESTATE", "from": "PLAYER_INTENT_STATE.MOVE_LEFT", "to": "PLAYER_INTENT_STATE.MOVE_RIGHT"}
{"timestamp": "2025-12-23T02:24:43.279941", "type": "MOVESTATE", "from": "PLAYER_INTENT_STATE.MOVE_RIGHT", "to": "PLAYER_INTENT_STATE.MOVE_LEFT"}
{"timestamp": "2025-12-23T02:24:43.715023", "type": "MOVESTATE", "from": "PLAYER_INTENT_STATE.MOVE_LEFT", "to": "PLAYER_INTENT_STATE.IDLE_MOVE"}
{"timestamp": "2025-12-23T02:25:20.545403", "type": "MOVESTATE", "from": "PLAYER_INTENT_STATE.IDLE_MOVE", "to": "PLAYER_INTENT_STATE.MOVE_RIGHT"}
{"timestamp": "2025-12-23T02:25:20.884585", "type": "MOVESTATE", "from": "PLAYER_INTENT_STATE.MOVE_RIGHT", "to": "PLAYER_INTENT_STATE.IDLE_MOVE"}
{"timestamp": "2025-12-23T02:25:20.916427", "type": "MOVESTATE", "from": "PLAYER_INTENT_STATE.IDLE_MOVE", "to": "PLAYER_INTENT_STATE.MOVE_LEFT"}
{"timestamp": "2025-12-23T02:25:22.155932", "type": "MOVESTATE", "from": "PLAYER_INTENT_STATE.MOVE_LEFT", "to": "PLAYER_INTENT_STATE.MOVE_RIGHT"}
{"timestamp": "2025-12-23T02:25:24.693507", "type": "MOVESTATE", "from": "PLAYER_INTENT_STATE.MOVE_RIGHT", "to": "PLAYER_INTENT_STATE.MOVE_LEFT"}
{"timestamp": "2025-12-23T02:25:27.299314", "type": "MOVESTATE", "from": "PLAYER_INTENT_STATE.MOVE_LEFT", "to": "PLAYER_INTENT_STATE.IDLE_MOVE"}
{"timestamp": "2025-12-23T02:25:27.715803", "type": "MOVESTATE", "from": "PLAYER_INTENT_STATE.IDLE_MOVE", "to": "PLAYER_INTENT_STATE.MOVE_RIGHT"}
{"timestamp": "2025-12-23T02:25:27.795082", "type": "MOVESTATE", "from": "PLAYER_INTENT_STATE.MOVE_RIGHT", "to": "PLAYER_INTENT_STATE.IDLE_MOVE"}
{"timestamp": "2025-12-23T02:25:27.908185", "type": "MOVESTATE", "from": "PLAYER_INTENT_STATE.IDLE_MOVE", "to": "PLAYER_INTENT_STATE.MOVE_RIGHT"}
{"timestamp": "2025-12-23T02:25:27.990389", "type": "MOVESTATE", "from": "PLAYER_INTENT_STATE.MOVE_RIGHT", "to": "PLAYER_INTENT_STATE.IDLE_MOVE"}
{"timestamp": "2025-12-23T02:25:34.224584", "type": "MOVESTATE", "from": "PLAYER_INTENT_STATE.IDLE_MOVE", "to": "PLAYER_INTENT_STATE.MOVE_LEFT"}
{"timestamp": "2025-12-23T02:25:34.354226", "type": "MOVESTATE", "from": "PLAYER_INTENT_STATE.MOVE_LEFT", "to": "PLAYER_INTENT_STATE.IDLE_MOVE"}
{"timestamp": "2025-12-23T02:25:36.319505", "type": "MOVESTATE", "from": "PLAYER_INTENT_STATE.IDLE_MOVE", "to": "PLAYER_INTENT_STATE.MOVE_LEFT"}
{"timestamp": "2025-12-23T02:25:36.478780", "type": "MOVESTATE", "from": "PLAYER_INTENT_STATE.MOVE_LEFT", "to": "PLAYER_INTENT_STATE.IDLE_MOVE"}
{"timestamp": "2025-12-23T02:25:53.918823", "type": "MOVESTATE", "from": "PLAYER_INTENT_STATE.IDLE_MOVE", "to": "PLAYER_INTENT_STATE.MOVE_RIGHT"}
{"timestamp": "2025-12-23T02:25:54.419810", "type": "MOVESTATE", "from": "PLAYER_INTENT_STATE.MOVE_RIGHT", "to": "PLAYER_INTENT_STATE.MOVE_LEFT"}
{"timestamp": "2025-12-23T02:25:54.675305", "type": "MOVESTATE", "from": "PLAYER_INTENT_STATE.MOVE_LEFT", "to": "PLAYER_INTENT_STATE.IDLE_MOVE"}
{"timestamp": "2025-12-23T02:27:21.090408", "type": "MOVESTATE", "from": "PLAYER_INTENT_STATE.IDLE_MOVE", "to": "PLAYER_INTENT_STATE.MOVE_RIGHT"}
{"timestamp": "2025-12-23T02:27:21.672908", "type": "MOVESTATE", "from": "PLAYER_INTENT_STATE.MOVE_RIGHT", "to": "PLAYER_INTENT_STATE.IDLE_MOVE"}
{"timestamp": "2025-12-23T02:27:21.686108", "type": "MOVESTATE", "from": "PLAYER_INTENT_STATE.IDLE_MOVE", "to": "PLAYER_INTENT_STATE.MOVE_LEFT"}
{"timestamp": "2025-12-23T02:27:22.247036", "type": "MOVESTATE", "from": "PLAYER_INTENT_STATE.MOVE_LEFT", "to": "PLAYER_INTENT_STATE.MOVE_RIGHT"}
{"timestamp": "2025-12-23T02:27:23.198419", "type": "MOVESTATE", "from": "PLAYER_INTENT_STATE.MOVE_RIGHT", "to": "PLAYER_INTENT_STATE.MOVE_LEFT"}
{"timestamp": "2025-12-23T02:27:24.100604", "type": "MOVESTATE", "from": "PLAYER_INTENT_STATE.MOVE_LEFT", "to": "PLAYER_INTENT_STATE.MOVE_RIGHT"}
{"timestamp": "2025-12-23T02:27:25.132556", "type": "MOVESTATE", "from": "PLAYER_INTENT_STATE.MOVE_RIGHT", "to": "PLAYER_INTENT_STATE.MOVE_LEFT"}
{"timestamp": "2025-12-23T02:27:25.790990", "type": "MOVESTATE", "from": "PLAYER_INTENT_STATE.MOVE_LEFT", "to": "PLAYER_INTENT_STATE.IDLE_MOVE"}
{"timestamp": "2025-12-23T02:28:03.912610", "type": "MOVESTATE", "from": "PLAYER_INTENT_STATE.IDLE_MOVE", "to": "PLAYER_INTENT_STATE.MOVE_RIGHT"}
{"timestamp": "2025-12-23T02:28:04.301749", "type": "MOVESTATE", "from": "PLAYER_INTENT_STATE.MOVE_RIGHT", "to": "PLAYER_INTENT_STATE.MOVE_LEFT"}
{"timestamp": "2025-12-23T02:28:04.702825", "type": "MOVESTATE", "from": "PLAYER_INTENT_STATE.MOVE_LEFT", "to": "PLAYER_INTENT_STATE.MOVE_RIGHT"}
{"timestamp": "2025-12-23T02:28:04.847860", "type": "MOVESTATE", "from": "PLAYER_INTENT_STATE.MOVE_RIGHT", "to": "PLAYER_INTENT_STATE.IDLE_MOVE"}
{"timestamp": "2025-12-23T02:33:40.173151", "type": "MOVESTATE", "from": "PLAYER_INTENT_STATE.IDLE_MOVE", "to": "PLAYER_INTENT_STATE.MOVE_RIGHT"}
{"timestamp": "2025-12-23T02:33:40.716729", "type": "MOVESTATE", "from": "PLAYER_INTENT_STATE.MOVE_RIGHT", "to": "PLAYER_INTENT_STATE.MOVE_LEFT"}
{"timestamp": "2025-12-23T02:33:41.343297", "type": "MOVESTATE", "from": "PLAYER_INTENT_STATE.MOVE_LEFT", "to": "PLAYER_INTENT_STATE.MOVE_RIGHT"}
{"timestamp": "2025-12-23T02:33:41.983886", "type": "MOVESTATE", "from": "PLAYER_INTENT_STATE.MOVE_RIGHT", "to": "PLAYER_INTENT_STATE.MOVE_LEFT"}
{"timestamp": "2025-12-23T02:33:42.343895", "type": "MOVESTATE", "from": "PLAYER_INTENT_STATE.MOVE_LEFT", "to": "PLAYER_INTENT_STATE.MOVE_RIGHT"}
{"timestamp": "2025-12-23T02:33:42.586129", "type": "MOVESTATE", "from": "PLAYER_INTENT_STATE.MOVE_RIGHT", "to": "PLAYER_INTENT_STATE.IDLE_MOVE"}
{"timestamp": "2025-12-23T02:38:39.273151", "type": "MOVESTATE", "from": "PLAYER_INTENT_STATE.IDLE_MOVE", "to": "PLAYER_INTENT_STATE.MOVE_RIGHT"}
{"timestamp": "2025-12-23T02:38:39.997359", "type": "MOVESTATE", "from": "PLAYER_INTENT_STATE.MOVE_RIGHT", "to": "PLAYER_INTENT_STATE.MOVE_LEFT"}
{"timestamp": "2025-12-23T02:38:40.736424", "type": "MOVESTATE", "from": "PLAYER_INTENT_STATE.MOVE_LEFT", "to": "PLAYER_INTENT_STATE.IDLE_MOVE"}
{"timestamp": "2025-12-23T03:26:16.358016", "type": "MOVESTATE", "from": "PLAYER_INTENT_STATE.IDLE_MOVE", "to": "PLAYER_INTENT_STATE.MOVE_RIGHT"}
{"timestamp": "2025-12-23T03:26:17.333081", "type": "MOVESTATE", "from": "PLAYER_INTENT_STATE.MOVE_RIGHT", "to": "PLAYER_INTENT_STATE.MOVE_LEFT"}
{"timestamp": "2025-12-23T03:26:18.153656", "type": "MOVESTATE", "from": "PLAYER_INTENT_STATE.MOVE_LEFT", "to": "PLAYER_INTENT_STATE.IDLE_MOVE"}
{"timestamp": "2025-12-23T03:26:18.570519", "type": "MOVESTATE", "from": "PLAYER_INTENT_STATE.IDLE_MOVE", "to": "PLAYER_INTENT_STATE.MOVE_RIGHT"}
{"timestamp": "2025-12-23T03:26:18.991667", "type": "MOVESTATE", "from": "PLAYER_INTENT_STATE.MOVE_RIGHT", "to": "PLAYER_INTENT_STATE.IDLE_MOVE"}
{"timestamp": "2025-12-23T03:26:19.325800", "type": "MOVESTATE", "from": "PLAYER_INTENT_STATE.IDLE_MOVE", "to": "PLAYER_INTENT_STATE.MOVE_RIGHT"}
{"timestamp": "2025-12-23T03:26:19.682027", "type": "MOVESTATE", "from": "PLAYER_INTENT_STATE.MOVE_RIGHT", "to": "PLAYER_INTENT_STATE.IDLE_MOVE"}
{"timestamp": "2025-12-23T03:26:20.710275", "type": "MOVESTATE", "from": "PLAYER_INTENT_STATE.IDLE_MOVE", "to": "PLAYER_INTENT_STATE.MOVE_RIGHT"}
{"timestamp": "2025-12-23T03:26:20.937102", "type": "MOVESTATE", "from": "PLAYER_INTENT_STATE.MOVE_RIGHT", "to": "PLAYER_INTENT_STATE.IDLE_MOVE"}
{"timestamp": "2025-12-23T03:26:21.835763", "type": "MOVESTATE", "from": "PLAYER_INTENT_STATE.IDLE_MOVE", "to": "PLAYER_INTENT_STATE.MOVE_LEFT"}
{"timestamp": "2025-12-23T03:26:22.126229", "type": "MOVESTATE", "from": "PLAYER_INTENT_STATE.MOVE_LEFT", "to": "PLAYER_INTENT_STATE.IDLE_MOVE"}
{"timestamp": "2025-12-23T03:26:24.457494", "type": "MOVESTATE", "from": "PLAYER_INTENT_STATE.IDLE_MOVE", "to": "PLAYER_INTENT_STATE.MOVE_RIGHT"}
{"timestamp": "2025-12-23T03:26:24.828934", "type": "MOVESTATE", "from": "PLAYER_INTENT_STATE.MOVE_RIGHT", "to": "PLAYER_INTENT_STATE.IDLE_MOVE"}
{"timestamp": "2025-12-23T03:26:25.583006", "type": "MOVESTATE", "from": "PLAYER_INTENT_STATE.IDLE_MOVE", "to": "PLAYER_INTENT_STATE.MOVE_RIGHT"}
{"timestamp": "2025-12-23T03:26:25.842746", "type": "MOVESTATE", "from": "PLAYER_INTENT_STATE.MOVE_RIGHT", "to": "PLAYER_INTENT_STATE.IDLE_MOVE"}
{"timestamp": "2025-12-23T03:27:13.433947", "type": "MOVESTATE", "from": "PLAYER_INTENT_STATE.IDLE_MOVE", "to": "PLAYER_INTENT_STATE.MOVE_RIGHT"}
{"timestamp": "2025-12-23T03:27:13.803529", "type": "MOVESTATE", "from": "PLAYER_INTENT_STATE.MOVE_RIGHT", "to": "PLAYER_INTENT_STATE.IDLE_MOVE"}
{"timestamp": "2025-12-23T03:27:13.837720", "type": "MOVESTATE", "from": "PLAYER_INTENT_STATE.IDLE_MOVE", "to": "PLAYER_INTENT_STATE.MOVE_LEFT"}
{"timestamp": "2025-12-23T03:27:14.380795", "type": "MOVESTATE", "from": "PLAYER_INTENT_STATE.MOVE_LEFT", "to": "PLAYER_INTENT_STATE.IDLE_MOVE"}
{"timestamp": "2025-12-23T03:27:14.460355", "type": "MOVESTATE", "from": "PLAYER_INTENT_STATE.IDLE_MOVE", "to": "PLAYER_INTENT_STATE.MOVE_RIGHT"}
{"timestamp": "2025-12-23T03:27:14.894275", "type": "MOVESTATE", "from": "PLAYER_INTENT_STATE.MOVE_RIGHT", "to": "PLAYER_INTENT_STATE.IDLE_MOVE"}
{"timestamp": "2025-12-23T03:27:59.769797", "type": "MOVESTATE", "from": "PLAYER_INTENT_STATE.IDLE_MOVE", "to": "PLAYER_INTENT_STATE.MOVE_RIGHT"}
{"timestamp": "2025-12-23T03:28:00.043813", "type": "MOVESTATE", "from": "PLAYER_INTENT_STATE.MOVE_RIGHT", "to": "PLAYER_INTENT_STATE.IDLE_MOVE"}
{"timestamp": "2025-12-23T03:28:00.604312", "type": "MOVESTATE", "from": "PLAYER_INTENT_STATE.IDLE_MOVE", "to": "PLAYER_INTENT_STATE.MOVE_LEFT"}
{"timestamp": "2025-12-23T03:28:00.940581", "type": "MOVESTATE", "from": "PLAYER_INTENT_STATE.MOVE_LEFT", "to": "PLAYER_INTENT_STATE.IDLE_MOVE"}
{"timestamp": "2025-12-23T03:28:03.706411", "type": "MOVESTATE", "from": "PLAYER_INTENT_STATE.IDLE_MOVE", "to": "PLAYER_INTENT_STATE.MOVE_RIGHT"}
{"timestamp": "2025-12-23T03:28:04.155992", "type": "MOVESTATE", "from": "PLAYER_INTENT_STATE.MOVE_RIGHT", "to": "PLAYER_INTENT_STATE.IDLE_MOVE"}
{"timestamp": "2025-12-23T03:28:04.524783", "type": "MOVESTATE", "from": "PLAYER_INTENT_STATE.IDLE_MOVE", "to": "PLAYER_INTENT_STATE.MOVE_LEFT"}
{"timestamp": "2025-12-23T03:28:04.960708", "type": "MOVESTATE", "from": "PLAYER_INTENT_STATE.MOVE_LEFT", "to": "PLAYER_INTENT_STATE.IDLE_MOVE"}
{"timestamp": "2025-12-23T03:28:05.538315", "type": "MOVESTATE", "from": "PLAYER_INTENT_STATE.IDLE_MOVE", "to": "PLAYER_INTENT_STATE.MOVE_RIGHT"}
{"timestamp": "2025-12-23T03:28:06.276334", "type": "MOVESTATE", "from": "PLAYER_INTENT_STATE.MOVE_RIGHT", "to": "PLAYER_INTENT_STATE.IDLE_MOVE"}
{"timestamp": "2025-12-23T03:28:06.794079", "type": "MOVESTATE", "from": "PLAYER_INTENT_STATE.IDLE_MOVE", "to": "PLAYER_INTENT_STATE.MOVE_LEFT"}
{"timestamp": "2025-12-23T03:28:07.580363", "type": "MOVESTATE", "from": "PLAYER_INTENT_STATE.MOVE_LEFT", "to": "PLAYER_INTENT_STATE.IDLE_MOVE"}
{"timestamp": "2025-12-23T03:28:07.775672", "type": "MOVESTATE", "from": "PLAYER_INTENT_STATE.IDLE_MOVE", "to": "PLAYER_INTENT_STATE.MOVE_RIGHT"}
{"timestamp": "2025-12-23T03:28:08.742076", "type": "MOVESTATE", "from": "PLAYER_INTENT_STATE.MOVE_RIGHT", "to": "PLAYER_INTENT_STATE.IDLE_MOVE"}
{"timestamp": "2025-12-23T03:29:08.383638", "type": "MOVESTATE", "from": "PLAYER_INTENT_STATE.IDLE_MOVE", "to": "PLAYER_INTENT_STATE.MOVE_RIGHT"}
{"timestamp": "2025-12-23T03:29:08.835039", "type": "MOVESTATE", "from": "PLAYER_INTENT_STATE.MOVE_RIGHT", "to": "PLAYER_INTENT_STATE.IDLE_MOVE"}
{"timestamp": "2025-12-23T03:29:09.348250", "type": "MOVESTATE", "from": "PLAYER_INTENT_STATE.IDLE_MOVE", "to": "PLAYER_INTENT_STATE.MOVE_LEFT"}
{"timestamp": "2025-12-23T03:29:10.120445", "type": "MOVESTATE", "from": "PLAYER_INTENT_STATE.MOVE_LEFT", "to": "PLAYER_INTENT_STATE.IDLE_MOVE"}
{"timestamp": "2025-12-23T03:29:10.395973", "type": "MOVESTATE", "from": "PLAYER_INTENT_STATE.IDLE_MOVE", "to": "PLAYER_INTENT_STATE.MOVE_RIGHT"}
{"timestamp": "2025-12-23T03:29:11.135436", "type": "MOVESTATE", "from": "PLAYER_INTENT_STATE.MOVE_RIGHT", "to": "PLAYER_INTENT_STATE.IDLE_MOVE"}
{"timestamp": "2025-12-23T03:29:11.280993", "type": "MOVESTATE", "from": "PLAYER_INTENT_STATE.IDLE_MOVE", "to": "PLAYER_INTENT_STATE.MOVE_LEFT"}
{"timestamp": "2025-12-23T03:29:11.971016", "type": "MOVESTATE", "from": "PLAYER_INTENT_STATE.MOVE_LEFT", "to": "PLAYER_INTENT_STATE.IDLE_MOVE"}
{"timestamp": "2025-12-23T03:29:12.179713", "type": "MOVESTATE", "from": "PLAYER_INTENT_STATE.IDLE_MOVE", "to": "PLAYER_INTENT_STATE.MOVE_RIGHT"}
{"timestamp": "2025-12-23T03:29:12.901584", "type": "MOVESTATE", "from": "PLAYER_INTENT_STATE.MOVE_RIGHT", "to": "PLAYER_INTENT_STATE.IDLE_MOVE"}
{"timestamp": "2025-12-23T03:29:13.080845", "type": "MOVESTATE", "from": "PLAYER_INTENT_STATE.IDLE_MOVE", "to": "PLAYER_INTENT_STATE.MOVE_LEFT"}
{"timestamp": "2025-12-23T03:29:13.913720", "type": "MOVESTATE", "from": "PLAYER_INTENT_STATE.MOVE_LEFT", "to": "PLAYER_INTENT_STATE.IDLE_MOVE"}
{"timestamp": "2025-12-23T03:29:13.962490", "type": "MOVESTATE", "from": "PLAYER_INTENT_STATE.IDLE_MOVE", "to": "PLAYER_INTENT_STATE.MOVE_RIGHT"}
{"timestamp": "2025-12-23T03:29:14.621609", "type": "MOVESTATE", "from": "PLAYER_INTENT_STATE.MOVE_RIGHT", "to": "PLAYER_INTENT_STATE.IDLE_MOVE"}
{"timestamp": "2025-12-23T03:30:36.811938", "type": "MOVESTATE", "from": "PLAYER_INTENT_STATE.IDLE_MOVE", "to": "PLAYER_INTENT_STATE.MOVE_RIGHT"}
{"timestamp": "2025-12-23T03:30:37.406537", "type": "MOVESTATE", "from": "PLAYER_INTENT_STATE.MOVE_RIGHT", "to": "PLAYER_INTENT_STATE.IDLE_MOVE"}
{"timestamp": "2025-12-23T03:30:37.682632", "type": "MOVESTATE", "from": "PLAYER_INTENT_STATE.IDLE_MOVE", "to": "PLAYER_INTENT_STATE.MOVE_LEFT"}
{"timestamp": "2025-12-23T03:30:38.165024", "type": "MOVESTATE", "from": "PLAYER_INTENT_STATE.MOVE_LEFT", "to": "PLAYER_INTENT_STATE.IDLE_MOVE"}
{"timestamp": "2025-12-23T03:32:08.021799", "type": "MOVESTATE", "from": "PLAYER_INTENT_STATE.IDLE_MOVE", "to": "PLAYER_INTENT_STATE.MOVE_RIGHT"}
{"timestamp": "2025-12-23T03:32:08.791673", "type": "MOVESTATE", "from": "PLAYER_INTENT_STATE.MOVE_RIGHT", "to": "PLAYER_INTENT_STATE.IDLE_MOVE"}
{"timestamp": "2025-12-23T03:32:08.903872", "type": "MOVESTATE", "from": "PLAYER_INTENT_STATE.IDLE_MOVE", "to": "PLAYER_INTENT_STATE.MOVE_LEFT"}
{"timestamp": "2025-12-23T03:32:10.042497", "type": "MOVESTATE", "from": "PLAYER_INTENT_STATE.MOVE_LEFT", "to": "PLAYER_INTENT_STATE.IDLE_MOVE"}
{"timestamp": "2025-12-23T03:32:10.058735", "type": "MOVESTATE", "from": "PLAYER_INTENT_STATE.IDLE_MOVE", "to": "PLAYER_INTENT_STATE.MOVE_RIGHT"}
{"timestamp": "2025-12-23T03:32:10.719089", "type": "MOVESTATE", "from": "PLAYER_INTENT_STATE.MOVE_RIGHT", "to": "PLAYER_INTENT_STATE.IDLE_MOVE"}
{"timestamp": "2025-12-23T04:02:30.652076", "type": "MOVESTATE", "from": "PLAYER_INTENT_STATE.IDLE_MOVE", "to": "PLAYER_INTENT_STATE.MOVE_RIGHT"}
{"timestamp": "2025-12-23T04:02:31.053276", "type": "MOVESTATE", "from": "PLAYER_INTENT_STATE.MOVE_RIGHT", "to": "PLAYER_INTENT_STATE.IDLE_MOVE"}
{"timestamp": "2025-12-23T04:02:31.117672", "type": "MOVESTATE", "from": "PLAYER_INTENT_STATE.IDLE_MOVE", "to": "PLAYER_INTENT_STATE.MOVE_LEFT"}
{"timestamp": "2025-12-23T04:02:31.647920", "type": "MOVESTATE", "from": "PLAYER_INTENT_STATE.MOVE_LEFT", "to": "PLAYER_INTENT_STATE.IDLE_MOVE"}
{"timestamp": "2025-12-23T04:04:14.177031", "type": "MOVESTATE", "from": "PLAYER_INTENT_STATE.IDLE_MOVE", "to": "PLAYER_INTENT_STATE.MOVE_RIGHT"}
{"timestamp": "2025-12-23T04:04:14.579945", "type": "MOVESTATE", "from": "PLAYER_INTENT_STATE.MOVE_RIGHT", "to": "PLAYER_INTENT_STATE.IDLE_MOVE"}
{"timestamp": "2025-12-23T04:04:14.612459", "type": "MOVESTATE", "from": "PLAYER_INTENT_STATE.IDLE_MOVE", "to": "PLAYER_INTENT_STATE.MOVE_LEFT"}
{"timestamp": "2025-12-23T04:04:15.014290", "type": "MOVESTATE", "from": "PLAYER_INTENT_STATE.MOVE_LEFT", "to": "PLAYER_INTENT_STATE.IDLE_MOVE"}
