{"timestamp": "2026-01-05T05:21:14.274712", "type": "MOVESTATE", "from": "PLAYER_INTENT_STATE.IDLE_MOVE", "to": "PLAYER_INTENT_STATE.MOVE_RIGHT"}
{"timestamp": "2026-01-05T05:21:14.546712", "type": "MOVESTATE", "from": "PLAYER_INTENT_STATE.MOVE_RIGHT", "to": "PLAYER_INTENT_STATE.MOVE_LEFT"}
{"timestamp": "2026-01-05T05:21:14.966184", "type": "MOVESTATE", "from": "PLAYER_INTENT_STATE.MOVE_LEFT", "to": "PLAYER_INTENT_STATE.MOVE_RIGHT"}
{"timestamp": "2026-01-05T05:21:15.206477", "type": "MOVESTATE", "from": "PLAYER_INTENT_STATE.MOVE_RIGHT", "to": "PLAYER_INTENT_STATE.IDLE_MOVE"}
{"timestamp": "2026-01-05T06:12:36.879710", "type": "MOVESTATE", "from": "PLAYER_INTENT_STATE.IDLE_MOVE", "to": "PLAYER_INTENT_STATE.MOVE_RIGHT"}
{"timestamp": "2026-01-05T06:12:37.105671", "type": "MOVESTATE", "from": "PLAYER_INTENT_STATE.MOVE_RIGHT", "to": "PLAYER_INTENT_STATE.MOVE_LEFT"}
{"timestamp": "2026-01-05T06:12:37.445572", "type": "MOVESTATE", "from": "PLAYER_INTENT_STATE.MOVE_LEFT", "to": "PLAYER_INTENT_STATE.MOVE_RIGHT"}
{"timestamp": "2026-01-05T06:12:37.511115", "type": "MOVESTATE", "from": "PLAYER_INTENT_STATE.MOVE_RIGHT", "to": "PLAYER_INTENT_STATE.IDLE_MOVE"}
{"timestamp": "2026-01-05T06:12:41.203177", "type": "MOVESTATE", "from": "PLAYER_INTENT_STATE.IDLE_MOVE", "to": "PLAYER_INTENT_STATE.MOVE_RIGHT"}
{"timestamp": "2026-01-05T06:12:41.570926", "type": "MOVESTATE", "from": "PLAYER_INTENT_STATE.MOVE_RIGHT", "to": "PLAYER_INTENT_STATE.MOVE_LEFT"}
{"timestamp": "2026-01-05T06:12:42.748639", "type": "MOVESTATE", "from": "PLAYER_INTENT_STATE.MOVE_LEFT", "to": "PLAYER_INTENT_STATE.IDLE_MOVE"}
{"timestamp": "2026-01-05T06:12:42.796432", "type": "MOVESTATE", "from": "PLAYER_INTENT_STATE.IDLE_MOVE", "to": "PLAYER_INTENT_STATE.MOVE_RIGHT"}
{"timestamp": "2026-01-05T06:12:43.019981", "type": "MOVESTATE", "from": "PLAYER_INTENT_STATE.MOVE_RIGHT", "to": "PLAYER_INTENT_STATE.MOVE_LEFT"}
{"timestamp": "2026-01-05T06:12:43.597997", "type": "MOVESTATE", "from": "PLAYER_INTENT_STATE.MOVE_LEFT", "to": "PLAYER_INTENT_STATE.IDLE_MOVE"}
{"timestamp": "2026-01-05T06:12:43.663680", "type": "MOVESTATE", "from": "PLAYER_INTENT_STATE.IDLE_MOVE", "to": "PLAYER_INTENT_STATE.MOVE_RIGHT"}
{"timestamp": "2026-01-05T06:12:43.774102", "type": "MOVESTATE", "from": "PLAYER_INTENT_STATE.MOVE_RIGHT", "to": "PLAYER_INTENT_STATE.IDLE_MOVE"}
{"timestamp": "2026-01-05T06:12:44.464546", "type": "MOVESTATE", "from": "PLAYER_INTENT_STATE.IDLE_MOVE", "to": "PLAYER_INTENT_STATE.MOVE_RIGHT"}
{"timestamp": "2026-01-05T06:12:44.528766", "type": "MOVESTATE", "from": "PLAYER_INTENT_STATE.MOVE_RIGHT", "to": "PLAYER_INTENT_STATE.IDLE_MOVE"}
{"timestamp": "2026-01-05T06:12:45.347203", "type": "MOVESTATE", "from": "PLAYER_INTENT_STATE.IDLE_MOVE", "to": "PLAYER_INTENT_STATE.MOVE_RIGHT"}
{"timestamp": "2026-01-05T06:12:46.025234", "type": "MOVESTATE", "from": "PLAYER_INTENT_STATE.MOVE_RIGHT", "to": "PLAYER_INTENT_STATE.IDLE_MOVE"}
