{"timestamp": "2025-12-17T05:58:28.466724", "type": "GAMEMODE", "from": "GAME_MODE.NONE", "to": "GAME_MODE.ENDLESS"}
{"timestamp": "2025-12-17T05:58:41.728117", "type": "GAMEMODE", "from": "GAME_MODE.NONE", "to": "GAME_MODE.ENDLESS"}
{"timestamp": "2025-12-17T05:58:48.163140", "type": "GAMEMODE", "from": "GAME_MODE.NONE", "to": "GAME_MODE.ENDLESS"}
{"timestamp": "2025-12-17T05:58:49.542171", "type": "GAMEMODE", "from": "GAME_MODE.ENDLESS", "to": "GAME_MODE.NONE"}
{"timestamp": "2025-12-17T06:15:32.845193", "type": "GAMEMODE", "from": "GAME_MODE.NONE", "to": "GAME_MODE.ENDLESS"}
{"timestamp": "2025-12-17T08:07:20.798603", "type": "GAMEMODE", "from": "GAME_MODE.NONE", "to": "GAME_MODE.ENDLESS"}
{"timestamp": "2025-12-17T08:07:28.911414", "type": "GAMEMODE", "from": "GAME_MODE.NONE", "to": "GAME_MODE.ENDLESS"}
{"timestamp": "2025-12-17T08:09:47.676926", "type": "GAMEMODE", "from": "GAME_MODE.NONE", "to": "GAME_MODE.BLITZ"}
{"timestamp": "2025-12-17T08:09:55.113132", "type": "GAMEMODE", "from": "GAME_MODE.NONE", "to": "GAME_MODE.TUTORIAL"}
{"timestamp": "2025-12-17T08:10:03.293279", "type": "GAMEMODE", "from": "GAME_MODE.NONE", "to": "GAME_MODE.ENDLESS"}
{"timestamp": "2025-12-17T08:10:05.588634", "type": "GAMEMODE", "from": "GAME_MODE.ENDLESS", "to": "GAME_MODE.NONE"}
{"timestamp": "2025-12-17T08:10:06.613563", "type": "GAMEMODE", "from": "GAME_MODE.NONE", "to": "GAME_MODE.BLITZ"}
{"timestamp": "2025-12-17T08:10:08.590069", "type": "GAMEMODE", "from": "GAME_MODE.BLITZ", "to": "GAME_MODE.NONE"}
{"timestamp": "2025-12-17T08:40:35.736443", "type": "GAMEMODE", "from": "GAME_MODE.NONE", "to": "GAME_MODE.ENDLESS"}
{"timestamp": "2025-12-17T08:41:53.450022", "type": "GAMEMODE", "from": "GAME_MODE.NONE", "to": "GAME_MODE.ENDLESS"}
{"timestamp": "2025-12-17T08:42:00.037723", "type": "GAMEMODE", "from": "GAME_MODE.ENDLESS", "to": "GAME_MODE.NONE"}
{"timestamp": "2025-12-17T08:42:04.862753", "type": "GAMEMODE", "from": "GAME_MODE.NONE", "to": "GAME_MODE.BLITZ"}
{"timestamp": "2025-12-17T08:42:06.568529", "type": "GAMEMODE", "from": "GAME_MODE.BLITZ", "to": "GAME_MODE.NONE"}
{"timestamp": "2025-12-17T08:43:37.701627", "type": "GAMEMODE", "from": "GAME_MODE.NONE", "to": "GAME_MODE.ENDLESS"}
{"timestamp": "2025-12-17T08:43:42.139812", "type": "GAMEMODE", "from": "GAME_MODE.ENDLESS", "to": "GAME_MODE.NONE"}
{"timestamp": "2025-12-17T08:46:12.358385", "type": "GAMEMODE", "from": "GAME_MODE.NONE", "to": "GAME_MODE.ENDLESS"}
{"timestamp": "2025-12-17T08:46:16.895713", "type": "GAMEMODE", "from": "GAME_MODE.ENDLESS", "to": "GAME_MODE.NONE"}
{"timestamp": "2025-12-17T08:46:23.835675", "type": "GAMEMODE", "from": "GAME_MODE.NONE", "to": "GAME_MODE.ENDLESS"}
{"timestamp": "2025-12-17T08:46:32.731249", "type": "GAMEMODE", "from": "GAME_MODE.ENDLESS", "to": "GAME_MODE.NONE"}
{"timestamp": "2025-12-17T09:04:26.514917", "type": "GAMEMODE", "from": "GAME_MODE.NONE", "to": "GAME_MODE.ENDLESS"}
{"timestamp": "2025-12-17T09:04:37.596741", "type": "GAMEMODE", "from": "GAME_MODE.NONE", "to": "GAME_MODE.ENDLESS"}
{"timestamp": "2025-12-17T09:09:34.051567", "type": "GAMEMODE", "from": "GAME_MODE.NONE", "to": "GAME_MODE.ENDLESS"}
{"timestamp": "2025-12-17T09:14:49.184802", "type": "GAMEMODE", "from": "GAME_MODE.NONE", "to": "GAME_MODE.ENDLESS"}
{"timestamp": "2025-12-17T09:15:37.204526", "type": "GAMEMODE", "from": "GAME_MODE.NONE", "to": "GAME_MODE.ENDLESS"}
{"timestamp": "2025-12-17T09:16:06.192493", "type": "GAMEMODE", "from": "GAME_MODE.NONE", "to": "GAME_MODE.ENDLESS"}
{"timestamp": "2025-12-17T09:16:38.512684", "type": "GAMEMODE", "from": "GAME_MODE.NONE", "to": "GAME_MODE.ENDLESS"}
{"timestamp": "2025-12-17T09:20:07.307411", "type": "GAMEMODE", "from": "GAME_MODE.NONE", "to": "GAME_MODE.ENDLESS"}
{"timestamp": "2025-12-17T09:21:30.482230", "type": "GAMEMODE", "from": "GAME_MODE.NONE", "to": "GAME_MODE.ENDLESS"}
{"timestamp": "2025-12-17T09:24:17.031044", "type": "GAMEMODE", "from": "GAME_MODE.NONE", "to": "GAME_MODE.ENDLESS"}
{"timestamp": "2025-12-17T09:24:35.736031", "type": "GAMEMODE", "from": "GAME_MODE.NONE", "to": "GAME_MODE.ENDLESS"}
{"timestamp": "2025-12-17T09:27:43.417103", "type": "GAMEMODE", "from": "GAME_MODE.NONE", "to": "GAME_MODE.ENDLESS"}
{"timestamp": "2025-12-17T09:30:22.913804", "type": "GAMEMODE", "from": "GAME_MODE.NONE", "to": "GAME_MODE.ENDLESS"}
{"timestamp": "2025-12-17T09:32:01.602220", "type": "GAMEMODE", "from": "GAME_MODE.NONE", "to": "GAME_MODE.ENDLESS"}
{"timestamp": "2025-12-17T09:32:28.248100", "type": "GAMEMODE", "from": "GAME_MODE.NONE", "to": "GAME_MODE.ENDLESS"}
{"timestamp": "2025-12-17T09:32:39.791545", "type": "GAMEMODE", "from": "GAME_MODE.NONE", "to": "GAME_MODE.ENDLESS"}
{"timestamp": "2025-12-17T09:33:14.485128", "type": "GAMEMODE", "from": "GAME_MODE.NONE", "to": "GAME_MODE.ENDLESS"}
{"timestamp": "2025-12-17T09:33:56.184035", "type": "GAMEMODE", "from": "GAME_MODE.NONE", "to": "GAME_MODE.ENDLESS"}
{"timestamp": "2025-12-17T09:34:07.519789", "type": "GAMEMODE", "from": "GAME_MODE.NONE", "to": "GAME_MODE.ENDLESS"}
{"timestamp": "2025-12-17T09:34:43.795902", "type": "GAMEMODE", "from": "GAME_MODE.NONE", "to": "GAME_MODE.ENDLESS"}
{"timestamp": "2025-12-17T09:40:40.118898", "type": "GAMEMODE", "from": "GAME_MODE.NONE", "to": "GAME_MODE.ENDLESS"}
{"timestamp": "2025-12-17T09:41:24.155344", "type": "GAMEMODE", "from": "GAME_MODE.NONE", "to": "GAME_MODE.ENDLESS"}
{"timestamp": "2025-12-17T09:42:58.666106", "type": "GAMEMODE", "from": "GAME_MODE.NONE", "to": "GAME_MODE.ENDLESS"}
{"timestamp": "2025-12-17T09:43:13.616092", "type": "GAMEMODE", "from": "GAME_MODE.NONE", "to": "GAME_MODE.ENDLESS"}
{"timestamp": "2025-12-17T09:44:30.771887", "type": "GAMEMODE", "from": "GAME_MODE.NONE", "to": "GAME_MODE.ENDLESS"}
{"timestamp": "2025-12-17T09:45:42.833209", "type": "GAMEMODE", "from": "GAME_MODE.NONE", "to": "GAME_MODE.ENDLESS"}
{"timestamp": "2025-12-17T09:46:59.354632", "type": "GAMEMODE", "from": "GAME_MODE.NONE", "to": "GAME_MODE.ENDLESS"}
{"timestamp": "2025-12-17T09:48:02.435583", "type": "GAMEMODE", "from": "GAME_MODE.NONE", "to": "GAME_MODE.ENDLESS"}
{"timestamp": "2025-12-17T09:54:52.545838", "type": "GAMEMODE", "from": "GAME_MODE.NONE", "to": "GAME_MODE.ENDLESS"}
{"timestamp": "2025-12-17T09:55:28.909620", "type": "GAMEMODE", "from": "GAME_MODE.NONE", "to": "GAME_MODE.ENDLESS"}
{"timestamp": "2025-12-18T05:11:31.900323", "type": "GAMEMODE", "from": "GAME_MODE.NONE", "to": "GAME_MODE.ENDLESS"}
