{"timestamp": "2026-01-07T03:16:11.166931", "type": "PAUSE_MENU_STATE", "ticks": "application/menustates/pause", "from": "PAUSE_MENU_STATE.ROOT", "to": "PAUSE_MENU_STATE.SETTINGS"}
{"timestamp": "2026-01-07T03:16:11.902892", "type": "PAUSE_MENU_STATE", "ticks": "application/menustates/pause", "from": "PAUSE_MENU_STATE.SETTINGS", "to": "PAUSE_MENU_STATE.AUDIO"}
{"timestamp": "2026-01-07T03:16:29.534614", "type": "PAUSE_MENU_STATE", "ticks": "application/menustates/pause", "from": "PAUSE_MENU_STATE.AUDIO", "to": "PAUSE_MENU_STATE.SETTINGS"}
{"timestamp": "2026-01-07T03:16:30.227793", "type": "PAUSE_MENU_STATE", "ticks": "application/menustates/pause", "from": "PAUSE_MENU_STATE.SETTINGS", "to": "PAUSE_MENU_STATE.ROOT"}
{"timestamp": "2026-01-07T06:20:10.658795", "type": "PAUSE_MENU_STATE", "ticks": "application/menustates/pause", "from": "PAUSE_MENU_STATE.ROOT", "to": "PAUSE_MENU_STATE.SETTINGS"}
{"timestamp": "2026-01-07T06:20:11.186745", "type": "PAUSE_MENU_STATE", "ticks": "application/menustates/pause", "from": "PAUSE_MENU_STATE.SETTINGS", "to": "PAUSE_MENU_STATE.AUDIO"}
{"timestamp": "2026-01-07T06:20:12.350654", "type": "PAUSE_MENU_STATE", "ticks": "application/menustates/pause", "from": "PAUSE_MENU_STATE.AUDIO", "to": "PAUSE_MENU_STATE.ROOT"}
{"timestamp": "2026-01-07T06:22:50.006608", "type": "PAUSE_MENU_STATE", "ticks": "application/menustates/pause", "from": "PAUSE_MENU_STATE.ROOT", "to": "PAUSE_MENU_STATE.SETTINGS"}
{"timestamp": "2026-01-07T06:22:50.615498", "type": "PAUSE_MENU_STATE", "ticks": "application/menustates/pause", "from": "PAUSE_MENU_STATE.SETTINGS", "to": "PAUSE_MENU_STATE.AUDIO"}
{"timestamp": "2026-01-07T06:22:51.671991", "type": "PAUSE_MENU_STATE", "ticks": "application/menustates/pause", "from": "PAUSE_MENU_STATE.AUDIO", "to": "PAUSE_MENU_STATE.ROOT"}
{"timestamp": "2026-01-07T06:26:01.255478", "type": "PAUSE_MENU_STATE", "ticks": "application/menustates/pause", "from": "PAUSE_MENU_STATE.ROOT", "to": "PAUSE_MENU_STATE.SETTINGS"}
{"timestamp": "2026-01-07T06:26:01.913517", "type": "PAUSE_MENU_STATE", "ticks": "application/menustates/pause", "from": "PAUSE_MENU_STATE.SETTINGS", "to": "PAUSE_MENU_STATE.AUDIO"}
{"timestamp": "2026-01-07T06:26:03.152666", "type": "PAUSE_MENU_STATE", "ticks": "application/menustates/pause", "from": "PAUSE_MENU_STATE.AUDIO", "to": "PAUSE_MENU_STATE.ROOT"}
{"timestamp": "2026-01-07T08:08:24.342731", "type": "PAUSE_MENU_STATE", "ticks": "application/menustates/pause", "from": "PAUSE_MENU_STATE.ROOT", "to": "PAUSE_MENU_STATE.SETTINGS"}
{"timestamp": "2026-01-07T08:08:25.162327", "type": "PAUSE_MENU_STATE", "ticks": "application/menustates/pause", "from": "PAUSE_MENU_STATE.SETTINGS", "to": "PAUSE_MENU_STATE.AUDIO"}
{"timestamp": "2026-01-07T08:12:35.620409", "type": "PAUSE_MENU_STATE", "ticks": "application/menustates/pause", "from": "PAUSE_MENU_STATE.AUDIO", "to": "PAUSE_MENU_STATE.SETTINGS"}
{"timestamp": "2026-01-07T08:12:36.429710", "type": "PAUSE_MENU_STATE", "ticks": "application/menustates/pause", "from": "PAUSE_MENU_STATE.SETTINGS", "to": "PAUSE_MENU_STATE.ROOT"}
{"timestamp": "2026-01-07T22:57:56.527066", "type": "PAUSE_MENU_STATE", "ticks": "application/menustates/pause", "from": "PAUSE_MENU_STATE.ROOT", "to": "PAUSE_MENU_STATE.SETTINGS"}
{"timestamp": "2026-01-07T22:57:58.531712", "type": "PAUSE_MENU_STATE", "ticks": "application/menustates/pause", "from": "PAUSE_MENU_STATE.SETTINGS", "to": "PAUSE_MENU_STATE.ROOT"}
{"timestamp": "2026-01-08T01:05:36.528752", "type": "PAUSE_MENU_STATE", "ticks": "application/menustates/pause", "from": "PAUSE_MENU_STATE.ROOT", "to": "PAUSE_MENU_STATE.SETTINGS"}
{"timestamp": "2026-01-08T01:05:37.122528", "type": "PAUSE_MENU_STATE", "ticks": "application/menustates/pause", "from": "PAUSE_MENU_STATE.SETTINGS", "to": "PAUSE_MENU_STATE.AUDIO"}
{"timestamp": "2026-01-08T01:05:38.179021", "type": "PAUSE_MENU_STATE", "ticks": "application/menustates/pause", "from": "PAUSE_MENU_STATE.AUDIO", "to": "PAUSE_MENU_STATE.ROOT"}
{"timestamp": "2026-01-08T01:13:27.238318", "type": "PAUSE_MENU_STATE", "ticks": "application/menustates/pause", "from": "PAUSE_MENU_STATE.ROOT", "to": "PAUSE_MENU_STATE.SETTINGS"}
{"timestamp": "2026-01-08T01:13:27.913508", "type": "PAUSE_MENU_STATE", "ticks": "application/menustates/pause", "from": "PAUSE_MENU_STATE.SETTINGS", "to": "PAUSE_MENU_STATE.AUDIO"}
{"timestamp": "2026-01-08T01:13:29.005362", "type": "PAUSE_MENU_STATE", "ticks": "application/menustates/pause", "from": "PAUSE_MENU_STATE.AUDIO", "to": "PAUSE_MENU_STATE.ROOT"}
{"timestamp": "2026-01-24T03:29:08.025882", "type": "PAUSE_MENU_STATE", "ticks": "application/menustates/pause", "from": "PAUSE_MENU_STATE.ROOT", "to": "PAUSE_MENU_STATE.SETTINGS"}
{"timestamp": "2026-01-24T03:29:08.827099", "type": "PAUSE_MENU_STATE", "ticks": "application/menustates/pause", "from": "PAUSE_MENU_STATE.SETTINGS", "to": "PAUSE_MENU_STATE.ROOT"}
{"timestamp": "2026-01-24T03:30:06.516057", "type": "PAUSE_MENU_STATE", "ticks": "application/menustates/pause", "from": "PAUSE_MENU_STATE.ROOT", "to": "PAUSE_MENU_STATE.SETTINGS"}
{"timestamp": "2026-01-24T03:30:07.094216", "type": "PAUSE_MENU_STATE", "ticks": "application/menustates/pause", "from": "PAUSE_MENU_STATE.SETTINGS", "to": "PAUSE_MENU_STATE.AUDIO"}
{"timestamp": "2026-01-24T03:30:31.374944", "type": "PAUSE_MENU_STATE", "ticks": "application/menustates/pause", "from": "PAUSE_MENU_STATE.AUDIO", "to": "PAUSE_MENU_STATE.SETTINGS"}
{"timestamp": "2026-01-24T03:30:32.290819", "type": "PAUSE_MENU_STATE", "ticks": "application/menustates/pause", "from": "PAUSE_MENU_STATE.SETTINGS", "to": "PAUSE_MENU_STATE.AUDIO"}
{"timestamp": "2026-01-24T03:30:38.168521", "type": "PAUSE_MENU_STATE", "ticks": "application/menustates/pause", "from": "PAUSE_MENU_STATE.AUDIO", "to": "PAUSE_MENU_STATE.SETTINGS"}
{"timestamp": "2026-01-24T03:30:39.645326", "type": "PAUSE_MENU_STATE", "ticks": "application/menustates/pause", "from": "PAUSE_MENU_STATE.SETTINGS", "to": "PAUSE_MENU_STATE.ROOT"}
{"timestamp": "2026-01-30T22:27:21.390929", "type": "PAUSE_MENU_STATE", "ticks": "application/menustates/pause", "from": "PAUSE_MENU_STATE.ROOT", "to": "PAUSE_MENU_STATE.SETTINGS"}
{"timestamp": "2026-01-30T22:27:22.306844", "type": "PAUSE_MENU_STATE", "ticks": "application/menustates/pause", "from": "PAUSE_MENU_STATE.SETTINGS", "to": "PAUSE_MENU_STATE.ROOT"}
{"timestamp": "2026-01-30T22:27:38.462078", "type": "PAUSE_MENU_STATE", "ticks": "application/menustates/pause", "from": "PAUSE_MENU_STATE.ROOT", "to": "PAUSE_MENU_STATE.SETTINGS"}
{"timestamp": "2026-01-30T22:27:39.842970", "type": "PAUSE_MENU_STATE", "ticks": "application/menustates/pause", "from": "PAUSE_MENU_STATE.SETTINGS", "to": "PAUSE_MENU_STATE.ROOT"}
{"timestamp": "2026-01-30T22:33:44.221274", "type": "PAUSE_MENU_STATE", "ticks": "application/menustates/pause", "from": "PAUSE_MENU_STATE.ROOT", "to": "PAUSE_MENU_STATE.SETTINGS"}
{"timestamp": "2026-01-30T22:33:44.866058", "type": "PAUSE_MENU_STATE", "ticks": "application/menustates/pause", "from": "PAUSE_MENU_STATE.SETTINGS", "to": "PAUSE_MENU_STATE.AUDIO"}
{"timestamp": "2026-01-30T22:33:49.124914", "type": "PAUSE_MENU_STATE", "ticks": "application/menustates/pause", "from": "PAUSE_MENU_STATE.AUDIO", "to": "PAUSE_MENU_STATE.SETTINGS"}
{"timestamp": "2026-01-30T22:33:50.072033", "type": "PAUSE_MENU_STATE", "ticks": "application/menustates/pause", "from": "PAUSE_MENU_STATE.SETTINGS", "to": "PAUSE_MENU_STATE.ROOT"}
{"timestamp": "2026-01-30T23:45:53.155985", "type": "PAUSE_MENU_STATE", "ticks": "application/menustates/pause", "from": "PAUSE_MENU_STATE.ROOT", "to": "PAUSE_MENU_STATE.SETTINGS"}
{"timestamp": "2026-01-30T23:45:54.069078", "type": "PAUSE_MENU_STATE", "ticks": "application/menustates/pause", "from": "PAUSE_MENU_STATE.SETTINGS", "to": "PAUSE_MENU_STATE.AUDIO"}
{"timestamp": "2026-01-30T23:45:59.001845", "type": "PAUSE_MENU_STATE", "ticks": "application/menustates/pause", "from": "PAUSE_MENU_STATE.AUDIO", "to": "PAUSE_MENU_STATE.SETTINGS"}
{"timestamp": "2026-01-30T23:45:59.854295", "type": "PAUSE_MENU_STATE", "ticks": "application/menustates/pause", "from": "PAUSE_MENU_STATE.SETTINGS", "to": "PAUSE_MENU_STATE.ROOT"}
{"timestamp": "2026-01-30T23:46:27.118081", "type": "PAUSE_MENU_STATE", "ticks": "application/menustates/pause", "from": "PAUSE_MENU_STATE.ROOT", "to": "PAUSE_MENU_STATE.SETTINGS"}
{"timestamp": "2026-01-30T23:46:27.920598", "type": "PAUSE_MENU_STATE", "ticks": "application/menustates/pause", "from": "PAUSE_MENU_STATE.SETTINGS", "to": "PAUSE_MENU_STATE.ROOT"}
{"timestamp": "2026-01-30T23:46:57.178679", "type": "PAUSE_MENU_STATE", "ticks": "application/menustates/pause", "from": "PAUSE_MENU_STATE.ROOT", "to": "PAUSE_MENU_STATE.SETTINGS"}
{"timestamp": "2026-01-30T23:46:57.804854", "type": "PAUSE_MENU_STATE", "ticks": "application/menustates/pause", "from": "PAUSE_MENU_STATE.SETTINGS", "to": "PAUSE_MENU_STATE.ROOT"}
{"timestamp": "2026-01-30T23:53:13.930350", "type": "PAUSE_MENU_STATE", "ticks": "application/menustates/pause", "from": "PAUSE_MENU_STATE.ROOT", "to": "PAUSE_MENU_STATE.SETTINGS"}
{"timestamp": "2026-01-30T23:53:14.901311", "type": "PAUSE_MENU_STATE", "ticks": "application/menustates/pause", "from": "PAUSE_MENU_STATE.SETTINGS", "to": "PAUSE_MENU_STATE.ROOT"}
{"timestamp": "2026-01-30T23:58:52.108223", "type": "PAUSE_MENU_STATE", "ticks": "application/menustates/pause", "from": "PAUSE_MENU_STATE.ROOT", "to": "PAUSE_MENU_STATE.SETTINGS"}
{"timestamp": "2026-01-30T23:58:53.119260", "type": "PAUSE_MENU_STATE", "ticks": "application/menustates/pause", "from": "PAUSE_MENU_STATE.SETTINGS", "to": "PAUSE_MENU_STATE.ROOT"}
{"timestamp": "2026-01-30T23:58:58.638660", "type": "PAUSE_MENU_STATE", "ticks": "application/menustates/pause", "from": "PAUSE_MENU_STATE.ROOT", "to": "PAUSE_MENU_STATE.SETTINGS"}
{"timestamp": "2026-01-30T23:59:00.319427", "type": "PAUSE_MENU_STATE", "ticks": "application/menustates/pause", "from": "PAUSE_MENU_STATE.SETTINGS", "to": "PAUSE_MENU_STATE.ROOT"}
{"timestamp": "2026-01-30T23:59:03.164449", "type": "PAUSE_MENU_STATE", "ticks": "application/menustates/pause", "from": "PAUSE_MENU_STATE.ROOT", "to": "PAUSE_MENU_STATE.SETTINGS"}
{"timestamp": "2026-01-30T23:59:03.855618", "type": "PAUSE_MENU_STATE", "ticks": "application/menustates/pause", "from": "PAUSE_MENU_STATE.SETTINGS", "to": "PAUSE_MENU_STATE.ROOT"}
{"timestamp": "2026-01-31T04:45:21.559058", "type": "PAUSE_MENU_STATE", "ticks": "application/menustates/pause", "from": "PAUSE_MENU_STATE.ROOT", "to": "PAUSE_MENU_STATE.SETTINGS"}
{"timestamp": "2026-01-31T04:45:22.973219", "type": "PAUSE_MENU_STATE", "ticks": "application/menustates/pause", "from": "PAUSE_MENU_STATE.SETTINGS", "to": "PAUSE_MENU_STATE.ROOT"}
{"timestamp": "2026-01-31T04:45:31.962237", "type": "PAUSE_MENU_STATE", "ticks": "application/menustates/pause", "from": "PAUSE_MENU_STATE.ROOT", "to": "PAUSE_MENU_STATE.SETTINGS"}
{"timestamp": "2026-01-31T04:45:32.507542", "type": "PAUSE_MENU_STATE", "ticks": "application/menustates/pause", "from": "PAUSE_MENU_STATE.SETTINGS", "to": "PAUSE_MENU_STATE.AUDIO"}
{"timestamp": "2026-01-31T04:45:35.388991", "type": "PAUSE_MENU_STATE", "ticks": "application/menustates/pause", "from": "PAUSE_MENU_STATE.AUDIO", "to": "PAUSE_MENU_STATE.ROOT"}
{"timestamp": "2026-01-31T04:45:52.494179", "type": "PAUSE_MENU_STATE", "ticks": "application/menustates/pause", "from": "PAUSE_MENU_STATE.ROOT", "to": "PAUSE_MENU_STATE.SETTINGS"}
{"timestamp": "2026-01-31T04:45:54.601580", "type": "PAUSE_MENU_STATE", "ticks": "application/menustates/pause", "from": "PAUSE_MENU_STATE.SETTINGS", "to": "PAUSE_MENU_STATE.AUDIO"}
{"timestamp": "2026-01-31T04:45:56.102420", "type": "PAUSE_MENU_STATE", "ticks": "application/menustates/pause", "from": "PAUSE_MENU_STATE.AUDIO", "to": "PAUSE_MENU_STATE.SETTINGS"}
{"timestamp": "2026-01-31T04:45:57.160483", "type": "PAUSE_MENU_STATE", "ticks": "application/menustates/pause", "from": "PAUSE_MENU_STATE.SETTINGS", "to": "PAUSE_MENU_STATE.ROOT"}
{"timestamp": "2026-01-31T04:50:14.302386", "type": "PAUSE_MENU_STATE", "ticks": "application/menustates/pause", "from": "PAUSE_MENU_STATE.ROOT", "to": "PAUSE_MENU_STATE.SETTINGS"}
{"timestamp": "2026-01-31T04:50:15.009663", "type": "PAUSE_MENU_STATE", "ticks": "application/menustates/pause", "from": "PAUSE_MENU_STATE.SETTINGS", "to": "PAUSE_MENU_STATE.ROOT"}
