{"timestamp": "2026-01-05T05:24:34.330480", "type": "MENUSTATE", "from": "MENUSTATE.ROOT", "to": "MENUSTATE.LEADERBOARDOPTIN"}
{"timestamp": "2026-01-05T05:25:58.213588", "type": "MENUSTATE", "from": "MENUSTATE.ROOT", "to": "MENUSTATE.LEADERBOARDOPTIN"}
{"timestamp": "2026-01-05T05:26:24.491279", "type": "MENUSTATE", "from": "MENUSTATE.ROOT", "to": "MENUSTATE.LEADERBOARDOPTIN"}
{"timestamp": "2026-01-05T05:26:41.491302", "type": "MENUSTATE", "from": "MENUSTATE.ROOT", "to": "MENUSTATE.LEADERBOARDOPTIN"}
{"timestamp": "2026-01-05T05:26:56.485130", "type": "MENUSTATE", "from": "MENUSTATE.ROOT", "to": "MENUSTATE.LEADERBOARDOPTIN"}
{"timestamp": "2026-01-05T05:27:03.810213", "type": "MENUSTATE", "from": "MENUSTATE.LEADERBOARDOPTIN", "to": "MENUSTATE.ROOT"}
{"timestamp": "2026-01-05T05:36:56.537248", "type": "MENUSTATE", "from": "MENUSTATE.ROOT", "to": "MENUSTATE.LEADERBOARDOPTIN"}
{"timestamp": "2026-01-05T05:36:58.720282", "type": "MENUSTATE", "from": "MENUSTATE.LEADERBOARDOPTIN", "to": "MENUSTATE.CREATEUSERNAME"}
{"timestamp": "2026-01-05T05:40:07.514615", "type": "MENUSTATE", "from": "MENUSTATE.ROOT", "to": "MENUSTATE.LEADERBOARDOPTIN"}
{"timestamp": "2026-01-05T05:40:10.545354", "type": "MENUSTATE", "from": "MENUSTATE.LEADERBOARDOPTIN", "to": "MENUSTATE.CREATEUSERNAME"}
{"timestamp": "2026-01-05T05:41:27.921103", "type": "MENUSTATE", "from": "MENUSTATE.ROOT", "to": "MENUSTATE.LEADERBOARDOPTIN"}
{"timestamp": "2026-01-05T05:41:30.084995", "type": "MENUSTATE", "from": "MENUSTATE.LEADERBOARDOPTIN", "to": "MENUSTATE.CREATEUSERNAME"}
{"timestamp": "2026-01-05T05:42:46.918513", "type": "MENUSTATE", "from": "MENUSTATE.ROOT", "to": "MENUSTATE.LEADERBOARDOPTIN"}
{"timestamp": "2026-01-05T05:42:48.370271", "type": "MENUSTATE", "from": "MENUSTATE.LEADERBOARDOPTIN", "to": "MENUSTATE.CREATEUSERNAME"}
{"timestamp": "2026-01-05T05:42:49.399945", "type": "MENUSTATE", "from": "MENUSTATE.CREATEUSERNAME", "to": "MENUSTATE.ROOT"}
{"timestamp": "2026-01-05T05:43:45.168416", "type": "MENUSTATE", "from": "MENUSTATE.ROOT", "to": "MENUSTATE.LEADERBOARDOPTIN"}
{"timestamp": "2026-01-05T05:43:48.652647", "type": "MENUSTATE", "from": "MENUSTATE.LEADERBOARDOPTIN", "to": "MENUSTATE.CREATEUSERNAME"}
{"timestamp": "2026-01-05T05:44:08.788556", "type": "MENUSTATE", "from": "MENUSTATE.ROOT", "to": "MENUSTATE.LEADERBOARDOPTIN"}
{"timestamp": "2026-01-05T05:44:09.877653", "type": "MENUSTATE", "from": "MENUSTATE.LEADERBOARDOPTIN", "to": "MENUSTATE.CREATEUSERNAME"}
{"timestamp": "2026-01-05T05:44:10.584677", "type": "MENUSTATE", "from": "MENUSTATE.CREATEUSERNAME", "to": "MENUSTATE.ROOT"}
{"timestamp": "2026-01-05T05:47:11.757585", "type": "MENUSTATE", "from": "MENUSTATE.ROOT", "to": "MENUSTATE.LEADERBOARDOPTIN"}
{"timestamp": "2026-01-05T05:47:13.793355", "type": "MENUSTATE", "from": "MENUSTATE.LEADERBOARDOPTIN", "to": "MENUSTATE.ROOT"}
{"timestamp": "2026-01-05T05:47:40.353816", "type": "MENUSTATE", "from": "MENUSTATE.ROOT", "to": "MENUSTATE.LEADERBOARDOPTIN"}
{"timestamp": "2026-01-05T05:47:42.216767", "type": "MENUSTATE", "from": "MENUSTATE.LEADERBOARDOPTIN", "to": "MENUSTATE.CREATEUSERNAME"}
{"timestamp": "2026-01-05T05:53:40.457676", "type": "MENUSTATE", "from": "MENUSTATE.ROOT", "to": "MENUSTATE.CREDITS"}
{"timestamp": "2026-01-05T05:53:41.630499", "type": "MENUSTATE", "from": "MENUSTATE.CREDITS", "to": "MENUSTATE.ROOT"}
{"timestamp": "2026-01-05T05:54:24.736294", "type": "MENUSTATE", "from": "MENUSTATE.ROOT", "to": "MENUSTATE.LEADERBOARDVIEWER"}
{"timestamp": "2026-01-05T05:54:25.781859", "type": "MENUSTATE", "from": "MENUSTATE.LEADERBOARDVIEWER", "to": "MENUSTATE.ROOT"}
{"timestamp": "2026-01-05T05:54:26.474632", "type": "MENUSTATE", "from": "MENUSTATE.ROOT", "to": "MENUSTATE.LEADERBOARDVIEWER"}
{"timestamp": "2026-01-05T05:54:27.524797", "type": "MENUSTATE", "from": "MENUSTATE.LEADERBOARDVIEWER", "to": "MENUSTATE.ROOT"}
{"timestamp": "2026-01-05T06:12:32.638611", "type": "MENUSTATE", "from": "MENUSTATE.ROOT", "to": "MENUSTATE.LEADERBOARDVIEWER"}
{"timestamp": "2026-01-05T06:12:34.840965", "type": "MENUSTATE", "from": "MENUSTATE.LEADERBOARDVIEWER", "to": "MENUSTATE.ROOT"}
{"timestamp": "2026-01-05T06:12:48.672862", "type": "MENUSTATE", "from": "MENUSTATE.ROOT", "to": "MENUSTATE.CREDITS"}
{"timestamp": "2026-01-05T06:12:49.458077", "type": "MENUSTATE", "from": "MENUSTATE.CREDITS", "to": "MENUSTATE.ROOT"}
{"timestamp": "2026-01-05T06:19:47.075717", "type": "MENUSTATE", "from": "MENUSTATE.ROOT", "to": "MENUSTATE.LEADERBOARDOPTIN"}
{"timestamp": "2026-01-05T06:19:50.142949", "type": "MENUSTATE", "from": "MENUSTATE.LEADERBOARDOPTIN", "to": "MENUSTATE.CREATEUSERNAME"}
{"timestamp": "2026-01-05T06:19:51.247570", "type": "MENUSTATE", "from": "MENUSTATE.CREATEUSERNAME", "to": "MENUSTATE.ROOT"}
{"timestamp": "2026-01-05T06:24:12.714804", "type": "MENUSTATE", "from": "MENUSTATE.ROOT", "to": "MENUSTATE.SETTINGS"}
{"timestamp": "2026-01-05T06:24:13.279624", "type": "MENUSTATE", "from": "MENUSTATE.SETTINGS", "to": "MENUSTATE.AUDIO"}
{"timestamp": "2026-01-05T06:24:54.851324", "type": "MENUSTATE", "from": "MENUSTATE.ROOT", "to": "MENUSTATE.SETTINGS"}
{"timestamp": "2026-01-05T06:24:55.271697", "type": "MENUSTATE", "from": "MENUSTATE.SETTINGS", "to": "MENUSTATE.AUDIO"}
{"timestamp": "2026-01-05T06:24:59.390566", "type": "MENUSTATE", "from": "MENUSTATE.AUDIO", "to": "MENUSTATE.SETTINGS"}
{"timestamp": "2026-01-05T06:25:00.595548", "type": "MENUSTATE", "from": "MENUSTATE.SETTINGS", "to": "MENUSTATE.AUDIO"}
{"timestamp": "2026-01-05T06:25:06.243417", "type": "MENUSTATE", "from": "MENUSTATE.AUDIO", "to": "MENUSTATE.SETTINGS"}
{"timestamp": "2026-01-05T06:25:07.687763", "type": "MENUSTATE", "from": "MENUSTATE.SETTINGS", "to": "MENUSTATE.AUDIO"}
{"timestamp": "2026-01-05T06:25:11.676741", "type": "MENUSTATE", "from": "MENUSTATE.AUDIO", "to": "MENUSTATE.SETTINGS"}
{"timestamp": "2026-01-05T06:25:12.221787", "type": "MENUSTATE", "from": "MENUSTATE.SETTINGS", "to": "MENUSTATE.ROOT"}
{"timestamp": "2026-01-05T06:28:31.983266", "type": "MENUSTATE", "from": "MENUSTATE.ROOT", "to": "MENUSTATE.SETTINGS"}
{"timestamp": "2026-01-05T06:28:32.496603", "type": "MENUSTATE", "from": "MENUSTATE.SETTINGS", "to": "MENUSTATE.AUDIO"}
{"timestamp": "2026-01-05T06:30:23.791688", "type": "MENUSTATE", "from": "MENUSTATE.ROOT", "to": "MENUSTATE.SETTINGS"}
{"timestamp": "2026-01-05T06:30:24.274585", "type": "MENUSTATE", "from": "MENUSTATE.SETTINGS", "to": "MENUSTATE.AUDIO"}
{"timestamp": "2026-01-05T06:31:25.596408", "type": "MENUSTATE", "from": "MENUSTATE.ROOT", "to": "MENUSTATE.SETTINGS"}
{"timestamp": "2026-01-05T06:31:26.044847", "type": "MENUSTATE", "from": "MENUSTATE.SETTINGS", "to": "MENUSTATE.AUDIO"}
{"timestamp": "2026-01-05T06:31:41.178245", "type": "MENUSTATE", "from": "MENUSTATE.ROOT", "to": "MENUSTATE.SETTINGS"}
{"timestamp": "2026-01-05T06:31:41.964327", "type": "MENUSTATE", "from": "MENUSTATE.SETTINGS", "to": "MENUSTATE.AUDIO"}
{"timestamp": "2026-01-05T06:32:04.360958", "type": "MENUSTATE", "from": "MENUSTATE.ROOT", "to": "MENUSTATE.SETTINGS"}
{"timestamp": "2026-01-05T06:32:05.469367", "type": "MENUSTATE", "from": "MENUSTATE.SETTINGS", "to": "MENUSTATE.AUDIO"}
{"timestamp": "2026-01-05T06:38:07.316683", "type": "MENUSTATE", "from": "MENUSTATE.ROOT", "to": "MENUSTATE.SETTINGS"}
{"timestamp": "2026-01-05T06:38:07.893382", "type": "MENUSTATE", "from": "MENUSTATE.SETTINGS", "to": "MENUSTATE.AUDIO"}
{"timestamp": "2026-01-05T06:38:46.807673", "type": "MENUSTATE", "from": "MENUSTATE.ROOT", "to": "MENUSTATE.SETTINGS"}
{"timestamp": "2026-01-05T06:38:47.482395", "type": "MENUSTATE", "from": "MENUSTATE.SETTINGS", "to": "MENUSTATE.AUDIO"}
{"timestamp": "2026-01-05T06:38:53.450396", "type": "MENUSTATE", "from": "MENUSTATE.AUDIO", "to": "MENUSTATE.SETTINGS"}
{"timestamp": "2026-01-05T06:38:54.362471", "type": "MENUSTATE", "from": "MENUSTATE.SETTINGS", "to": "MENUSTATE.ROOT"}
{"timestamp": "2026-01-05T06:38:56.067578", "type": "MENUSTATE", "from": "MENUSTATE.ROOT", "to": "MENUSTATE.SETTINGS"}
{"timestamp": "2026-01-05T06:38:56.679566", "type": "MENUSTATE", "from": "MENUSTATE.SETTINGS", "to": "MENUSTATE.AUDIO"}
{"timestamp": "2026-01-05T06:39:45.118706", "type": "MENUSTATE", "from": "MENUSTATE.ROOT", "to": "MENUSTATE.SETTINGS"}
{"timestamp": "2026-01-05T06:39:45.680415", "type": "MENUSTATE", "from": "MENUSTATE.SETTINGS", "to": "MENUSTATE.AUDIO"}
{"timestamp": "2026-01-05T06:41:29.171900", "type": "MENUSTATE", "from": "MENUSTATE.ROOT", "to": "MENUSTATE.SETTINGS"}
{"timestamp": "2026-01-05T06:41:29.861240", "type": "MENUSTATE", "from": "MENUSTATE.SETTINGS", "to": "MENUSTATE.AUDIO"}
{"timestamp": "2026-01-05T06:41:56.395635", "type": "MENUSTATE", "from": "MENUSTATE.ROOT", "to": "MENUSTATE.SETTINGS"}
{"timestamp": "2026-01-05T06:41:57.338639", "type": "MENUSTATE", "from": "MENUSTATE.SETTINGS", "to": "MENUSTATE.AUDIO"}
{"timestamp": "2026-01-05T06:42:11.140319", "type": "MENUSTATE", "from": "MENUSTATE.AUDIO", "to": "MENUSTATE.SETTINGS"}
{"timestamp": "2026-01-05T06:42:11.766894", "type": "MENUSTATE", "from": "MENUSTATE.SETTINGS", "to": "MENUSTATE.ROOT"}
{"timestamp": "2026-01-05T06:42:30.233172", "type": "MENUSTATE", "from": "MENUSTATE.ROOT", "to": "MENUSTATE.SETTINGS"}
{"timestamp": "2026-01-05T06:42:30.743424", "type": "MENUSTATE", "from": "MENUSTATE.SETTINGS", "to": "MENUSTATE.AUDIO"}
{"timestamp": "2026-01-05T06:47:40.597922", "type": "MENUSTATE", "from": "MENUSTATE.ROOT", "to": "MENUSTATE.SETTINGS"}
{"timestamp": "2026-01-05T06:47:41.549669", "type": "MENUSTATE", "from": "MENUSTATE.SETTINGS", "to": "MENUSTATE.AUDIO"}
{"timestamp": "2026-01-05T06:47:43.860039", "type": "MENUSTATE", "from": "MENUSTATE.AUDIO", "to": "MENUSTATE.SETTINGS"}
{"timestamp": "2026-01-05T06:47:44.583611", "type": "MENUSTATE", "from": "MENUSTATE.SETTINGS", "to": "MENUSTATE.ROOT"}
{"timestamp": "2026-01-05T06:56:35.047030", "type": "MENUSTATE", "from": "MENUSTATE.ROOT", "to": "MENUSTATE.SETTINGS"}
{"timestamp": "2026-01-05T06:56:35.629877", "type": "MENUSTATE", "from": "MENUSTATE.SETTINGS", "to": "MENUSTATE.AUDIO"}
{"timestamp": "2026-01-05T06:56:40.242468", "type": "MENUSTATE", "from": "MENUSTATE.AUDIO", "to": "MENUSTATE.SETTINGS"}
{"timestamp": "2026-01-05T06:56:41.177075", "type": "MENUSTATE", "from": "MENUSTATE.SETTINGS", "to": "MENUSTATE.ROOT"}
{"timestamp": "2026-01-05T07:28:32.333518", "type": "MENUSTATE", "from": "MENUSTATE.ROOT", "to": "MENUSTATE.LEADERBOARDOPTIN"}
{"timestamp": "2026-01-05T07:28:55.721429", "type": "MENUSTATE", "from": "MENUSTATE.LEADERBOARDOPTIN", "to": "MENUSTATE.ROOT"}
{"timestamp": "2026-01-05T07:28:59.334893", "type": "MENUSTATE", "from": "MENUSTATE.ROOT", "to": "MENUSTATE.LEADERBOARDVIEWER"}
{"timestamp": "2026-01-05T07:29:00.522950", "type": "MENUSTATE", "from": "MENUSTATE.LEADERBOARDVIEWER", "to": "MENUSTATE.ROOT"}
{"timestamp": "2026-01-05T07:29:41.608443", "type": "MENUSTATE", "from": "MENUSTATE.ROOT", "to": "MENUSTATE.LEADERBOARDOPTIN"}
{"timestamp": "2026-01-05T07:30:54.470126", "type": "MENUSTATE", "from": "MENUSTATE.ROOT", "to": "MENUSTATE.LEADERBOARDOPTIN"}
{"timestamp": "2026-01-05T07:30:57.156526", "type": "MENUSTATE", "from": "MENUSTATE.LEADERBOARDOPTIN", "to": "MENUSTATE.ROOT"}
{"timestamp": "2026-01-05T07:30:58.687152", "type": "MENUSTATE", "from": "MENUSTATE.ROOT", "to": "MENUSTATE.LEADERBOARDVIEWER"}
{"timestamp": "2026-01-05T07:30:59.698490", "type": "MENUSTATE", "from": "MENUSTATE.LEADERBOARDVIEWER", "to": "MENUSTATE.ROOT"}
{"timestamp": "2026-01-05T07:31:20.739510", "type": "MENUSTATE", "from": "MENUSTATE.ROOT", "to": "MENUSTATE.LEADERBOARDOPTIN"}
{"timestamp": "2026-01-05T07:32:20.284930", "type": "MENUSTATE", "from": "MENUSTATE.ROOT", "to": "MENUSTATE.LEADERBOARDOPTIN"}
{"timestamp": "2026-01-05T07:32:28.424374", "type": "MENUSTATE", "from": "MENUSTATE.LEADERBOARDOPTIN", "to": "MENUSTATE.CREATEUSERNAME"}
{"timestamp": "2026-01-05T07:32:31.842394", "type": "MENUSTATE", "from": "MENUSTATE.CREATEUSERNAME", "to": "MENUSTATE.ROOT"}
{"timestamp": "2026-01-05T07:32:54.951148", "type": "MENUSTATE", "from": "MENUSTATE.ROOT", "to": "MENUSTATE.SETTINGS"}
{"timestamp": "2026-01-05T07:32:55.561371", "type": "MENUSTATE", "from": "MENUSTATE.SETTINGS", "to": "MENUSTATE.AUDIO"}
{"timestamp": "2026-01-05T07:35:27.122427", "type": "MENUSTATE", "from": "MENUSTATE.AUDIO", "to": "MENUSTATE.SETTINGS"}
{"timestamp": "2026-01-05T07:35:28.170901", "type": "MENUSTATE", "from": "MENUSTATE.SETTINGS", "to": "MENUSTATE.ROOT"}
{"timestamp": "2026-01-05T07:37:15.959272", "type": "MENUSTATE", "from": "MENUSTATE.ROOT", "to": "MENUSTATE.SETTINGS"}
{"timestamp": "2026-01-05T07:37:16.744334", "type": "MENUSTATE", "from": "MENUSTATE.SETTINGS", "to": "MENUSTATE.ROOT"}
{"timestamp": "2026-01-05T07:39:47.220066", "type": "MENUSTATE", "from": "MENUSTATE.ROOT", "to": "MENUSTATE.SETTINGS"}
{"timestamp": "2026-01-05T07:39:48.374071", "type": "MENUSTATE", "from": "MENUSTATE.SETTINGS", "to": "MENUSTATE.AUDIO"}
{"timestamp": "2026-01-05T07:39:49.320992", "type": "MENUSTATE", "from": "MENUSTATE.AUDIO", "to": "MENUSTATE.SETTINGS"}
{"timestamp": "2026-01-05T07:39:50.428878", "type": "MENUSTATE", "from": "MENUSTATE.SETTINGS", "to": "MENUSTATE.ROOT"}
{"timestamp": "2026-01-05T07:40:36.827959", "type": "MENUSTATE", "from": "MENUSTATE.ROOT", "to": "MENUSTATE.SETTINGS"}
{"timestamp": "2026-01-05T07:40:37.646995", "type": "MENUSTATE", "from": "MENUSTATE.SETTINGS", "to": "MENUSTATE.AUDIO"}
{"timestamp": "2026-01-05T07:40:46.262390", "type": "MENUSTATE", "from": "MENUSTATE.AUDIO", "to": "MENUSTATE.SETTINGS"}
{"timestamp": "2026-01-05T07:40:47.064981", "type": "MENUSTATE", "from": "MENUSTATE.SETTINGS", "to": "MENUSTATE.ROOT"}
{"timestamp": "2026-01-05T08:16:27.291928", "type": "MENUSTATE", "from": "MENUSTATE.ROOT", "to": "MENUSTATE.LEADERBOARDOPTIN"}
{"timestamp": "2026-01-05T08:16:29.484643", "type": "MENUSTATE", "from": "MENUSTATE.LEADERBOARDOPTIN", "to": "MENUSTATE.CREATEUSERNAME"}
{"timestamp": "2026-01-05T08:18:48.544658", "type": "MENUSTATE", "from": "MENUSTATE.ROOT", "to": "MENUSTATE.LEADERBOARDOPTIN"}
{"timestamp": "2026-01-05T08:18:49.624428", "type": "MENUSTATE", "from": "MENUSTATE.LEADERBOARDOPTIN", "to": "MENUSTATE.CREATEUSERNAME"}
{"timestamp": "2026-01-05T08:19:20.671508", "type": "MENUSTATE", "from": "MENUSTATE.ROOT", "to": "MENUSTATE.LEADERBOARDOPTIN"}
{"timestamp": "2026-01-05T08:19:22.100713", "type": "MENUSTATE", "from": "MENUSTATE.LEADERBOARDOPTIN", "to": "MENUSTATE.CREATEUSERNAME"}
{"timestamp": "2026-01-05T08:19:38.310079", "type": "MENUSTATE", "from": "MENUSTATE.ROOT", "to": "MENUSTATE.LEADERBOARDOPTIN"}
{"timestamp": "2026-01-05T08:19:41.207416", "type": "MENUSTATE", "from": "MENUSTATE.LEADERBOARDOPTIN", "to": "MENUSTATE.CREATEUSERNAME"}
{"timestamp": "2026-01-05T08:22:47.421694", "type": "MENUSTATE", "from": "MENUSTATE.ROOT", "to": "MENUSTATE.LEADERBOARDOPTIN"}
{"timestamp": "2026-01-05T08:22:48.663469", "type": "MENUSTATE", "from": "MENUSTATE.LEADERBOARDOPTIN", "to": "MENUSTATE.CREATEUSERNAME"}
{"timestamp": "2026-01-05T08:22:49.882911", "type": "MENUSTATE", "from": "MENUSTATE.CREATEUSERNAME", "to": "MENUSTATE.ROOT"}
{"timestamp": "2026-01-05T08:23:16.661001", "type": "MENUSTATE", "from": "MENUSTATE.ROOT", "to": "MENUSTATE.LEADERBOARDOPTIN"}
{"timestamp": "2026-01-05T08:23:17.602204", "type": "MENUSTATE", "from": "MENUSTATE.LEADERBOARDOPTIN", "to": "MENUSTATE.CREATEUSERNAME"}
{"timestamp": "2026-01-05T08:24:21.887387", "type": "MENUSTATE", "from": "MENUSTATE.ROOT", "to": "MENUSTATE.LEADERBOARDOPTIN"}
{"timestamp": "2026-01-05T08:24:22.903206", "type": "MENUSTATE", "from": "MENUSTATE.LEADERBOARDOPTIN", "to": "MENUSTATE.CREATEUSERNAME"}
{"timestamp": "2026-01-05T08:24:57.120169", "type": "MENUSTATE", "from": "MENUSTATE.ROOT", "to": "MENUSTATE.LEADERBOARDOPTIN"}
{"timestamp": "2026-01-05T08:24:59.050319", "type": "MENUSTATE", "from": "MENUSTATE.LEADERBOARDOPTIN", "to": "MENUSTATE.CREATEUSERNAME"}
{"timestamp": "2026-01-05T08:26:01.022669", "type": "MENUSTATE", "from": "MENUSTATE.ROOT", "to": "MENUSTATE.LEADERBOARDOPTIN"}
{"timestamp": "2026-01-05T08:26:03.431162", "type": "MENUSTATE", "from": "MENUSTATE.LEADERBOARDOPTIN", "to": "MENUSTATE.CREATEUSERNAME"}
{"timestamp": "2026-01-05T08:26:18.848769", "type": "MENUSTATE", "from": "MENUSTATE.ROOT", "to": "MENUSTATE.LEADERBOARDOPTIN"}
{"timestamp": "2026-01-05T08:26:20.218691", "type": "MENUSTATE", "from": "MENUSTATE.LEADERBOARDOPTIN", "to": "MENUSTATE.CREATEUSERNAME"}
{"timestamp": "2026-01-05T08:28:19.553674", "type": "MENUSTATE", "from": "MENUSTATE.ROOT", "to": "MENUSTATE.LEADERBOARDOPTIN"}
{"timestamp": "2026-01-05T08:28:21.791492", "type": "MENUSTATE", "from": "MENUSTATE.LEADERBOARDOPTIN", "to": "MENUSTATE.CREATEUSERNAME"}
{"timestamp": "2026-01-05T08:28:47.269660", "type": "MENUSTATE", "from": "MENUSTATE.ROOT", "to": "MENUSTATE.LEADERBOARDOPTIN"}
{"timestamp": "2026-01-05T08:28:49.282438", "type": "MENUSTATE", "from": "MENUSTATE.LEADERBOARDOPTIN", "to": "MENUSTATE.CREATEUSERNAME"}
{"timestamp": "2026-01-05T08:29:33.906477", "type": "MENUSTATE", "from": "MENUSTATE.ROOT", "to": "MENUSTATE.LEADERBOARDOPTIN"}
{"timestamp": "2026-01-05T08:29:35.659276", "type": "MENUSTATE", "from": "MENUSTATE.LEADERBOARDOPTIN", "to": "MENUSTATE.CREATEUSERNAME"}
{"timestamp": "2026-01-05T08:32:13.180173", "type": "MENUSTATE", "from": "MENUSTATE.ROOT", "to": "MENUSTATE.LEADERBOARDOPTIN"}
{"timestamp": "2026-01-05T08:32:14.836503", "type": "MENUSTATE", "from": "MENUSTATE.LEADERBOARDOPTIN", "to": "MENUSTATE.CREATEUSERNAME"}
{"timestamp": "2026-01-05T08:33:37.904014", "type": "MENUSTATE", "from": "MENUSTATE.ROOT", "to": "MENUSTATE.LEADERBOARDOPTIN"}
{"timestamp": "2026-01-05T08:33:39.689133", "type": "MENUSTATE", "from": "MENUSTATE.LEADERBOARDOPTIN", "to": "MENUSTATE.CREATEUSERNAME"}
{"timestamp": "2026-01-05T08:36:33.246845", "type": "MENUSTATE", "from": "MENUSTATE.ROOT", "to": "MENUSTATE.LEADERBOARDOPTIN"}
{"timestamp": "2026-01-05T08:36:35.079176", "type": "MENUSTATE", "from": "MENUSTATE.LEADERBOARDOPTIN", "to": "MENUSTATE.CREATEUSERNAME"}
{"timestamp": "2026-01-05T08:37:35.449686", "type": "MENUSTATE", "from": "MENUSTATE.ROOT", "to": "MENUSTATE.LEADERBOARDOPTIN"}
{"timestamp": "2026-01-05T08:37:36.692955", "type": "MENUSTATE", "from": "MENUSTATE.LEADERBOARDOPTIN", "to": "MENUSTATE.CREATEUSERNAME"}
{"timestamp": "2026-01-05T08:38:37.780674", "type": "MENUSTATE", "from": "MENUSTATE.ROOT", "to": "MENUSTATE.LEADERBOARDOPTIN"}
{"timestamp": "2026-01-05T08:38:38.700363", "type": "MENUSTATE", "from": "MENUSTATE.LEADERBOARDOPTIN", "to": "MENUSTATE.CREATEUSERNAME"}
{"timestamp": "2026-01-05T08:40:01.548673", "type": "MENUSTATE", "from": "MENUSTATE.ROOT", "to": "MENUSTATE.LEADERBOARDOPTIN"}
{"timestamp": "2026-01-05T08:40:02.915191", "type": "MENUSTATE", "from": "MENUSTATE.LEADERBOARDOPTIN", "to": "MENUSTATE.CREATEUSERNAME"}
{"timestamp": "2026-01-05T08:40:47.476391", "type": "MENUSTATE", "from": "MENUSTATE.ROOT", "to": "MENUSTATE.LEADERBOARDOPTIN"}
{"timestamp": "2026-01-05T08:40:48.492856", "type": "MENUSTATE", "from": "MENUSTATE.LEADERBOARDOPTIN", "to": "MENUSTATE.CREATEUSERNAME"}
{"timestamp": "2026-01-05T08:43:08.699903", "type": "MENUSTATE", "from": "MENUSTATE.ROOT", "to": "MENUSTATE.LEADERBOARDOPTIN"}
{"timestamp": "2026-01-05T08:43:09.715290", "type": "MENUSTATE", "from": "MENUSTATE.LEADERBOARDOPTIN", "to": "MENUSTATE.CREATEUSERNAME"}
{"timestamp": "2026-01-05T08:53:52.082171", "type": "MENUSTATE", "from": "MENUSTATE.ROOT", "to": "MENUSTATE.LEADERBOARDOPTIN"}
{"timestamp": "2026-01-05T08:53:53.334766", "type": "MENUSTATE", "from": "MENUSTATE.LEADERBOARDOPTIN", "to": "MENUSTATE.CREATEUSERNAME"}
{"timestamp": "2026-01-05T08:55:16.330380", "type": "MENUSTATE", "from": "MENUSTATE.ROOT", "to": "MENUSTATE.LEADERBOARDOPTIN"}
{"timestamp": "2026-01-05T08:55:17.491724", "type": "MENUSTATE", "from": "MENUSTATE.LEADERBOARDOPTIN", "to": "MENUSTATE.CREATEUSERNAME"}
{"timestamp": "2026-01-05T08:56:06.234061", "type": "MENUSTATE", "from": "MENUSTATE.ROOT", "to": "MENUSTATE.LEADERBOARDOPTIN"}
{"timestamp": "2026-01-05T08:56:07.154095", "type": "MENUSTATE", "from": "MENUSTATE.LEADERBOARDOPTIN", "to": "MENUSTATE.CREATEUSERNAME"}
{"timestamp": "2026-01-05T08:57:04.777857", "type": "MENUSTATE", "from": "MENUSTATE.ROOT", "to": "MENUSTATE.LEADERBOARDOPTIN"}
{"timestamp": "2026-01-05T08:57:05.793431", "type": "MENUSTATE", "from": "MENUSTATE.LEADERBOARDOPTIN", "to": "MENUSTATE.CREATEUSERNAME"}
{"timestamp": "2026-01-05T08:57:25.524418", "type": "MENUSTATE", "from": "MENUSTATE.ROOT", "to": "MENUSTATE.LEADERBOARDOPTIN"}
{"timestamp": "2026-01-05T08:57:26.381029", "type": "MENUSTATE", "from": "MENUSTATE.LEADERBOARDOPTIN", "to": "MENUSTATE.CREATEUSERNAME"}
{"timestamp": "2026-01-05T08:58:07.861990", "type": "MENUSTATE", "from": "MENUSTATE.ROOT", "to": "MENUSTATE.LEADERBOARDOPTIN"}
{"timestamp": "2026-01-05T08:58:09.104622", "type": "MENUSTATE", "from": "MENUSTATE.LEADERBOARDOPTIN", "to": "MENUSTATE.CREATEUSERNAME"}
{"timestamp": "2026-01-05T08:59:05.224559", "type": "MENUSTATE", "from": "MENUSTATE.ROOT", "to": "MENUSTATE.LEADERBOARDOPTIN"}
{"timestamp": "2026-01-05T08:59:06.945769", "type": "MENUSTATE", "from": "MENUSTATE.LEADERBOARDOPTIN", "to": "MENUSTATE.CREATEUSERNAME"}
{"timestamp": "2026-01-05T09:00:45.593174", "type": "MENUSTATE", "from": "MENUSTATE.ROOT", "to": "MENUSTATE.LEADERBOARDOPTIN"}
{"timestamp": "2026-01-05T09:00:47.924308", "type": "MENUSTATE", "from": "MENUSTATE.LEADERBOARDOPTIN", "to": "MENUSTATE.CREATEUSERNAME"}
{"timestamp": "2026-01-05T09:03:15.157416", "type": "MENUSTATE", "from": "MENUSTATE.ROOT", "to": "MENUSTATE.LEADERBOARDOPTIN"}
{"timestamp": "2026-01-05T09:03:16.651425", "type": "MENUSTATE", "from": "MENUSTATE.LEADERBOARDOPTIN", "to": "MENUSTATE.CREATEUSERNAME"}
{"timestamp": "2026-01-05T09:03:49.348929", "type": "MENUSTATE", "from": "MENUSTATE.ROOT", "to": "MENUSTATE.LEADERBOARDOPTIN"}
{"timestamp": "2026-01-05T09:03:50.457969", "type": "MENUSTATE", "from": "MENUSTATE.LEADERBOARDOPTIN", "to": "MENUSTATE.CREATEUSERNAME"}
{"timestamp": "2026-01-05T09:04:14.130668", "type": "MENUSTATE", "from": "MENUSTATE.ROOT", "to": "MENUSTATE.LEADERBOARDOPTIN"}
{"timestamp": "2026-01-05T09:04:15.194141", "type": "MENUSTATE", "from": "MENUSTATE.LEADERBOARDOPTIN", "to": "MENUSTATE.CREATEUSERNAME"}
{"timestamp": "2026-01-05T09:05:22.075322", "type": "MENUSTATE", "from": "MENUSTATE.ROOT", "to": "MENUSTATE.LEADERBOARDOPTIN"}
{"timestamp": "2026-01-05T09:05:23.090216", "type": "MENUSTATE", "from": "MENUSTATE.LEADERBOARDOPTIN", "to": "MENUSTATE.CREATEUSERNAME"}
{"timestamp": "2026-01-05T09:05:28.292931", "type": "MENUSTATE", "from": "MENUSTATE.CREATEUSERNAME", "to": "MENUSTATE.ROOT"}
{"timestamp": "2026-01-05T09:11:47.056321", "type": "MENUSTATE", "from": "MENUSTATE.ROOT", "to": "MENUSTATE.LEADERBOARDOPTIN"}
{"timestamp": "2026-01-05T09:11:48.452359", "type": "MENUSTATE", "from": "MENUSTATE.LEADERBOARDOPTIN", "to": "MENUSTATE.CREATEUSERNAME"}
{"timestamp": "2026-01-05T09:11:55.517619", "type": "MENUSTATE", "from": "MENUSTATE.CREATEUSERNAME", "to": "MENUSTATE.ROOT"}
{"timestamp": "2026-01-05T09:14:45.616977", "type": "MENUSTATE", "from": "MENUSTATE.ROOT", "to": "MENUSTATE.LEADERBOARDOPTIN"}
{"timestamp": "2026-01-05T09:14:48.029628", "type": "MENUSTATE", "from": "MENUSTATE.LEADERBOARDOPTIN", "to": "MENUSTATE.CREATEUSERNAME"}
{"timestamp": "2026-01-05T09:14:52.336424", "type": "MENUSTATE", "from": "MENUSTATE.CREATEUSERNAME", "to": "MENUSTATE.ROOT"}
{"timestamp": "2026-01-05T09:17:56.554439", "type": "MENUSTATE", "from": "MENUSTATE.ROOT", "to": "MENUSTATE.LEADERBOARDOPTIN"}
{"timestamp": "2026-01-05T09:17:59.173199", "type": "MENUSTATE", "from": "MENUSTATE.LEADERBOARDOPTIN", "to": "MENUSTATE.CREATEUSERNAME"}
{"timestamp": "2026-01-05T09:20:21.070472", "type": "MENUSTATE", "from": "MENUSTATE.ROOT", "to": "MENUSTATE.LEADERBOARDOPTIN"}
{"timestamp": "2026-01-05T09:20:22.183848", "type": "MENUSTATE", "from": "MENUSTATE.LEADERBOARDOPTIN", "to": "MENUSTATE.CREATEUSERNAME"}
{"timestamp": "2026-01-05T09:21:38.662547", "type": "MENUSTATE", "from": "MENUSTATE.ROOT", "to": "MENUSTATE.LEADERBOARDOPTIN"}
{"timestamp": "2026-01-05T09:21:39.969111", "type": "MENUSTATE", "from": "MENUSTATE.LEADERBOARDOPTIN", "to": "MENUSTATE.CREATEUSERNAME"}
{"timestamp": "2026-01-05T09:21:43.092626", "type": "MENUSTATE", "from": "MENUSTATE.CREATEUSERNAME", "to": "MENUSTATE.ROOT"}
{"timestamp": "2026-01-05T09:23:57.635633", "type": "MENUSTATE", "from": "MENUSTATE.ROOT", "to": "MENUSTATE.LEADERBOARDOPTIN"}
{"timestamp": "2026-01-05T09:23:59.275908", "type": "MENUSTATE", "from": "MENUSTATE.LEADERBOARDOPTIN", "to": "MENUSTATE.CREATEUSERNAME"}
{"timestamp": "2026-01-05T09:24:18.122931", "type": "MENUSTATE", "from": "MENUSTATE.ROOT", "to": "MENUSTATE.LEADERBOARDOPTIN"}
{"timestamp": "2026-01-05T09:24:19.152366", "type": "MENUSTATE", "from": "MENUSTATE.LEADERBOARDOPTIN", "to": "MENUSTATE.CREATEUSERNAME"}
{"timestamp": "2026-01-05T09:25:00.050528", "type": "MENUSTATE", "from": "MENUSTATE.CREATEUSERNAME", "to": "MENUSTATE.ROOT"}
{"timestamp": "2026-01-05T09:30:14.668862", "type": "MENUSTATE", "from": "MENUSTATE.ROOT", "to": "MENUSTATE.LEADERBOARDVIEWER"}
{"timestamp": "2026-01-05T09:30:15.630094", "type": "MENUSTATE", "from": "MENUSTATE.LEADERBOARDVIEWER", "to": "MENUSTATE.ROOT"}
{"timestamp": "2026-01-05T09:30:58.757527", "type": "MENUSTATE", "from": "MENUSTATE.ROOT", "to": "MENUSTATE.SETTINGS"}
{"timestamp": "2026-01-05T09:30:59.560664", "type": "MENUSTATE", "from": "MENUSTATE.SETTINGS", "to": "MENUSTATE.AUDIO"}
{"timestamp": "2026-01-05T09:31:18.801726", "type": "MENUSTATE", "from": "MENUSTATE.AUDIO", "to": "MENUSTATE.SETTINGS"}
{"timestamp": "2026-01-05T09:31:19.668138", "type": "MENUSTATE", "from": "MENUSTATE.SETTINGS", "to": "MENUSTATE.ROOT"}
{"timestamp": "2026-01-05T10:15:44.076135", "type": "MENUSTATE", "from": "MENUSTATE.ROOT", "to": "MENUSTATE.SETTINGS"}
{"timestamp": "2026-01-05T10:15:46.812889", "type": "MENUSTATE", "from": "MENUSTATE.SETTINGS", "to": "MENUSTATE.ROOT"}
{"timestamp": "2026-01-05T10:15:47.746808", "type": "MENUSTATE", "from": "MENUSTATE.ROOT", "to": "MENUSTATE.SETTINGS"}
{"timestamp": "2026-01-05T10:15:49.641197", "type": "MENUSTATE", "from": "MENUSTATE.SETTINGS", "to": "MENUSTATE.DEVELOPERSETTINGS"}
{"timestamp": "2026-01-05T10:15:50.959701", "type": "MENUSTATE", "from": "MENUSTATE.DEVELOPERSETTINGS", "to": "MENUSTATE.SETTINGS"}
{"timestamp": "2026-01-05T10:15:51.842216", "type": "MENUSTATE", "from": "MENUSTATE.SETTINGS", "to": "MENUSTATE.ROOT"}
{"timestamp": "2026-01-05T10:16:55.525933", "type": "MENUSTATE", "from": "MENUSTATE.ROOT", "to": "MENUSTATE.SETTINGS"}
{"timestamp": "2026-01-05T10:16:56.713092", "type": "MENUSTATE", "from": "MENUSTATE.SETTINGS", "to": "MENUSTATE.DEVELOPERSETTINGS"}
{"timestamp": "2026-01-05T10:16:57.904089", "type": "MENUSTATE", "from": "MENUSTATE.DEVELOPERSETTINGS", "to": "MENUSTATE.SETTINGS"}
{"timestamp": "2026-01-05T10:16:58.898571", "type": "MENUSTATE", "from": "MENUSTATE.SETTINGS", "to": "MENUSTATE.DEVELOPERSETTINGS"}
{"timestamp": "2026-01-05T10:16:59.475148", "type": "MENUSTATE", "from": "MENUSTATE.DEVELOPERSETTINGS", "to": "MENUSTATE.SETTINGS"}
{"timestamp": "2026-01-05T10:17:00.181499", "type": "MENUSTATE", "from": "MENUSTATE.SETTINGS", "to": "MENUSTATE.ROOT"}
{"timestamp": "2026-01-05T10:34:02.843406", "type": "MENUSTATE", "from": "MENUSTATE.ROOT", "to": "MENUSTATE.SETTINGS"}
{"timestamp": "2026-01-05T10:34:03.887683", "type": "MENUSTATE", "from": "MENUSTATE.SETTINGS", "to": "MENUSTATE.DEVELOPERSETTINGS"}
{"timestamp": "2026-01-05T10:34:05.860378", "type": "MENUSTATE", "from": "MENUSTATE.DEVELOPERSETTINGS", "to": "MENUSTATE.SETTINGS"}
{"timestamp": "2026-01-05T10:34:06.424898", "type": "MENUSTATE", "from": "MENUSTATE.SETTINGS", "to": "MENUSTATE.ROOT"}
{"timestamp": "2026-01-05T10:34:45.959710", "type": "MENUSTATE", "from": "MENUSTATE.ROOT", "to": "MENUSTATE.SETTINGS"}
{"timestamp": "2026-01-05T10:34:46.793774", "type": "MENUSTATE", "from": "MENUSTATE.SETTINGS", "to": "MENUSTATE.DEVELOPERSETTINGS"}
{"timestamp": "2026-01-05T10:35:20.488214", "type": "MENUSTATE", "from": "MENUSTATE.ROOT", "to": "MENUSTATE.SETTINGS"}
{"timestamp": "2026-01-05T10:35:21.160677", "type": "MENUSTATE", "from": "MENUSTATE.SETTINGS", "to": "MENUSTATE.DEVELOPERSETTINGS"}
{"timestamp": "2026-01-05T10:35:40.391689", "type": "MENUSTATE", "from": "MENUSTATE.ROOT", "to": "MENUSTATE.SETTINGS"}
{"timestamp": "2026-01-05T10:35:41.112545", "type": "MENUSTATE", "from": "MENUSTATE.SETTINGS", "to": "MENUSTATE.DEVELOPERSETTINGS"}
{"timestamp": "2026-01-05T10:35:56.359396", "type": "MENUSTATE", "from": "MENUSTATE.ROOT", "to": "MENUSTATE.SETTINGS"}
{"timestamp": "2026-01-05T10:35:58.284710", "type": "MENUSTATE", "from": "MENUSTATE.SETTINGS", "to": "MENUSTATE.ROOT"}
{"timestamp": "2026-01-05T10:36:00.757408", "type": "MENUSTATE", "from": "MENUSTATE.ROOT", "to": "MENUSTATE.SETTINGS"}
{"timestamp": "2026-01-05T10:36:01.335952", "type": "MENUSTATE", "from": "MENUSTATE.SETTINGS", "to": "MENUSTATE.DEVELOPERSETTINGS"}
{"timestamp": "2026-01-05T10:36:18.403556", "type": "MENUSTATE", "from": "MENUSTATE.ROOT", "to": "MENUSTATE.SETTINGS"}
{"timestamp": "2026-01-05T10:36:19.223848", "type": "MENUSTATE", "from": "MENUSTATE.SETTINGS", "to": "MENUSTATE.DEVELOPERSETTINGS"}
{"timestamp": "2026-01-05T10:36:29.342666", "type": "MENUSTATE", "from": "MENUSTATE.ROOT", "to": "MENUSTATE.SETTINGS"}
{"timestamp": "2026-01-05T10:36:30.113107", "type": "MENUSTATE", "from": "MENUSTATE.SETTINGS", "to": "MENUSTATE.DEVELOPERSETTINGS"}
{"timestamp": "2026-01-05T10:36:41.315239", "type": "MENUSTATE", "from": "MENUSTATE.ROOT", "to": "MENUSTATE.SETTINGS"}
{"timestamp": "2026-01-05T10:36:42.550784", "type": "MENUSTATE", "from": "MENUSTATE.SETTINGS", "to": "MENUSTATE.ROOT"}
{"timestamp": "2026-01-05T10:36:44.113598", "type": "MENUSTATE", "from": "MENUSTATE.ROOT", "to": "MENUSTATE.SETTINGS"}
{"timestamp": "2026-01-05T10:36:45.120878", "type": "MENUSTATE", "from": "MENUSTATE.SETTINGS", "to": "MENUSTATE.DEVELOPERSETTINGS"}
{"timestamp": "2026-01-05T10:36:47.765792", "type": "MENUSTATE", "from": "MENUSTATE.DEVELOPERSETTINGS", "to": "MENUSTATE.CREATEUSERNAME"}
{"timestamp": "2026-01-05T10:38:34.831748", "type": "MENUSTATE", "from": "MENUSTATE.ROOT", "to": "MENUSTATE.SETTINGS"}
{"timestamp": "2026-01-05T10:38:36.118661", "type": "MENUSTATE", "from": "MENUSTATE.SETTINGS", "to": "MENUSTATE.DEVELOPERSETTINGS"}
{"timestamp": "2026-01-05T10:38:38.814409", "type": "MENUSTATE", "from": "MENUSTATE.DEVELOPERSETTINGS", "to": "MENUSTATE.CREATEUSERNAME"}
{"timestamp": "2026-01-05T10:38:56.483829", "type": "MENUSTATE", "from": "MENUSTATE.CREATEUSERNAME", "to": "MENUSTATE.ROOT"}
{"timestamp": "2026-01-05T10:39:11.580897", "type": "MENUSTATE", "from": "MENUSTATE.ROOT", "to": "MENUSTATE.SETTINGS"}
{"timestamp": "2026-01-05T10:39:14.381021", "type": "MENUSTATE", "from": "MENUSTATE.SETTINGS", "to": "MENUSTATE.DEVELOPERSETTINGS"}
{"timestamp": "2026-01-05T10:39:16.935592", "type": "MENUSTATE", "from": "MENUSTATE.DEVELOPERSETTINGS", "to": "MENUSTATE.LEADERBOARDOPTIN"}
{"timestamp": "2026-01-05T10:39:18.878899", "type": "MENUSTATE", "from": "MENUSTATE.LEADERBOARDOPTIN", "to": "MENUSTATE.ROOT"}
{"timestamp": "2026-01-05T10:41:49.458704", "type": "MENUSTATE", "from": "MENUSTATE.ROOT", "to": "MENUSTATE.SETTINGS"}
{"timestamp": "2026-01-05T10:41:50.455866", "type": "MENUSTATE", "from": "MENUSTATE.SETTINGS", "to": "MENUSTATE.ROOT"}
{"timestamp": "2026-01-05T10:41:52.112128", "type": "MENUSTATE", "from": "MENUSTATE.ROOT", "to": "MENUSTATE.SETTINGS"}
{"timestamp": "2026-01-05T10:41:53.475018", "type": "MENUSTATE", "from": "MENUSTATE.SETTINGS", "to": "MENUSTATE.DEVELOPERSETTINGS"}
{"timestamp": "2026-01-05T10:41:54.101023", "type": "MENUSTATE", "from": "MENUSTATE.DEVELOPERSETTINGS", "to": "MENUSTATE.CREATEUSERNAME"}
{"timestamp": "2026-01-05T10:41:58.697492", "type": "MENUSTATE", "from": "MENUSTATE.CREATEUSERNAME", "to": "MENUSTATE.ROOT"}
{"timestamp": "2026-01-05T10:42:00.479543", "type": "MENUSTATE", "from": "MENUSTATE.ROOT", "to": "MENUSTATE.SETTINGS"}
{"timestamp": "2026-01-05T10:42:01.280040", "type": "MENUSTATE", "from": "MENUSTATE.SETTINGS", "to": "MENUSTATE.DEVELOPERSETTINGS"}
{"timestamp": "2026-01-05T10:42:02.002499", "type": "MENUSTATE", "from": "MENUSTATE.DEVELOPERSETTINGS", "to": "MENUSTATE.LEADERBOARDOPTIN"}
{"timestamp": "2026-01-05T10:42:03.624062", "type": "MENUSTATE", "from": "MENUSTATE.LEADERBOARDOPTIN", "to": "MENUSTATE.ROOT"}
{"timestamp": "2026-01-05T10:44:03.076581", "type": "MENUSTATE", "from": "MENUSTATE.ROOT", "to": "MENUSTATE.SETTINGS"}
{"timestamp": "2026-01-05T10:44:04.116961", "type": "MENUSTATE", "from": "MENUSTATE.SETTINGS", "to": "MENUSTATE.ROOT"}
{"timestamp": "2026-01-05T10:44:05.837416", "type": "MENUSTATE", "from": "MENUSTATE.ROOT", "to": "MENUSTATE.SETTINGS"}
{"timestamp": "2026-01-05T10:44:06.527770", "type": "MENUSTATE", "from": "MENUSTATE.SETTINGS", "to": "MENUSTATE.DEVELOPERSETTINGS"}
{"timestamp": "2026-01-05T10:44:07.863823", "type": "MENUSTATE", "from": "MENUSTATE.DEVELOPERSETTINGS", "to": "MENUSTATE.CREATEUSERNAME"}
{"timestamp": "2026-01-05T10:44:20.167820", "type": "MENUSTATE", "from": "MENUSTATE.ROOT", "to": "MENUSTATE.SETTINGS"}
{"timestamp": "2026-01-05T10:44:21.340179", "type": "MENUSTATE", "from": "MENUSTATE.SETTINGS", "to": "MENUSTATE.ROOT"}
{"timestamp": "2026-01-05T10:44:22.303962", "type": "MENUSTATE", "from": "MENUSTATE.ROOT", "to": "MENUSTATE.SETTINGS"}
{"timestamp": "2026-01-05T10:44:22.945755", "type": "MENUSTATE", "from": "MENUSTATE.SETTINGS", "to": "MENUSTATE.DEVELOPERSETTINGS"}
{"timestamp": "2026-01-05T10:44:23.927110", "type": "MENUSTATE", "from": "MENUSTATE.DEVELOPERSETTINGS", "to": "MENUSTATE.LEADERBOARDOPTIN"}
{"timestamp": "2026-01-05T10:44:24.809174", "type": "MENUSTATE", "from": "MENUSTATE.LEADERBOARDOPTIN", "to": "MENUSTATE.ROOT"}
{"timestamp": "2026-01-05T10:44:28.475891", "type": "MENUSTATE", "from": "MENUSTATE.ROOT", "to": "MENUSTATE.SETTINGS"}
{"timestamp": "2026-01-05T10:47:48.378491", "type": "MENUSTATE", "from": "MENUSTATE.ROOT", "to": "MENUSTATE.SETTINGS"}
{"timestamp": "2026-01-05T10:47:49.454005", "type": "MENUSTATE", "from": "MENUSTATE.SETTINGS", "to": "MENUSTATE.DEVELOPERSETTINGS"}
{"timestamp": "2026-01-05T10:47:50.081416", "type": "MENUSTATE", "from": "MENUSTATE.DEVELOPERSETTINGS", "to": "MENUSTATE.CREATEUSERNAME"}
{"timestamp": "2026-01-05T10:47:58.429700", "type": "MENUSTATE", "from": "MENUSTATE.ROOT", "to": "MENUSTATE.SETTINGS"}
{"timestamp": "2026-01-05T10:47:59.720851", "type": "MENUSTATE", "from": "MENUSTATE.SETTINGS", "to": "MENUSTATE.ROOT"}
{"timestamp": "2026-01-05T10:48:00.633261", "type": "MENUSTATE", "from": "MENUSTATE.ROOT", "to": "MENUSTATE.SETTINGS"}
{"timestamp": "2026-01-05T10:48:01.390228", "type": "MENUSTATE", "from": "MENUSTATE.SETTINGS", "to": "MENUSTATE.DEVELOPERSETTINGS"}
{"timestamp": "2026-01-05T10:48:02.338747", "type": "MENUSTATE", "from": "MENUSTATE.DEVELOPERSETTINGS", "to": "MENUSTATE.LEADERBOARDOPTIN"}
{"timestamp": "2026-01-05T10:48:03.204804", "type": "MENUSTATE", "from": "MENUSTATE.LEADERBOARDOPTIN", "to": "MENUSTATE.CREATEUSERNAME"}
{"timestamp": "2026-01-05T10:48:03.205126", "type": "MENUSTATE", "from": "MENUSTATE.CREATEUSERNAME", "to": "MENUSTATE.ROOT"}
{"timestamp": "2026-01-05T10:51:00.515004", "type": "MENUSTATE", "from": "MENUSTATE.ROOT", "to": "MENUSTATE.SETTINGS"}
{"timestamp": "2026-01-05T10:51:01.881845", "type": "MENUSTATE", "from": "MENUSTATE.SETTINGS", "to": "MENUSTATE.ROOT"}
{"timestamp": "2026-01-05T10:51:03.101207", "type": "MENUSTATE", "from": "MENUSTATE.ROOT", "to": "MENUSTATE.SETTINGS"}
{"timestamp": "2026-01-05T10:51:03.713339", "type": "MENUSTATE", "from": "MENUSTATE.SETTINGS", "to": "MENUSTATE.DEVELOPERSETTINGS"}
{"timestamp": "2026-01-05T10:51:04.389145", "type": "MENUSTATE", "from": "MENUSTATE.DEVELOPERSETTINGS", "to": "MENUSTATE.LEADERBOARDOPTIN"}
{"timestamp": "2026-01-05T10:51:05.046052", "type": "MENUSTATE", "from": "MENUSTATE.LEADERBOARDOPTIN", "to": "MENUSTATE.CREATEUSERNAME"}
{"timestamp": "2026-01-05T10:51:09.583929", "type": "MENUSTATE", "from": "MENUSTATE.CREATEUSERNAME", "to": "MENUSTATE.ROOT"}
{"timestamp": "2026-01-05T10:51:21.264586", "type": "MENUSTATE", "from": "MENUSTATE.ROOT", "to": "MENUSTATE.SETTINGS"}
{"timestamp": "2026-01-05T10:51:22.243353", "type": "MENUSTATE", "from": "MENUSTATE.SETTINGS", "to": "MENUSTATE.DEVELOPERSETTINGS"}
{"timestamp": "2026-01-05T10:51:23.239831", "type": "MENUSTATE", "from": "MENUSTATE.DEVELOPERSETTINGS", "to": "MENUSTATE.CREATEUSERNAME"}
{"timestamp": "2026-01-05T10:51:27.994916", "type": "MENUSTATE", "from": "MENUSTATE.CREATEUSERNAME", "to": "MENUSTATE.ROOT"}
{"timestamp": "2026-01-05T10:55:34.935758", "type": "MENUSTATE", "from": "MENUSTATE.ROOT", "to": "MENUSTATE.SETTINGS"}
{"timestamp": "2026-01-05T10:55:36.156645", "type": "MENUSTATE", "from": "MENUSTATE.SETTINGS", "to": "MENUSTATE.DEVELOPERSETTINGS"}
{"timestamp": "2026-01-05T10:55:37.632624", "type": "MENUSTATE", "from": "MENUSTATE.DEVELOPERSETTINGS", "to": "MENUSTATE.SETTINGS"}
{"timestamp": "2026-01-05T10:55:38.887898", "type": "MENUSTATE", "from": "MENUSTATE.SETTINGS", "to": "MENUSTATE.ROOT"}
{"timestamp": "2026-01-05T10:55:41.374980", "type": "MENUSTATE", "from": "MENUSTATE.ROOT", "to": "MENUSTATE.SETTINGS"}
{"timestamp": "2026-01-05T10:55:42.192487", "type": "MENUSTATE", "from": "MENUSTATE.SETTINGS", "to": "MENUSTATE.DEVELOPERSETTINGS"}
{"timestamp": "2026-01-05T10:55:52.254167", "type": "MENUSTATE", "from": "MENUSTATE.DEVELOPERSETTINGS", "to": "MENUSTATE.CREATEUSERNAME"}
{"timestamp": "2026-01-05T10:55:54.728097", "type": "MENUSTATE", "from": "MENUSTATE.CREATEUSERNAME", "to": "MENUSTATE.ROOT"}
{"timestamp": "2026-01-05T10:59:43.140014", "type": "MENUSTATE", "from": "MENUSTATE.ROOT", "to": "MENUSTATE.SETTINGS"}
{"timestamp": "2026-01-05T10:59:44.232773", "type": "MENUSTATE", "from": "MENUSTATE.SETTINGS", "to": "MENUSTATE.ROOT"}
{"timestamp": "2026-01-05T10:59:45.692743", "type": "MENUSTATE", "from": "MENUSTATE.ROOT", "to": "MENUSTATE.SETTINGS"}
{"timestamp": "2026-01-05T10:59:46.526493", "type": "MENUSTATE", "from": "MENUSTATE.SETTINGS", "to": "MENUSTATE.DEVELOPERSETTINGS"}
{"timestamp": "2026-01-05T10:59:47.103755", "type": "MENUSTATE", "from": "MENUSTATE.DEVELOPERSETTINGS", "to": "MENUSTATE.CREATEUSERNAME"}
{"timestamp": "2026-01-05T11:00:06.199222", "type": "MENUSTATE", "from": "MENUSTATE.CREATEUSERNAME", "to": "MENUSTATE.ROOT"}
{"timestamp": "2026-01-05T11:01:25.015415", "type": "MENUSTATE", "from": "MENUSTATE.ROOT", "to": "MENUSTATE.SETTINGS"}
{"timestamp": "2026-01-05T11:01:26.285537", "type": "MENUSTATE", "from": "MENUSTATE.SETTINGS", "to": "MENUSTATE.ROOT"}
{"timestamp": "2026-01-05T11:01:27.584723", "type": "MENUSTATE", "from": "MENUSTATE.ROOT", "to": "MENUSTATE.SETTINGS"}
{"timestamp": "2026-01-05T11:01:28.565961", "type": "MENUSTATE", "from": "MENUSTATE.SETTINGS", "to": "MENUSTATE.DEVELOPERSETTINGS"}
{"timestamp": "2026-01-05T11:01:28.998764", "type": "MENUSTATE", "from": "MENUSTATE.DEVELOPERSETTINGS", "to": "MENUSTATE.CREATEUSERNAME"}
{"timestamp": "2026-01-05T11:01:55.543539", "type": "MENUSTATE", "from": "MENUSTATE.CREATEUSERNAME", "to": "MENUSTATE.ROOT"}
{"timestamp": "2026-01-05T23:49:55.510191", "type": "MENUSTATE", "from": "MENUSTATE.ROOT", "to": "MENUSTATE.LEADERBOARDOPTIN"}
{"timestamp": "2026-01-05T23:49:58.656252", "type": "MENUSTATE", "from": "MENUSTATE.LEADERBOARDOPTIN", "to": "MENUSTATE.CREATEUSERNAME"}
{"timestamp": "2026-01-05T23:50:11.978641", "type": "MENUSTATE", "from": "MENUSTATE.CREATEUSERNAME", "to": "MENUSTATE.ROOT"}
{"timestamp": "2026-01-05T23:50:27.938694", "type": "MENUSTATE", "from": "MENUSTATE.ROOT", "to": "MENUSTATE.LEADERBOARDVIEWER"}
{"timestamp": "2026-01-05T23:50:28.934503", "type": "MENUSTATE", "from": "MENUSTATE.LEADERBOARDVIEWER", "to": "MENUSTATE.ROOT"}
{"timestamp": "2026-01-06T01:34:01.876660", "type": "MENUSTATE", "from": "MENUSTATE.ROOT", "to": "MENUSTATE.LEADERBOARDOPTIN"}
{"timestamp": "2026-01-06T01:34:05.264674", "type": "MENUSTATE", "from": "MENUSTATE.LEADERBOARDOPTIN", "to": "MENUSTATE.CREATEUSERNAME"}
{"timestamp": "2026-01-06T01:34:11.343753", "type": "MENUSTATE", "from": "MENUSTATE.CREATEUSERNAME", "to": "MENUSTATE.ROOT"}
{"timestamp": "2026-01-06T01:38:02.284782", "type": "MENUSTATE", "from": "MENUSTATE.ROOT", "to": "MENUSTATE.LEADERBOARDOPTIN"}
{"timestamp": "2026-01-06T01:38:04.369187", "type": "MENUSTATE", "from": "MENUSTATE.LEADERBOARDOPTIN", "to": "MENUSTATE.CREATEUSERNAME"}
{"timestamp": "2026-01-06T01:38:12.173551", "type": "MENUSTATE", "from": "MENUSTATE.CREATEUSERNAME", "to": "MENUSTATE.ROOT"}
{"timestamp": "2026-01-06T01:42:38.389383", "type": "MENUSTATE", "from": "MENUSTATE.ROOT", "to": "MENUSTATE.LEADERBOARDOPTIN"}
{"timestamp": "2026-01-06T01:42:41.472888", "type": "MENUSTATE", "from": "MENUSTATE.LEADERBOARDOPTIN", "to": "MENUSTATE.CREATEUSERNAME"}
{"timestamp": "2026-01-06T01:42:47.330513", "type": "MENUSTATE", "from": "MENUSTATE.CREATEUSERNAME", "to": "MENUSTATE.ROOT"}
{"timestamp": "2026-01-06T01:49:15.902519", "type": "MENUSTATE", "from": "MENUSTATE.ROOT", "to": "MENUSTATE.LEADERBOARDOPTIN"}
{"timestamp": "2026-01-06T01:49:17.973742", "type": "MENUSTATE", "from": "MENUSTATE.LEADERBOARDOPTIN", "to": "MENUSTATE.CREATEUSERNAME"}
{"timestamp": "2026-01-06T01:49:22.173046", "type": "MENUSTATE", "from": "MENUSTATE.CREATEUSERNAME", "to": "MENUSTATE.ROOT"}
{"timestamp": "2026-01-06T01:51:54.635473", "type": "MENUSTATE", "from": "MENUSTATE.ROOT", "to": "MENUSTATE.LEADERBOARDOPTIN"}
{"timestamp": "2026-01-06T01:51:55.947974", "type": "MENUSTATE", "from": "MENUSTATE.LEADERBOARDOPTIN", "to": "MENUSTATE.CREATEUSERNAME"}
{"timestamp": "2026-01-06T01:52:00.279211", "type": "MENUSTATE", "from": "MENUSTATE.CREATEUSERNAME", "to": "MENUSTATE.ROOT"}
{"timestamp": "2026-01-06T01:53:05.062593", "type": "MENUSTATE", "from": "MENUSTATE.ROOT", "to": "MENUSTATE.LEADERBOARDOPTIN"}
{"timestamp": "2026-01-06T01:53:06.697455", "type": "MENUSTATE", "from": "MENUSTATE.LEADERBOARDOPTIN", "to": "MENUSTATE.CREATEUSERNAME"}
{"timestamp": "2026-01-06T01:53:10.836459", "type": "MENUSTATE", "from": "MENUSTATE.CREATEUSERNAME", "to": "MENUSTATE.ROOT"}
{"timestamp": "2026-01-06T01:56:22.045626", "type": "MENUSTATE", "from": "MENUSTATE.ROOT", "to": "MENUSTATE.LEADERBOARDOPTIN"}
{"timestamp": "2026-01-06T01:56:23.710173", "type": "MENUSTATE", "from": "MENUSTATE.LEADERBOARDOPTIN", "to": "MENUSTATE.CREATEUSERNAME"}
{"timestamp": "2026-01-06T01:56:27.953496", "type": "MENUSTATE", "from": "MENUSTATE.CREATEUSERNAME", "to": "MENUSTATE.ROOT"}
{"timestamp": "2026-01-06T02:04:37.561551", "type": "MENUSTATE", "from": "MENUSTATE.ROOT", "to": "MENUSTATE.LEADERBOARDOPTIN"}
{"timestamp": "2026-01-06T02:04:38.753373", "type": "MENUSTATE", "from": "MENUSTATE.LEADERBOARDOPTIN", "to": "MENUSTATE.CREATEUSERNAME"}
{"timestamp": "2026-01-06T02:05:13.408347", "type": "MENUSTATE", "from": "MENUSTATE.ROOT", "to": "MENUSTATE.LEADERBOARDOPTIN"}
{"timestamp": "2026-01-06T02:05:14.574310", "type": "MENUSTATE", "from": "MENUSTATE.LEADERBOARDOPTIN", "to": "MENUSTATE.CREATEUSERNAME"}
{"timestamp": "2026-01-06T02:05:19.173259", "type": "MENUSTATE", "from": "MENUSTATE.CREATEUSERNAME", "to": "MENUSTATE.ROOT"}
{"timestamp": "2026-01-06T02:07:54.711285", "type": "MENUSTATE", "from": "MENUSTATE.ROOT", "to": "MENUSTATE.LEADERBOARDOPTIN"}
{"timestamp": "2026-01-06T02:07:55.674165", "type": "MENUSTATE", "from": "MENUSTATE.LEADERBOARDOPTIN", "to": "MENUSTATE.CREATEUSERNAME"}
{"timestamp": "2026-01-06T02:07:58.952951", "type": "MENUSTATE", "from": "MENUSTATE.CREATEUSERNAME", "to": "MENUSTATE.ROOT"}
{"timestamp": "2026-01-06T02:10:15.678125", "type": "MENUSTATE", "from": "MENUSTATE.ROOT", "to": "MENUSTATE.LEADERBOARDOPTIN"}
{"timestamp": "2026-01-06T02:10:16.811218", "type": "MENUSTATE", "from": "MENUSTATE.LEADERBOARDOPTIN", "to": "MENUSTATE.CREATEUSERNAME"}
{"timestamp": "2026-01-06T02:10:20.209093", "type": "MENUSTATE", "from": "MENUSTATE.CREATEUSERNAME", "to": "MENUSTATE.ROOT"}
{"timestamp": "2026-01-06T02:16:20.941242", "type": "MENUSTATE", "from": "MENUSTATE.ROOT", "to": "MENUSTATE.LEADERBOARDOPTIN"}
{"timestamp": "2026-01-06T02:16:22.492452", "type": "MENUSTATE", "from": "MENUSTATE.LEADERBOARDOPTIN", "to": "MENUSTATE.CREATEUSERNAME"}
{"timestamp": "2026-01-06T02:16:25.346403", "type": "MENUSTATE", "from": "MENUSTATE.CREATEUSERNAME", "to": "MENUSTATE.ROOT"}
{"timestamp": "2026-01-06T04:05:27.170614", "type": "MENUSTATE", "from": "MENUSTATE.ROOT", "to": "MENUSTATE.LEADERBOARDOPTIN"}
{"timestamp": "2026-01-06T04:05:28.666128", "type": "MENUSTATE", "from": "MENUSTATE.LEADERBOARDOPTIN", "to": "MENUSTATE.CREATEUSERNAME"}
{"timestamp": "2026-01-06T04:05:32.200015", "type": "MENUSTATE", "from": "MENUSTATE.CREATEUSERNAME", "to": "MENUSTATE.ROOT"}
