{"timestamp": "2025-12-26T20:51:32.136269", "type": "PLAYERPOWERSTATE", "from": "PLAYER_POWER_STATE.NONE", "to": "PLAYER_POWER_STATE.ABSORB_ROCK"}
{"timestamp": "2025-12-26T20:52:21.128802", "type": "PLAYERPOWERSTATE", "from": "PLAYER_POWER_STATE.NONE", "to": "PLAYER_POWER_STATE.ABSORB_ROCK"}
{"timestamp": "2025-12-26T20:53:26.354627", "type": "PLAYERPOWERSTATE", "from": "PLAYER_POWER_STATE.NONE", "to": "PLAYER_POWER_STATE.ABSORB_ROCK"}
{"timestamp": "2025-12-26T20:55:04.875924", "type": "PLAYERPOWERSTATE", "from": "PLAYER_POWER_STATE.NONE", "to": "PLAYER_POWER_STATE.ABSORB_ROCK"}
{"timestamp": "2025-12-26T20:57:43.266990", "type": "PLAYERPOWERSTATE", "from": "PLAYER_POWER_STATE.NONE", "to": "PLAYER_POWER_STATE.ABSORB_ROCK"}
{"timestamp": "2025-12-26T20:58:32.250118", "type": "PLAYERPOWERSTATE", "from": "PLAYER_POWER_STATE.NONE", "to": "PLAYER_POWER_STATE.ABSORB_ROCK"}
{"timestamp": "2025-12-26T20:58:41.597766", "type": "PLAYERPOWERSTATE", "from": "PLAYER_POWER_STATE.ABSORB_ROCK", "to": "PLAYER_POWER_STATE.NONE"}
{"timestamp": "2025-12-26T20:58:41.616165", "type": "PLAYERPOWERSTATE", "from": "PLAYER_POWER_STATE.NONE", "to": "PLAYER_POWER_STATE.ABSORB_ROCK"}
{"timestamp": "2025-12-26T20:59:28.713138", "type": "PLAYERPOWERSTATE", "from": "PLAYER_POWER_STATE.NONE", "to": "PLAYER_POWER_STATE.ABSORB_ROCK"}
{"timestamp": "2025-12-26T20:59:35.336342", "type": "PLAYERPOWERSTATE", "from": "PLAYER_POWER_STATE.ABSORB_ROCK", "to": "PLAYER_POWER_STATE.NONE"}
{"timestamp": "2025-12-26T21:02:52.180161", "type": "PLAYERPOWERSTATE", "from": "PLAYER_POWER_STATE.NONE", "to": "PLAYER_POWER_STATE.ABSORB_ROCK"}
{"timestamp": "2025-12-26T21:02:52.937339", "type": "PLAYERPOWERSTATE", "from": "PLAYER_POWER_STATE.ABSORB_ROCK", "to": "PLAYER_POWER_STATE.NONE"}
{"timestamp": "2025-12-26T21:02:56.452335", "type": "PLAYERPOWERSTATE", "from": "PLAYER_POWER_STATE.NONE", "to": "PLAYER_POWER_STATE.ABSORB_ROCK"}
{"timestamp": "2025-12-26T21:03:28.685652", "type": "PLAYERPOWERSTATE", "from": "PLAYER_POWER_STATE.NONE", "to": "PLAYER_POWER_STATE.ABSORB_ROCK"}
{"timestamp": "2025-12-26T21:03:30.181996", "type": "PLAYERPOWERSTATE", "from": "PLAYER_POWER_STATE.ABSORB_ROCK", "to": "PLAYER_POWER_STATE.NONE"}
{"timestamp": "2025-12-26T21:03:37.458385", "type": "PLAYERPOWERSTATE", "from": "PLAYER_POWER_STATE.NONE", "to": "PLAYER_POWER_STATE.ABSORB_ROCK"}
{"timestamp": "2025-12-26T21:03:37.458610", "type": "PLAYERPOWERSTATE", "from": "PLAYER_POWER_STATE.ABSORB_ROCK", "to": "PLAYER_POWER_STATE.NONE"}
{"timestamp": "2025-12-26T21:03:37.474601", "type": "PLAYERPOWERSTATE", "from": "PLAYER_POWER_STATE.NONE", "to": "PLAYER_POWER_STATE.ABSORB_ROCK"}
{"timestamp": "2025-12-26T21:03:39.786991", "type": "PLAYERPOWERSTATE", "from": "PLAYER_POWER_STATE.ABSORB_ROCK", "to": "PLAYER_POWER_STATE.NONE"}
{"timestamp": "2025-12-26T21:03:44.475630", "type": "PLAYERPOWERSTATE", "from": "PLAYER_POWER_STATE.NONE", "to": "PLAYER_POWER_STATE.ABSORB_ROCK"}
{"timestamp": "2025-12-26T21:03:44.475887", "type": "PLAYERPOWERSTATE", "from": "PLAYER_POWER_STATE.ABSORB_ROCK", "to": "PLAYER_POWER_STATE.NONE"}
{"timestamp": "2025-12-26T21:03:44.491882", "type": "PLAYERPOWERSTATE", "from": "PLAYER_POWER_STATE.NONE", "to": "PLAYER_POWER_STATE.ABSORB_ROCK"}
{"timestamp": "2025-12-26T21:03:45.068951", "type": "PLAYERPOWERSTATE", "from": "PLAYER_POWER_STATE.ABSORB_ROCK", "to": "PLAYER_POWER_STATE.NONE"}
{"timestamp": "2025-12-26T21:07:30.440672", "type": "PLAYERPOWERSTATE", "from": "PLAYER_POWER_STATE.NONE", "to": "PLAYER_POWER_STATE.ABSORB_ROCK"}
{"timestamp": "2025-12-26T21:07:36.951066", "type": "PLAYERPOWERSTATE", "from": "PLAYER_POWER_STATE.ABSORB_ROCK", "to": "PLAYER_POWER_STATE.NONE"}
{"timestamp": "2025-12-26T21:07:40.435901", "type": "PLAYERPOWERSTATE", "from": "PLAYER_POWER_STATE.NONE", "to": "PLAYER_POWER_STATE.ABSORB_ROCK"}
{"timestamp": "2025-12-26T21:07:40.436131", "type": "PLAYERPOWERSTATE", "from": "PLAYER_POWER_STATE.ABSORB_ROCK", "to": "PLAYER_POWER_STATE.NONE"}
{"timestamp": "2025-12-26T21:07:40.452994", "type": "PLAYERPOWERSTATE", "from": "PLAYER_POWER_STATE.NONE", "to": "PLAYER_POWER_STATE.ABSORB_ROCK"}
{"timestamp": "2025-12-26T21:07:50.386983", "type": "PLAYERPOWERSTATE", "from": "PLAYER_POWER_STATE.ABSORB_ROCK", "to": "PLAYER_POWER_STATE.NONE"}
{"timestamp": "2025-12-26T21:08:17.548118", "type": "PLAYERPOWERSTATE", "from": "PLAYER_POWER_STATE.NONE", "to": "PLAYER_POWER_STATE.ABSORB_ROCK"}
{"timestamp": "2025-12-26T21:08:24.562137", "type": "PLAYERPOWERSTATE", "from": "PLAYER_POWER_STATE.ABSORB_ROCK", "to": "PLAYER_POWER_STATE.NONE"}
{"timestamp": "2025-12-26T21:11:50.323109", "type": "PLAYERPOWERSTATE", "from": "PLAYER_POWER_STATE.NONE", "to": "PLAYER_POWER_STATE.ABSORB_ROCK"}
{"timestamp": "2025-12-26T21:11:55.328411", "type": "PLAYERPOWERSTATE", "from": "PLAYER_POWER_STATE.ABSORB_ROCK", "to": "PLAYER_POWER_STATE.NONE"}
{"timestamp": "2025-12-26T21:12:02.276311", "type": "PLAYERPOWERSTATE", "from": "PLAYER_POWER_STATE.NONE", "to": "PLAYER_POWER_STATE.ABSORB_ROCK"}
{"timestamp": "2025-12-26T21:12:03.784998", "type": "PLAYERPOWERSTATE", "from": "PLAYER_POWER_STATE.ABSORB_ROCK", "to": "PLAYER_POWER_STATE.NONE"}
{"timestamp": "2025-12-26T21:12:08.564579", "type": "PLAYERPOWERSTATE", "from": "PLAYER_POWER_STATE.NONE", "to": "PLAYER_POWER_STATE.ABSORB_ROCK"}
{"timestamp": "2025-12-26T21:12:08.580565", "type": "PLAYERPOWERSTATE", "from": "PLAYER_POWER_STATE.ABSORB_ROCK", "to": "PLAYER_POWER_STATE.NONE"}
{"timestamp": "2025-12-26T21:12:11.363000", "type": "PLAYERPOWERSTATE", "from": "PLAYER_POWER_STATE.NONE", "to": "PLAYER_POWER_STATE.ABSORB_ROCK"}
{"timestamp": "2025-12-26T21:12:16.364981", "type": "PLAYERPOWERSTATE", "from": "PLAYER_POWER_STATE.ABSORB_ROCK", "to": "PLAYER_POWER_STATE.NONE"}
{"timestamp": "2025-12-26T21:12:21.109916", "type": "PLAYERPOWERSTATE", "from": "PLAYER_POWER_STATE.NONE", "to": "PLAYER_POWER_STATE.ABSORB_ROCK"}
{"timestamp": "2025-12-26T21:12:26.118185", "type": "PLAYERPOWERSTATE", "from": "PLAYER_POWER_STATE.ABSORB_ROCK", "to": "PLAYER_POWER_STATE.NONE"}
{"timestamp": "2025-12-26T21:14:34.504902", "type": "PLAYERPOWERSTATE", "from": "PLAYER_POWER_STATE.NONE", "to": "PLAYER_POWER_STATE.ABSORB_ROCK"}
{"timestamp": "2025-12-26T21:14:39.519355", "type": "PLAYERPOWERSTATE", "from": "PLAYER_POWER_STATE.ABSORB_ROCK", "to": "PLAYER_POWER_STATE.NONE"}
{"timestamp": "2025-12-26T21:23:14.773261", "type": "PLAYERPOWERSTATE", "from": "PLAYER_POWER_STATE.NONE", "to": "PLAYER_POWER_STATE.ABSORB_ROCK"}
{"timestamp": "2025-12-26T21:24:45.056720", "type": "PLAYERPOWERSTATE", "from": "PLAYER_POWER_STATE.NONE", "to": "PLAYER_POWER_STATE.ABSORB_ROCK"}
{"timestamp": "2025-12-26T21:24:45.153280", "type": "PLAYERPOWERSTATE", "from": "PLAYER_POWER_STATE.ABSORB_ROCK", "to": "PLAYER_POWER_STATE.NONE"}
{"timestamp": "2025-12-26T21:24:48.905762", "type": "PLAYERPOWERSTATE", "from": "PLAYER_POWER_STATE.NONE", "to": "PLAYER_POWER_STATE.ABSORB_ROCK"}
{"timestamp": "2025-12-26T21:24:50.065015", "type": "PLAYERPOWERSTATE", "from": "PLAYER_POWER_STATE.ABSORB_ROCK", "to": "PLAYER_POWER_STATE.NONE"}
{"timestamp": "2025-12-26T21:24:55.654619", "type": "PLAYERPOWERSTATE", "from": "PLAYER_POWER_STATE.NONE", "to": "PLAYER_POWER_STATE.ABSORB_ROCK"}
{"timestamp": "2025-12-26T21:25:00.658527", "type": "PLAYERPOWERSTATE", "from": "PLAYER_POWER_STATE.ABSORB_ROCK", "to": "PLAYER_POWER_STATE.NONE"}
{"timestamp": "2025-12-26T21:25:07.154217", "type": "PLAYERPOWERSTATE", "from": "PLAYER_POWER_STATE.NONE", "to": "PLAYER_POWER_STATE.ABSORB_ROCK"}
{"timestamp": "2025-12-26T21:25:12.161265", "type": "PLAYERPOWERSTATE", "from": "PLAYER_POWER_STATE.ABSORB_ROCK", "to": "PLAYER_POWER_STATE.NONE"}
{"timestamp": "2025-12-26T21:32:22.625460", "type": "PLAYERPOWERSTATE", "from": "PLAYER_POWER_STATE.NONE", "to": "PLAYER_POWER_STATE.ABSORB_ROCK"}
{"timestamp": "2025-12-26T21:32:27.632993", "type": "PLAYERPOWERSTATE", "from": "PLAYER_POWER_STATE.ABSORB_ROCK", "to": "PLAYER_POWER_STATE.NONE"}
{"timestamp": "2025-12-26T21:33:48.862199", "type": "PLAYERPOWERSTATE", "from": "PLAYER_POWER_STATE.NONE", "to": "PLAYER_POWER_STATE.ABSORB_ROCK"}
{"timestamp": "2025-12-26T21:33:53.874925", "type": "PLAYERPOWERSTATE", "from": "PLAYER_POWER_STATE.ABSORB_ROCK", "to": "PLAYER_POWER_STATE.NONE"}
{"timestamp": "2025-12-26T21:37:57.554685", "type": "PLAYERPOWERSTATE", "from": "PLAYER_POWER_STATE.NONE", "to": "PLAYER_POWER_STATE.ABSORB_ROCK"}
{"timestamp": "2025-12-26T21:38:03.442847", "type": "PLAYERPOWERSTATE", "from": "PLAYER_POWER_STATE.ABSORB_ROCK", "to": "PLAYER_POWER_STATE.NONE"}
{"timestamp": "2025-12-26T21:39:44.230675", "type": "PLAYERPOWERSTATE", "from": "PLAYER_POWER_STATE.NONE", "to": "PLAYER_POWER_STATE.ABSORB_ROCK"}
{"timestamp": "2025-12-26T21:39:49.233057", "type": "PLAYERPOWERSTATE", "from": "PLAYER_POWER_STATE.ABSORB_ROCK", "to": "PLAYER_POWER_STATE.NONE"}
{"timestamp": "2025-12-26T21:41:32.443819", "type": "PLAYERPOWERSTATE", "from": "PLAYER_POWER_STATE.NONE", "to": "PLAYER_POWER_STATE.ABSORB_ROCK"}
{"timestamp": "2025-12-26T21:41:37.446880", "type": "PLAYERPOWERSTATE", "from": "PLAYER_POWER_STATE.ABSORB_ROCK", "to": "PLAYER_POWER_STATE.NONE"}
{"timestamp": "2025-12-26T21:41:38.024495", "type": "PLAYERPOWERSTATE", "from": "PLAYER_POWER_STATE.NONE", "to": "PLAYER_POWER_STATE.ABSORB_ROCK"}
{"timestamp": "2025-12-26T21:41:43.029365", "type": "PLAYERPOWERSTATE", "from": "PLAYER_POWER_STATE.ABSORB_ROCK", "to": "PLAYER_POWER_STATE.NONE"}
{"timestamp": "2025-12-26T21:42:44.336517", "type": "PLAYERPOWERSTATE", "from": "PLAYER_POWER_STATE.NONE", "to": "PLAYER_POWER_STATE.ABSORB_ROCK"}
{"timestamp": "2025-12-26T21:42:47.268442", "type": "PLAYERPOWERSTATE", "from": "PLAYER_POWER_STATE.ABSORB_ROCK", "to": "PLAYER_POWER_STATE.NONE"}
{"timestamp": "2025-12-26T21:42:55.003834", "type": "PLAYERPOWERSTATE", "from": "PLAYER_POWER_STATE.NONE", "to": "PLAYER_POWER_STATE.ABSORB_ROCK"}
{"timestamp": "2025-12-26T21:42:55.018460", "type": "PLAYERPOWERSTATE", "from": "PLAYER_POWER_STATE.ABSORB_ROCK", "to": "PLAYER_POWER_STATE.NONE"}
{"timestamp": "2025-12-26T21:46:36.727107", "type": "PLAYERPOWERSTATE", "from": "PLAYER_POWER_STATE.NONE", "to": "PLAYER_POWER_STATE.ABSORB_ROCK"}
{"timestamp": "2025-12-26T21:46:41.742761", "type": "PLAYERPOWERSTATE", "from": "PLAYER_POWER_STATE.ABSORB_ROCK", "to": "PLAYER_POWER_STATE.NONE"}
{"timestamp": "2025-12-26T21:49:02.821452", "type": "PLAYERPOWERSTATE", "from": "PLAYER_POWER_STATE.NONE", "to": "PLAYER_POWER_STATE.ABSORB_ROCK"}
{"timestamp": "2025-12-26T21:49:07.838689", "type": "PLAYERPOWERSTATE", "from": "PLAYER_POWER_STATE.ABSORB_ROCK", "to": "PLAYER_POWER_STATE.NONE"}
{"timestamp": "2025-12-26T22:02:21.761668", "type": "PLAYERPOWERSTATE", "from": "PLAYER_POWER_STATE.NONE", "to": "PLAYER_POWER_STATE.ABSORB_ROCK"}
{"timestamp": "2025-12-26T22:02:26.769875", "type": "PLAYERPOWERSTATE", "from": "PLAYER_POWER_STATE.ABSORB_ROCK", "to": "PLAYER_POWER_STATE.NONE"}
{"timestamp": "2025-12-26T22:02:35.429335", "type": "PLAYERPOWERSTATE", "from": "PLAYER_POWER_STATE.NONE", "to": "PLAYER_POWER_STATE.ABSORB_ROCK"}
{"timestamp": "2025-12-26T22:02:40.442948", "type": "PLAYERPOWERSTATE", "from": "PLAYER_POWER_STATE.ABSORB_ROCK", "to": "PLAYER_POWER_STATE.NONE"}
{"timestamp": "2025-12-26T22:03:33.214730", "type": "PLAYERPOWERSTATE", "from": "PLAYER_POWER_STATE.NONE", "to": "PLAYER_POWER_STATE.ABSORB_ROCK"}
{"timestamp": "2025-12-26T22:03:38.223944", "type": "PLAYERPOWERSTATE", "from": "PLAYER_POWER_STATE.ABSORB_ROCK", "to": "PLAYER_POWER_STATE.NONE"}
{"timestamp": "2025-12-26T22:04:29.071747", "type": "PLAYERPOWERSTATE", "from": "PLAYER_POWER_STATE.NONE", "to": "PLAYER_POWER_STATE.ABSORB_ROCK"}
{"timestamp": "2025-12-26T22:04:34.084919", "type": "PLAYERPOWERSTATE", "from": "PLAYER_POWER_STATE.ABSORB_ROCK", "to": "PLAYER_POWER_STATE.NONE"}
{"timestamp": "2025-12-26T22:04:41.981932", "type": "PLAYERPOWERSTATE", "from": "PLAYER_POWER_STATE.NONE", "to": "PLAYER_POWER_STATE.ABSORB_ROCK"}
{"timestamp": "2025-12-26T22:04:45.321521", "type": "PLAYERPOWERSTATE", "from": "PLAYER_POWER_STATE.ABSORB_ROCK", "to": "PLAYER_POWER_STATE.NONE"}
{"timestamp": "2025-12-26T22:05:37.073565", "type": "PLAYERPOWERSTATE", "from": "PLAYER_POWER_STATE.NONE", "to": "PLAYER_POWER_STATE.ABSORB_ROCK"}
{"timestamp": "2025-12-26T22:05:42.087558", "type": "PLAYERPOWERSTATE", "from": "PLAYER_POWER_STATE.ABSORB_ROCK", "to": "PLAYER_POWER_STATE.NONE"}
{"timestamp": "2025-12-26T22:06:01.173572", "type": "PLAYERPOWERSTATE", "from": "PLAYER_POWER_STATE.NONE", "to": "PLAYER_POWER_STATE.ABSORB_ROCK"}
{"timestamp": "2025-12-26T22:06:06.187104", "type": "PLAYERPOWERSTATE", "from": "PLAYER_POWER_STATE.ABSORB_ROCK", "to": "PLAYER_POWER_STATE.NONE"}
{"timestamp": "2025-12-26T22:08:16.583834", "type": "PLAYERPOWERSTATE", "from": "PLAYER_POWER_STATE.NONE", "to": "PLAYER_POWER_STATE.ABSORB_ROCK"}
{"timestamp": "2025-12-26T22:08:21.587868", "type": "PLAYERPOWERSTATE", "from": "PLAYER_POWER_STATE.ABSORB_ROCK", "to": "PLAYER_POWER_STATE.NONE"}
{"timestamp": "2025-12-26T22:09:21.005902", "type": "PLAYERPOWERSTATE", "from": "PLAYER_POWER_STATE.NONE", "to": "PLAYER_POWER_STATE.ABSORB_ROCK"}
{"timestamp": "2025-12-26T22:09:26.011905", "type": "PLAYERPOWERSTATE", "from": "PLAYER_POWER_STATE.ABSORB_ROCK", "to": "PLAYER_POWER_STATE.NONE"}
{"timestamp": "2025-12-26T22:11:39.421670", "type": "PLAYERPOWERSTATE", "from": "PLAYER_POWER_STATE.NONE", "to": "PLAYER_POWER_STATE.ABSORB_ROCK"}
{"timestamp": "2025-12-26T22:11:44.425582", "type": "PLAYERPOWERSTATE", "from": "PLAYER_POWER_STATE.ABSORB_ROCK", "to": "PLAYER_POWER_STATE.NONE"}
{"timestamp": "2025-12-26T22:11:52.558046", "type": "PLAYERPOWERSTATE", "from": "PLAYER_POWER_STATE.NONE", "to": "PLAYER_POWER_STATE.ABSORB_ROCK"}
{"timestamp": "2025-12-26T22:11:54.281514", "type": "PLAYERPOWERSTATE", "from": "PLAYER_POWER_STATE.ABSORB_ROCK", "to": "PLAYER_POWER_STATE.NONE"}
{"timestamp": "2025-12-26T22:23:28.357641", "type": "PLAYERPOWERSTATE", "from": "PLAYER_POWER_STATE.NONE", "to": "PLAYER_POWER_STATE.ABSORB_ROCK"}
{"timestamp": "2025-12-26T22:23:33.370917", "type": "PLAYERPOWERSTATE", "from": "PLAYER_POWER_STATE.ABSORB_ROCK", "to": "PLAYER_POWER_STATE.NONE"}
{"timestamp": "2025-12-26T22:23:35.269411", "type": "PLAYERPOWERSTATE", "from": "PLAYER_POWER_STATE.NONE", "to": "PLAYER_POWER_STATE.ABSORB_ROCK"}
{"timestamp": "2025-12-26T22:23:37.535505", "type": "PLAYERPOWERSTATE", "from": "PLAYER_POWER_STATE.ABSORB_ROCK", "to": "PLAYER_POWER_STATE.NONE"}
{"timestamp": "2025-12-26T22:23:42.668855", "type": "PLAYERPOWERSTATE", "from": "PLAYER_POWER_STATE.NONE", "to": "PLAYER_POWER_STATE.ABSORB_ROCK"}
{"timestamp": "2025-12-26T22:23:42.684749", "type": "PLAYERPOWERSTATE", "from": "PLAYER_POWER_STATE.ABSORB_ROCK", "to": "PLAYER_POWER_STATE.NONE"}
{"timestamp": "2025-12-26T22:23:54.438480", "type": "PLAYERPOWERSTATE", "from": "PLAYER_POWER_STATE.NONE", "to": "PLAYER_POWER_STATE.ABSORB_ROCK"}
{"timestamp": "2025-12-26T22:23:56.224709", "type": "PLAYERPOWERSTATE", "from": "PLAYER_POWER_STATE.ABSORB_ROCK", "to": "PLAYER_POWER_STATE.NONE"}
{"timestamp": "2025-12-26T22:24:00.298469", "type": "PLAYERPOWERSTATE", "from": "PLAYER_POWER_STATE.NONE", "to": "PLAYER_POWER_STATE.ABSORB_ROCK"}
{"timestamp": "2025-12-26T22:24:00.314725", "type": "PLAYERPOWERSTATE", "from": "PLAYER_POWER_STATE.ABSORB_ROCK", "to": "PLAYER_POWER_STATE.NONE"}
{"timestamp": "2025-12-26T22:24:01.548390", "type": "PLAYERPOWERSTATE", "from": "PLAYER_POWER_STATE.NONE", "to": "PLAYER_POWER_STATE.ABSORB_ROCK"}
{"timestamp": "2025-12-26T22:24:05.137475", "type": "PLAYERPOWERSTATE", "from": "PLAYER_POWER_STATE.ABSORB_ROCK", "to": "PLAYER_POWER_STATE.NONE"}
{"timestamp": "2025-12-26T22:24:08.646323", "type": "PLAYERPOWERSTATE", "from": "PLAYER_POWER_STATE.NONE", "to": "PLAYER_POWER_STATE.ANTI_SHRINK"}
{"timestamp": "2025-12-26T22:24:08.661743", "type": "PLAYERPOWERSTATE", "from": "PLAYER_POWER_STATE.ANTI_SHRINK", "to": "PLAYER_POWER_STATE.NONE"}
{"timestamp": "2025-12-26T22:24:10.657358", "type": "PLAYERPOWERSTATE", "from": "PLAYER_POWER_STATE.NONE", "to": "PLAYER_POWER_STATE.ANTI_SHRINK"}
{"timestamp": "2025-12-26T22:24:15.658885", "type": "PLAYERPOWERSTATE", "from": "PLAYER_POWER_STATE.ANTI_SHRINK", "to": "PLAYER_POWER_STATE.NONE"}
{"timestamp": "2025-12-26T22:24:29.106400", "type": "PLAYERPOWERSTATE", "from": "PLAYER_POWER_STATE.NONE", "to": "PLAYER_POWER_STATE.ANTI_SHRINK"}
{"timestamp": "2025-12-26T22:24:34.119611", "type": "PLAYERPOWERSTATE", "from": "PLAYER_POWER_STATE.ANTI_SHRINK", "to": "PLAYER_POWER_STATE.NONE"}
{"timestamp": "2025-12-26T22:26:18.960721", "type": "PLAYERPOWERSTATE", "from": "PLAYER_POWER_STATE.NONE", "to": "PLAYER_POWER_STATE.ANTI_SHRINK"}
{"timestamp": "2025-12-26T22:26:23.974144", "type": "PLAYERPOWERSTATE", "from": "PLAYER_POWER_STATE.ANTI_SHRINK", "to": "PLAYER_POWER_STATE.NONE"}
{"timestamp": "2025-12-26T22:27:06.154290", "type": "PLAYERPOWERSTATE", "from": "PLAYER_POWER_STATE.NONE", "to": "PLAYER_POWER_STATE.ANTI_SHRINK"}
{"timestamp": "2025-12-26T22:27:11.168700", "type": "PLAYERPOWERSTATE", "from": "PLAYER_POWER_STATE.ANTI_SHRINK", "to": "PLAYER_POWER_STATE.NONE"}
{"timestamp": "2025-12-26T22:27:25.479782", "type": "PLAYERPOWERSTATE", "from": "PLAYER_POWER_STATE.NONE", "to": "PLAYER_POWER_STATE.ABSORB_ROCK"}
{"timestamp": "2025-12-26T22:27:30.489182", "type": "PLAYERPOWERSTATE", "from": "PLAYER_POWER_STATE.ABSORB_ROCK", "to": "PLAYER_POWER_STATE.NONE"}
{"timestamp": "2025-12-26T22:27:31.068079", "type": "PLAYERPOWERSTATE", "from": "PLAYER_POWER_STATE.NONE", "to": "PLAYER_POWER_STATE.ANTI_SHRINK"}
{"timestamp": "2025-12-26T22:27:32.627756", "type": "PLAYERPOWERSTATE", "from": "PLAYER_POWER_STATE.ANTI_SHRINK", "to": "PLAYER_POWER_STATE.NONE"}
{"timestamp": "2025-12-26T22:27:38.095212", "type": "PLAYERPOWERSTATE", "from": "PLAYER_POWER_STATE.NONE", "to": "PLAYER_POWER_STATE.ANTI_SHRINK"}
{"timestamp": "2025-12-26T22:27:38.108861", "type": "PLAYERPOWERSTATE", "from": "PLAYER_POWER_STATE.ANTI_SHRINK", "to": "PLAYER_POWER_STATE.NONE"}
{"timestamp": "2025-12-26T22:27:41.990387", "type": "PLAYERPOWERSTATE", "from": "PLAYER_POWER_STATE.NONE", "to": "PLAYER_POWER_STATE.ANTI_SHRINK"}
{"timestamp": "2025-12-26T22:27:47.003495", "type": "PLAYERPOWERSTATE", "from": "PLAYER_POWER_STATE.ANTI_SHRINK", "to": "PLAYER_POWER_STATE.NONE"}
{"timestamp": "2025-12-26T22:48:23.472715", "type": "PLAYERPOWERSTATE", "from": "PLAYER_POWER_STATE.NONE", "to": "PLAYER_POWER_STATE.ABSORB_ROCK"}
{"timestamp": "2025-12-26T22:48:25.998859", "type": "PLAYERPOWERSTATE", "from": "PLAYER_POWER_STATE.ABSORB_ROCK", "to": "PLAYER_POWER_STATE.NONE"}
{"timestamp": "2025-12-26T22:50:03.181241", "type": "PLAYERPOWERSTATE", "from": "PLAYER_POWER_STATE.NONE", "to": "PLAYER_POWER_STATE.ANTI_SHRINK"}
{"timestamp": "2025-12-26T22:54:44.530143", "type": "PLAYERPOWERSTATE", "from": "PLAYER_POWER_STATE.NONE", "to": "PLAYER_POWER_STATE.ABSORB_ROCK"}
{"timestamp": "2025-12-26T23:07:26.583994", "type": "PLAYERPOWERSTATE", "from": "PLAYER_POWER_STATE.NONE", "to": "PLAYER_POWER_STATE.ABSORB_ROCK"}
{"timestamp": "2025-12-26T23:07:31.588973", "type": "PLAYERPOWERSTATE", "from": "PLAYER_POWER_STATE.ABSORB_ROCK", "to": "PLAYER_POWER_STATE.NONE"}
{"timestamp": "2025-12-27T00:45:14.013410", "type": "PLAYERPOWERSTATE", "from": "PLAYER_POWER_STATE.NONE", "to": "PLAYER_POWER_STATE.ABSORB_ROCK"}
{"timestamp": "2025-12-27T00:45:16.863929", "type": "PLAYERPOWERSTATE", "from": "PLAYER_POWER_STATE.ABSORB_ROCK", "to": "PLAYER_POWER_STATE.NONE"}
{"timestamp": "2025-12-27T00:45:21.766597", "type": "PLAYERPOWERSTATE", "from": "PLAYER_POWER_STATE.NONE", "to": "PLAYER_POWER_STATE.ABSORB_ROCK"}
{"timestamp": "2025-12-27T00:45:21.780613", "type": "PLAYERPOWERSTATE", "from": "PLAYER_POWER_STATE.ABSORB_ROCK", "to": "PLAYER_POWER_STATE.NONE"}
{"timestamp": "2025-12-27T00:45:24.398986", "type": "PLAYERPOWERSTATE", "from": "PLAYER_POWER_STATE.NONE", "to": "PLAYER_POWER_STATE.ABSORB_ROCK"}
{"timestamp": "2025-12-27T00:45:25.715218", "type": "PLAYERPOWERSTATE", "from": "PLAYER_POWER_STATE.ABSORB_ROCK", "to": "PLAYER_POWER_STATE.NONE"}
{"timestamp": "2025-12-27T00:45:31.280510", "type": "PLAYERPOWERSTATE", "from": "PLAYER_POWER_STATE.NONE", "to": "PLAYER_POWER_STATE.ABSORB_ROCK"}
{"timestamp": "2025-12-27T00:45:31.295285", "type": "PLAYERPOWERSTATE", "from": "PLAYER_POWER_STATE.ABSORB_ROCK", "to": "PLAYER_POWER_STATE.NONE"}
{"timestamp": "2025-12-27T00:47:02.917530", "type": "PLAYERPOWERSTATE", "from": "PLAYER_POWER_STATE.NONE", "to": "PLAYER_POWER_STATE.ABSORB_ROCK"}
{"timestamp": "2025-12-27T00:47:07.924019", "type": "PLAYERPOWERSTATE", "from": "PLAYER_POWER_STATE.ABSORB_ROCK", "to": "PLAYER_POWER_STATE.NONE"}
{"timestamp": "2025-12-27T00:47:23.379758", "type": "PLAYERPOWERSTATE", "from": "PLAYER_POWER_STATE.NONE", "to": "PLAYER_POWER_STATE.ABSORB_ROCK"}
{"timestamp": "2025-12-27T00:47:28.396361", "type": "PLAYERPOWERSTATE", "from": "PLAYER_POWER_STATE.ABSORB_ROCK", "to": "PLAYER_POWER_STATE.NONE"}
{"timestamp": "2025-12-27T00:47:34.153793", "type": "PLAYERPOWERSTATE", "from": "PLAYER_POWER_STATE.NONE", "to": "PLAYER_POWER_STATE.ABSORB_ROCK"}
{"timestamp": "2025-12-27T00:47:39.157212", "type": "PLAYERPOWERSTATE", "from": "PLAYER_POWER_STATE.ABSORB_ROCK", "to": "PLAYER_POWER_STATE.NONE"}
{"timestamp": "2025-12-27T00:47:48.816531", "type": "PLAYERPOWERSTATE", "from": "PLAYER_POWER_STATE.NONE", "to": "PLAYER_POWER_STATE.ABSORB_ROCK"}
{"timestamp": "2025-12-27T00:47:53.834145", "type": "PLAYERPOWERSTATE", "from": "PLAYER_POWER_STATE.ABSORB_ROCK", "to": "PLAYER_POWER_STATE.NONE"}
{"timestamp": "2025-12-27T00:48:07.215107", "type": "PLAYERPOWERSTATE", "from": "PLAYER_POWER_STATE.NONE", "to": "PLAYER_POWER_STATE.ABSORB_ROCK"}
{"timestamp": "2025-12-27T00:48:12.908448", "type": "PLAYERPOWERSTATE", "from": "PLAYER_POWER_STATE.ABSORB_ROCK", "to": "PLAYER_POWER_STATE.NONE"}
{"timestamp": "2025-12-27T00:48:25.295686", "type": "PLAYERPOWERSTATE", "from": "PLAYER_POWER_STATE.NONE", "to": "PLAYER_POWER_STATE.ABSORB_ROCK"}
{"timestamp": "2025-12-27T00:48:27.301414", "type": "PLAYERPOWERSTATE", "from": "PLAYER_POWER_STATE.ABSORB_ROCK", "to": "PLAYER_POWER_STATE.ANTI_SHRINK"}
{"timestamp": "2025-12-27T00:48:30.299740", "type": "PLAYERPOWERSTATE", "from": "PLAYER_POWER_STATE.ANTI_SHRINK", "to": "PLAYER_POWER_STATE.NONE"}
{"timestamp": "2025-12-27T00:48:32.271713", "type": "PLAYERPOWERSTATE", "from": "PLAYER_POWER_STATE.NONE", "to": "PLAYER_POWER_STATE.ABSORB_ROCK"}
{"timestamp": "2025-12-27T00:48:32.888002", "type": "PLAYERPOWERSTATE", "from": "PLAYER_POWER_STATE.ABSORB_ROCK", "to": "PLAYER_POWER_STATE.ANTI_SHRINK"}
{"timestamp": "2025-12-27T00:48:33.190463", "type": "PLAYERPOWERSTATE", "from": "PLAYER_POWER_STATE.ANTI_SHRINK", "to": "PLAYER_POWER_STATE.NONE"}
{"timestamp": "2025-12-27T00:48:38.957488", "type": "PLAYERPOWERSTATE", "from": "PLAYER_POWER_STATE.NONE", "to": "PLAYER_POWER_STATE.ANTI_SHRINK"}
{"timestamp": "2025-12-27T00:48:38.972993", "type": "PLAYERPOWERSTATE", "from": "PLAYER_POWER_STATE.ANTI_SHRINK", "to": "PLAYER_POWER_STATE.NONE"}
{"timestamp": "2025-12-27T00:48:41.783640", "type": "PLAYERPOWERSTATE", "from": "PLAYER_POWER_STATE.NONE", "to": "PLAYER_POWER_STATE.ABSORB_ROCK"}
{"timestamp": "2025-12-27T00:48:42.331222", "type": "PLAYERPOWERSTATE", "from": "PLAYER_POWER_STATE.ABSORB_ROCK", "to": "PLAYER_POWER_STATE.ANTI_SHRINK"}
{"timestamp": "2025-12-27T00:48:43.711576", "type": "PLAYERPOWERSTATE", "from": "PLAYER_POWER_STATE.ANTI_SHRINK", "to": "PLAYER_POWER_STATE.ABSORB_ROCK"}
{"timestamp": "2025-12-27T00:48:45.543141", "type": "PLAYERPOWERSTATE", "from": "PLAYER_POWER_STATE.ABSORB_ROCK", "to": "PLAYER_POWER_STATE.NONE"}
{"timestamp": "2025-12-27T00:48:51.779631", "type": "PLAYERPOWERSTATE", "from": "PLAYER_POWER_STATE.NONE", "to": "PLAYER_POWER_STATE.ABSORB_ROCK"}
{"timestamp": "2025-12-27T00:48:51.795324", "type": "PLAYERPOWERSTATE", "from": "PLAYER_POWER_STATE.ABSORB_ROCK", "to": "PLAYER_POWER_STATE.NONE"}
{"timestamp": "2025-12-27T00:48:51.812008", "type": "PLAYERPOWERSTATE", "from": "PLAYER_POWER_STATE.NONE", "to": "PLAYER_POWER_STATE.ANTI_SHRINK"}
{"timestamp": "2025-12-27T00:48:54.136251", "type": "PLAYERPOWERSTATE", "from": "PLAYER_POWER_STATE.ANTI_SHRINK", "to": "PLAYER_POWER_STATE.ABSORB_ROCK"}
{"timestamp": "2025-12-27T00:48:56.079958", "type": "PLAYERPOWERSTATE", "from": "PLAYER_POWER_STATE.ABSORB_ROCK", "to": "PLAYER_POWER_STATE.NONE"}
{"timestamp": "2025-12-27T00:48:59.872995", "type": "PLAYERPOWERSTATE", "from": "PLAYER_POWER_STATE.NONE", "to": "PLAYER_POWER_STATE.ABSORB_ROCK"}
{"timestamp": "2025-12-27T00:48:59.889128", "type": "PLAYERPOWERSTATE", "from": "PLAYER_POWER_STATE.ABSORB_ROCK", "to": "PLAYER_POWER_STATE.NONE"}
{"timestamp": "2025-12-27T00:49:09.853848", "type": "PLAYERPOWERSTATE", "from": "PLAYER_POWER_STATE.NONE", "to": "PLAYER_POWER_STATE.ABSORB_ROCK"}
{"timestamp": "2025-12-27T00:49:12.842058", "type": "PLAYERPOWERSTATE", "from": "PLAYER_POWER_STATE.ABSORB_ROCK", "to": "PLAYER_POWER_STATE.ANTI_SHRINK"}
{"timestamp": "2025-12-27T00:49:14.868077", "type": "PLAYERPOWERSTATE", "from": "PLAYER_POWER_STATE.ANTI_SHRINK", "to": "PLAYER_POWER_STATE.NONE"}
{"timestamp": "2025-12-27T00:49:20.403547", "type": "PLAYERPOWERSTATE", "from": "PLAYER_POWER_STATE.NONE", "to": "PLAYER_POWER_STATE.ABSORB_ROCK"}
{"timestamp": "2025-12-27T00:49:25.407126", "type": "PLAYERPOWERSTATE", "from": "PLAYER_POWER_STATE.ABSORB_ROCK", "to": "PLAYER_POWER_STATE.NONE"}
{"timestamp": "2025-12-27T00:49:28.511682", "type": "PLAYERPOWERSTATE", "from": "PLAYER_POWER_STATE.NONE", "to": "PLAYER_POWER_STATE.ANTI_SHRINK"}
{"timestamp": "2025-12-27T00:49:33.527972", "type": "PLAYERPOWERSTATE", "from": "PLAYER_POWER_STATE.ANTI_SHRINK", "to": "PLAYER_POWER_STATE.NONE"}
{"timestamp": "2025-12-27T00:49:38.420476", "type": "PLAYERPOWERSTATE", "from": "PLAYER_POWER_STATE.NONE", "to": "PLAYER_POWER_STATE.ABSORB_ROCK"}
{"timestamp": "2025-12-27T00:49:43.436924", "type": "PLAYERPOWERSTATE", "from": "PLAYER_POWER_STATE.ABSORB_ROCK", "to": "PLAYER_POWER_STATE.NONE"}
{"timestamp": "2025-12-27T00:49:43.517379", "type": "PLAYERPOWERSTATE", "from": "PLAYER_POWER_STATE.NONE", "to": "PLAYER_POWER_STATE.ANTI_SHRINK"}
{"timestamp": "2025-12-27T00:49:44.466199", "type": "PLAYERPOWERSTATE", "from": "PLAYER_POWER_STATE.ANTI_SHRINK", "to": "PLAYER_POWER_STATE.ABSORB_ROCK"}
{"timestamp": "2025-12-27T00:49:48.392096", "type": "PLAYERPOWERSTATE", "from": "PLAYER_POWER_STATE.ABSORB_ROCK", "to": "PLAYER_POWER_STATE.NONE"}
{"timestamp": "2025-12-27T00:49:52.251450", "type": "PLAYERPOWERSTATE", "from": "PLAYER_POWER_STATE.NONE", "to": "PLAYER_POWER_STATE.ABSORB_ROCK"}
{"timestamp": "2025-12-27T00:49:52.268793", "type": "PLAYERPOWERSTATE", "from": "PLAYER_POWER_STATE.ABSORB_ROCK", "to": "PLAYER_POWER_STATE.NONE"}
{"timestamp": "2025-12-27T02:26:32.991361", "type": "PLAYERPOWERSTATE", "from": "PLAYER_POWER_STATE.NONE", "to": "PLAYER_POWER_STATE.ANTI_SHRINK"}
{"timestamp": "2025-12-27T02:26:37.996346", "type": "PLAYERPOWERSTATE", "from": "PLAYER_POWER_STATE.ANTI_SHRINK", "to": "PLAYER_POWER_STATE.NONE"}
{"timestamp": "2025-12-27T02:26:39.044826", "type": "PLAYERPOWERSTATE", "from": "PLAYER_POWER_STATE.NONE", "to": "PLAYER_POWER_STATE.ANTI_SHRINK"}
{"timestamp": "2025-12-27T02:40:15.138478", "type": "PLAYERPOWERSTATE", "from": "PLAYER_POWER_STATE.NONE", "to": "PLAYER_POWER_STATE.ABSORB_ROCK"}
{"timestamp": "2025-12-27T02:40:16.536756", "type": "PLAYERPOWERSTATE", "from": "PLAYER_POWER_STATE.ABSORB_ROCK", "to": "PLAYER_POWER_STATE.ANTI_SHRINK"}
{"timestamp": "2025-12-27T02:40:20.148633", "type": "PLAYERPOWERSTATE", "from": "PLAYER_POWER_STATE.ANTI_SHRINK", "to": "PLAYER_POWER_STATE.NONE"}
{"timestamp": "2025-12-27T02:42:17.442634", "type": "PLAYERPOWERSTATE", "from": "PLAYER_POWER_STATE.NONE", "to": "PLAYER_POWER_STATE.ANTI_SHRINK"}
{"timestamp": "2025-12-27T02:42:20.894741", "type": "PLAYERPOWERSTATE", "from": "PLAYER_POWER_STATE.ANTI_SHRINK", "to": "PLAYER_POWER_STATE.ABSORB_ROCK"}
{"timestamp": "2025-12-27T02:42:22.024416", "type": "PLAYERPOWERSTATE", "from": "PLAYER_POWER_STATE.ABSORB_ROCK", "to": "PLAYER_POWER_STATE.NONE"}
{"timestamp": "2025-12-27T02:46:56.547965", "type": "PLAYERPOWERSTATE", "from": "PLAYER_POWER_STATE.NONE", "to": "PLAYER_POWER_STATE.ANTI_SHRINK"}
{"timestamp": "2025-12-27T04:57:19.908486", "type": "PLAYERPOWERSTATE", "from": "PLAYER_POWER_STATE.NONE", "to": "PLAYER_POWER_STATE.ABSORB_ROCK"}
{"timestamp": "2025-12-27T04:57:23.387771", "type": "PLAYERPOWERSTATE", "from": "PLAYER_POWER_STATE.ABSORB_ROCK", "to": "PLAYER_POWER_STATE.NONE"}
{"timestamp": "2025-12-27T04:58:04.994369", "type": "PLAYERPOWERSTATE", "from": "PLAYER_POWER_STATE.NONE", "to": "PLAYER_POWER_STATE.ABSORB_ROCK"}
{"timestamp": "2025-12-27T04:58:05.008614", "type": "PLAYERPOWERSTATE", "from": "PLAYER_POWER_STATE.ABSORB_ROCK", "to": "PLAYER_POWER_STATE.NONE"}
{"timestamp": "2025-12-27T04:58:25.692922", "type": "PLAYERPOWERSTATE", "from": "PLAYER_POWER_STATE.NONE", "to": "PLAYER_POWER_STATE.ABSORB_ROCK"}
{"timestamp": "2025-12-27T04:58:30.695021", "type": "PLAYERPOWERSTATE", "from": "PLAYER_POWER_STATE.ABSORB_ROCK", "to": "PLAYER_POWER_STATE.NONE"}
{"timestamp": "2025-12-27T04:58:32.332431", "type": "PLAYERPOWERSTATE", "from": "PLAYER_POWER_STATE.NONE", "to": "PLAYER_POWER_STATE.ABSORB_ROCK"}
{"timestamp": "2025-12-27T04:58:36.061894", "type": "PLAYERPOWERSTATE", "from": "PLAYER_POWER_STATE.ABSORB_ROCK", "to": "PLAYER_POWER_STATE.NONE"}
{"timestamp": "2025-12-27T04:58:42.208397", "type": "PLAYERPOWERSTATE", "from": "PLAYER_POWER_STATE.NONE", "to": "PLAYER_POWER_STATE.ABSORB_ROCK"}
{"timestamp": "2025-12-27T04:58:42.223537", "type": "PLAYERPOWERSTATE", "from": "PLAYER_POWER_STATE.ABSORB_ROCK", "to": "PLAYER_POWER_STATE.NONE"}
{"timestamp": "2025-12-27T04:58:44.090279", "type": "PLAYERPOWERSTATE", "from": "PLAYER_POWER_STATE.NONE", "to": "PLAYER_POWER_STATE.ABSORB_ROCK"}
{"timestamp": "2025-12-27T04:58:48.293119", "type": "PLAYERPOWERSTATE", "from": "PLAYER_POWER_STATE.ABSORB_ROCK", "to": "PLAYER_POWER_STATE.NONE"}
{"timestamp": "2025-12-27T04:58:52.799212", "type": "PLAYERPOWERSTATE", "from": "PLAYER_POWER_STATE.NONE", "to": "PLAYER_POWER_STATE.ANTI_SHRINK"}
{"timestamp": "2025-12-27T04:58:52.815182", "type": "PLAYERPOWERSTATE", "from": "PLAYER_POWER_STATE.ANTI_SHRINK", "to": "PLAYER_POWER_STATE.NONE"}
{"timestamp": "2025-12-27T04:59:02.611447", "type": "PLAYERPOWERSTATE", "from": "PLAYER_POWER_STATE.NONE", "to": "PLAYER_POWER_STATE.ANTI_SHRINK"}
{"timestamp": "2025-12-27T04:59:07.623159", "type": "PLAYERPOWERSTATE", "from": "PLAYER_POWER_STATE.ANTI_SHRINK", "to": "PLAYER_POWER_STATE.NONE"}
{"timestamp": "2025-12-27T04:59:10.468074", "type": "PLAYERPOWERSTATE", "from": "PLAYER_POWER_STATE.NONE", "to": "PLAYER_POWER_STATE.ABSORB_ROCK"}
{"timestamp": "2025-12-27T04:59:12.685087", "type": "PLAYERPOWERSTATE", "from": "PLAYER_POWER_STATE.ABSORB_ROCK", "to": "PLAYER_POWER_STATE.NONE"}
{"timestamp": "2025-12-27T04:59:18.574329", "type": "PLAYERPOWERSTATE", "from": "PLAYER_POWER_STATE.NONE", "to": "PLAYER_POWER_STATE.ABSORB_ROCK"}
{"timestamp": "2025-12-27T04:59:18.590763", "type": "PLAYERPOWERSTATE", "from": "PLAYER_POWER_STATE.ABSORB_ROCK", "to": "PLAYER_POWER_STATE.NONE"}
{"timestamp": "2025-12-27T04:59:26.114240", "type": "PLAYERPOWERSTATE", "from": "PLAYER_POWER_STATE.NONE", "to": "PLAYER_POWER_STATE.ANTI_SHRINK"}
{"timestamp": "2025-12-27T04:59:30.478937", "type": "PLAYERPOWERSTATE", "from": "PLAYER_POWER_STATE.ANTI_SHRINK", "to": "PLAYER_POWER_STATE.NONE"}
{"timestamp": "2025-12-27T05:02:52.799678", "type": "PLAYERPOWERSTATE", "from": "PLAYER_POWER_STATE.NONE", "to": "PLAYER_POWER_STATE.ABSORB_ROCK"}
{"timestamp": "2025-12-27T05:02:55.271901", "type": "PLAYERPOWERSTATE", "from": "PLAYER_POWER_STATE.ABSORB_ROCK", "to": "PLAYER_POWER_STATE.ANTI_SHRINK"}
{"timestamp": "2025-12-27T05:02:57.808214", "type": "PLAYERPOWERSTATE", "from": "PLAYER_POWER_STATE.ANTI_SHRINK", "to": "PLAYER_POWER_STATE.NONE"}
{"timestamp": "2025-12-27T05:02:59.727195", "type": "PLAYERPOWERSTATE", "from": "PLAYER_POWER_STATE.NONE", "to": "PLAYER_POWER_STATE.ANTI_SHRINK"}
{"timestamp": "2025-12-27T05:03:01.512721", "type": "PLAYERPOWERSTATE", "from": "PLAYER_POWER_STATE.ANTI_SHRINK", "to": "PLAYER_POWER_STATE.ABSORB_ROCK"}
{"timestamp": "2025-12-27T05:03:04.739124", "type": "PLAYERPOWERSTATE", "from": "PLAYER_POWER_STATE.ABSORB_ROCK", "to": "PLAYER_POWER_STATE.NONE"}
{"timestamp": "2025-12-27T05:06:02.546693", "type": "PLAYERPOWERSTATE", "from": "PLAYER_POWER_STATE.NONE", "to": "PLAYER_POWER_STATE.ANTI_SHRINK"}
{"timestamp": "2025-12-27T05:06:21.913511", "type": "PLAYERPOWERSTATE", "from": "PLAYER_POWER_STATE.NONE", "to": "PLAYER_POWER_STATE.ABSORB_ROCK"}
{"timestamp": "2025-12-27T05:06:23.379610", "type": "PLAYERPOWERSTATE", "from": "PLAYER_POWER_STATE.ABSORB_ROCK", "to": "PLAYER_POWER_STATE.ANTI_SHRINK"}
{"timestamp": "2025-12-27T05:06:26.134039", "type": "PLAYERPOWERSTATE", "from": "PLAYER_POWER_STATE.ANTI_SHRINK", "to": "PLAYER_POWER_STATE.ABSORB_ROCK"}
{"timestamp": "2025-12-27T05:06:27.079399", "type": "PLAYERPOWERSTATE", "from": "PLAYER_POWER_STATE.ABSORB_ROCK", "to": "PLAYER_POWER_STATE.ANTI_SHRINK"}
{"timestamp": "2025-12-27T05:06:31.117811", "type": "PLAYERPOWERSTATE", "from": "PLAYER_POWER_STATE.ANTI_SHRINK", "to": "PLAYER_POWER_STATE.NONE"}
{"timestamp": "2025-12-27T05:06:40.505554", "type": "PLAYERPOWERSTATE", "from": "PLAYER_POWER_STATE.NONE", "to": "PLAYER_POWER_STATE.ANTI_SHRINK"}
{"timestamp": "2025-12-27T05:06:41.357068", "type": "PLAYERPOWERSTATE", "from": "PLAYER_POWER_STATE.ANTI_SHRINK", "to": "PLAYER_POWER_STATE.ABSORB_ROCK"}
{"timestamp": "2025-12-27T05:06:46.484140", "type": "PLAYERPOWERSTATE", "from": "PLAYER_POWER_STATE.ABSORB_ROCK", "to": "PLAYER_POWER_STATE.ANTI_SHRINK"}
{"timestamp": "2025-12-27T05:06:47.303425", "type": "PLAYERPOWERSTATE", "from": "PLAYER_POWER_STATE.ANTI_SHRINK", "to": "PLAYER_POWER_STATE.ABSORB_ROCK"}
{"timestamp": "2025-12-27T05:06:48.761992", "type": "PLAYERPOWERSTATE", "from": "PLAYER_POWER_STATE.ABSORB_ROCK", "to": "PLAYER_POWER_STATE.ANTI_SHRINK"}
{"timestamp": "2025-12-27T05:06:49.310734", "type": "PLAYERPOWERSTATE", "from": "PLAYER_POWER_STATE.ANTI_SHRINK", "to": "PLAYER_POWER_STATE.NONE"}
{"timestamp": "2025-12-27T05:06:55.975765", "type": "PLAYERPOWERSTATE", "from": "PLAYER_POWER_STATE.NONE", "to": "PLAYER_POWER_STATE.ABSORB_ROCK"}
{"timestamp": "2025-12-27T05:06:58.023162", "type": "PLAYERPOWERSTATE", "from": "PLAYER_POWER_STATE.ABSORB_ROCK", "to": "PLAYER_POWER_STATE.ANTI_SHRINK"}
{"timestamp": "2025-12-27T05:06:59.470433", "type": "PLAYERPOWERSTATE", "from": "PLAYER_POWER_STATE.ANTI_SHRINK", "to": "PLAYER_POWER_STATE.ABSORB_ROCK"}
{"timestamp": "2025-12-27T05:07:02.520642", "type": "PLAYERPOWERSTATE", "from": "PLAYER_POWER_STATE.ABSORB_ROCK", "to": "PLAYER_POWER_STATE.ANTI_SHRINK"}
{"timestamp": "2025-12-27T05:07:07.529188", "type": "PLAYERPOWERSTATE", "from": "PLAYER_POWER_STATE.ANTI_SHRINK", "to": "PLAYER_POWER_STATE.NONE"}
{"timestamp": "2025-12-27T05:07:24.308461", "type": "PLAYERPOWERSTATE", "from": "PLAYER_POWER_STATE.NONE", "to": "PLAYER_POWER_STATE.ABSORB_ROCK"}
{"timestamp": "2025-12-27T05:07:30.032521", "type": "PLAYERPOWERSTATE", "from": "PLAYER_POWER_STATE.ABSORB_ROCK", "to": "PLAYER_POWER_STATE.NONE"}
{"timestamp": "2025-12-27T05:11:45.498019", "type": "PLAYERPOWERSTATE", "from": "PLAYER_POWER_STATE.NONE", "to": "PLAYER_POWER_STATE.ABSORB_ROCK"}
{"timestamp": "2025-12-27T05:11:46.783557", "type": "PLAYERPOWERSTATE", "from": "PLAYER_POWER_STATE.ABSORB_ROCK", "to": "PLAYER_POWER_STATE.ANTI_SHRINK"}
{"timestamp": "2025-12-27T05:11:51.791140", "type": "PLAYERPOWERSTATE", "from": "PLAYER_POWER_STATE.ANTI_SHRINK", "to": "PLAYER_POWER_STATE.NONE"}
{"timestamp": "2025-12-27T05:12:01.935660", "type": "PLAYERPOWERSTATE", "from": "PLAYER_POWER_STATE.NONE", "to": "PLAYER_POWER_STATE.ANTI_SHRINK"}
{"timestamp": "2025-12-27T05:12:02.624361", "type": "PLAYERPOWERSTATE", "from": "PLAYER_POWER_STATE.ANTI_SHRINK", "to": "PLAYER_POWER_STATE.NONE"}
{"timestamp": "2025-12-27T05:16:35.139504", "type": "PLAYERPOWERSTATE", "from": "PLAYER_POWER_STATE.NONE", "to": "PLAYER_POWER_STATE.ANTI_SHRINK"}
{"timestamp": "2025-12-27T05:16:37.248747", "type": "PLAYERPOWERSTATE", "from": "PLAYER_POWER_STATE.ANTI_SHRINK", "to": "PLAYER_POWER_STATE.ABSORB_ROCK"}
{"timestamp": "2025-12-27T05:16:41.737131", "type": "PLAYERPOWERSTATE", "from": "PLAYER_POWER_STATE.ABSORB_ROCK", "to": "PLAYER_POWER_STATE.NONE"}
{"timestamp": "2025-12-27T05:18:35.563533", "type": "PLAYERPOWERSTATE", "from": "PLAYER_POWER_STATE.NONE", "to": "PLAYER_POWER_STATE.ABSORB_ROCK"}
{"timestamp": "2025-12-27T05:18:44.473501", "type": "PLAYERPOWERSTATE", "from": "PLAYER_POWER_STATE.ABSORB_ROCK", "to": "PLAYER_POWER_STATE.NONE"}
{"timestamp": "2025-12-27T05:18:46.581028", "type": "PLAYERPOWERSTATE", "from": "PLAYER_POWER_STATE.NONE", "to": "PLAYER_POWER_STATE.ABSORB_ROCK"}
{"timestamp": "2025-12-27T05:18:47.175265", "type": "PLAYERPOWERSTATE", "from": "PLAYER_POWER_STATE.ABSORB_ROCK", "to": "PLAYER_POWER_STATE.NONE"}
{"timestamp": "2025-12-27T05:18:56.944318", "type": "PLAYERPOWERSTATE", "from": "PLAYER_POWER_STATE.NONE", "to": "PLAYER_POWER_STATE.ABSORB_ROCK"}
{"timestamp": "2025-12-27T05:18:58.594594", "type": "PLAYERPOWERSTATE", "from": "PLAYER_POWER_STATE.ABSORB_ROCK", "to": "PLAYER_POWER_STATE.NONE"}
{"timestamp": "2025-12-27T05:19:09.964560", "type": "PLAYERPOWERSTATE", "from": "PLAYER_POWER_STATE.NONE", "to": "PLAYER_POWER_STATE.ABSORB_ROCK"}
{"timestamp": "2025-12-27T05:19:11.172522", "type": "PLAYERPOWERSTATE", "from": "PLAYER_POWER_STATE.ABSORB_ROCK", "to": "PLAYER_POWER_STATE.ANTI_SHRINK"}
{"timestamp": "2025-12-27T05:22:56.278287", "type": "PLAYERPOWERSTATE", "from": "PLAYER_POWER_STATE.NONE", "to": "PLAYER_POWER_STATE.ABSORB_ROCK"}
{"timestamp": "2025-12-27T05:23:01.289098", "type": "PLAYERPOWERSTATE", "from": "PLAYER_POWER_STATE.ABSORB_ROCK", "to": "PLAYER_POWER_STATE.NONE"}
{"timestamp": "2025-12-27T05:23:07.884287", "type": "PLAYERPOWERSTATE", "from": "PLAYER_POWER_STATE.NONE", "to": "PLAYER_POWER_STATE.ABSORB_ROCK"}
{"timestamp": "2025-12-27T05:23:09.044760", "type": "PLAYERPOWERSTATE", "from": "PLAYER_POWER_STATE.ABSORB_ROCK", "to": "PLAYER_POWER_STATE.ANTI_SHRINK"}
{"timestamp": "2025-12-27T05:23:14.046747", "type": "PLAYERPOWERSTATE", "from": "PLAYER_POWER_STATE.ANTI_SHRINK", "to": "PLAYER_POWER_STATE.NONE"}
{"timestamp": "2025-12-27T05:24:36.682682", "type": "PLAYERPOWERSTATE", "from": "PLAYER_POWER_STATE.NONE", "to": "PLAYER_POWER_STATE.ABSORB_ROCK"}
{"timestamp": "2025-12-27T05:24:41.698418", "type": "PLAYERPOWERSTATE", "from": "PLAYER_POWER_STATE.ABSORB_ROCK", "to": "PLAYER_POWER_STATE.NONE"}
{"timestamp": "2025-12-27T05:26:53.855142", "type": "PLAYERPOWERSTATE", "from": "PLAYER_POWER_STATE.NONE", "to": "PLAYER_POWER_STATE.ANTI_SHRINK"}
{"timestamp": "2025-12-27T05:27:00.139236", "type": "PLAYERPOWERSTATE", "from": "PLAYER_POWER_STATE.ANTI_SHRINK", "to": "PLAYER_POWER_STATE.NONE"}
{"timestamp": "2025-12-27T05:27:04.739248", "type": "PLAYERPOWERSTATE", "from": "PLAYER_POWER_STATE.NONE", "to": "PLAYER_POWER_STATE.ABSORB_ROCK"}
{"timestamp": "2025-12-27T05:28:43.316678", "type": "PLAYERPOWERSTATE", "from": "PLAYER_POWER_STATE.NONE", "to": "PLAYER_POWER_STATE.ABSORB_ROCK"}
{"timestamp": "2025-12-27T05:29:08.462296", "type": "PLAYERPOWERSTATE", "from": "PLAYER_POWER_STATE.NONE", "to": "PLAYER_POWER_STATE.ANTI_SHRINK"}
{"timestamp": "2025-12-27T05:29:13.479378", "type": "PLAYERPOWERSTATE", "from": "PLAYER_POWER_STATE.ANTI_SHRINK", "to": "PLAYER_POWER_STATE.NONE"}
{"timestamp": "2025-12-27T05:30:59.181274", "type": "PLAYERPOWERSTATE", "from": "PLAYER_POWER_STATE.NONE", "to": "PLAYER_POWER_STATE.ABSORB_ROCK"}
{"timestamp": "2025-12-27T05:31:04.194667", "type": "PLAYERPOWERSTATE", "from": "PLAYER_POWER_STATE.ABSORB_ROCK", "to": "PLAYER_POWER_STATE.NONE"}
{"timestamp": "2025-12-27T05:31:05.998555", "type": "PLAYERPOWERSTATE", "from": "PLAYER_POWER_STATE.NONE", "to": "PLAYER_POWER_STATE.ABSORB_ROCK"}
{"timestamp": "2025-12-27T05:31:07.010803", "type": "PLAYERPOWERSTATE", "from": "PLAYER_POWER_STATE.ABSORB_ROCK", "to": "PLAYER_POWER_STATE.ANTI_SHRINK"}
{"timestamp": "2025-12-27T05:31:12.014317", "type": "PLAYERPOWERSTATE", "from": "PLAYER_POWER_STATE.ANTI_SHRINK", "to": "PLAYER_POWER_STATE.NONE"}
{"timestamp": "2025-12-27T05:31:16.489861", "type": "PLAYERPOWERSTATE", "from": "PLAYER_POWER_STATE.NONE", "to": "PLAYER_POWER_STATE.ABSORB_ROCK"}
{"timestamp": "2025-12-27T05:31:17.483454", "type": "PLAYERPOWERSTATE", "from": "PLAYER_POWER_STATE.ABSORB_ROCK", "to": "PLAYER_POWER_STATE.ANTI_SHRINK"}
{"timestamp": "2025-12-27T05:31:32.196006", "type": "PLAYERPOWERSTATE", "from": "PLAYER_POWER_STATE.NONE", "to": "PLAYER_POWER_STATE.ABSORB_ROCK"}
{"timestamp": "2025-12-27T05:32:00.502760", "type": "PLAYERPOWERSTATE", "from": "PLAYER_POWER_STATE.NONE", "to": "PLAYER_POWER_STATE.ANTI_SHRINK"}
{"timestamp": "2025-12-27T05:32:03.563086", "type": "PLAYERPOWERSTATE", "from": "PLAYER_POWER_STATE.ANTI_SHRINK", "to": "PLAYER_POWER_STATE.NONE"}
{"timestamp": "2025-12-27T05:32:10.390930", "type": "PLAYERPOWERSTATE", "from": "PLAYER_POWER_STATE.NONE", "to": "PLAYER_POWER_STATE.ABSORB_ROCK"}
{"timestamp": "2025-12-27T05:32:11.865367", "type": "PLAYERPOWERSTATE", "from": "PLAYER_POWER_STATE.ABSORB_ROCK", "to": "PLAYER_POWER_STATE.ANTI_SHRINK"}
{"timestamp": "2025-12-27T05:32:16.875319", "type": "PLAYERPOWERSTATE", "from": "PLAYER_POWER_STATE.ANTI_SHRINK", "to": "PLAYER_POWER_STATE.NONE"}
{"timestamp": "2025-12-27T05:32:55.476110", "type": "PLAYERPOWERSTATE", "from": "PLAYER_POWER_STATE.NONE", "to": "PLAYER_POWER_STATE.ANTI_SHRINK"}
{"timestamp": "2025-12-27T05:32:58.239669", "type": "PLAYERPOWERSTATE", "from": "PLAYER_POWER_STATE.ANTI_SHRINK", "to": "PLAYER_POWER_STATE.NONE"}
{"timestamp": "2025-12-27T05:33:02.121688", "type": "PLAYERPOWERSTATE", "from": "PLAYER_POWER_STATE.NONE", "to": "PLAYER_POWER_STATE.ANTI_SHRINK"}
{"timestamp": "2025-12-27T05:34:21.109276", "type": "PLAYERPOWERSTATE", "from": "PLAYER_POWER_STATE.NONE", "to": "PLAYER_POWER_STATE.ANTI_SHRINK"}
{"timestamp": "2025-12-27T05:34:26.112260", "type": "PLAYERPOWERSTATE", "from": "PLAYER_POWER_STATE.ANTI_SHRINK", "to": "PLAYER_POWER_STATE.NONE"}
{"timestamp": "2025-12-27T05:36:02.457808", "type": "PLAYERPOWERSTATE", "from": "PLAYER_POWER_STATE.NONE", "to": "PLAYER_POWER_STATE.ABSORB_ROCK"}
{"timestamp": "2025-12-27T05:36:07.469873", "type": "PLAYERPOWERSTATE", "from": "PLAYER_POWER_STATE.ABSORB_ROCK", "to": "PLAYER_POWER_STATE.NONE"}
{"timestamp": "2025-12-27T05:36:13.387754", "type": "PLAYERPOWERSTATE", "from": "PLAYER_POWER_STATE.NONE", "to": "PLAYER_POWER_STATE.ABSORB_ROCK"}
{"timestamp": "2025-12-27T05:36:16.200396", "type": "PLAYERPOWERSTATE", "from": "PLAYER_POWER_STATE.ABSORB_ROCK", "to": "PLAYER_POWER_STATE.NONE"}
{"timestamp": "2025-12-27T05:36:31.617465", "type": "PLAYERPOWERSTATE", "from": "PLAYER_POWER_STATE.NONE", "to": "PLAYER_POWER_STATE.ABSORB_ROCK"}
{"timestamp": "2025-12-27T05:44:13.931209", "type": "PLAYERPOWERSTATE", "from": "PLAYER_POWER_STATE.NONE", "to": "PLAYER_POWER_STATE.ABSORB_ROCK"}
{"timestamp": "2025-12-27T05:44:15.949995", "type": "PLAYERPOWERSTATE", "from": "PLAYER_POWER_STATE.ABSORB_ROCK", "to": "PLAYER_POWER_STATE.NONE"}
{"timestamp": "2025-12-27T05:44:25.798090", "type": "PLAYERPOWERSTATE", "from": "PLAYER_POWER_STATE.NONE", "to": "PLAYER_POWER_STATE.ABSORB_ROCK"}
{"timestamp": "2025-12-27T05:44:30.815364", "type": "PLAYERPOWERSTATE", "from": "PLAYER_POWER_STATE.ABSORB_ROCK", "to": "PLAYER_POWER_STATE.NONE"}
{"timestamp": "2025-12-27T05:44:37.246955", "type": "PLAYERPOWERSTATE", "from": "PLAYER_POWER_STATE.NONE", "to": "PLAYER_POWER_STATE.ABSORB_ROCK"}
{"timestamp": "2025-12-27T05:44:39.249855", "type": "PLAYERPOWERSTATE", "from": "PLAYER_POWER_STATE.ABSORB_ROCK", "to": "PLAYER_POWER_STATE.ANTI_SHRINK"}
{"timestamp": "2025-12-27T05:45:17.568097", "type": "PLAYERPOWERSTATE", "from": "PLAYER_POWER_STATE.NONE", "to": "PLAYER_POWER_STATE.ABSORB_ROCK"}
{"timestamp": "2025-12-27T05:45:19.242070", "type": "PLAYERPOWERSTATE", "from": "PLAYER_POWER_STATE.ABSORB_ROCK", "to": "PLAYER_POWER_STATE.ANTI_SHRINK"}
{"timestamp": "2025-12-27T05:45:23.637783", "type": "PLAYERPOWERSTATE", "from": "PLAYER_POWER_STATE.ANTI_SHRINK", "to": "PLAYER_POWER_STATE.NONE"}
{"timestamp": "2025-12-27T05:46:30.836234", "type": "PLAYERPOWERSTATE", "from": "PLAYER_POWER_STATE.NONE", "to": "PLAYER_POWER_STATE.ANTI_SHRINK"}
{"timestamp": "2025-12-27T05:46:35.838314", "type": "PLAYERPOWERSTATE", "from": "PLAYER_POWER_STATE.ANTI_SHRINK", "to": "PLAYER_POWER_STATE.NONE"}
{"timestamp": "2025-12-27T05:46:42.035145", "type": "PLAYERPOWERSTATE", "from": "PLAYER_POWER_STATE.NONE", "to": "PLAYER_POWER_STATE.ANTI_SHRINK"}
{"timestamp": "2025-12-27T05:46:47.039656", "type": "PLAYERPOWERSTATE", "from": "PLAYER_POWER_STATE.ANTI_SHRINK", "to": "PLAYER_POWER_STATE.NONE"}
{"timestamp": "2025-12-27T05:46:48.441322", "type": "PLAYERPOWERSTATE", "from": "PLAYER_POWER_STATE.NONE", "to": "PLAYER_POWER_STATE.ABSORB_ROCK"}
{"timestamp": "2025-12-27T05:46:49.034758", "type": "PLAYERPOWERSTATE", "from": "PLAYER_POWER_STATE.ABSORB_ROCK", "to": "PLAYER_POWER_STATE.NONE"}
{"timestamp": "2025-12-27T05:46:53.318208", "type": "PLAYERPOWERSTATE", "from": "PLAYER_POWER_STATE.NONE", "to": "PLAYER_POWER_STATE.ABSORB_ROCK"}
{"timestamp": "2025-12-27T05:46:59.967277", "type": "PLAYERPOWERSTATE", "from": "PLAYER_POWER_STATE.ABSORB_ROCK", "to": "PLAYER_POWER_STATE.NONE"}
{"timestamp": "2025-12-27T05:47:01.061300", "type": "PLAYERPOWERSTATE", "from": "PLAYER_POWER_STATE.NONE", "to": "PLAYER_POWER_STATE.ANTI_SHRINK"}
{"timestamp": "2025-12-27T05:48:21.307291", "type": "PLAYERPOWERSTATE", "from": "PLAYER_POWER_STATE.NONE", "to": "PLAYER_POWER_STATE.ABSORB_ROCK"}
{"timestamp": "2025-12-27T05:48:21.934846", "type": "PLAYERPOWERSTATE", "from": "PLAYER_POWER_STATE.ABSORB_ROCK", "to": "PLAYER_POWER_STATE.ANTI_SHRINK"}
{"timestamp": "2025-12-27T05:48:29.154494", "type": "PLAYERPOWERSTATE", "from": "PLAYER_POWER_STATE.ANTI_SHRINK", "to": "PLAYER_POWER_STATE.NONE"}
{"timestamp": "2025-12-27T05:48:36.733086", "type": "PLAYERPOWERSTATE", "from": "PLAYER_POWER_STATE.NONE", "to": "PLAYER_POWER_STATE.ABSORB_ROCK"}
{"timestamp": "2025-12-27T05:48:41.745139", "type": "PLAYERPOWERSTATE", "from": "PLAYER_POWER_STATE.ABSORB_ROCK", "to": "PLAYER_POWER_STATE.NONE"}
{"timestamp": "2025-12-27T05:57:19.730126", "type": "PLAYERPOWERSTATE", "from": "PLAYER_POWER_STATE.NONE", "to": "PLAYER_POWER_STATE.ABSORB_ROCK"}
{"timestamp": "2025-12-27T05:57:21.843646", "type": "PLAYERPOWERSTATE", "from": "PLAYER_POWER_STATE.ABSORB_ROCK", "to": "PLAYER_POWER_STATE.NONE"}
{"timestamp": "2025-12-27T05:58:25.649115", "type": "PLAYERPOWERSTATE", "from": "PLAYER_POWER_STATE.NONE", "to": "PLAYER_POWER_STATE.ABSORB_ROCK"}
{"timestamp": "2025-12-27T05:58:39.128723", "type": "PLAYERPOWERSTATE", "from": "PLAYER_POWER_STATE.ABSORB_ROCK", "to": "PLAYER_POWER_STATE.NONE"}
{"timestamp": "2025-12-27T05:58:39.567124", "type": "PLAYERPOWERSTATE", "from": "PLAYER_POWER_STATE.NONE", "to": "PLAYER_POWER_STATE.ANTI_SHRINK"}
{"timestamp": "2025-12-27T05:58:41.305059", "type": "PLAYERPOWERSTATE", "from": "PLAYER_POWER_STATE.ANTI_SHRINK", "to": "PLAYER_POWER_STATE.NONE"}
{"timestamp": "2025-12-27T05:58:47.061446", "type": "PLAYERPOWERSTATE", "from": "PLAYER_POWER_STATE.NONE", "to": "PLAYER_POWER_STATE.ABSORB_ROCK"}
{"timestamp": "2025-12-27T05:58:55.760120", "type": "PLAYERPOWERSTATE", "from": "PLAYER_POWER_STATE.ABSORB_ROCK", "to": "PLAYER_POWER_STATE.NONE"}
{"timestamp": "2025-12-27T05:59:00.632341", "type": "PLAYERPOWERSTATE", "from": "PLAYER_POWER_STATE.NONE", "to": "PLAYER_POWER_STATE.ABSORB_ROCK"}
{"timestamp": "2025-12-27T05:59:00.840705", "type": "PLAYERPOWERSTATE", "from": "PLAYER_POWER_STATE.ABSORB_ROCK", "to": "PLAYER_POWER_STATE.ANTI_SHRINK"}
{"timestamp": "2025-12-27T06:00:01.984122", "type": "PLAYERPOWERSTATE", "from": "PLAYER_POWER_STATE.NONE", "to": "PLAYER_POWER_STATE.ABSORB_ROCK"}
{"timestamp": "2025-12-27T06:00:11.034028", "type": "PLAYERPOWERSTATE", "from": "PLAYER_POWER_STATE.ABSORB_ROCK", "to": "PLAYER_POWER_STATE.NONE"}
{"timestamp": "2025-12-27T06:00:20.924362", "type": "PLAYERPOWERSTATE", "from": "PLAYER_POWER_STATE.NONE", "to": "PLAYER_POWER_STATE.ABSORB_ROCK"}
{"timestamp": "2025-12-27T06:00:27.373386", "type": "PLAYERPOWERSTATE", "from": "PLAYER_POWER_STATE.ABSORB_ROCK", "to": "PLAYER_POWER_STATE.NONE"}
{"timestamp": "2025-12-27T06:00:30.866599", "type": "PLAYERPOWERSTATE", "from": "PLAYER_POWER_STATE.NONE", "to": "PLAYER_POWER_STATE.ABSORB_ROCK"}
{"timestamp": "2025-12-27T06:00:37.520038", "type": "PLAYERPOWERSTATE", "from": "PLAYER_POWER_STATE.ABSORB_ROCK", "to": "PLAYER_POWER_STATE.NONE"}
{"timestamp": "2025-12-27T06:00:38.050050", "type": "PLAYERPOWERSTATE", "from": "PLAYER_POWER_STATE.NONE", "to": "PLAYER_POWER_STATE.ABSORB_ROCK"}
{"timestamp": "2025-12-27T06:00:43.412527", "type": "PLAYERPOWERSTATE", "from": "PLAYER_POWER_STATE.ABSORB_ROCK", "to": "PLAYER_POWER_STATE.NONE"}
{"timestamp": "2025-12-27T06:00:52.554138", "type": "PLAYERPOWERSTATE", "from": "PLAYER_POWER_STATE.NONE", "to": "PLAYER_POWER_STATE.ABSORB_ROCK"}
{"timestamp": "2025-12-27T06:00:54.513818", "type": "PLAYERPOWERSTATE", "from": "PLAYER_POWER_STATE.ABSORB_ROCK", "to": "PLAYER_POWER_STATE.NONE"}
{"timestamp": "2025-12-27T06:00:58.293445", "type": "PLAYERPOWERSTATE", "from": "PLAYER_POWER_STATE.NONE", "to": "PLAYER_POWER_STATE.ABSORB_ROCK"}
{"timestamp": "2025-12-27T06:01:04.505413", "type": "PLAYERPOWERSTATE", "from": "PLAYER_POWER_STATE.ABSORB_ROCK", "to": "PLAYER_POWER_STATE.NONE"}
{"timestamp": "2025-12-27T06:01:12.902789", "type": "PLAYERPOWERSTATE", "from": "PLAYER_POWER_STATE.NONE", "to": "PLAYER_POWER_STATE.ANTI_SHRINK"}
{"timestamp": "2025-12-27T06:01:17.904331", "type": "PLAYERPOWERSTATE", "from": "PLAYER_POWER_STATE.ANTI_SHRINK", "to": "PLAYER_POWER_STATE.NONE"}
{"timestamp": "2025-12-27T06:01:21.167048", "type": "PLAYERPOWERSTATE", "from": "PLAYER_POWER_STATE.NONE", "to": "PLAYER_POWER_STATE.ABSORB_ROCK"}
{"timestamp": "2025-12-27T06:01:21.342675", "type": "PLAYERPOWERSTATE", "from": "PLAYER_POWER_STATE.ABSORB_ROCK", "to": "PLAYER_POWER_STATE.NONE"}
{"timestamp": "2025-12-27T06:01:25.571887", "type": "PLAYERPOWERSTATE", "from": "PLAYER_POWER_STATE.NONE", "to": "PLAYER_POWER_STATE.ANTI_SHRINK"}
{"timestamp": "2025-12-27T06:01:36.372351", "type": "PLAYERPOWERSTATE", "from": "PLAYER_POWER_STATE.ANTI_SHRINK", "to": "PLAYER_POWER_STATE.NONE"}
{"timestamp": "2025-12-27T06:01:45.332820", "type": "PLAYERPOWERSTATE", "from": "PLAYER_POWER_STATE.NONE", "to": "PLAYER_POWER_STATE.ANTI_SHRINK"}
{"timestamp": "2025-12-27T06:01:50.012285", "type": "PLAYERPOWERSTATE", "from": "PLAYER_POWER_STATE.ANTI_SHRINK", "to": "PLAYER_POWER_STATE.NONE"}
{"timestamp": "2025-12-27T06:01:54.700891", "type": "PLAYERPOWERSTATE", "from": "PLAYER_POWER_STATE.NONE", "to": "PLAYER_POWER_STATE.ABSORB_ROCK"}
{"timestamp": "2025-12-27T06:01:56.241876", "type": "PLAYERPOWERSTATE", "from": "PLAYER_POWER_STATE.ABSORB_ROCK", "to": "PLAYER_POWER_STATE.ANTI_SHRINK"}
{"timestamp": "2025-12-27T06:04:05.760005", "type": "PLAYERPOWERSTATE", "from": "PLAYER_POWER_STATE.NONE", "to": "PLAYER_POWER_STATE.ABSORB_ROCK"}
{"timestamp": "2025-12-27T06:04:06.192000", "type": "PLAYERPOWERSTATE", "from": "PLAYER_POWER_STATE.ABSORB_ROCK", "to": "PLAYER_POWER_STATE.NONE"}
{"timestamp": "2025-12-27T06:04:10.394945", "type": "PLAYERPOWERSTATE", "from": "PLAYER_POWER_STATE.NONE", "to": "PLAYER_POWER_STATE.ABSORB_ROCK"}
{"timestamp": "2025-12-27T06:04:13.559905", "type": "PLAYERPOWERSTATE", "from": "PLAYER_POWER_STATE.ABSORB_ROCK", "to": "PLAYER_POWER_STATE.NONE"}
{"timestamp": "2025-12-27T06:19:54.207562", "type": "PLAYERPOWERSTATE", "from": "PLAYER_POWER_STATE.NONE", "to": "PLAYER_POWER_STATE.ANTI_SHRINK"}
{"timestamp": "2025-12-27T06:19:56.251444", "type": "PLAYERPOWERSTATE", "from": "PLAYER_POWER_STATE.ANTI_SHRINK", "to": "PLAYER_POWER_STATE.ABSORB_ROCK"}
{"timestamp": "2025-12-27T06:19:58.312226", "type": "PLAYERPOWERSTATE", "from": "PLAYER_POWER_STATE.ABSORB_ROCK", "to": "PLAYER_POWER_STATE.ANTI_SHRINK"}
{"timestamp": "2025-12-27T06:20:58.022104", "type": "PLAYERPOWERSTATE", "from": "PLAYER_POWER_STATE.NONE", "to": "PLAYER_POWER_STATE.ANTI_SHRINK"}
{"timestamp": "2025-12-27T06:21:02.101472", "type": "PLAYERPOWERSTATE", "from": "PLAYER_POWER_STATE.ANTI_SHRINK", "to": "PLAYER_POWER_STATE.ABSORB_ROCK"}
{"timestamp": "2025-12-27T06:21:07.106646", "type": "PLAYERPOWERSTATE", "from": "PLAYER_POWER_STATE.ABSORB_ROCK", "to": "PLAYER_POWER_STATE.NONE"}
{"timestamp": "2025-12-27T06:21:12.660403", "type": "PLAYERPOWERSTATE", "from": "PLAYER_POWER_STATE.NONE", "to": "PLAYER_POWER_STATE.ANTI_SHRINK"}
{"timestamp": "2025-12-27T06:21:14.413121", "type": "PLAYERPOWERSTATE", "from": "PLAYER_POWER_STATE.ANTI_SHRINK", "to": "PLAYER_POWER_STATE.ABSORB_ROCK"}
{"timestamp": "2025-12-27T06:21:15.358203", "type": "PLAYERPOWERSTATE", "from": "PLAYER_POWER_STATE.ABSORB_ROCK", "to": "PLAYER_POWER_STATE.ANTI_SHRINK"}
{"timestamp": "2025-12-27T06:21:15.584703", "type": "PLAYERPOWERSTATE", "from": "PLAYER_POWER_STATE.ANTI_SHRINK", "to": "PLAYER_POWER_STATE.NONE"}
{"timestamp": "2025-12-27T06:21:22.882318", "type": "PLAYERPOWERSTATE", "from": "PLAYER_POWER_STATE.NONE", "to": "PLAYER_POWER_STATE.ABSORB_ROCK"}
{"timestamp": "2025-12-27T06:21:43.647500", "type": "PLAYERPOWERSTATE", "from": "PLAYER_POWER_STATE.NONE", "to": "PLAYER_POWER_STATE.ANTI_SHRINK"}
{"timestamp": "2025-12-27T06:21:47.768094", "type": "PLAYERPOWERSTATE", "from": "PLAYER_POWER_STATE.ANTI_SHRINK", "to": "PLAYER_POWER_STATE.ABSORB_ROCK"}
{"timestamp": "2025-12-27T06:21:52.384191", "type": "PLAYERPOWERSTATE", "from": "PLAYER_POWER_STATE.ABSORB_ROCK", "to": "PLAYER_POWER_STATE.NONE"}
{"timestamp": "2025-12-27T06:22:31.910094", "type": "PLAYERPOWERSTATE", "from": "PLAYER_POWER_STATE.NONE", "to": "PLAYER_POWER_STATE.ABSORB_ROCK"}
{"timestamp": "2025-12-27T06:22:36.924011", "type": "PLAYERPOWERSTATE", "from": "PLAYER_POWER_STATE.ABSORB_ROCK", "to": "PLAYER_POWER_STATE.NONE"}
{"timestamp": "2025-12-27T06:22:48.770681", "type": "PLAYERPOWERSTATE", "from": "PLAYER_POWER_STATE.NONE", "to": "PLAYER_POWER_STATE.ANTI_SHRINK"}
{"timestamp": "2025-12-27T06:22:50.662742", "type": "PLAYERPOWERSTATE", "from": "PLAYER_POWER_STATE.ANTI_SHRINK", "to": "PLAYER_POWER_STATE.NONE"}
{"timestamp": "2025-12-27T06:22:57.707412", "type": "PLAYERPOWERSTATE", "from": "PLAYER_POWER_STATE.NONE", "to": "PLAYER_POWER_STATE.ABSORB_ROCK"}
{"timestamp": "2025-12-27T06:22:58.609580", "type": "PLAYERPOWERSTATE", "from": "PLAYER_POWER_STATE.ABSORB_ROCK", "to": "PLAYER_POWER_STATE.ANTI_SHRINK"}
{"timestamp": "2025-12-27T06:24:15.339937", "type": "PLAYERPOWERSTATE", "from": "PLAYER_POWER_STATE.NONE", "to": "PLAYER_POWER_STATE.ABSORB_ROCK"}
{"timestamp": "2025-12-27T06:24:21.262762", "type": "PLAYERPOWERSTATE", "from": "PLAYER_POWER_STATE.ABSORB_ROCK", "to": "PLAYER_POWER_STATE.NONE"}
{"timestamp": "2025-12-27T06:24:28.640743", "type": "PLAYERPOWERSTATE", "from": "PLAYER_POWER_STATE.NONE", "to": "PLAYER_POWER_STATE.ABSORB_ROCK"}
{"timestamp": "2025-12-27T06:24:31.597157", "type": "PLAYERPOWERSTATE", "from": "PLAYER_POWER_STATE.ABSORB_ROCK", "to": "PLAYER_POWER_STATE.NONE"}
{"timestamp": "2025-12-27T06:24:36.002189", "type": "PLAYERPOWERSTATE", "from": "PLAYER_POWER_STATE.NONE", "to": "PLAYER_POWER_STATE.ABSORB_ROCK"}
{"timestamp": "2025-12-27T06:24:37.706823", "type": "PLAYERPOWERSTATE", "from": "PLAYER_POWER_STATE.ABSORB_ROCK", "to": "PLAYER_POWER_STATE.NONE"}
{"timestamp": "2025-12-27T06:24:50.708155", "type": "PLAYERPOWERSTATE", "from": "PLAYER_POWER_STATE.NONE", "to": "PLAYER_POWER_STATE.ABSORB_ROCK"}
{"timestamp": "2025-12-27T06:24:56.609896", "type": "PLAYERPOWERSTATE", "from": "PLAYER_POWER_STATE.ABSORB_ROCK", "to": "PLAYER_POWER_STATE.NONE"}
{"timestamp": "2025-12-27T06:25:00.487178", "type": "PLAYERPOWERSTATE", "from": "PLAYER_POWER_STATE.NONE", "to": "PLAYER_POWER_STATE.ABSORB_ROCK"}
{"timestamp": "2025-12-27T06:25:03.281009", "type": "PLAYERPOWERSTATE", "from": "PLAYER_POWER_STATE.ABSORB_ROCK", "to": "PLAYER_POWER_STATE.NONE"}
{"timestamp": "2025-12-27T06:25:09.335431", "type": "PLAYERPOWERSTATE", "from": "PLAYER_POWER_STATE.NONE", "to": "PLAYER_POWER_STATE.ABSORB_ROCK"}
{"timestamp": "2025-12-27T06:25:12.635835", "type": "PLAYERPOWERSTATE", "from": "PLAYER_POWER_STATE.ABSORB_ROCK", "to": "PLAYER_POWER_STATE.NONE"}
{"timestamp": "2025-12-27T06:25:16.234684", "type": "PLAYERPOWERSTATE", "from": "PLAYER_POWER_STATE.NONE", "to": "PLAYER_POWER_STATE.ABSORB_ROCK"}
{"timestamp": "2025-12-27T06:25:22.576303", "type": "PLAYERPOWERSTATE", "from": "PLAYER_POWER_STATE.ABSORB_ROCK", "to": "PLAYER_POWER_STATE.NONE"}
{"timestamp": "2025-12-27T06:25:26.417051", "type": "PLAYERPOWERSTATE", "from": "PLAYER_POWER_STATE.NONE", "to": "PLAYER_POWER_STATE.ABSORB_ROCK"}
{"timestamp": "2025-12-27T06:25:35.273793", "type": "PLAYERPOWERSTATE", "from": "PLAYER_POWER_STATE.ABSORB_ROCK", "to": "PLAYER_POWER_STATE.NONE"}
{"timestamp": "2025-12-27T06:25:40.116087", "type": "PLAYERPOWERSTATE", "from": "PLAYER_POWER_STATE.NONE", "to": "PLAYER_POWER_STATE.ABSORB_ROCK"}
{"timestamp": "2025-12-27T06:25:45.131261", "type": "PLAYERPOWERSTATE", "from": "PLAYER_POWER_STATE.ABSORB_ROCK", "to": "PLAYER_POWER_STATE.NONE"}
{"timestamp": "2025-12-29T22:58:32.347324", "type": "PLAYERPOWERSTATE", "from": "PLAYER_POWER_STATE.NONE", "to": "PLAYER_POWER_STATE.ABSORB_ROCK"}
{"timestamp": "2025-12-29T22:58:35.110275", "type": "PLAYERPOWERSTATE", "from": "PLAYER_POWER_STATE.ABSORB_ROCK", "to": "PLAYER_POWER_STATE.NONE"}
{"timestamp": "2025-12-29T22:58:43.498418", "type": "PLAYERPOWERSTATE", "from": "PLAYER_POWER_STATE.NONE", "to": "PLAYER_POWER_STATE.ABSORB_ROCK"}
{"timestamp": "2025-12-29T22:58:48.416375", "type": "PLAYERPOWERSTATE", "from": "PLAYER_POWER_STATE.ABSORB_ROCK", "to": "PLAYER_POWER_STATE.NONE"}
{"timestamp": "2025-12-29T22:58:55.675865", "type": "PLAYERPOWERSTATE", "from": "PLAYER_POWER_STATE.NONE", "to": "PLAYER_POWER_STATE.ABSORB_ROCK"}
{"timestamp": "2025-12-29T22:58:57.735152", "type": "PLAYERPOWERSTATE", "from": "PLAYER_POWER_STATE.ABSORB_ROCK", "to": "PLAYER_POWER_STATE.NONE"}
{"timestamp": "2025-12-29T22:59:05.714473", "type": "PLAYERPOWERSTATE", "from": "PLAYER_POWER_STATE.NONE", "to": "PLAYER_POWER_STATE.ABSORB_ROCK"}
{"timestamp": "2025-12-29T22:59:06.472042", "type": "PLAYERPOWERSTATE", "from": "PLAYER_POWER_STATE.ABSORB_ROCK", "to": "PLAYER_POWER_STATE.NONE"}
{"timestamp": "2025-12-29T22:59:15.242994", "type": "PLAYERPOWERSTATE", "from": "PLAYER_POWER_STATE.NONE", "to": "PLAYER_POWER_STATE.ABSORB_ROCK"}
{"timestamp": "2025-12-29T22:59:18.538880", "type": "PLAYERPOWERSTATE", "from": "PLAYER_POWER_STATE.ABSORB_ROCK", "to": "PLAYER_POWER_STATE.NONE"}
{"timestamp": "2025-12-29T22:59:22.427570", "type": "PLAYERPOWERSTATE", "from": "PLAYER_POWER_STATE.NONE", "to": "PLAYER_POWER_STATE.ANTI_SHRINK"}
{"timestamp": "2025-12-29T22:59:27.430580", "type": "PLAYERPOWERSTATE", "from": "PLAYER_POWER_STATE.ANTI_SHRINK", "to": "PLAYER_POWER_STATE.NONE"}
{"timestamp": "2025-12-29T22:59:31.947201", "type": "PLAYERPOWERSTATE", "from": "PLAYER_POWER_STATE.NONE", "to": "PLAYER_POWER_STATE.ABSORB_ROCK"}
{"timestamp": "2025-12-29T22:59:32.395873", "type": "PLAYERPOWERSTATE", "from": "PLAYER_POWER_STATE.ABSORB_ROCK", "to": "PLAYER_POWER_STATE.NONE"}
{"timestamp": "2025-12-29T22:59:39.202570", "type": "PLAYERPOWERSTATE", "from": "PLAYER_POWER_STATE.NONE", "to": "PLAYER_POWER_STATE.ABSORB_ROCK"}
{"timestamp": "2025-12-29T22:59:41.199873", "type": "PLAYERPOWERSTATE", "from": "PLAYER_POWER_STATE.ABSORB_ROCK", "to": "PLAYER_POWER_STATE.NONE"}
{"timestamp": "2025-12-29T22:59:45.165517", "type": "PLAYERPOWERSTATE", "from": "PLAYER_POWER_STATE.NONE", "to": "PLAYER_POWER_STATE.ABSORB_ROCK"}
{"timestamp": "2025-12-29T22:59:50.176025", "type": "PLAYERPOWERSTATE", "from": "PLAYER_POWER_STATE.ABSORB_ROCK", "to": "PLAYER_POWER_STATE.NONE"}
{"timestamp": "2025-12-30T01:10:48.624262", "type": "PLAYERPOWERSTATE", "from": "PLAYER_POWER_STATE.NONE", "to": "PLAYER_POWER_STATE.ABSORB_ROCK"}
{"timestamp": "2025-12-30T01:10:53.638595", "type": "PLAYERPOWERSTATE", "from": "PLAYER_POWER_STATE.ABSORB_ROCK", "to": "PLAYER_POWER_STATE.NONE"}
{"timestamp": "2025-12-30T01:10:53.852101", "type": "PLAYERPOWERSTATE", "from": "PLAYER_POWER_STATE.NONE", "to": "PLAYER_POWER_STATE.ABSORB_ROCK"}
{"timestamp": "2025-12-30T01:13:01.948595", "type": "PLAYERPOWERSTATE", "from": "PLAYER_POWER_STATE.NONE", "to": "PLAYER_POWER_STATE.ABSORB_ROCK"}
{"timestamp": "2025-12-30T01:13:03.955486", "type": "PLAYERPOWERSTATE", "from": "PLAYER_POWER_STATE.ABSORB_ROCK", "to": "PLAYER_POWER_STATE.NONE"}
{"timestamp": "2025-12-30T01:16:07.117333", "type": "PLAYERPOWERSTATE", "from": "PLAYER_POWER_STATE.NONE", "to": "PLAYER_POWER_STATE.ABSORB_ROCK"}
{"timestamp": "2025-12-30T01:16:08.480869", "type": "PLAYERPOWERSTATE", "from": "PLAYER_POWER_STATE.ABSORB_ROCK", "to": "PLAYER_POWER_STATE.NONE"}
{"timestamp": "2025-12-30T01:16:14.140501", "type": "PLAYERPOWERSTATE", "from": "PLAYER_POWER_STATE.NONE", "to": "PLAYER_POWER_STATE.ABSORB_ROCK"}
{"timestamp": "2025-12-30T01:16:20.794392", "type": "PLAYERPOWERSTATE", "from": "PLAYER_POWER_STATE.ABSORB_ROCK", "to": "PLAYER_POWER_STATE.NONE"}
{"timestamp": "2025-12-30T01:16:21.279181", "type": "PLAYERPOWERSTATE", "from": "PLAYER_POWER_STATE.NONE", "to": "PLAYER_POWER_STATE.ABSORB_ROCK"}
{"timestamp": "2025-12-30T01:16:22.856214", "type": "PLAYERPOWERSTATE", "from": "PLAYER_POWER_STATE.ABSORB_ROCK", "to": "PLAYER_POWER_STATE.NONE"}
{"timestamp": "2025-12-30T01:16:26.496777", "type": "PLAYERPOWERSTATE", "from": "PLAYER_POWER_STATE.NONE", "to": "PLAYER_POWER_STATE.ABSORB_ROCK"}
{"timestamp": "2025-12-30T01:16:31.509247", "type": "PLAYERPOWERSTATE", "from": "PLAYER_POWER_STATE.ABSORB_ROCK", "to": "PLAYER_POWER_STATE.NONE"}
{"timestamp": "2025-12-30T01:16:35.117466", "type": "PLAYERPOWERSTATE", "from": "PLAYER_POWER_STATE.NONE", "to": "PLAYER_POWER_STATE.ABSORB_ROCK"}
{"timestamp": "2025-12-30T01:16:39.377225", "type": "PLAYERPOWERSTATE", "from": "PLAYER_POWER_STATE.ABSORB_ROCK", "to": "PLAYER_POWER_STATE.NONE"}
{"timestamp": "2025-12-30T01:16:46.976753", "type": "PLAYERPOWERSTATE", "from": "PLAYER_POWER_STATE.NONE", "to": "PLAYER_POWER_STATE.ABSORB_ROCK"}
{"timestamp": "2025-12-30T01:16:50.337837", "type": "PLAYERPOWERSTATE", "from": "PLAYER_POWER_STATE.ABSORB_ROCK", "to": "PLAYER_POWER_STATE.NONE"}
{"timestamp": "2025-12-30T01:16:54.846828", "type": "PLAYERPOWERSTATE", "from": "PLAYER_POWER_STATE.NONE", "to": "PLAYER_POWER_STATE.ABSORB_ROCK"}
{"timestamp": "2025-12-30T01:16:58.213911", "type": "PLAYERPOWERSTATE", "from": "PLAYER_POWER_STATE.ABSORB_ROCK", "to": "PLAYER_POWER_STATE.NONE"}
{"timestamp": "2025-12-30T01:17:06.704957", "type": "PLAYERPOWERSTATE", "from": "PLAYER_POWER_STATE.NONE", "to": "PLAYER_POWER_STATE.ABSORB_ROCK"}
{"timestamp": "2025-12-30T01:17:07.976483", "type": "PLAYERPOWERSTATE", "from": "PLAYER_POWER_STATE.ABSORB_ROCK", "to": "PLAYER_POWER_STATE.NONE"}
{"timestamp": "2025-12-30T01:17:14.884266", "type": "PLAYERPOWERSTATE", "from": "PLAYER_POWER_STATE.NONE", "to": "PLAYER_POWER_STATE.ANTI_SHRINK"}
{"timestamp": "2025-12-30T01:17:15.285241", "type": "PLAYERPOWERSTATE", "from": "PLAYER_POWER_STATE.ANTI_SHRINK", "to": "PLAYER_POWER_STATE.ABSORB_ROCK"}
{"timestamp": "2025-12-30T01:17:22.362065", "type": "PLAYERPOWERSTATE", "from": "PLAYER_POWER_STATE.ABSORB_ROCK", "to": "PLAYER_POWER_STATE.NONE"}
{"timestamp": "2025-12-30T01:17:22.618860", "type": "PLAYERPOWERSTATE", "from": "PLAYER_POWER_STATE.NONE", "to": "PLAYER_POWER_STATE.ABSORB_ROCK"}
{"timestamp": "2025-12-30T01:17:22.941571", "type": "PLAYERPOWERSTATE", "from": "PLAYER_POWER_STATE.ABSORB_ROCK", "to": "PLAYER_POWER_STATE.ANTI_SHRINK"}
{"timestamp": "2025-12-30T01:17:23.244726", "type": "PLAYERPOWERSTATE", "from": "PLAYER_POWER_STATE.ANTI_SHRINK", "to": "PLAYER_POWER_STATE.NONE"}
{"timestamp": "2025-12-30T01:17:32.959557", "type": "PLAYERPOWERSTATE", "from": "PLAYER_POWER_STATE.NONE", "to": "PLAYER_POWER_STATE.ABSORB_ROCK"}
{"timestamp": "2025-12-30T01:17:34.383334", "type": "PLAYERPOWERSTATE", "from": "PLAYER_POWER_STATE.ABSORB_ROCK", "to": "PLAYER_POWER_STATE.ANTI_SHRINK"}
{"timestamp": "2025-12-30T01:17:35.478205", "type": "PLAYERPOWERSTATE", "from": "PLAYER_POWER_STATE.ANTI_SHRINK", "to": "PLAYER_POWER_STATE.ABSORB_ROCK"}
{"timestamp": "2025-12-30T01:17:36.987616", "type": "PLAYERPOWERSTATE", "from": "PLAYER_POWER_STATE.ABSORB_ROCK", "to": "PLAYER_POWER_STATE.ANTI_SHRINK"}
{"timestamp": "2025-12-30T01:17:37.162933", "type": "PLAYERPOWERSTATE", "from": "PLAYER_POWER_STATE.ANTI_SHRINK", "to": "PLAYER_POWER_STATE.NONE"}
{"timestamp": "2025-12-30T01:17:41.409604", "type": "PLAYERPOWERSTATE", "from": "PLAYER_POWER_STATE.NONE", "to": "PLAYER_POWER_STATE.ANTI_SHRINK"}
{"timestamp": "2025-12-30T01:17:45.277416", "type": "PLAYERPOWERSTATE", "from": "PLAYER_POWER_STATE.ANTI_SHRINK", "to": "PLAYER_POWER_STATE.ABSORB_ROCK"}
{"timestamp": "2025-12-30T01:17:50.278827", "type": "PLAYERPOWERSTATE", "from": "PLAYER_POWER_STATE.ABSORB_ROCK", "to": "PLAYER_POWER_STATE.NONE"}
{"timestamp": "2025-12-30T01:17:51.243638", "type": "PLAYERPOWERSTATE", "from": "PLAYER_POWER_STATE.NONE", "to": "PLAYER_POWER_STATE.ABSORB_ROCK"}
{"timestamp": "2025-12-30T01:17:52.096056", "type": "PLAYERPOWERSTATE", "from": "PLAYER_POWER_STATE.ABSORB_ROCK", "to": "PLAYER_POWER_STATE.NONE"}
{"timestamp": "2025-12-30T01:18:01.831495", "type": "PLAYERPOWERSTATE", "from": "PLAYER_POWER_STATE.NONE", "to": "PLAYER_POWER_STATE.ABSORB_ROCK"}
{"timestamp": "2025-12-30T01:18:03.680282", "type": "PLAYERPOWERSTATE", "from": "PLAYER_POWER_STATE.ABSORB_ROCK", "to": "PLAYER_POWER_STATE.ANTI_SHRINK"}
{"timestamp": "2025-12-30T01:18:10.267379", "type": "PLAYERPOWERSTATE", "from": "PLAYER_POWER_STATE.ANTI_SHRINK", "to": "PLAYER_POWER_STATE.NONE"}
{"timestamp": "2025-12-30T01:19:29.036227", "type": "PLAYERPOWERSTATE", "from": "PLAYER_POWER_STATE.NONE", "to": "PLAYER_POWER_STATE.ABSORB_ROCK"}
{"timestamp": "2025-12-30T01:19:35.114011", "type": "PLAYERPOWERSTATE", "from": "PLAYER_POWER_STATE.ABSORB_ROCK", "to": "PLAYER_POWER_STATE.NONE"}
{"timestamp": "2025-12-30T01:19:38.749109", "type": "PLAYERPOWERSTATE", "from": "PLAYER_POWER_STATE.NONE", "to": "PLAYER_POWER_STATE.ABSORB_ROCK"}
{"timestamp": "2025-12-30T01:19:42.781857", "type": "PLAYERPOWERSTATE", "from": "PLAYER_POWER_STATE.ABSORB_ROCK", "to": "PLAYER_POWER_STATE.NONE"}
{"timestamp": "2025-12-30T01:19:47.119071", "type": "PLAYERPOWERSTATE", "from": "PLAYER_POWER_STATE.NONE", "to": "PLAYER_POWER_STATE.ABSORB_ROCK"}
{"timestamp": "2025-12-30T01:19:49.998904", "type": "PLAYERPOWERSTATE", "from": "PLAYER_POWER_STATE.ABSORB_ROCK", "to": "PLAYER_POWER_STATE.NONE"}
{"timestamp": "2025-12-30T01:20:07.534396", "type": "PLAYERPOWERSTATE", "from": "PLAYER_POWER_STATE.NONE", "to": "PLAYER_POWER_STATE.ABSORB_ROCK"}
{"timestamp": "2025-12-30T01:20:15.895695", "type": "PLAYERPOWERSTATE", "from": "PLAYER_POWER_STATE.ABSORB_ROCK", "to": "PLAYER_POWER_STATE.NONE"}
{"timestamp": "2025-12-30T01:20:19.787350", "type": "PLAYERPOWERSTATE", "from": "PLAYER_POWER_STATE.NONE", "to": "PLAYER_POWER_STATE.ABSORB_ROCK"}
{"timestamp": "2025-12-30T01:20:20.480801", "type": "PLAYERPOWERSTATE", "from": "PLAYER_POWER_STATE.ABSORB_ROCK", "to": "PLAYER_POWER_STATE.ANTI_SHRINK"}
{"timestamp": "2025-12-30T01:20:21.123615", "type": "PLAYERPOWERSTATE", "from": "PLAYER_POWER_STATE.ANTI_SHRINK", "to": "PLAYER_POWER_STATE.ABSORB_ROCK"}
{"timestamp": "2025-12-30T01:20:27.640645", "type": "PLAYERPOWERSTATE", "from": "PLAYER_POWER_STATE.ABSORB_ROCK", "to": "PLAYER_POWER_STATE.ANTI_SHRINK"}
{"timestamp": "2025-12-30T01:20:31.956250", "type": "PLAYERPOWERSTATE", "from": "PLAYER_POWER_STATE.ANTI_SHRINK", "to": "PLAYER_POWER_STATE.NONE"}
{"timestamp": "2025-12-30T01:20:36.327952", "type": "PLAYERPOWERSTATE", "from": "PLAYER_POWER_STATE.NONE", "to": "PLAYER_POWER_STATE.ABSORB_ROCK"}
{"timestamp": "2025-12-30T01:20:39.731791", "type": "PLAYERPOWERSTATE", "from": "PLAYER_POWER_STATE.ABSORB_ROCK", "to": "PLAYER_POWER_STATE.NONE"}
{"timestamp": "2025-12-30T01:20:44.169896", "type": "PLAYERPOWERSTATE", "from": "PLAYER_POWER_STATE.NONE", "to": "PLAYER_POWER_STATE.ANTI_SHRINK"}
{"timestamp": "2025-12-30T01:43:36.472220", "type": "PLAYERPOWERSTATE", "from": "PLAYER_POWER_STATE.NONE", "to": "PLAYER_POWER_STATE.ABSORB_ROCK"}
{"timestamp": "2025-12-30T01:44:15.881167", "type": "PLAYERPOWERSTATE", "from": "PLAYER_POWER_STATE.NONE", "to": "PLAYER_POWER_STATE.ABSORB_ROCK"}
{"timestamp": "2025-12-30T01:44:17.764478", "type": "PLAYERPOWERSTATE", "from": "PLAYER_POWER_STATE.ABSORB_ROCK", "to": "PLAYER_POWER_STATE.NONE"}
{"timestamp": "2025-12-30T01:44:22.327251", "type": "PLAYERPOWERSTATE", "from": "PLAYER_POWER_STATE.NONE", "to": "PLAYER_POWER_STATE.ABSORB_ROCK"}
{"timestamp": "2025-12-30T01:44:24.646936", "type": "PLAYERPOWERSTATE", "from": "PLAYER_POWER_STATE.ABSORB_ROCK", "to": "PLAYER_POWER_STATE.NONE"}
{"timestamp": "2025-12-30T01:44:42.034112", "type": "PLAYERPOWERSTATE", "from": "PLAYER_POWER_STATE.NONE", "to": "PLAYER_POWER_STATE.ABSORB_ROCK"}
{"timestamp": "2025-12-30T01:44:47.038522", "type": "PLAYERPOWERSTATE", "from": "PLAYER_POWER_STATE.ABSORB_ROCK", "to": "PLAYER_POWER_STATE.NONE"}
{"timestamp": "2025-12-30T01:47:04.227419", "type": "PLAYERPOWERSTATE", "from": "PLAYER_POWER_STATE.NONE", "to": "PLAYER_POWER_STATE.ABSORB_ROCK"}
{"timestamp": "2025-12-30T01:47:07.681821", "type": "PLAYERPOWERSTATE", "from": "PLAYER_POWER_STATE.ABSORB_ROCK", "to": "PLAYER_POWER_STATE.ANTI_SHRINK"}
{"timestamp": "2025-12-30T01:47:12.691990", "type": "PLAYERPOWERSTATE", "from": "PLAYER_POWER_STATE.ANTI_SHRINK", "to": "PLAYER_POWER_STATE.NONE"}
{"timestamp": "2025-12-30T01:47:15.058623", "type": "PLAYERPOWERSTATE", "from": "PLAYER_POWER_STATE.NONE", "to": "PLAYER_POWER_STATE.ABSORB_ROCK"}
{"timestamp": "2025-12-30T01:47:16.249725", "type": "PLAYERPOWERSTATE", "from": "PLAYER_POWER_STATE.ABSORB_ROCK", "to": "PLAYER_POWER_STATE.NONE"}
{"timestamp": "2025-12-30T01:48:45.083676", "type": "PLAYERPOWERSTATE", "from": "PLAYER_POWER_STATE.NONE", "to": "PLAYER_POWER_STATE.ANTI_SHRINK"}
{"timestamp": "2025-12-30T01:48:49.147386", "type": "PLAYERPOWERSTATE", "from": "PLAYER_POWER_STATE.ANTI_SHRINK", "to": "PLAYER_POWER_STATE.NONE"}
{"timestamp": "2025-12-30T01:52:05.678816", "type": "PLAYERPOWERSTATE", "from": "PLAYER_POWER_STATE.NONE", "to": "PLAYER_POWER_STATE.ABSORB_ROCK"}
{"timestamp": "2025-12-30T01:52:13.200697", "type": "PLAYERPOWERSTATE", "from": "PLAYER_POWER_STATE.ABSORB_ROCK", "to": "PLAYER_POWER_STATE.NONE"}
{"timestamp": "2025-12-30T01:55:22.925622", "type": "PLAYERPOWERSTATE", "from": "PLAYER_POWER_STATE.NONE", "to": "PLAYER_POWER_STATE.ABSORB_ROCK"}
{"timestamp": "2025-12-30T01:55:28.423223", "type": "PLAYERPOWERSTATE", "from": "PLAYER_POWER_STATE.ABSORB_ROCK", "to": "PLAYER_POWER_STATE.NONE"}
{"timestamp": "2025-12-30T01:55:45.518302", "type": "PLAYERPOWERSTATE", "from": "PLAYER_POWER_STATE.NONE", "to": "PLAYER_POWER_STATE.ANTI_SHRINK"}
{"timestamp": "2025-12-30T01:55:52.896157", "type": "PLAYERPOWERSTATE", "from": "PLAYER_POWER_STATE.ANTI_SHRINK", "to": "PLAYER_POWER_STATE.NONE"}
{"timestamp": "2025-12-30T01:55:54.219414", "type": "PLAYERPOWERSTATE", "from": "PLAYER_POWER_STATE.NONE", "to": "PLAYER_POWER_STATE.ANTI_SHRINK"}
{"timestamp": "2025-12-30T01:56:00.563098", "type": "PLAYERPOWERSTATE", "from": "PLAYER_POWER_STATE.ANTI_SHRINK", "to": "PLAYER_POWER_STATE.NONE"}
{"timestamp": "2025-12-30T01:58:51.015224", "type": "PLAYERPOWERSTATE", "from": "PLAYER_POWER_STATE.NONE", "to": "PLAYER_POWER_STATE.ABSORB_ROCK"}
{"timestamp": "2025-12-30T01:58:56.739699", "type": "PLAYERPOWERSTATE", "from": "PLAYER_POWER_STATE.ABSORB_ROCK", "to": "PLAYER_POWER_STATE.NONE"}
{"timestamp": "2025-12-30T01:58:58.720768", "type": "PLAYERPOWERSTATE", "from": "PLAYER_POWER_STATE.NONE", "to": "PLAYER_POWER_STATE.ABSORB_ROCK"}
{"timestamp": "2025-12-30T01:59:01.632888", "type": "PLAYERPOWERSTATE", "from": "PLAYER_POWER_STATE.ABSORB_ROCK", "to": "PLAYER_POWER_STATE.NONE"}
{"timestamp": "2025-12-30T01:59:09.130039", "type": "PLAYERPOWERSTATE", "from": "PLAYER_POWER_STATE.NONE", "to": "PLAYER_POWER_STATE.ABSORB_ROCK"}
{"timestamp": "2025-12-30T01:59:11.461975", "type": "PLAYERPOWERSTATE", "from": "PLAYER_POWER_STATE.ABSORB_ROCK", "to": "PLAYER_POWER_STATE.NONE"}
{"timestamp": "2025-12-30T01:59:15.381054", "type": "PLAYERPOWERSTATE", "from": "PLAYER_POWER_STATE.NONE", "to": "PLAYER_POWER_STATE.ABSORB_ROCK"}
{"timestamp": "2025-12-30T01:59:24.421756", "type": "PLAYERPOWERSTATE", "from": "PLAYER_POWER_STATE.ABSORB_ROCK", "to": "PLAYER_POWER_STATE.NONE"}
{"timestamp": "2025-12-30T01:59:28.755781", "type": "PLAYERPOWERSTATE", "from": "PLAYER_POWER_STATE.NONE", "to": "PLAYER_POWER_STATE.ABSORB_ROCK"}
{"timestamp": "2025-12-30T01:59:34.162439", "type": "PLAYERPOWERSTATE", "from": "PLAYER_POWER_STATE.ABSORB_ROCK", "to": "PLAYER_POWER_STATE.NONE"}
{"timestamp": "2025-12-30T01:59:54.512442", "type": "PLAYERPOWERSTATE", "from": "PLAYER_POWER_STATE.NONE", "to": "PLAYER_POWER_STATE.ABSORB_ROCK"}
{"timestamp": "2025-12-30T01:59:59.514043", "type": "PLAYERPOWERSTATE", "from": "PLAYER_POWER_STATE.ABSORB_ROCK", "to": "PLAYER_POWER_STATE.NONE"}
{"timestamp": "2025-12-30T02:00:00.612912", "type": "PLAYERPOWERSTATE", "from": "PLAYER_POWER_STATE.NONE", "to": "PLAYER_POWER_STATE.ANTI_SHRINK"}
{"timestamp": "2025-12-30T02:00:03.000218", "type": "PLAYERPOWERSTATE", "from": "PLAYER_POWER_STATE.ANTI_SHRINK", "to": "PLAYER_POWER_STATE.ABSORB_ROCK"}
{"timestamp": "2025-12-30T02:00:09.673674", "type": "PLAYERPOWERSTATE", "from": "PLAYER_POWER_STATE.ABSORB_ROCK", "to": "PLAYER_POWER_STATE.NONE"}
{"timestamp": "2025-12-30T03:09:18.314432", "type": "PLAYERPOWERSTATE", "from": "PLAYER_POWER_STATE.NONE", "to": "PLAYER_POWER_STATE.ABSORB_ROCK"}
{"timestamp": "2025-12-30T03:09:26.306016", "type": "PLAYERPOWERSTATE", "from": "PLAYER_POWER_STATE.ABSORB_ROCK", "to": "PLAYER_POWER_STATE.NONE"}
{"timestamp": "2025-12-30T03:10:18.322806", "type": "PLAYERPOWERSTATE", "from": "PLAYER_POWER_STATE.NONE", "to": "PLAYER_POWER_STATE.ABSORB_ROCK"}
{"timestamp": "2025-12-30T03:10:21.089911", "type": "PLAYERPOWERSTATE", "from": "PLAYER_POWER_STATE.ABSORB_ROCK", "to": "PLAYER_POWER_STATE.NONE"}
{"timestamp": "2025-12-30T03:10:25.126703", "type": "PLAYERPOWERSTATE", "from": "PLAYER_POWER_STATE.NONE", "to": "PLAYER_POWER_STATE.ABSORB_ROCK"}
{"timestamp": "2025-12-30T03:10:26.073994", "type": "PLAYERPOWERSTATE", "from": "PLAYER_POWER_STATE.ABSORB_ROCK", "to": "PLAYER_POWER_STATE.NONE"}
{"timestamp": "2025-12-30T03:10:33.274786", "type": "PLAYERPOWERSTATE", "from": "PLAYER_POWER_STATE.NONE", "to": "PLAYER_POWER_STATE.ABSORB_ROCK"}
{"timestamp": "2025-12-30T03:10:36.089687", "type": "PLAYERPOWERSTATE", "from": "PLAYER_POWER_STATE.ABSORB_ROCK", "to": "PLAYER_POWER_STATE.NONE"}
{"timestamp": "2025-12-30T03:10:40.181120", "type": "PLAYERPOWERSTATE", "from": "PLAYER_POWER_STATE.NONE", "to": "PLAYER_POWER_STATE.ABSORB_ROCK"}
{"timestamp": "2025-12-30T03:10:42.626655", "type": "PLAYERPOWERSTATE", "from": "PLAYER_POWER_STATE.ABSORB_ROCK", "to": "PLAYER_POWER_STATE.NONE"}
{"timestamp": "2025-12-30T03:12:54.161035", "type": "PLAYERPOWERSTATE", "from": "PLAYER_POWER_STATE.NONE", "to": "PLAYER_POWER_STATE.ABSORB_ROCK"}
{"timestamp": "2025-12-30T03:12:59.177344", "type": "PLAYERPOWERSTATE", "from": "PLAYER_POWER_STATE.ABSORB_ROCK", "to": "PLAYER_POWER_STATE.NONE"}
{"timestamp": "2025-12-30T03:13:00.850202", "type": "PLAYERPOWERSTATE", "from": "PLAYER_POWER_STATE.NONE", "to": "PLAYER_POWER_STATE.ANTI_SHRINK"}
{"timestamp": "2025-12-30T22:54:07.439971", "type": "PLAYERPOWERSTATE", "from": "PLAYER_POWER_STATE.NONE", "to": "PLAYER_POWER_STATE.ABSORB_ROCK"}
{"timestamp": "2025-12-30T22:54:09.709687", "type": "PLAYERPOWERSTATE", "from": "PLAYER_POWER_STATE.ABSORB_ROCK", "to": "PLAYER_POWER_STATE.NONE"}
{"timestamp": "2025-12-31T07:58:55.759534", "type": "PLAYERPOWERSTATE", "from": "PLAYER_POWER_STATE.NONE", "to": "PLAYER_POWER_STATE.ABSORB_ROCK"}
{"timestamp": "2025-12-31T07:58:56.608778", "type": "PLAYERPOWERSTATE", "from": "PLAYER_POWER_STATE.ABSORB_ROCK", "to": "PLAYER_POWER_STATE.NONE"}
{"timestamp": "2025-12-31T07:59:18.138689", "type": "PLAYERPOWERSTATE", "from": "PLAYER_POWER_STATE.NONE", "to": "PLAYER_POWER_STATE.ABSORB_ROCK"}
{"timestamp": "2025-12-31T07:59:23.153974", "type": "PLAYERPOWERSTATE", "from": "PLAYER_POWER_STATE.ABSORB_ROCK", "to": "PLAYER_POWER_STATE.NONE"}
{"timestamp": "2025-12-31T07:59:40.450861", "type": "PLAYERPOWERSTATE", "from": "PLAYER_POWER_STATE.NONE", "to": "PLAYER_POWER_STATE.ABSORB_ROCK"}
{"timestamp": "2025-12-31T07:59:47.842952", "type": "PLAYERPOWERSTATE", "from": "PLAYER_POWER_STATE.ABSORB_ROCK", "to": "PLAYER_POWER_STATE.NONE"}
{"timestamp": "2025-12-31T08:06:22.368570", "type": "PLAYERPOWERSTATE", "from": "PLAYER_POWER_STATE.NONE", "to": "PLAYER_POWER_STATE.ABSORB_ROCK"}
{"timestamp": "2025-12-31T08:06:26.202671", "type": "PLAYERPOWERSTATE", "from": "PLAYER_POWER_STATE.ABSORB_ROCK", "to": "PLAYER_POWER_STATE.NONE"}
{"timestamp": "2025-12-31T08:06:29.881792", "type": "PLAYERPOWERSTATE", "from": "PLAYER_POWER_STATE.NONE", "to": "PLAYER_POWER_STATE.ABSORB_ROCK"}
{"timestamp": "2025-12-31T08:06:31.773700", "type": "PLAYERPOWERSTATE", "from": "PLAYER_POWER_STATE.ABSORB_ROCK", "to": "PLAYER_POWER_STATE.NONE"}
{"timestamp": "2025-12-31T08:06:40.313338", "type": "PLAYERPOWERSTATE", "from": "PLAYER_POWER_STATE.NONE", "to": "PLAYER_POWER_STATE.ABSORB_ROCK"}
{"timestamp": "2025-12-31T08:06:43.347501", "type": "PLAYERPOWERSTATE", "from": "PLAYER_POWER_STATE.ABSORB_ROCK", "to": "PLAYER_POWER_STATE.NONE"}
{"timestamp": "2025-12-31T08:06:49.247014", "type": "PLAYERPOWERSTATE", "from": "PLAYER_POWER_STATE.NONE", "to": "PLAYER_POWER_STATE.ABSORB_ROCK"}
{"timestamp": "2025-12-31T08:06:57.070861", "type": "PLAYERPOWERSTATE", "from": "PLAYER_POWER_STATE.ABSORB_ROCK", "to": "PLAYER_POWER_STATE.NONE"}
{"timestamp": "2025-12-31T08:07:01.165642", "type": "PLAYERPOWERSTATE", "from": "PLAYER_POWER_STATE.NONE", "to": "PLAYER_POWER_STATE.ABSORB_ROCK"}
{"timestamp": "2025-12-31T08:07:06.166767", "type": "PLAYERPOWERSTATE", "from": "PLAYER_POWER_STATE.ABSORB_ROCK", "to": "PLAYER_POWER_STATE.NONE"}
{"timestamp": "2025-12-31T08:07:14.661149", "type": "PLAYERPOWERSTATE", "from": "PLAYER_POWER_STATE.NONE", "to": "PLAYER_POWER_STATE.ANTI_SHRINK"}
{"timestamp": "2025-12-31T08:07:21.617774", "type": "PLAYERPOWERSTATE", "from": "PLAYER_POWER_STATE.ANTI_SHRINK", "to": "PLAYER_POWER_STATE.NONE"}
{"timestamp": "2025-12-31T08:07:24.878603", "type": "PLAYERPOWERSTATE", "from": "PLAYER_POWER_STATE.NONE", "to": "PLAYER_POWER_STATE.ABSORB_ROCK"}
{"timestamp": "2025-12-31T08:07:26.147100", "type": "PLAYERPOWERSTATE", "from": "PLAYER_POWER_STATE.ABSORB_ROCK", "to": "PLAYER_POWER_STATE.NONE"}
{"timestamp": "2025-12-31T08:07:34.211632", "type": "PLAYERPOWERSTATE", "from": "PLAYER_POWER_STATE.NONE", "to": "PLAYER_POWER_STATE.ANTI_SHRINK"}
{"timestamp": "2025-12-31T08:07:39.218346", "type": "PLAYERPOWERSTATE", "from": "PLAYER_POWER_STATE.ANTI_SHRINK", "to": "PLAYER_POWER_STATE.NONE"}
{"timestamp": "2025-12-31T08:09:38.614870", "type": "PLAYERPOWERSTATE", "from": "PLAYER_POWER_STATE.NONE", "to": "PLAYER_POWER_STATE.ABSORB_ROCK"}
{"timestamp": "2025-12-31T08:09:43.385502", "type": "PLAYERPOWERSTATE", "from": "PLAYER_POWER_STATE.ABSORB_ROCK", "to": "PLAYER_POWER_STATE.NONE"}
{"timestamp": "2025-12-31T08:09:49.139005", "type": "PLAYERPOWERSTATE", "from": "PLAYER_POWER_STATE.NONE", "to": "PLAYER_POWER_STATE.ABSORB_ROCK"}
{"timestamp": "2025-12-31T08:09:51.178933", "type": "PLAYERPOWERSTATE", "from": "PLAYER_POWER_STATE.ABSORB_ROCK", "to": "PLAYER_POWER_STATE.NONE"}
{"timestamp": "2025-12-31T08:09:59.033814", "type": "PLAYERPOWERSTATE", "from": "PLAYER_POWER_STATE.NONE", "to": "PLAYER_POWER_STATE.ABSORB_ROCK"}
{"timestamp": "2025-12-31T08:10:00.416024", "type": "PLAYERPOWERSTATE", "from": "PLAYER_POWER_STATE.ABSORB_ROCK", "to": "PLAYER_POWER_STATE.NONE"}
{"timestamp": "2025-12-31T08:10:13.202091", "type": "PLAYERPOWERSTATE", "from": "PLAYER_POWER_STATE.NONE", "to": "PLAYER_POWER_STATE.ABSORB_ROCK"}
{"timestamp": "2025-12-31T08:10:18.211097", "type": "PLAYERPOWERSTATE", "from": "PLAYER_POWER_STATE.ABSORB_ROCK", "to": "PLAYER_POWER_STATE.NONE"}
{"timestamp": "2025-12-31T08:10:22.270718", "type": "PLAYERPOWERSTATE", "from": "PLAYER_POWER_STATE.NONE", "to": "PLAYER_POWER_STATE.ABSORB_ROCK"}
{"timestamp": "2025-12-31T08:10:27.276447", "type": "PLAYERPOWERSTATE", "from": "PLAYER_POWER_STATE.ABSORB_ROCK", "to": "PLAYER_POWER_STATE.NONE"}
{"timestamp": "2025-12-31T08:10:34.135817", "type": "PLAYERPOWERSTATE", "from": "PLAYER_POWER_STATE.NONE", "to": "PLAYER_POWER_STATE.ABSORB_ROCK"}
{"timestamp": "2025-12-31T08:10:35.500046", "type": "PLAYERPOWERSTATE", "from": "PLAYER_POWER_STATE.ABSORB_ROCK", "to": "PLAYER_POWER_STATE.NONE"}
{"timestamp": "2025-12-31T08:10:40.493117", "type": "PLAYERPOWERSTATE", "from": "PLAYER_POWER_STATE.NONE", "to": "PLAYER_POWER_STATE.ABSORB_ROCK"}
{"timestamp": "2025-12-31T08:10:45.497494", "type": "PLAYERPOWERSTATE", "from": "PLAYER_POWER_STATE.ABSORB_ROCK", "to": "PLAYER_POWER_STATE.NONE"}
{"timestamp": "2025-12-31T08:10:49.753072", "type": "PLAYERPOWERSTATE", "from": "PLAYER_POWER_STATE.NONE", "to": "PLAYER_POWER_STATE.ABSORB_ROCK"}
{"timestamp": "2025-12-31T08:10:51.509158", "type": "PLAYERPOWERSTATE", "from": "PLAYER_POWER_STATE.ABSORB_ROCK", "to": "PLAYER_POWER_STATE.ANTI_SHRINK"}
{"timestamp": "2025-12-31T08:10:56.516929", "type": "PLAYERPOWERSTATE", "from": "PLAYER_POWER_STATE.ANTI_SHRINK", "to": "PLAYER_POWER_STATE.NONE"}
{"timestamp": "2025-12-31T08:12:49.537370", "type": "PLAYERPOWERSTATE", "from": "PLAYER_POWER_STATE.NONE", "to": "PLAYER_POWER_STATE.ANTI_SHRINK"}
{"timestamp": "2025-12-31T08:12:54.552909", "type": "PLAYERPOWERSTATE", "from": "PLAYER_POWER_STATE.ANTI_SHRINK", "to": "PLAYER_POWER_STATE.NONE"}
{"timestamp": "2025-12-31T08:12:59.031224", "type": "PLAYERPOWERSTATE", "from": "PLAYER_POWER_STATE.NONE", "to": "PLAYER_POWER_STATE.ABSORB_ROCK"}
{"timestamp": "2025-12-31T08:13:05.913096", "type": "PLAYERPOWERSTATE", "from": "PLAYER_POWER_STATE.ABSORB_ROCK", "to": "PLAYER_POWER_STATE.NONE"}
{"timestamp": "2025-12-31T08:13:14.934875", "type": "PLAYERPOWERSTATE", "from": "PLAYER_POWER_STATE.NONE", "to": "PLAYER_POWER_STATE.ANTI_SHRINK"}
{"timestamp": "2025-12-31T08:13:19.951574", "type": "PLAYERPOWERSTATE", "from": "PLAYER_POWER_STATE.ANTI_SHRINK", "to": "PLAYER_POWER_STATE.NONE"}
{"timestamp": "2025-12-31T08:13:23.501408", "type": "PLAYERPOWERSTATE", "from": "PLAYER_POWER_STATE.NONE", "to": "PLAYER_POWER_STATE.ANTI_SHRINK"}
{"timestamp": "2025-12-31T08:13:28.514193", "type": "PLAYERPOWERSTATE", "from": "PLAYER_POWER_STATE.ANTI_SHRINK", "to": "PLAYER_POWER_STATE.NONE"}
{"timestamp": "2025-12-31T08:13:46.844395", "type": "PLAYERPOWERSTATE", "from": "PLAYER_POWER_STATE.NONE", "to": "PLAYER_POWER_STATE.ANTI_SHRINK"}
{"timestamp": "2025-12-31T08:14:00.421271", "type": "PLAYERPOWERSTATE", "from": "PLAYER_POWER_STATE.NONE", "to": "PLAYER_POWER_STATE.ABSORB_ROCK"}
{"timestamp": "2025-12-31T08:14:00.581197", "type": "PLAYERPOWERSTATE", "from": "PLAYER_POWER_STATE.ABSORB_ROCK", "to": "PLAYER_POWER_STATE.NONE"}
{"timestamp": "2025-12-31T08:14:05.595935", "type": "PLAYERPOWERSTATE", "from": "PLAYER_POWER_STATE.NONE", "to": "PLAYER_POWER_STATE.ANTI_SHRINK"}
{"timestamp": "2025-12-31T08:14:10.602634", "type": "PLAYERPOWERSTATE", "from": "PLAYER_POWER_STATE.ANTI_SHRINK", "to": "PLAYER_POWER_STATE.NONE"}
{"timestamp": "2025-12-31T08:14:14.532092", "type": "PLAYERPOWERSTATE", "from": "PLAYER_POWER_STATE.NONE", "to": "PLAYER_POWER_STATE.ANTI_SHRINK"}
{"timestamp": "2025-12-31T08:15:29.788860", "type": "PLAYERPOWERSTATE", "from": "PLAYER_POWER_STATE.NONE", "to": "PLAYER_POWER_STATE.ANTI_SHRINK"}
{"timestamp": "2025-12-31T08:15:34.795369", "type": "PLAYERPOWERSTATE", "from": "PLAYER_POWER_STATE.ANTI_SHRINK", "to": "PLAYER_POWER_STATE.NONE"}
{"timestamp": "2025-12-31T08:16:26.390038", "type": "PLAYERPOWERSTATE", "from": "PLAYER_POWER_STATE.NONE", "to": "PLAYER_POWER_STATE.ABSORB_ROCK"}
{"timestamp": "2025-12-31T08:16:31.273284", "type": "PLAYERPOWERSTATE", "from": "PLAYER_POWER_STATE.ABSORB_ROCK", "to": "PLAYER_POWER_STATE.NONE"}
{"timestamp": "2025-12-31T08:16:48.033827", "type": "PLAYERPOWERSTATE", "from": "PLAYER_POWER_STATE.NONE", "to": "PLAYER_POWER_STATE.ANTI_SHRINK"}
{"timestamp": "2025-12-31T08:16:56.653626", "type": "PLAYERPOWERSTATE", "from": "PLAYER_POWER_STATE.ANTI_SHRINK", "to": "PLAYER_POWER_STATE.NONE"}
{"timestamp": "2025-12-31T08:17:00.916106", "type": "PLAYERPOWERSTATE", "from": "PLAYER_POWER_STATE.NONE", "to": "PLAYER_POWER_STATE.ANTI_SHRINK"}
{"timestamp": "2025-12-31T08:17:02.089656", "type": "PLAYERPOWERSTATE", "from": "PLAYER_POWER_STATE.ANTI_SHRINK", "to": "PLAYER_POWER_STATE.NONE"}
{"timestamp": "2025-12-31T08:17:06.598192", "type": "PLAYERPOWERSTATE", "from": "PLAYER_POWER_STATE.NONE", "to": "PLAYER_POWER_STATE.ABSORB_ROCK"}
{"timestamp": "2025-12-31T08:17:11.600951", "type": "PLAYERPOWERSTATE", "from": "PLAYER_POWER_STATE.ABSORB_ROCK", "to": "PLAYER_POWER_STATE.NONE"}
{"timestamp": "2025-12-31T08:17:14.603699", "type": "PLAYERPOWERSTATE", "from": "PLAYER_POWER_STATE.NONE", "to": "PLAYER_POWER_STATE.ANTI_SHRINK"}
{"timestamp": "2025-12-31T08:17:19.611442", "type": "PLAYERPOWERSTATE", "from": "PLAYER_POWER_STATE.ANTI_SHRINK", "to": "PLAYER_POWER_STATE.NONE"}
{"timestamp": "2025-12-31T08:17:20.474901", "type": "PLAYERPOWERSTATE", "from": "PLAYER_POWER_STATE.NONE", "to": "PLAYER_POWER_STATE.ANTI_SHRINK"}
{"timestamp": "2025-12-31T08:17:22.241048", "type": "PLAYERPOWERSTATE", "from": "PLAYER_POWER_STATE.ANTI_SHRINK", "to": "PLAYER_POWER_STATE.NONE"}
{"timestamp": "2025-12-31T08:17:58.840577", "type": "PLAYERPOWERSTATE", "from": "PLAYER_POWER_STATE.NONE", "to": "PLAYER_POWER_STATE.ABSORB_ROCK"}
{"timestamp": "2025-12-31T08:18:03.273751", "type": "PLAYERPOWERSTATE", "from": "PLAYER_POWER_STATE.ABSORB_ROCK", "to": "PLAYER_POWER_STATE.NONE"}
{"timestamp": "2025-12-31T08:18:09.876415", "type": "PLAYERPOWERSTATE", "from": "PLAYER_POWER_STATE.NONE", "to": "PLAYER_POWER_STATE.ABSORB_ROCK"}
{"timestamp": "2025-12-31T08:18:11.515266", "type": "PLAYERPOWERSTATE", "from": "PLAYER_POWER_STATE.ABSORB_ROCK", "to": "PLAYER_POWER_STATE.NONE"}
{"timestamp": "2025-12-31T08:18:18.372377", "type": "PLAYERPOWERSTATE", "from": "PLAYER_POWER_STATE.NONE", "to": "PLAYER_POWER_STATE.ABSORB_ROCK"}
{"timestamp": "2025-12-31T08:18:22.430305", "type": "PLAYERPOWERSTATE", "from": "PLAYER_POWER_STATE.ABSORB_ROCK", "to": "PLAYER_POWER_STATE.NONE"}
{"timestamp": "2025-12-31T08:18:30.650336", "type": "PLAYERPOWERSTATE", "from": "PLAYER_POWER_STATE.NONE", "to": "PLAYER_POWER_STATE.ABSORB_ROCK"}
{"timestamp": "2025-12-31T08:18:31.323404", "type": "PLAYERPOWERSTATE", "from": "PLAYER_POWER_STATE.ABSORB_ROCK", "to": "PLAYER_POWER_STATE.NONE"}
{"timestamp": "2025-12-31T08:18:35.783691", "type": "PLAYERPOWERSTATE", "from": "PLAYER_POWER_STATE.NONE", "to": "PLAYER_POWER_STATE.ABSORB_ROCK"}
{"timestamp": "2025-12-31T08:18:42.022729", "type": "PLAYERPOWERSTATE", "from": "PLAYER_POWER_STATE.ABSORB_ROCK", "to": "PLAYER_POWER_STATE.NONE"}
{"timestamp": "2025-12-31T08:18:46.302276", "type": "PLAYERPOWERSTATE", "from": "PLAYER_POWER_STATE.NONE", "to": "PLAYER_POWER_STATE.ABSORB_ROCK"}
{"timestamp": "2025-12-31T08:18:50.715923", "type": "PLAYERPOWERSTATE", "from": "PLAYER_POWER_STATE.ABSORB_ROCK", "to": "PLAYER_POWER_STATE.ANTI_SHRINK"}
{"timestamp": "2025-12-31T08:18:53.653799", "type": "PLAYERPOWERSTATE", "from": "PLAYER_POWER_STATE.ANTI_SHRINK", "to": "PLAYER_POWER_STATE.NONE"}
{"timestamp": "2025-12-31T08:19:01.312794", "type": "PLAYERPOWERSTATE", "from": "PLAYER_POWER_STATE.NONE", "to": "PLAYER_POWER_STATE.ANTI_SHRINK"}
{"timestamp": "2025-12-31T08:19:05.136501", "type": "PLAYERPOWERSTATE", "from": "PLAYER_POWER_STATE.ANTI_SHRINK", "to": "PLAYER_POWER_STATE.ABSORB_ROCK"}
{"timestamp": "2025-12-31T08:19:06.622743", "type": "PLAYERPOWERSTATE", "from": "PLAYER_POWER_STATE.ABSORB_ROCK", "to": "PLAYER_POWER_STATE.NONE"}
{"timestamp": "2025-12-31T08:19:12.417428", "type": "PLAYERPOWERSTATE", "from": "PLAYER_POWER_STATE.NONE", "to": "PLAYER_POWER_STATE.ANTI_SHRINK"}
{"timestamp": "2025-12-31T08:19:21.853201", "type": "PLAYERPOWERSTATE", "from": "PLAYER_POWER_STATE.ANTI_SHRINK", "to": "PLAYER_POWER_STATE.ABSORB_ROCK"}
{"timestamp": "2025-12-31T08:19:24.055563", "type": "PLAYERPOWERSTATE", "from": "PLAYER_POWER_STATE.ABSORB_ROCK", "to": "PLAYER_POWER_STATE.NONE"}
{"timestamp": "2025-12-31T08:19:31.844623", "type": "PLAYERPOWERSTATE", "from": "PLAYER_POWER_STATE.NONE", "to": "PLAYER_POWER_STATE.ABSORB_ROCK"}
{"timestamp": "2025-12-31T08:19:33.675511", "type": "PLAYERPOWERSTATE", "from": "PLAYER_POWER_STATE.ABSORB_ROCK", "to": "PLAYER_POWER_STATE.ANTI_SHRINK"}
{"timestamp": "2025-12-31T08:19:34.479000", "type": "PLAYERPOWERSTATE", "from": "PLAYER_POWER_STATE.ANTI_SHRINK", "to": "PLAYER_POWER_STATE.ABSORB_ROCK"}
{"timestamp": "2026-01-01T17:38:04.382752", "type": "PLAYERPOWERSTATE", "from": "PLAYER_POWER_STATE.NONE", "to": "PLAYER_POWER_STATE.ABSORB_ROCK"}
{"timestamp": "2026-01-01T17:38:05.619039", "type": "PLAYERPOWERSTATE", "from": "PLAYER_POWER_STATE.ABSORB_ROCK", "to": "PLAYER_POWER_STATE.NONE"}
{"timestamp": "2026-01-01T17:38:14.625373", "type": "PLAYERPOWERSTATE", "from": "PLAYER_POWER_STATE.NONE", "to": "PLAYER_POWER_STATE.ABSORB_ROCK"}
{"timestamp": "2026-01-01T17:38:16.020637", "type": "PLAYERPOWERSTATE", "from": "PLAYER_POWER_STATE.ABSORB_ROCK", "to": "PLAYER_POWER_STATE.NONE"}
{"timestamp": "2026-01-01T17:38:20.189049", "type": "PLAYERPOWERSTATE", "from": "PLAYER_POWER_STATE.NONE", "to": "PLAYER_POWER_STATE.ABSORB_ROCK"}
{"timestamp": "2026-01-01T17:38:24.349765", "type": "PLAYERPOWERSTATE", "from": "PLAYER_POWER_STATE.ABSORB_ROCK", "to": "PLAYER_POWER_STATE.NONE"}
{"timestamp": "2026-01-01T17:38:35.024617", "type": "PLAYERPOWERSTATE", "from": "PLAYER_POWER_STATE.NONE", "to": "PLAYER_POWER_STATE.ABSORB_ROCK"}
{"timestamp": "2026-01-01T17:38:37.001502", "type": "PLAYERPOWERSTATE", "from": "PLAYER_POWER_STATE.ABSORB_ROCK", "to": "PLAYER_POWER_STATE.NONE"}
{"timestamp": "2026-01-01T17:39:17.894918", "type": "PLAYERPOWERSTATE", "from": "PLAYER_POWER_STATE.NONE", "to": "PLAYER_POWER_STATE.ABSORB_ROCK"}
{"timestamp": "2026-01-01T17:39:22.901791", "type": "PLAYERPOWERSTATE", "from": "PLAYER_POWER_STATE.ABSORB_ROCK", "to": "PLAYER_POWER_STATE.NONE"}
