{"timestamp": "2025-06-29T14:01:11.481415", "type": "<enum 'MASTERSCENES'>", "from": "MASTERSCENES.INTROSCENE", "to": "MASTERSCENES.TUTORIALSCENE"}
{"timestamp": "2025-06-29T14:01:12.638613", "type": "<enum 'MASTERSCENES'>", "from": "MASTERSCENES.TUTORIALSCENE", "to": "MASTERSCENES.ROAMINGSCENE"}
{"timestamp": "2025-06-29T14:01:40.190440", "type": "<enum 'MASTERSCENES'>", "from": "MASTERSCENES.INTROSCENE", "to": "MASTERSCENES.TUTORIALSCENE"}
{"timestamp": "2025-06-29T14:01:50.629166", "type": "<enum 'MASTERSCENES'>", "from": "MASTERSCENES.INTROSCENE", "to": "MASTERSCENES.ROAMINGSCENE"}
{"timestamp": "2025-06-29T14:02:20.839092", "type": "<enum 'MASTERSCENES'>", "from": "MASTERSCENES.INTROSCENE", "to": "MASTERSCENES.TUTORIALSCENE"}
{"timestamp": "2025-06-29T14:02:21.272949", "type": "<enum 'MASTERSCENES'>", "from": "MASTERSCENES.TUTORIALSCENE", "to": "MASTERSCENES.ROAMINGSCENE"}
{"timestamp": "2025-06-29T14:02:54.934222", "type": "<enum 'MASTERSCENES'>", "from": "MASTERSCENES.INTROSCENE", "to": "MASTERSCENES.ROAMINGSCENE"}
{"timestamp": "2025-06-29T14:03:30.841309", "type": "<enum 'MASTERSCENES'>", "from": "MASTERSCENES.INTROSCENE", "to": "MASTERSCENES.ROAMINGSCENE"}
{"timestamp": "2025-06-29T14:06:24.830404", "type": "<enum 'MASTERSCENES'>", "from": "MASTERSCENES.INTROSCENE", "to": "MASTERSCENES.ROAMINGSCENE"}
{"timestamp": "2025-06-29T14:08:29.733696", "type": "<enum 'MASTERSCENES'>", "from": "MASTERSCENES.INTROSCENE", "to": "MASTERSCENES.ROAMINGSCENE"}
{"timestamp": "2025-06-29T14:09:06.895174", "type": "<enum 'MASTERSCENES'>", "from": "MASTERSCENES.INTROSCENE", "to": "MASTERSCENES.ROAMINGSCENE"}
{"timestamp": "2025-06-29T14:09:43.950044", "type": "<enum 'MASTERSCENES'>", "from": "MASTERSCENES.INTROSCENE", "to": "MASTERSCENES.ROAMINGSCENE"}
{"timestamp": "2025-06-29T14:12:14.967489", "type": "<enum 'MASTERSCENES'>", "from": "MASTERSCENES.INTROSCENE", "to": "MASTERSCENES.ROAMINGSCENE"}
{"timestamp": "2025-06-29T14:12:29.553584", "type": "<enum 'MASTERSCENES'>", "from": "MASTERSCENES.INTROSCENE", "to": "MASTERSCENES.ROAMINGSCENE"}
{"timestamp": "2025-06-29T18:31:39.551853", "type": "<enum 'MASTERSCENES'>", "from": "MASTERSCENES.INTROSCENE", "to": "MASTERSCENES.TUTORIALSCENE"}
{"timestamp": "2025-06-29T18:31:40.053002", "type": "<enum 'MASTERSCENES'>", "from": "MASTERSCENES.TUTORIALSCENE", "to": "MASTERSCENES.ROAMINGSCENE"}
{"timestamp": "2025-06-29T18:31:45.293059", "type": "<enum 'MASTERSCENES'>", "from": "MASTERSCENES.ROAMINGSCENE", "to": "MASTERSCENES.INTROSCENE"}
{"timestamp": "2025-06-29T18:31:46.094461", "type": "<enum 'MASTERSCENES'>", "from": "MASTERSCENES.INTROSCENE", "to": "MASTERSCENES.TUTORIALSCENE"}
{"timestamp": "2025-06-29T18:31:47.226649", "type": "<enum 'MASTERSCENES'>", "from": "MASTERSCENES.TUTORIALSCENE", "to": "MASTERSCENES.ROAMINGSCENE"}
{"timestamp": "2025-06-29T18:31:48.342050", "type": "<enum 'MASTERSCENES'>", "from": "MASTERSCENES.ROAMINGSCENE", "to": "MASTERSCENES.INTROSCENE"}
{"timestamp": "2025-06-29T18:32:26.589979", "type": "<enum 'MASTERSCENES'>", "from": "MASTERSCENES.INTROSCENE", "to": "MASTERSCENES.TUTORIALSCENE"}
{"timestamp": "2025-06-29T18:32:27.024768", "type": "<enum 'MASTERSCENES'>", "from": "MASTERSCENES.TUTORIALSCENE", "to": "MASTERSCENES.ROAMINGSCENE"}
{"timestamp": "2025-06-29T18:32:27.361758", "type": "<enum 'MASTERSCENES'>", "from": "MASTERSCENES.ROAMINGSCENE", "to": "MASTERSCENES.INTROSCENE"}
{"timestamp": "2025-06-29T18:32:27.861052", "type": "<enum 'MASTERSCENES'>", "from": "MASTERSCENES.INTROSCENE", "to": "MASTERSCENES.TUTORIALSCENE"}
{"timestamp": "2025-06-29T18:32:28.103009", "type": "<enum 'MASTERSCENES'>", "from": "MASTERSCENES.TUTORIALSCENE", "to": "MASTERSCENES.ROAMINGSCENE"}
{"timestamp": "2025-06-29T18:32:28.297455", "type": "<enum 'MASTERSCENES'>", "from": "MASTERSCENES.ROAMINGSCENE", "to": "MASTERSCENES.INTROSCENE"}
{"timestamp": "2025-06-29T18:32:28.619746", "type": "<enum 'MASTERSCENES'>", "from": "MASTERSCENES.INTROSCENE", "to": "MASTERSCENES.TUTORIALSCENE"}
{"timestamp": "2025-06-29T18:32:28.780958", "type": "<enum 'MASTERSCENES'>", "from": "MASTERSCENES.TUTORIALSCENE", "to": "MASTERSCENES.ROAMINGSCENE"}
{"timestamp": "2025-06-29T18:32:31.638829", "type": "<enum 'MASTERSCENES'>", "from": "MASTERSCENES.ROAMINGSCENE", "to": "MASTERSCENES.INTROSCENE"}
{"timestamp": "2025-06-29T18:32:59.188232", "type": "<enum 'MASTERSCENES'>", "from": "MASTERSCENES.INTROSCENE", "to": "MASTERSCENES.TUTORIALSCENE"}
{"timestamp": "2025-06-29T18:32:59.589842", "type": "<enum 'MASTERSCENES'>", "from": "MASTERSCENES.TUTORIALSCENE", "to": "MASTERSCENES.ROAMINGSCENE"}
{"timestamp": "2025-06-29T18:33:02.783900", "type": "<enum 'MASTERSCENES'>", "from": "MASTERSCENES.ROAMINGSCENE", "to": "MASTERSCENES.INTROSCENE"}
{"timestamp": "2025-06-29T18:33:31.343259", "type": "<enum 'MASTERSCENES'>", "from": "MASTERSCENES.INTROSCENE", "to": "MASTERSCENES.TUTORIALSCENE"}
{"timestamp": "2025-06-29T18:33:31.601049", "type": "<enum 'MASTERSCENES'>", "from": "MASTERSCENES.TUTORIALSCENE", "to": "MASTERSCENES.ROAMINGSCENE"}
{"timestamp": "2025-06-29T18:33:32.049219", "type": "<enum 'MASTERSCENES'>", "from": "MASTERSCENES.ROAMINGSCENE", "to": "MASTERSCENES.INTROSCENE"}
{"timestamp": "2025-06-29T18:33:48.411405", "type": "<enum 'MASTERSCENES'>", "from": "MASTERSCENES.INTROSCENE", "to": "MASTERSCENES.ROAMINGSCENE"}
{"timestamp": "2025-06-29T18:33:49.983645", "type": "<enum 'MASTERSCENES'>", "from": "MASTERSCENES.ROAMINGSCENE", "to": "MASTERSCENES.INTROSCENE"}
{"timestamp": "2025-06-29T18:33:53.420345", "type": "<enum 'MASTERSCENES'>", "from": "MASTERSCENES.INTROSCENE", "to": "MASTERSCENES.ROAMINGSCENE"}
{"timestamp": "2025-06-29T18:33:54.835362", "type": "<enum 'MASTERSCENES'>", "from": "MASTERSCENES.ROAMINGSCENE", "to": "MASTERSCENES.INTROSCENE"}
{"timestamp": "2025-06-29T18:34:53.316143", "type": "<enum 'MASTERSCENES'>", "from": "MASTERSCENES.INTROSCENE", "to": "MASTERSCENES.TUTORIALSCENE"}
{"timestamp": "2025-06-29T18:34:53.702576", "type": "<enum 'MASTERSCENES'>", "from": "MASTERSCENES.TUTORIALSCENE", "to": "MASTERSCENES.INTROSCENE"}
{"timestamp": "2025-06-29T18:34:54.009052", "type": "<enum 'MASTERSCENES'>", "from": "MASTERSCENES.INTROSCENE", "to": "MASTERSCENES.ROAMINGSCENE"}
{"timestamp": "2025-06-29T18:34:55.227145", "type": "<enum 'MASTERSCENES'>", "from": "MASTERSCENES.ROAMINGSCENE", "to": "MASTERSCENES.INTROSCENE"}
{"timestamp": "2025-06-29T18:59:38.595622", "type": "<enum 'MASTERSCENES'>", "from": "MASTERSCENES.INTROSCENE", "to": "MASTERSCENES.TUTORIALSCENE"}
{"timestamp": "2025-06-29T18:59:38.996827", "type": "<enum 'MASTERSCENES'>", "from": "MASTERSCENES.TUTORIALSCENE", "to": "MASTERSCENES.ROAMINGSCENE"}
{"timestamp": "2025-06-29T18:59:39.385836", "type": "<enum 'MASTERSCENES'>", "from": "MASTERSCENES.ROAMINGSCENE", "to": "MASTERSCENES.INTROSCENE"}
{"timestamp": "2025-06-29T18:59:39.563136", "type": "<enum 'MASTERSCENES'>", "from": "MASTERSCENES.INTROSCENE", "to": "MASTERSCENES.TUTORIALSCENE"}
{"timestamp": "2025-06-29T18:59:39.757385", "type": "<enum 'MASTERSCENES'>", "from": "MASTERSCENES.TUTORIALSCENE", "to": "MASTERSCENES.ROAMINGSCENE"}
{"timestamp": "2025-06-29T18:59:39.950161", "type": "<enum 'MASTERSCENES'>", "from": "MASTERSCENES.ROAMINGSCENE", "to": "MASTERSCENES.INTROSCENE"}
{"timestamp": "2025-06-29T18:59:40.127624", "type": "<enum 'MASTERSCENES'>", "from": "MASTERSCENES.INTROSCENE", "to": "MASTERSCENES.TUTORIALSCENE"}
{"timestamp": "2025-06-29T18:59:40.335093", "type": "<enum 'MASTERSCENES'>", "from": "MASTERSCENES.TUTORIALSCENE", "to": "MASTERSCENES.ROAMINGSCENE"}
{"timestamp": "2025-06-29T18:59:40.547066", "type": "<enum 'MASTERSCENES'>", "from": "MASTERSCENES.ROAMINGSCENE", "to": "MASTERSCENES.INTROSCENE"}
{"timestamp": "2025-06-29T18:59:40.739257", "type": "<enum 'MASTERSCENES'>", "from": "MASTERSCENES.INTROSCENE", "to": "MASTERSCENES.TUTORIALSCENE"}
{"timestamp": "2025-06-29T18:59:40.948122", "type": "<enum 'MASTERSCENES'>", "from": "MASTERSCENES.TUTORIALSCENE", "to": "MASTERSCENES.ROAMINGSCENE"}
{"timestamp": "2025-06-29T18:59:48.609560", "type": "<enum 'MASTERSCENES'>", "from": "MASTERSCENES.ROAMINGSCENE", "to": "MASTERSCENES.INTROSCENE"}
{"timestamp": "2025-06-29T18:59:49.668580", "type": "<enum 'MASTERSCENES'>", "from": "MASTERSCENES.INTROSCENE", "to": "MASTERSCENES.TUTORIALSCENE"}
{"timestamp": "2025-06-29T18:59:50.848383", "type": "<enum 'MASTERSCENES'>", "from": "MASTERSCENES.TUTORIALSCENE", "to": "MASTERSCENES.ROAMINGSCENE"}
{"timestamp": "2025-06-29T18:59:52.014153", "type": "<enum 'MASTERSCENES'>", "from": "MASTERSCENES.ROAMINGSCENE", "to": "MASTERSCENES.INTROSCENE"}
{"timestamp": "2025-06-29T18:59:52.385980", "type": "<enum 'MASTERSCENES'>", "from": "MASTERSCENES.INTROSCENE", "to": "MASTERSCENES.TUTORIALSCENE"}
{"timestamp": "2025-06-29T18:59:52.664589", "type": "<enum 'MASTERSCENES'>", "from": "MASTERSCENES.TUTORIALSCENE", "to": "MASTERSCENES.ROAMINGSCENE"}
{"timestamp": "2025-06-29T18:59:52.897924", "type": "<enum 'MASTERSCENES'>", "from": "MASTERSCENES.ROAMINGSCENE", "to": "MASTERSCENES.TUTORIALSCENE"}
{"timestamp": "2025-06-29T18:59:53.143009", "type": "<enum 'MASTERSCENES'>", "from": "MASTERSCENES.TUTORIALSCENE", "to": "MASTERSCENES.INTROSCENE"}
{"timestamp": "2025-06-29T18:59:53.284969", "type": "<enum 'MASTERSCENES'>", "from": "MASTERSCENES.INTROSCENE", "to": "MASTERSCENES.TUTORIALSCENE"}
{"timestamp": "2025-06-29T18:59:53.702251", "type": "<enum 'MASTERSCENES'>", "from": "MASTERSCENES.TUTORIALSCENE", "to": "MASTERSCENES.ROAMINGSCENE"}
{"timestamp": "2025-06-29T18:59:54.601545", "type": "<enum 'MASTERSCENES'>", "from": "MASTERSCENES.ROAMINGSCENE", "to": "MASTERSCENES.INTROSCENE"}
{"timestamp": "2025-06-29T18:59:58.979831", "type": "<enum 'MASTERSCENES'>", "from": "MASTERSCENES.INTROSCENE", "to": "MASTERSCENES.TUTORIALSCENE"}
{"timestamp": "2025-06-29T19:00:00.436976", "type": "<enum 'MASTERSCENES'>", "from": "MASTERSCENES.TUTORIALSCENE", "to": "MASTERSCENES.ROAMINGSCENE"}
{"timestamp": "2025-06-29T19:00:01.729630", "type": "<enum 'MASTERSCENES'>", "from": "MASTERSCENES.ROAMINGSCENE", "to": "MASTERSCENES.INTROSCENE"}
{"timestamp": "2025-06-29T19:00:03.373875", "type": "<enum 'MASTERSCENES'>", "from": "MASTERSCENES.INTROSCENE", "to": "MASTERSCENES.TUTORIALSCENE"}
{"timestamp": "2025-06-29T19:00:04.888292", "type": "<enum 'MASTERSCENES'>", "from": "MASTERSCENES.TUTORIALSCENE", "to": "MASTERSCENES.ROAMINGSCENE"}
{"timestamp": "2025-06-29T19:00:06.585582", "type": "<enum 'MASTERSCENES'>", "from": "MASTERSCENES.ROAMINGSCENE", "to": "MASTERSCENES.INTROSCENE"}
{"timestamp": "2025-06-29T19:00:08.694008", "type": "<enum 'MASTERSCENES'>", "from": "MASTERSCENES.INTROSCENE", "to": "MASTERSCENES.TUTORIALSCENE"}
{"timestamp": "2025-06-29T19:00:10.631460", "type": "<enum 'MASTERSCENES'>", "from": "MASTERSCENES.TUTORIALSCENE", "to": "MASTERSCENES.ROAMINGSCENE"}
{"timestamp": "2025-10-23T10:31:08.013292", "type": "<enum 'MASTERSCENES'>", "from": "MASTERSCENES.INTROSCENE", "to": "MASTERSCENES.TUTORIALSCENE"}
{"timestamp": "2025-10-23T10:31:08.463061", "type": "<enum 'MASTERSCENES'>", "from": "MASTERSCENES.TUTORIALSCENE", "to": "MASTERSCENES.ROAMINGSCENE"}
{"timestamp": "2025-10-23T10:32:02.959775", "type": "<enum 'MASTERSCENES'>", "from": "MASTERSCENES.ROAMINGSCENE", "to": "MASTERSCENES.INTROSCENE"}
{"timestamp": "2025-10-23T10:32:06.223431", "type": "<enum 'MASTERSCENES'>", "from": "MASTERSCENES.INTROSCENE", "to": "MASTERSCENES.TUTORIALSCENE"}
{"timestamp": "2025-10-23T10:32:06.430624", "type": "<enum 'MASTERSCENES'>", "from": "MASTERSCENES.TUTORIALSCENE", "to": "MASTERSCENES.ROAMINGSCENE"}
{"timestamp": "2025-10-23T10:32:06.656155", "type": "<enum 'MASTERSCENES'>", "from": "MASTERSCENES.ROAMINGSCENE", "to": "MASTERSCENES.INTROSCENE"}
{"timestamp": "2025-10-23T10:32:07.799286", "type": "<enum 'MASTERSCENES'>", "from": "MASTERSCENES.INTROSCENE", "to": "MASTERSCENES.ROAMINGSCENE"}
{"timestamp": "2025-10-23T10:32:09.568354", "type": "<enum 'MASTERSCENES'>", "from": "MASTERSCENES.ROAMINGSCENE", "to": "MASTERSCENES.INTROSCENE"}
{"timestamp": "2025-10-23T10:45:34.368476", "type": "<enum 'MASTERSCENES'>", "from": "MASTERSCENES.INTROSCENE", "to": "MASTERSCENES.TUTORIALSCENE"}
{"timestamp": "2025-10-23T10:45:34.608499", "type": "<enum 'MASTERSCENES'>", "from": "MASTERSCENES.TUTORIALSCENE", "to": "MASTERSCENES.ROAMINGSCENE"}
{"timestamp": "2025-10-23T10:45:35.266679", "type": "<enum 'MASTERSCENES'>", "from": "MASTERSCENES.ROAMINGSCENE", "to": "MASTERSCENES.INTROSCENE"}
