{"timestamp": "2026-01-06T11:15:38.508888", "type": "TUTORIALSTATE", "ticks": "game/mode/tutorial", "from": "TUTORIALSTATE.MOVEMENT_PROMPT", "to": "TUTORIALSTATE.RESET"}
{"timestamp": "2026-01-07T03:16:31.759987", "type": "TUTORIALSTATE", "ticks": "game/mode/tutorial", "from": "TUTORIALSTATE.MOVEMENT_PROMPT", "to": "TUTORIALSTATE.RESET"}
{"timestamp": "2026-01-07T08:07:09.962990", "type": "TUTORIALSTATE", "ticks": "game/mode/tutorial", "from": "TUTORIALSTATE.MOVEMENT_PROMPT", "to": "TUTORIALSTATE.BEGIN"}
{"timestamp": "2026-01-07T08:07:12.456075", "type": "TUTORIALSTATE", "ticks": "game/mode/tutorial", "from": "TUTORIALSTATE.BEGIN", "to": "TUTORIALSTATE.SNOW_PROMPT"}
{"timestamp": "2026-01-07T08:07:13.016698", "type": "TUTORIALSTATE", "ticks": "game/mode/tutorial", "from": "TUTORIALSTATE.SNOW_PROMPT", "to": "TUTORIALSTATE.SNOW"}
{"timestamp": "2026-01-07T08:07:21.602085", "type": "TUTORIALSTATE", "ticks": "game/mode/tutorial", "from": "TUTORIALSTATE.MOVEMENT_PROMPT", "to": "TUTORIALSTATE.RESET"}
{"timestamp": "2026-01-07T08:07:23.194211", "type": "TUTORIALSTATE", "ticks": "game/mode/tutorial", "from": "TUTORIALSTATE.RESET", "to": "TUTORIALSTATE.MOVEMENT_PROMPT"}
{"timestamp": "2026-01-07T08:07:23.995847", "type": "TUTORIALSTATE", "ticks": "game/mode/tutorial", "from": "TUTORIALSTATE.MOVEMENT_PROMPT", "to": "TUTORIALSTATE.RESET"}
{"timestamp": "2026-01-07T19:25:09.641909", "type": "TUTORIALSTATE", "ticks": "game/mode/tutorial", "from": "TUTORIALSTATE.MOVEMENT_PROMPT", "to": "TUTORIALSTATE.RESET"}
{"timestamp": "2026-01-07T22:50:46.555663", "type": "TUTORIALSTATE", "ticks": "game/mode/tutorial", "from": "TUTORIALSTATE.MOVEMENT_PROMPT", "to": "TUTORIALSTATE.RESET"}
{"timestamp": "2026-01-08T00:55:14.728421", "type": "TUTORIALSTATE", "ticks": "game/mode/tutorial", "from": "TUTORIALSTATE.MOVEMENT_PROMPT", "to": "TUTORIALSTATE.BEGIN"}
{"timestamp": "2026-01-08T00:55:17.838133", "type": "TUTORIALSTATE", "ticks": "game/mode/tutorial", "from": "TUTORIALSTATE.BEGIN", "to": "TUTORIALSTATE.SNOW_PROMPT"}
{"timestamp": "2026-01-08T01:02:50.156236", "type": "TUTORIALSTATE", "ticks": "game/mode/tutorial", "from": "TUTORIALSTATE.MOVEMENT_PROMPT", "to": "TUTORIALSTATE.RESET"}
{"timestamp": "2026-01-20T01:42:15.853819", "type": "TUTORIALSTATE", "ticks": "game/mode/tutorial", "from": "TUTORIALSTATE.MOVEMENT_PROMPT", "to": "TUTORIALSTATE.RESET"}
{"timestamp": "2026-01-24T03:32:02.842691", "type": "TUTORIALSTATE", "ticks": "game/mode/tutorial", "from": "TUTORIALSTATE.MOVEMENT_PROMPT", "to": "TUTORIALSTATE.RESET"}
{"timestamp": "2026-01-31T00:18:09.015614", "type": "TUTORIALSTATE", "ticks": "game/mode/tutorial", "from": "TUTORIALSTATE.MOVEMENT_PROMPT", "to": "TUTORIALSTATE.RESET"}
{"timestamp": "2026-01-31T00:33:25.904084", "type": "TUTORIALSTATE", "ticks": "game/mode/tutorial", "from": "TUTORIALSTATE.MOVEMENT_PROMPT", "to": "TUTORIALSTATE.RESET"}
{"timestamp": "2026-01-31T03:05:35.330310", "type": "TUTORIALSTATE", "ticks": "game/mode/tutorial", "from": "TUTORIALSTATE.MOVEMENT_PROMPT", "to": "TUTORIALSTATE.RESET"}
{"timestamp": "2026-01-31T03:08:23.046458", "type": "TUTORIALSTATE", "ticks": "game/mode/tutorial", "from": "TUTORIALSTATE.MOVEMENT_PROMPT", "to": "TUTORIALSTATE.RESET"}
{"timestamp": "2026-01-31T03:10:04.266200", "type": "TUTORIALSTATE", "ticks": "game/mode/tutorial", "from": "TUTORIALSTATE.MOVEMENT_PROMPT", "to": "TUTORIALSTATE.RESET"}
{"timestamp": "2026-01-31T03:10:55.434537", "type": "TUTORIALSTATE", "ticks": "game/mode/tutorial", "from": "TUTORIALSTATE.MOVEMENT_PROMPT", "to": "TUTORIALSTATE.RESET"}
{"timestamp": "2026-01-31T04:47:16.489127", "type": "TUTORIALSTATE", "ticks": "game/mode/tutorial", "from": "TUTORIALSTATE.MOVEMENT_PROMPT", "to": "TUTORIALSTATE.RESET"}
{"timestamp": "2026-01-31T04:47:18.005587", "type": "TUTORIALSTATE", "ticks": "game/mode/tutorial", "from": "TUTORIALSTATE.RESET", "to": "TUTORIALSTATE.MOVEMENT_PROMPT"}
{"timestamp": "2026-01-31T04:47:18.798272", "type": "TUTORIALSTATE", "ticks": "game/mode/tutorial", "from": "TUTORIALSTATE.MOVEMENT_PROMPT", "to": "TUTORIALSTATE.BEGIN"}
{"timestamp": "2026-01-31T04:47:21.724107", "type": "TUTORIALSTATE", "ticks": "game/mode/tutorial", "from": "TUTORIALSTATE.BEGIN", "to": "TUTORIALSTATE.SNOW_PROMPT"}
{"timestamp": "2026-01-31T04:47:22.430197", "type": "TUTORIALSTATE", "ticks": "game/mode/tutorial", "from": "TUTORIALSTATE.SNOW_PROMPT", "to": "TUTORIALSTATE.SNOW"}
{"timestamp": "2026-01-31T04:47:31.136544", "type": "TUTORIALSTATE", "ticks": "game/mode/tutorial", "from": "TUTORIALSTATE.SNOW", "to": "TUTORIALSTATE.ROCKS_PROMPT"}
{"timestamp": "2026-01-31T04:47:31.907478", "type": "TUTORIALSTATE", "ticks": "game/mode/tutorial", "from": "TUTORIALSTATE.ROCKS_PROMPT", "to": "TUTORIALSTATE.ROCKS"}
{"timestamp": "2026-01-31T04:47:58.328878", "type": "TUTORIALSTATE", "ticks": "game/mode/tutorial", "from": "TUTORIALSTATE.ROCKS", "to": "TUTORIALSTATE.POWERUPS_PROMPT"}
{"timestamp": "2026-01-31T04:48:02.086615", "type": "TUTORIALSTATE", "ticks": "game/mode/tutorial", "from": "TUTORIALSTATE.POWERUPS_PROMPT", "to": "TUTORIALSTATE.POWERUPS"}
{"timestamp": "2026-01-31T04:49:14.721138", "type": "TUTORIALSTATE", "ticks": "game/mode/tutorial", "from": "TUTORIALSTATE.POWERUPS", "to": "TUTORIALSTATE.RESET"}
{"timestamp": "2026-01-31T04:49:18.676534", "type": "TUTORIALSTATE", "ticks": "game/mode/tutorial", "from": "TUTORIALSTATE.RESET", "to": "TUTORIALSTATE.MOVEMENT_PROMPT"}
{"timestamp": "2026-01-31T04:49:19.174365", "type": "TUTORIALSTATE", "ticks": "game/mode/tutorial", "from": "TUTORIALSTATE.MOVEMENT_PROMPT", "to": "TUTORIALSTATE.BEGIN"}
{"timestamp": "2026-01-31T04:49:22.219752", "type": "TUTORIALSTATE", "ticks": "game/mode/tutorial", "from": "TUTORIALSTATE.BEGIN", "to": "TUTORIALSTATE.SNOW_PROMPT"}
{"timestamp": "2026-01-31T04:49:22.925444", "type": "TUTORIALSTATE", "ticks": "game/mode/tutorial", "from": "TUTORIALSTATE.SNOW_PROMPT", "to": "TUTORIALSTATE.SNOW"}
{"timestamp": "2026-01-31T04:49:32.760564", "type": "TUTORIALSTATE", "ticks": "game/mode/tutorial", "from": "TUTORIALSTATE.SNOW", "to": "TUTORIALSTATE.ROCKS_PROMPT"}
{"timestamp": "2026-01-31T04:49:33.286119", "type": "TUTORIALSTATE", "ticks": "game/mode/tutorial", "from": "TUTORIALSTATE.ROCKS_PROMPT", "to": "TUTORIALSTATE.ROCKS"}
{"timestamp": "2026-01-31T04:49:50.911082", "type": "TUTORIALSTATE", "ticks": "game/mode/tutorial", "from": "TUTORIALSTATE.ROCKS", "to": "TUTORIALSTATE.POWERUPS_PROMPT"}
{"timestamp": "2026-01-31T04:49:51.471367", "type": "TUTORIALSTATE", "ticks": "game/mode/tutorial", "from": "TUTORIALSTATE.POWERUPS_PROMPT", "to": "TUTORIALSTATE.POWERUPS"}
{"timestamp": "2026-01-31T04:50:36.584243", "type": "TUTORIALSTATE", "ticks": "game/mode/tutorial", "from": "TUTORIALSTATE.POWERUPS", "to": "TUTORIALSTATE.RESET"}
