{"timestamp": "2025-10-28T01:57:38.455065", "type": "APPSTATE", "from": "APPSTATE.MAIN_MENU", "to": "APPSTATE.QUIT"}
{"timestamp": "2025-10-28T01:57:51.953703", "type": "APPSTATE", "from": "APPSTATE.MAIN_MENU", "to": "APPSTATE.IN_GAME"}
{"timestamp": "2025-10-28T01:58:32.083911", "type": "APPSTATE", "from": "APPSTATE.MAIN_MENU", "to": "APPSTATE.IN_GAME"}
{"timestamp": "2025-10-28T01:59:01.636763", "type": "APPSTATE", "from": "APPSTATE.MAIN_MENU", "to": "APPSTATE.IN_GAME"}
{"timestamp": "2025-10-28T01:59:17.924855", "type": "APPSTATE", "from": "APPSTATE.MAIN_MENU", "to": "APPSTATE.IN_GAME"}
{"timestamp": "2025-10-28T02:01:29.801147", "type": "APPSTATE", "from": "APPSTATE.MAIN_MENU", "to": "APPSTATE.IN_GAME"}
{"timestamp": "2025-10-28T02:01:34.692204", "type": "APPSTATE", "from": "APPSTATE.IN_GAME", "to": "APPSTATE.MAIN_MENU"}
{"timestamp": "2025-10-28T02:01:35.319214", "type": "APPSTATE", "from": "APPSTATE.MAIN_MENU", "to": "APPSTATE.MAP_EDITOR"}
{"timestamp": "2025-10-28T02:39:08.041098", "type": "APPSTATE", "from": "APPSTATE.MAIN_MENU", "to": "APPSTATE.MAP_EDITOR"}
{"timestamp": "2025-10-28T02:39:17.147827", "type": "APPSTATE", "from": "APPSTATE.MAP_EDITOR", "to": "APPSTATE.QUIT"}
{"timestamp": "2025-10-28T02:43:01.422142", "type": "APPSTATE", "from": "APPSTATE.MAIN_MENU", "to": "APPSTATE.MAP_EDITOR"}
{"timestamp": "2025-10-28T02:43:09.823757", "type": "APPSTATE", "from": "APPSTATE.MAP_EDITOR", "to": "APPSTATE.QUIT"}
{"timestamp": "2025-10-28T02:43:32.755563", "type": "APPSTATE", "from": "APPSTATE.MAIN_MENU", "to": "APPSTATE.MAP_EDITOR"}
{"timestamp": "2025-10-28T02:43:36.467636", "type": "APPSTATE", "from": "APPSTATE.MAP_EDITOR", "to": "APPSTATE.QUIT"}
{"timestamp": "2025-10-28T02:44:47.720367", "type": "APPSTATE", "from": "APPSTATE.MAIN_MENU", "to": "APPSTATE.QUIT"}
{"timestamp": "2025-10-28T02:44:52.269282", "type": "APPSTATE", "from": "APPSTATE.MAIN_MENU", "to": "APPSTATE.MAP_EDITOR"}
{"timestamp": "2025-10-28T02:44:57.038011", "type": "APPSTATE", "from": "APPSTATE.MAP_EDITOR", "to": "APPSTATE.MAIN_MENU"}
{"timestamp": "2025-10-28T02:44:57.535489", "type": "APPSTATE", "from": "APPSTATE.MAIN_MENU", "to": "APPSTATE.IN_GAME"}
{"timestamp": "2025-10-28T02:45:01.455900", "type": "APPSTATE", "from": "APPSTATE.IN_GAME", "to": "APPSTATE.QUIT"}
{"timestamp": "2025-10-28T02:45:21.107040", "type": "APPSTATE", "from": "APPSTATE.MAIN_MENU", "to": "APPSTATE.IN_GAME"}
{"timestamp": "2025-10-28T02:45:25.271958", "type": "APPSTATE", "from": "APPSTATE.IN_GAME", "to": "APPSTATE.MAIN_MENU"}
{"timestamp": "2025-10-28T02:45:25.783238", "type": "APPSTATE", "from": "APPSTATE.MAIN_MENU", "to": "APPSTATE.MAP_EDITOR"}
{"timestamp": "2025-10-28T02:45:32.908200", "type": "APPSTATE", "from": "APPSTATE.MAP_EDITOR", "to": "APPSTATE.MAIN_MENU"}
{"timestamp": "2025-10-28T02:46:15.443974", "type": "APPSTATE", "from": "APPSTATE.MAIN_MENU", "to": "APPSTATE.QUIT"}
{"timestamp": "2025-10-28T05:12:05.958041", "type": "APPSTATE", "from": "APPSTATE.MAIN_MENU", "to": "APPSTATE.QUIT"}
{"timestamp": "2025-10-28T05:13:18.867915", "type": "APPSTATE", "from": "APPSTATE.MAIN_MENU", "to": "APPSTATE.QUIT"}
{"timestamp": "2025-10-28T05:30:36.791597", "type": "APPSTATE", "from": "APPSTATE.MAIN_MENU", "to": "APPSTATE.QUIT"}
{"timestamp": "2025-10-30T01:36:50.125069", "type": "APPSTATE", "from": "APPSTATE.MAIN_MENU", "to": "APPSTATE.QUIT"}
{"timestamp": "2025-10-30T02:03:32.660297", "type": "APPSTATE", "from": "APPSTATE.MAIN_MENU", "to": "APPSTATE.QUIT"}
{"timestamp": "2025-11-17T08:59:10.956740", "type": "APPSTATE", "from": "APPSTATE.MAIN_MENU", "to": "APPSTATE.IN_GAME"}
{"timestamp": "2025-11-17T08:59:29.193594", "type": "APPSTATE", "from": "APPSTATE.IN_GAME", "to": "APPSTATE.MAIN_MENU"}
{"timestamp": "2025-11-17T08:59:31.536169", "type": "APPSTATE", "from": "APPSTATE.MAIN_MENU", "to": "APPSTATE.QUIT"}
{"timestamp": "2025-11-17T08:59:35.134429", "type": "APPSTATE", "from": "APPSTATE.MAIN_MENU", "to": "APPSTATE.IN_GAME"}
{"timestamp": "2025-11-17T09:00:49.854968", "type": "APPSTATE", "from": "APPSTATE.IN_GAME", "to": "APPSTATE.QUIT"}
{"timestamp": "2025-11-17T09:01:25.385715", "type": "APPSTATE", "from": "APPSTATE.MAIN_MENU", "to": "APPSTATE.IN_GAME"}
{"timestamp": "2025-11-17T09:02:26.061149", "type": "APPSTATE", "from": "APPSTATE.IN_GAME", "to": "APPSTATE.MAIN_MENU"}
{"timestamp": "2025-11-17T09:02:32.435472", "type": "APPSTATE", "from": "APPSTATE.MAIN_MENU", "to": "APPSTATE.IN_GAME"}
{"timestamp": "2025-11-17T09:02:47.261358", "type": "APPSTATE", "from": "APPSTATE.IN_GAME", "to": "APPSTATE.QUIT"}
{"timestamp": "2025-11-17T09:14:00.909089", "type": "APPSTATE", "from": "APPSTATE.MAIN_MENU", "to": "APPSTATE.IN_GAME"}
{"timestamp": "2025-11-17T09:14:08.081802", "type": "APPSTATE", "from": "APPSTATE.IN_GAME", "to": "APPSTATE.QUIT"}
{"timestamp": "2025-11-17T09:14:39.624932", "type": "APPSTATE", "from": "APPSTATE.MAIN_MENU", "to": "APPSTATE.IN_GAME"}
{"timestamp": "2025-11-17T09:14:45.613684", "type": "APPSTATE", "from": "APPSTATE.IN_GAME", "to": "APPSTATE.QUIT"}
{"timestamp": "2025-11-17T09:15:29.771382", "type": "APPSTATE", "from": "APPSTATE.MAIN_MENU", "to": "APPSTATE.IN_GAME"}
{"timestamp": "2025-11-17T09:15:33.332373", "type": "APPSTATE", "from": "APPSTATE.IN_GAME", "to": "APPSTATE.QUIT"}
{"timestamp": "2025-11-17T09:15:55.241842", "type": "APPSTATE", "from": "APPSTATE.MAIN_MENU", "to": "APPSTATE.QUIT"}
{"timestamp": "2025-11-17T09:17:03.112484", "type": "APPSTATE", "from": "APPSTATE.MAIN_MENU", "to": "APPSTATE.IN_GAME"}
{"timestamp": "2025-11-17T09:17:28.361105", "type": "APPSTATE", "from": "APPSTATE.IN_GAME", "to": "APPSTATE.QUIT"}
{"timestamp": "2025-11-17T09:18:29.082411", "type": "APPSTATE", "from": "APPSTATE.MAIN_MENU", "to": "APPSTATE.IN_GAME"}
{"timestamp": "2025-11-17T09:18:40.341542", "type": "APPSTATE", "from": "APPSTATE.IN_GAME", "to": "APPSTATE.QUIT"}
{"timestamp": "2025-11-17T09:19:35.092176", "type": "APPSTATE", "from": "APPSTATE.MAIN_MENU", "to": "APPSTATE.IN_GAME"}
{"timestamp": "2025-11-17T09:19:43.800377", "type": "APPSTATE", "from": "APPSTATE.IN_GAME", "to": "APPSTATE.QUIT"}
{"timestamp": "2025-11-17T09:19:49.576777", "type": "APPSTATE", "from": "APPSTATE.MAIN_MENU", "to": "APPSTATE.IN_GAME"}
{"timestamp": "2025-11-17T09:19:55.947168", "type": "APPSTATE", "from": "APPSTATE.IN_GAME", "to": "APPSTATE.QUIT"}
{"timestamp": "2025-11-17T09:42:42.957479", "type": "APPSTATE", "from": "APPSTATE.MAIN_MENU", "to": "APPSTATE.MAP_EDITOR"}
{"timestamp": "2025-11-17T09:42:48.099331", "type": "APPSTATE", "from": "APPSTATE.MAP_EDITOR", "to": "APPSTATE.MAIN_MENU"}
{"timestamp": "2025-11-17T09:43:17.271435", "type": "APPSTATE", "from": "APPSTATE.MAIN_MENU", "to": "APPSTATE.IN_GAME"}
{"timestamp": "2025-11-17T09:43:25.540037", "type": "APPSTATE", "from": "APPSTATE.IN_GAME", "to": "APPSTATE.MAIN_MENU"}
{"timestamp": "2025-11-17T09:44:45.072948", "type": "APPSTATE", "from": "APPSTATE.MAIN_MENU", "to": "APPSTATE.IN_GAME"}
{"timestamp": "2025-11-17T09:48:00.143092", "type": "APPSTATE", "from": "APPSTATE.IN_GAME", "to": "APPSTATE.QUIT"}
{"timestamp": "2025-11-17T09:55:52.922488", "type": "APPSTATE", "from": "APPSTATE.MAIN_MENU", "to": "APPSTATE.IN_GAME"}
{"timestamp": "2025-11-17T09:58:25.692897", "type": "APPSTATE", "from": "APPSTATE.IN_GAME", "to": "APPSTATE.MAIN_MENU"}
{"timestamp": "2025-11-17T09:58:27.850063", "type": "APPSTATE", "from": "APPSTATE.MAIN_MENU", "to": "APPSTATE.IN_GAME"}
{"timestamp": "2025-11-17T09:59:50.446756", "type": "APPSTATE", "from": "APPSTATE.IN_GAME", "to": "APPSTATE.QUIT"}
{"timestamp": "2025-11-17T10:29:11.809377", "type": "APPSTATE", "from": "APPSTATE.MAIN_MENU", "to": "APPSTATE.IN_GAME"}
{"timestamp": "2025-11-17T10:29:14.856344", "type": "APPSTATE", "from": "APPSTATE.IN_GAME", "to": "APPSTATE.MAIN_MENU"}
{"timestamp": "2025-11-17T10:45:34.354421", "type": "APPSTATE", "from": "APPSTATE.MAIN_MENU", "to": "APPSTATE.QUIT"}
{"timestamp": "2025-11-17T10:47:24.067929", "type": "APPSTATE", "from": "APPSTATE.MAIN_MENU", "to": "APPSTATE.QUIT"}
{"timestamp": "2025-11-17T20:47:12.888559", "type": "APPSTATE", "from": "APPSTATE.MAIN_MENU", "to": "APPSTATE.QUIT"}
{"timestamp": "2025-11-18T01:37:27.503471", "type": "APPSTATE", "from": "APPSTATE.MAIN_MENU", "to": "APPSTATE.IN_GAME"}
{"timestamp": "2025-11-18T01:37:53.468576", "type": "APPSTATE", "from": "APPSTATE.MAIN_MENU", "to": "APPSTATE.IN_GAME"}
{"timestamp": "2025-11-18T01:38:12.027121", "type": "APPSTATE", "from": "APPSTATE.MAIN_MENU", "to": "APPSTATE.QUIT"}
{"timestamp": "2025-11-18T01:38:19.758017", "type": "APPSTATE", "from": "APPSTATE.MAIN_MENU", "to": "APPSTATE.IN_GAME"}
{"timestamp": "2025-11-18T01:39:15.685469", "type": "APPSTATE", "from": "APPSTATE.MAIN_MENU", "to": "APPSTATE.IN_GAME"}
{"timestamp": "2025-11-18T01:39:51.245992", "type": "APPSTATE", "from": "APPSTATE.MAIN_MENU", "to": "APPSTATE.IN_GAME"}
{"timestamp": "2025-11-18T01:40:07.408190", "type": "APPSTATE", "from": "APPSTATE.MAIN_MENU", "to": "APPSTATE.IN_GAME"}
{"timestamp": "2025-11-18T01:41:01.093012", "type": "APPSTATE", "from": "APPSTATE.MAIN_MENU", "to": "APPSTATE.IN_GAME"}
{"timestamp": "2025-11-18T01:41:04.099097", "type": "APPSTATE", "from": "APPSTATE.IN_GAME", "to": "APPSTATE.QUIT"}
{"timestamp": "2025-11-18T01:42:26.220269", "type": "APPSTATE", "from": "APPSTATE.MAIN_MENU", "to": "APPSTATE.IN_GAME"}
{"timestamp": "2025-11-18T01:42:31.014005", "type": "APPSTATE", "from": "APPSTATE.IN_GAME", "to": "APPSTATE.QUIT"}
{"timestamp": "2025-11-18T01:45:27.870995", "type": "APPSTATE", "from": "APPSTATE.MAIN_MENU", "to": "APPSTATE.IN_GAME"}
{"timestamp": "2025-11-18T01:46:07.795353", "type": "APPSTATE", "from": "APPSTATE.MAIN_MENU", "to": "APPSTATE.IN_GAME"}
{"timestamp": "2025-11-18T01:46:11.078614", "type": "APPSTATE", "from": "APPSTATE.IN_GAME", "to": "APPSTATE.QUIT"}
{"timestamp": "2025-11-18T01:47:18.372296", "type": "APPSTATE", "from": "APPSTATE.MAIN_MENU", "to": "APPSTATE.IN_GAME"}
{"timestamp": "2025-11-18T01:47:20.913793", "type": "APPSTATE", "from": "APPSTATE.IN_GAME", "to": "APPSTATE.QUIT"}
{"timestamp": "2025-11-18T01:50:48.522581", "type": "APPSTATE", "from": "APPSTATE.MAIN_MENU", "to": "APPSTATE.IN_GAME"}
{"timestamp": "2025-11-18T01:51:41.585390", "type": "APPSTATE", "from": "APPSTATE.MAIN_MENU", "to": "APPSTATE.IN_GAME"}
{"timestamp": "2025-11-18T01:53:02.857769", "type": "APPSTATE", "from": "APPSTATE.MAIN_MENU", "to": "APPSTATE.IN_GAME"}
{"timestamp": "2025-11-18T01:57:21.450144", "type": "APPSTATE", "from": "APPSTATE.MAIN_MENU", "to": "APPSTATE.IN_GAME"}
{"timestamp": "2025-11-18T01:57:36.370041", "type": "APPSTATE", "from": "APPSTATE.MAIN_MENU", "to": "APPSTATE.IN_GAME"}
{"timestamp": "2025-11-18T01:57:39.937150", "type": "APPSTATE", "from": "APPSTATE.IN_GAME", "to": "APPSTATE.QUIT"}
{"timestamp": "2025-11-18T01:57:54.610934", "type": "APPSTATE", "from": "APPSTATE.MAIN_MENU", "to": "APPSTATE.IN_GAME"}
{"timestamp": "2025-11-18T01:58:01.712856", "type": "APPSTATE", "from": "APPSTATE.IN_GAME", "to": "APPSTATE.QUIT"}
{"timestamp": "2025-11-18T02:00:02.385120", "type": "APPSTATE", "from": "APPSTATE.MAIN_MENU", "to": "APPSTATE.IN_GAME"}
{"timestamp": "2025-11-18T02:00:06.042389", "type": "APPSTATE", "from": "APPSTATE.IN_GAME", "to": "APPSTATE.QUIT"}
{"timestamp": "2025-11-18T02:03:31.326454", "type": "APPSTATE", "from": "APPSTATE.MAIN_MENU", "to": "APPSTATE.QUIT"}
{"timestamp": "2025-11-18T02:03:36.353345", "type": "APPSTATE", "from": "APPSTATE.MAIN_MENU", "to": "APPSTATE.IN_GAME"}
{"timestamp": "2025-11-18T02:04:06.221557", "type": "APPSTATE", "from": "APPSTATE.MAIN_MENU", "to": "APPSTATE.IN_GAME"}
{"timestamp": "2025-11-18T02:04:09.164696", "type": "APPSTATE", "from": "APPSTATE.IN_GAME", "to": "APPSTATE.QUIT"}
{"timestamp": "2025-11-18T02:04:32.173620", "type": "APPSTATE", "from": "APPSTATE.MAIN_MENU", "to": "APPSTATE.IN_GAME"}
{"timestamp": "2025-11-18T02:04:35.758963", "type": "APPSTATE", "from": "APPSTATE.IN_GAME", "to": "APPSTATE.QUIT"}
{"timestamp": "2025-11-18T02:07:44.119958", "type": "APPSTATE", "from": "APPSTATE.MAIN_MENU", "to": "APPSTATE.IN_GAME"}
{"timestamp": "2025-11-18T02:07:54.577005", "type": "APPSTATE", "from": "APPSTATE.IN_GAME", "to": "APPSTATE.QUIT"}
{"timestamp": "2025-11-18T02:19:02.365201", "type": "APPSTATE", "from": "APPSTATE.MAIN_MENU", "to": "APPSTATE.IN_GAME"}
{"timestamp": "2025-11-18T02:28:01.262163", "type": "APPSTATE", "from": "APPSTATE.MAIN_MENU", "to": "APPSTATE.IN_GAME"}
{"timestamp": "2025-11-18T02:28:05.954853", "type": "APPSTATE", "from": "APPSTATE.IN_GAME", "to": "APPSTATE.QUIT"}
{"timestamp": "2025-11-18T02:28:30.734950", "type": "APPSTATE", "from": "APPSTATE.MAIN_MENU", "to": "APPSTATE.IN_GAME"}
{"timestamp": "2025-11-18T02:28:46.301152", "type": "APPSTATE", "from": "APPSTATE.IN_GAME", "to": "APPSTATE.QUIT"}
{"timestamp": "2025-11-18T02:42:32.854209", "type": "APPSTATE", "from": "APPSTATE.MAIN_MENU", "to": "APPSTATE.IN_GAME"}
{"timestamp": "2025-11-18T02:42:38.612926", "type": "APPSTATE", "from": "APPSTATE.IN_GAME", "to": "APPSTATE.MAIN_MENU"}
{"timestamp": "2025-11-18T02:42:39.188070", "type": "APPSTATE", "from": "APPSTATE.MAIN_MENU", "to": "APPSTATE.IN_GAME"}
{"timestamp": "2025-11-18T02:42:50.034434", "type": "APPSTATE", "from": "APPSTATE.IN_GAME", "to": "APPSTATE.QUIT"}
{"timestamp": "2025-11-18T02:46:03.762146", "type": "APPSTATE", "from": "APPSTATE.MAIN_MENU", "to": "APPSTATE.IN_GAME"}
{"timestamp": "2025-11-18T02:46:06.535589", "type": "APPSTATE", "from": "APPSTATE.IN_GAME", "to": "APPSTATE.QUIT"}
{"timestamp": "2025-11-18T02:48:26.917978", "type": "APPSTATE", "from": "APPSTATE.MAIN_MENU", "to": "APPSTATE.QUIT"}
{"timestamp": "2025-11-18T02:48:36.419801", "type": "APPSTATE", "from": "APPSTATE.MAIN_MENU", "to": "APPSTATE.IN_GAME"}
{"timestamp": "2025-11-18T02:49:07.379464", "type": "APPSTATE", "from": "APPSTATE.IN_GAME", "to": "APPSTATE.QUIT"}
{"timestamp": "2025-11-18T02:49:34.918551", "type": "APPSTATE", "from": "APPSTATE.MAIN_MENU", "to": "APPSTATE.IN_GAME"}
{"timestamp": "2025-11-18T02:49:37.053511", "type": "APPSTATE", "from": "APPSTATE.IN_GAME", "to": "APPSTATE.QUIT"}
{"timestamp": "2025-11-18T02:50:07.953411", "type": "APPSTATE", "from": "APPSTATE.MAIN_MENU", "to": "APPSTATE.IN_GAME"}
{"timestamp": "2025-11-18T02:50:13.082386", "type": "APPSTATE", "from": "APPSTATE.IN_GAME", "to": "APPSTATE.QUIT"}
{"timestamp": "2025-11-18T02:50:27.351275", "type": "APPSTATE", "from": "APPSTATE.MAIN_MENU", "to": "APPSTATE.IN_GAME"}
{"timestamp": "2025-11-18T02:50:29.647101", "type": "APPSTATE", "from": "APPSTATE.IN_GAME", "to": "APPSTATE.QUIT"}
{"timestamp": "2025-11-18T02:50:37.840186", "type": "APPSTATE", "from": "APPSTATE.MAIN_MENU", "to": "APPSTATE.IN_GAME"}
{"timestamp": "2025-11-18T02:50:39.851902", "type": "APPSTATE", "from": "APPSTATE.IN_GAME", "to": "APPSTATE.QUIT"}
{"timestamp": "2025-11-18T02:50:46.470231", "type": "APPSTATE", "from": "APPSTATE.MAIN_MENU", "to": "APPSTATE.IN_GAME"}
{"timestamp": "2025-11-18T02:50:57.729144", "type": "APPSTATE", "from": "APPSTATE.IN_GAME", "to": "APPSTATE.QUIT"}
{"timestamp": "2025-11-18T02:51:53.285655", "type": "APPSTATE", "from": "APPSTATE.MAIN_MENU", "to": "APPSTATE.IN_GAME"}
{"timestamp": "2025-11-18T02:51:56.069343", "type": "APPSTATE", "from": "APPSTATE.IN_GAME", "to": "APPSTATE.QUIT"}
{"timestamp": "2025-11-18T02:52:03.040144", "type": "APPSTATE", "from": "APPSTATE.MAIN_MENU", "to": "APPSTATE.IN_GAME"}
{"timestamp": "2025-11-18T02:52:04.964621", "type": "APPSTATE", "from": "APPSTATE.IN_GAME", "to": "APPSTATE.QUIT"}
{"timestamp": "2025-11-18T02:52:10.531506", "type": "APPSTATE", "from": "APPSTATE.MAIN_MENU", "to": "APPSTATE.IN_GAME"}
{"timestamp": "2025-11-18T02:52:25.378158", "type": "APPSTATE", "from": "APPSTATE.IN_GAME", "to": "APPSTATE.QUIT"}
{"timestamp": "2025-11-18T02:53:28.891969", "type": "APPSTATE", "from": "APPSTATE.MAIN_MENU", "to": "APPSTATE.IN_GAME"}
{"timestamp": "2025-11-18T02:53:30.609275", "type": "APPSTATE", "from": "APPSTATE.IN_GAME", "to": "APPSTATE.QUIT"}
{"timestamp": "2025-11-18T02:53:37.317697", "type": "APPSTATE", "from": "APPSTATE.MAIN_MENU", "to": "APPSTATE.IN_GAME"}
{"timestamp": "2025-11-18T02:53:48.466512", "type": "APPSTATE", "from": "APPSTATE.IN_GAME", "to": "APPSTATE.QUIT"}
{"timestamp": "2025-11-18T02:53:58.612185", "type": "APPSTATE", "from": "APPSTATE.MAIN_MENU", "to": "APPSTATE.IN_GAME"}
{"timestamp": "2025-11-18T02:54:13.137231", "type": "APPSTATE", "from": "APPSTATE.IN_GAME", "to": "APPSTATE.QUIT"}
{"timestamp": "2025-11-18T02:54:30.129467", "type": "APPSTATE", "from": "APPSTATE.MAIN_MENU", "to": "APPSTATE.IN_GAME"}
{"timestamp": "2025-11-18T02:54:32.599174", "type": "APPSTATE", "from": "APPSTATE.IN_GAME", "to": "APPSTATE.QUIT"}
{"timestamp": "2025-11-18T02:54:52.239654", "type": "APPSTATE", "from": "APPSTATE.MAIN_MENU", "to": "APPSTATE.IN_GAME"}
{"timestamp": "2025-11-18T02:55:10.863789", "type": "APPSTATE", "from": "APPSTATE.IN_GAME", "to": "APPSTATE.QUIT"}
{"timestamp": "2025-11-18T02:57:39.009079", "type": "APPSTATE", "from": "APPSTATE.MAIN_MENU", "to": "APPSTATE.IN_GAME"}
{"timestamp": "2025-11-18T02:57:51.191098", "type": "APPSTATE", "from": "APPSTATE.IN_GAME", "to": "APPSTATE.QUIT"}
{"timestamp": "2025-11-18T02:58:12.486418", "type": "APPSTATE", "from": "APPSTATE.MAIN_MENU", "to": "APPSTATE.IN_GAME"}
{"timestamp": "2025-11-18T02:58:50.539090", "type": "APPSTATE", "from": "APPSTATE.IN_GAME", "to": "APPSTATE.QUIT"}
{"timestamp": "2025-11-18T02:59:07.411247", "type": "APPSTATE", "from": "APPSTATE.MAIN_MENU", "to": "APPSTATE.IN_GAME"}
{"timestamp": "2025-11-18T03:00:06.891037", "type": "APPSTATE", "from": "APPSTATE.IN_GAME", "to": "APPSTATE.QUIT"}
{"timestamp": "2025-11-18T03:02:24.037389", "type": "APPSTATE", "from": "APPSTATE.MAIN_MENU", "to": "APPSTATE.IN_GAME"}
{"timestamp": "2025-11-18T03:02:41.785583", "type": "APPSTATE", "from": "APPSTATE.IN_GAME", "to": "APPSTATE.QUIT"}
{"timestamp": "2025-11-18T03:12:09.851578", "type": "APPSTATE", "from": "APPSTATE.MAIN_MENU", "to": "APPSTATE.IN_GAME"}
{"timestamp": "2025-11-18T03:12:27.308156", "type": "APPSTATE", "from": "APPSTATE.MAIN_MENU", "to": "APPSTATE.IN_GAME"}
{"timestamp": "2025-11-18T03:12:37.129847", "type": "APPSTATE", "from": "APPSTATE.IN_GAME", "to": "APPSTATE.QUIT"}
{"timestamp": "2025-11-18T03:12:42.948054", "type": "APPSTATE", "from": "APPSTATE.MAIN_MENU", "to": "APPSTATE.IN_GAME"}
{"timestamp": "2025-11-18T03:12:44.829368", "type": "APPSTATE", "from": "APPSTATE.IN_GAME", "to": "APPSTATE.QUIT"}
{"timestamp": "2025-11-18T03:14:18.422304", "type": "APPSTATE", "from": "APPSTATE.MAIN_MENU", "to": "APPSTATE.IN_GAME"}
{"timestamp": "2025-11-18T03:15:29.503337", "type": "APPSTATE", "from": "APPSTATE.IN_GAME", "to": "APPSTATE.QUIT"}
{"timestamp": "2025-11-18T03:15:37.630273", "type": "APPSTATE", "from": "APPSTATE.MAIN_MENU", "to": "APPSTATE.IN_GAME"}
{"timestamp": "2025-11-18T03:15:59.456732", "type": "APPSTATE", "from": "APPSTATE.IN_GAME", "to": "APPSTATE.QUIT"}
{"timestamp": "2025-11-18T03:16:13.156232", "type": "APPSTATE", "from": "APPSTATE.MAIN_MENU", "to": "APPSTATE.IN_GAME"}
{"timestamp": "2025-11-18T03:17:56.795873", "type": "APPSTATE", "from": "APPSTATE.IN_GAME", "to": "APPSTATE.QUIT"}
