{"timestamp": "2025-06-18T03:05:04.517146", "type": "APPSTATE", "from": "APPSTATE.MAIN_MENU", "to": "APPSTATE.QUIT"}
{"timestamp": "2025-06-18T03:07:13.667263", "type": "APPSTATE", "from": "APPSTATE.MAIN_MENU", "to": "APPSTATE.IN_GAME"}
{"timestamp": "2025-06-18T03:07:14.588272", "type": "GAMESTATE", "from": "GAMESTATE.PLAYING", "to": "GAMESTATE.PAUSED"}
{"timestamp": "2025-06-18T03:07:37.760710", "type": "APPSTATE", "from": "APPSTATE.MAIN_MENU", "to": "APPSTATE.IN_GAME"}
{"timestamp": "2025-06-18T03:07:38.033841", "type": "GAMESTATE", "from": "GAMESTATE.PLAYING", "to": "GAMESTATE.PAUSED"}
{"timestamp": "2025-06-18T03:07:39.675850", "type": "GAMESTATE", "from": "GAMESTATE.PAUSED", "to": "GAMESTATE.PLAYING"}
{"timestamp": "2025-06-18T03:07:40.454155", "type": "GAMESTATE", "from": "GAMESTATE.PLAYING", "to": "GAMESTATE.PAUSED"}
{"timestamp": "2025-06-18T03:07:41.112734", "type": "GAMESTATE", "from": "GAMESTATE.PAUSED", "to": "GAMESTATE.PLAYING"}
{"timestamp": "2025-06-18T03:07:41.112906", "type": "APPSTATE", "from": "APPSTATE.IN_GAME", "to": "APPSTATE.MAIN_MENU"}
{"timestamp": "2025-06-18T03:07:42.529787", "type": "APPSTATE", "from": "APPSTATE.MAIN_MENU", "to": "APPSTATE.IN_GAME"}
{"timestamp": "2025-06-18T03:07:43.238962", "type": "GAMESTATE", "from": "GAMESTATE.PLAYING", "to": "GAMESTATE.PAUSED"}
{"timestamp": "2025-06-18T03:07:43.849856", "type": "APPSTATE", "from": "APPSTATE.IN_GAME", "to": "APPSTATE.QUIT"}
{"timestamp": "2025-06-18T03:10:24.052719", "type": "APPSTATE", "from": "APPSTATE.MAIN_MENU", "to": "APPSTATE.IN_GAME"}
{"timestamp": "2025-06-18T03:10:24.906628", "type": "GAMESTATE", "from": "GAMESTATE.PLAYING", "to": "GAMESTATE.PAUSED"}
{"timestamp": "2025-06-18T03:10:25.601610", "type": "APPSTATE", "from": "APPSTATE.IN_GAME", "to": "APPSTATE.QUIT"}
{"timestamp": "2025-06-18T03:10:33.641943", "type": "APPSTATE", "from": "APPSTATE.MAIN_MENU", "to": "APPSTATE.IN_GAME"}
{"timestamp": "2025-06-18T03:10:43.543816", "type": "GAMESTATE", "from": "GAMESTATE.PLAYING", "to": "GAMESTATE.PAUSED"}
{"timestamp": "2025-06-18T03:10:44.723021", "type": "APPSTATE", "from": "APPSTATE.IN_GAME", "to": "APPSTATE.QUIT"}
{"timestamp": "2025-06-18T03:11:35.545260", "type": "APPSTATE", "from": "APPSTATE.MAIN_MENU", "to": "APPSTATE.QUIT"}
{"timestamp": "2025-06-18T03:30:46.613776", "type": "APPSTATE", "from": "APPSTATE.MAIN_MENU", "to": "APPSTATE.IN_GAME"}
{"timestamp": "2025-06-18T03:30:47.288049", "type": "GAMESTATE", "from": "GAMESTATE.PLAYING", "to": "GAMESTATE.PAUSED"}
{"timestamp": "2025-06-18T03:30:48.105543", "type": "GAMESTATE", "from": "GAMESTATE.PAUSED", "to": "GAMESTATE.PLAYING"}
{"timestamp": "2025-06-18T03:30:48.105697", "type": "APPSTATE", "from": "APPSTATE.IN_GAME", "to": "APPSTATE.MAIN_MENU"}
{"timestamp": "2025-06-18T03:30:49.636870", "type": "APPSTATE", "from": "APPSTATE.MAIN_MENU", "to": "APPSTATE.QUIT"}
{"timestamp": "2025-06-18T03:34:37.703343", "type": "APPSTATE", "from": "APPSTATE.MAIN_MENU", "to": "APPSTATE.QUIT"}
{"timestamp": "2025-06-18T03:36:17.178622", "type": "APPSTATE", "from": "APPSTATE.MAIN_MENU", "to": "APPSTATE.QUIT"}
{"timestamp": "2025-06-18T03:48:42.186782", "type": "APPSTATE", "from": "APPSTATE.MAIN_MENU", "to": "APPSTATE.QUIT"}
{"timestamp": "2025-06-18T03:50:55.530940", "type": "APPSTATE", "from": "APPSTATE.MAIN_MENU", "to": "APPSTATE.QUIT"}
{"timestamp": "2025-06-20T14:32:39.749950", "type": "APPSTATE", "from": "APPSTATE.MAIN_MENU", "to": "APPSTATE.QUIT"}
{"timestamp": "2025-06-20T14:49:54.189482", "type": "APPSTATE", "from": "APPSTATE.MAIN_MENU", "to": "APPSTATE.QUIT"}
{"timestamp": "2025-06-20T14:50:27.879088", "type": "APPSTATE", "from": "APPSTATE.MAIN_MENU", "to": "APPSTATE.QUIT"}
{"timestamp": "2025-06-20T14:51:07.441906", "type": "APPSTATE", "from": "APPSTATE.MAIN_MENU", "to": "APPSTATE.QUIT"}
{"timestamp": "2025-06-20T15:00:53.029451", "type": "APPSTATE", "from": "APPSTATE.MAIN_MENU", "to": "APPSTATE.QUIT"}
{"timestamp": "2025-06-20T15:01:09.453134", "type": "APPSTATE", "from": "APPSTATE.MAIN_MENU", "to": "APPSTATE.IN_GAME"}
{"timestamp": "2025-06-20T15:01:28.776691", "type": "APPSTATE", "from": "APPSTATE.MAIN_MENU", "to": "APPSTATE.QUIT"}
{"timestamp": "2025-06-20T15:04:31.601077", "type": "APPSTATE", "from": "APPSTATE.MAIN_MENU", "to": "APPSTATE.QUIT"}
{"timestamp": "2025-06-20T15:06:45.253306", "type": "APPSTATE", "from": "APPSTATE.MAIN_MENU", "to": "APPSTATE.QUIT"}
{"timestamp": "2025-06-20T15:11:16.692149", "type": "APPSTATE", "from": "APPSTATE.MAIN_MENU", "to": "APPSTATE.QUIT"}
{"timestamp": "2025-06-20T15:18:28.338231", "type": "APPSTATE", "from": "APPSTATE.MAIN_MENU", "to": "APPSTATE.QUIT"}
{"timestamp": "2025-06-20T15:18:44.645803", "type": "APPSTATE", "from": "APPSTATE.MAIN_MENU", "to": "APPSTATE.QUIT"}
{"timestamp": "2025-06-20T15:26:47.911087", "type": "APPSTATE", "from": "APPSTATE.MAIN_MENU", "to": "APPSTATE.QUIT"}
{"timestamp": "2025-06-20T15:27:06.263312", "type": "APPSTATE", "from": "APPSTATE.MAIN_MENU", "to": "APPSTATE.QUIT"}
{"timestamp": "2025-06-20T15:35:39.744351", "type": "APPSTATE", "from": "APPSTATE.MAIN_MENU", "to": "APPSTATE.QUIT"}
{"timestamp": "2025-06-20T15:36:38.638104", "type": "APPSTATE", "from": "APPSTATE.MAIN_MENU", "to": "APPSTATE.QUIT"}
{"timestamp": "2025-06-20T15:46:58.207982", "type": "APPSTATE", "from": "APPSTATE.MAIN_MENU", "to": "APPSTATE.QUIT"}
{"timestamp": "2025-06-20T15:52:34.143648", "type": "APPSTATE", "from": "APPSTATE.MAIN_MENU", "to": "APPSTATE.QUIT"}
{"timestamp": "2025-06-20T16:58:59.555293", "type": "APPSTATE", "from": "APPSTATE.MAIN_MENU", "to": "APPSTATE.QUIT"}
{"timestamp": "2025-06-20T16:59:43.984897", "type": "APPSTATE", "from": "APPSTATE.MAIN_MENU", "to": "APPSTATE.IN_GAME"}
{"timestamp": "2025-06-20T16:59:51.810473", "type": "APPSTATE", "from": "APPSTATE.MAIN_MENU", "to": "APPSTATE.QUIT"}
{"timestamp": "2025-06-20T17:55:56.563437", "type": "APPSTATE", "from": "APPSTATE.MAIN_MENU", "to": "APPSTATE.QUIT"}
{"timestamp": "2025-06-20T17:57:14.193730", "type": "APPSTATE", "from": "APPSTATE.MAIN_MENU", "to": "APPSTATE.QUIT"}
{"timestamp": "2025-06-20T17:57:32.756154", "type": "APPSTATE", "from": "APPSTATE.MAIN_MENU", "to": "APPSTATE.QUIT"}
{"timestamp": "2025-06-20T20:44:03.566622", "type": "APPSTATE", "from": "APPSTATE.MAIN_MENU", "to": "APPSTATE.QUIT"}
{"timestamp": "2025-06-20T20:44:17.136589", "type": "APPSTATE", "from": "APPSTATE.MAIN_MENU", "to": "APPSTATE.IN_GAME"}
{"timestamp": "2025-06-20T20:44:22.216543", "type": "APPSTATE", "from": "APPSTATE.MAIN_MENU", "to": "APPSTATE.IN_GAME"}
{"timestamp": "2025-06-20T20:44:25.816281", "type": "APPSTATE", "from": "APPSTATE.MAIN_MENU", "to": "APPSTATE.QUIT"}
{"timestamp": "2025-06-20T22:20:00.514901", "type": "APPSTATE", "from": "APPSTATE.MAIN_MENU", "to": "APPSTATE.IN_GAME"}
{"timestamp": "2025-06-20T22:20:42.886047", "type": "APPSTATE", "from": "APPSTATE.MAIN_MENU", "to": "APPSTATE.IN_GAME"}
{"timestamp": "2025-06-20T22:27:56.592445", "type": "APPSTATE", "from": "APPSTATE.MAIN_MENU", "to": "APPSTATE.IN_GAME"}
{"timestamp": "2025-06-20T22:29:29.805027", "type": "APPSTATE", "from": "APPSTATE.MAIN_MENU", "to": "APPSTATE.IN_GAME"}
{"timestamp": "2025-06-20T23:22:28.263116", "type": "APPSTATE", "from": "APPSTATE.MAIN_MENU", "to": "APPSTATE.IN_GAME"}
{"timestamp": "2025-06-20T23:23:33.456942", "type": "APPSTATE", "from": "APPSTATE.MAIN_MENU", "to": "APPSTATE.IN_GAME"}
{"timestamp": "2025-06-20T23:23:37.922635", "type": "APPSTATE", "from": "APPSTATE.IN_GAME", "to": "APPSTATE.QUIT"}
{"timestamp": "2025-06-20T23:24:09.886574", "type": "APPSTATE", "from": "APPSTATE.MAIN_MENU", "to": "APPSTATE.IN_GAME"}
{"timestamp": "2025-06-20T23:24:12.994463", "type": "APPSTATE", "from": "APPSTATE.IN_GAME", "to": "APPSTATE.QUIT"}
{"timestamp": "2025-06-20T23:24:27.180766", "type": "APPSTATE", "from": "APPSTATE.MAIN_MENU", "to": "APPSTATE.IN_GAME"}
{"timestamp": "2025-06-20T23:24:29.930946", "type": "APPSTATE", "from": "APPSTATE.IN_GAME", "to": "APPSTATE.QUIT"}
{"timestamp": "2025-06-20T23:24:48.283573", "type": "APPSTATE", "from": "APPSTATE.MAIN_MENU", "to": "APPSTATE.IN_GAME"}
{"timestamp": "2025-06-20T23:24:51.251260", "type": "APPSTATE", "from": "APPSTATE.IN_GAME", "to": "APPSTATE.QUIT"}
{"timestamp": "2025-06-20T23:25:05.538184", "type": "APPSTATE", "from": "APPSTATE.MAIN_MENU", "to": "APPSTATE.IN_GAME"}
{"timestamp": "2025-06-20T23:25:07.852505", "type": "APPSTATE", "from": "APPSTATE.IN_GAME", "to": "APPSTATE.QUIT"}
{"timestamp": "2025-06-20T23:25:51.760717", "type": "APPSTATE", "from": "APPSTATE.MAIN_MENU", "to": "APPSTATE.IN_GAME"}
{"timestamp": "2025-06-20T23:25:54.659350", "type": "APPSTATE", "from": "APPSTATE.IN_GAME", "to": "APPSTATE.QUIT"}
{"timestamp": "2025-06-20T23:27:27.896889", "type": "APPSTATE", "from": "APPSTATE.MAIN_MENU", "to": "APPSTATE.IN_GAME"}
{"timestamp": "2025-06-20T23:27:31.257893", "type": "APPSTATE", "from": "APPSTATE.IN_GAME", "to": "APPSTATE.QUIT"}
{"timestamp": "2025-06-20T23:28:47.269079", "type": "APPSTATE", "from": "APPSTATE.MAIN_MENU", "to": "APPSTATE.IN_GAME"}
{"timestamp": "2025-06-20T23:28:50.220721", "type": "APPSTATE", "from": "APPSTATE.IN_GAME", "to": "APPSTATE.QUIT"}
{"timestamp": "2025-06-20T23:29:03.388445", "type": "APPSTATE", "from": "APPSTATE.MAIN_MENU", "to": "APPSTATE.IN_GAME"}
{"timestamp": "2025-06-20T23:29:04.582185", "type": "GAMESTATE", "from": "GAMESTATE.PLAYING", "to": "GAMESTATE.PAUSED"}
{"timestamp": "2025-06-20T23:29:05.971564", "type": "GAMESTATE", "from": "GAMESTATE.PAUSED", "to": "GAMESTATE.PLAYING"}
{"timestamp": "2025-06-20T23:29:05.971691", "type": "APPSTATE", "from": "APPSTATE.IN_GAME", "to": "APPSTATE.MAIN_MENU"}
{"timestamp": "2025-06-20T23:29:07.123834", "type": "APPSTATE", "from": "APPSTATE.MAIN_MENU", "to": "APPSTATE.IN_GAME"}
{"timestamp": "2025-06-20T23:29:08.960979", "type": "GAMESTATE", "from": "GAMESTATE.PLAYING", "to": "GAMESTATE.PAUSED"}
{"timestamp": "2025-06-20T23:29:12.448121", "type": "GAMESTATE", "from": "GAMESTATE.PAUSED", "to": "GAMESTATE.PLAYING"}
{"timestamp": "2025-06-20T23:29:14.971920", "type": "GAMESTATE", "from": "GAMESTATE.PLAYING", "to": "GAMESTATE.PAUSED"}
{"timestamp": "2025-06-20T23:29:15.779309", "type": "GAMESTATE", "from": "GAMESTATE.PAUSED", "to": "GAMESTATE.PLAYING"}
{"timestamp": "2025-06-20T23:29:15.779442", "type": "APPSTATE", "from": "APPSTATE.IN_GAME", "to": "APPSTATE.MAIN_MENU"}
{"timestamp": "2025-06-20T23:29:23.214966", "type": "APPSTATE", "from": "APPSTATE.MAIN_MENU", "to": "APPSTATE.IN_GAME"}
{"timestamp": "2025-06-20T23:29:25.475993", "type": "APPSTATE", "from": "APPSTATE.IN_GAME", "to": "APPSTATE.QUIT"}
{"timestamp": "2025-06-20T23:30:07.630896", "type": "APPSTATE", "from": "APPSTATE.MAIN_MENU", "to": "APPSTATE.IN_GAME"}
{"timestamp": "2025-06-20T23:30:08.551440", "type": "GAMESTATE", "from": "GAMESTATE.PLAYING", "to": "GAMESTATE.PAUSED"}
{"timestamp": "2025-06-20T23:30:09.232176", "type": "GAMESTATE", "from": "GAMESTATE.PAUSED", "to": "GAMESTATE.PLAYING"}
{"timestamp": "2025-06-20T23:30:09.232308", "type": "APPSTATE", "from": "APPSTATE.IN_GAME", "to": "APPSTATE.MAIN_MENU"}
{"timestamp": "2025-06-20T23:30:10.160104", "type": "APPSTATE", "from": "APPSTATE.MAIN_MENU", "to": "APPSTATE.IN_GAME"}
{"timestamp": "2025-06-20T23:30:11.755219", "type": "APPSTATE", "from": "APPSTATE.IN_GAME", "to": "APPSTATE.QUIT"}
{"timestamp": "2025-06-20T23:31:11.965015", "type": "APPSTATE", "from": "APPSTATE.MAIN_MENU", "to": "APPSTATE.QUIT"}
{"timestamp": "2025-06-20T23:31:53.447106", "type": "APPSTATE", "from": "APPSTATE.MAIN_MENU", "to": "APPSTATE.IN_GAME"}
{"timestamp": "2025-06-20T23:31:54.025054", "type": "GAMESTATE", "from": "GAMESTATE.PLAYING", "to": "GAMESTATE.PAUSED"}
{"timestamp": "2025-06-20T23:31:54.879878", "type": "GAMESTATE", "from": "GAMESTATE.PAUSED", "to": "GAMESTATE.PLAYING"}
{"timestamp": "2025-06-20T23:31:54.880037", "type": "APPSTATE", "from": "APPSTATE.IN_GAME", "to": "APPSTATE.MAIN_MENU"}
{"timestamp": "2025-06-20T23:31:57.033474", "type": "APPSTATE", "from": "APPSTATE.MAIN_MENU", "to": "APPSTATE.IN_GAME"}
{"timestamp": "2025-06-20T23:31:57.939258", "type": "GAMESTATE", "from": "GAMESTATE.PLAYING", "to": "GAMESTATE.PAUSED"}
{"timestamp": "2025-06-20T23:31:58.003419", "type": "GAMESTATE", "from": "GAMESTATE.PAUSED", "to": "GAMESTATE.PLAYING"}
{"timestamp": "2025-06-20T23:31:58.389302", "type": "GAMESTATE", "from": "GAMESTATE.PLAYING", "to": "GAMESTATE.PAUSED"}
{"timestamp": "2025-06-20T23:31:59.080695", "type": "GAMESTATE", "from": "GAMESTATE.PAUSED", "to": "GAMESTATE.PLAYING"}
{"timestamp": "2025-06-20T23:31:59.080859", "type": "APPSTATE", "from": "APPSTATE.IN_GAME", "to": "APPSTATE.MAIN_MENU"}
{"timestamp": "2025-06-20T23:32:01.047952", "type": "APPSTATE", "from": "APPSTATE.MAIN_MENU", "to": "APPSTATE.IN_GAME"}
{"timestamp": "2025-06-20T23:32:02.645120", "type": "GAMESTATE", "from": "GAMESTATE.PLAYING", "to": "GAMESTATE.PAUSED"}
{"timestamp": "2025-06-20T23:32:05.089092", "type": "APPSTATE", "from": "APPSTATE.IN_GAME", "to": "APPSTATE.QUIT"}
{"timestamp": "2025-06-20T23:33:19.643027", "type": "APPSTATE", "from": "APPSTATE.MAIN_MENU", "to": "APPSTATE.IN_GAME"}
{"timestamp": "2025-06-20T23:33:20.358504", "type": "GAMESTATE", "from": "GAMESTATE.PLAYING", "to": "GAMESTATE.PAUSED"}
{"timestamp": "2025-06-20T23:33:21.412727", "type": "GAMESTATE", "from": "GAMESTATE.PAUSED", "to": "GAMESTATE.PLAYING"}
{"timestamp": "2025-06-20T23:33:21.900064", "type": "GAMESTATE", "from": "GAMESTATE.PLAYING", "to": "GAMESTATE.PAUSED"}
{"timestamp": "2025-06-20T23:33:22.460202", "type": "GAMESTATE", "from": "GAMESTATE.PAUSED", "to": "GAMESTATE.PLAYING"}
{"timestamp": "2025-06-20T23:33:22.460335", "type": "APPSTATE", "from": "APPSTATE.IN_GAME", "to": "APPSTATE.MAIN_MENU"}
{"timestamp": "2025-06-20T23:33:23.629134", "type": "APPSTATE", "from": "APPSTATE.MAIN_MENU", "to": "APPSTATE.QUIT"}
{"timestamp": "2025-06-20T23:34:01.115740", "type": "APPSTATE", "from": "APPSTATE.MAIN_MENU", "to": "APPSTATE.IN_GAME"}
{"timestamp": "2025-06-20T23:34:01.474929", "type": "GAMESTATE", "from": "GAMESTATE.PLAYING", "to": "GAMESTATE.PAUSED"}
{"timestamp": "2025-06-20T23:34:04.899967", "type": "GAMESTATE", "from": "GAMESTATE.PAUSED", "to": "GAMESTATE.PLAYING"}
{"timestamp": "2025-06-20T23:34:08.816913", "type": "APPSTATE", "from": "APPSTATE.IN_GAME", "to": "APPSTATE.QUIT"}
{"timestamp": "2025-06-20T23:35:11.695986", "type": "APPSTATE", "from": "APPSTATE.MAIN_MENU", "to": "APPSTATE.IN_GAME"}
{"timestamp": "2025-06-20T23:35:11.937581", "type": "GAMESTATE", "from": "GAMESTATE.PLAYING", "to": "GAMESTATE.PAUSED"}
{"timestamp": "2025-06-20T23:35:13.526318", "type": "APPSTATE", "from": "APPSTATE.IN_GAME", "to": "APPSTATE.QUIT"}
{"timestamp": "2025-06-20T23:35:20.611285", "type": "APPSTATE", "from": "APPSTATE.MAIN_MENU", "to": "APPSTATE.IN_GAME"}
{"timestamp": "2025-06-20T23:35:21.808301", "type": "GAMESTATE", "from": "GAMESTATE.PLAYING", "to": "GAMESTATE.PAUSED"}
{"timestamp": "2025-06-20T23:35:23.394911", "type": "GAMESTATE", "from": "GAMESTATE.PAUSED", "to": "GAMESTATE.PLAYING"}
{"timestamp": "2025-06-20T23:35:25.248960", "type": "APPSTATE", "from": "APPSTATE.IN_GAME", "to": "APPSTATE.QUIT"}
{"timestamp": "2025-06-20T23:35:34.179737", "type": "APPSTATE", "from": "APPSTATE.MAIN_MENU", "to": "APPSTATE.IN_GAME"}
{"timestamp": "2025-06-20T23:35:34.566179", "type": "GAMESTATE", "from": "GAMESTATE.PLAYING", "to": "GAMESTATE.PAUSED"}
{"timestamp": "2025-06-20T23:35:35.580974", "type": "GAMESTATE", "from": "GAMESTATE.PAUSED", "to": "GAMESTATE.PLAYING"}
{"timestamp": "2025-06-20T23:35:37.180629", "type": "APPSTATE", "from": "APPSTATE.IN_GAME", "to": "APPSTATE.QUIT"}
{"timestamp": "2025-06-20T23:35:49.364588", "type": "APPSTATE", "from": "APPSTATE.MAIN_MENU", "to": "APPSTATE.IN_GAME"}
{"timestamp": "2025-06-20T23:35:49.568146", "type": "GAMESTATE", "from": "GAMESTATE.PLAYING", "to": "GAMESTATE.PAUSED"}
{"timestamp": "2025-06-20T23:35:50.683299", "type": "GAMESTATE", "from": "GAMESTATE.PAUSED", "to": "GAMESTATE.PLAYING"}
{"timestamp": "2025-06-20T23:35:52.948119", "type": "APPSTATE", "from": "APPSTATE.IN_GAME", "to": "APPSTATE.QUIT"}
{"timestamp": "2025-06-20T23:36:55.746934", "type": "APPSTATE", "from": "APPSTATE.MAIN_MENU", "to": "APPSTATE.IN_GAME"}
{"timestamp": "2025-06-20T23:36:56.569130", "type": "GAMESTATE", "from": "GAMESTATE.PLAYING", "to": "GAMESTATE.PAUSED"}
{"timestamp": "2025-06-20T23:36:57.758776", "type": "GAMESTATE", "from": "GAMESTATE.PAUSED", "to": "GAMESTATE.PLAYING"}
{"timestamp": "2025-06-20T23:38:07.700418", "type": "APPSTATE", "from": "APPSTATE.MAIN_MENU", "to": "APPSTATE.IN_GAME"}
{"timestamp": "2025-06-20T23:38:08.178581", "type": "GAMESTATE", "from": "GAMESTATE.PLAYING", "to": "GAMESTATE.PAUSED"}
{"timestamp": "2025-06-20T23:38:08.983925", "type": "GAMESTATE", "from": "GAMESTATE.PAUSED", "to": "GAMESTATE.PLAYING"}
{"timestamp": "2025-06-20T23:38:10.150162", "type": "APPSTATE", "from": "APPSTATE.IN_GAME", "to": "APPSTATE.QUIT"}
{"timestamp": "2025-06-20T23:42:28.898605", "type": "APPSTATE", "from": "APPSTATE.MAIN_MENU", "to": "APPSTATE.IN_GAME"}
{"timestamp": "2025-06-20T23:42:29.191808", "type": "GAMESTATE", "from": "GAMESTATE.PLAYING", "to": "GAMESTATE.PAUSED"}
{"timestamp": "2025-06-20T23:44:12.835276", "type": "APPSTATE", "from": "APPSTATE.MAIN_MENU", "to": "APPSTATE.IN_GAME"}
{"timestamp": "2025-06-20T23:44:13.150716", "type": "GAMESTATE", "from": "GAMESTATE.PLAYING", "to": "GAMESTATE.PAUSED"}
{"timestamp": "2025-06-20T23:45:06.626306", "type": "APPSTATE", "from": "APPSTATE.MAIN_MENU", "to": "APPSTATE.IN_GAME"}
{"timestamp": "2025-06-20T23:45:07.083896", "type": "GAMESTATE", "from": "GAMESTATE.PLAYING", "to": "GAMESTATE.PAUSED"}
{"timestamp": "2025-06-20T23:45:07.926968", "type": "GAMESTATE", "from": "GAMESTATE.PAUSED", "to": "GAMESTATE.PLAYING"}
{"timestamp": "2025-06-20T23:45:09.094596", "type": "APPSTATE", "from": "APPSTATE.IN_GAME", "to": "APPSTATE.QUIT"}
{"timestamp": "2025-06-20T23:45:38.030561", "type": "APPSTATE", "from": "APPSTATE.MAIN_MENU", "to": "APPSTATE.IN_GAME"}
{"timestamp": "2025-06-20T23:45:38.530265", "type": "GAMESTATE", "from": "GAMESTATE.PLAYING", "to": "GAMESTATE.PAUSED"}
{"timestamp": "2025-06-20T23:45:58.683700", "type": "APPSTATE", "from": "APPSTATE.MAIN_MENU", "to": "APPSTATE.IN_GAME"}
{"timestamp": "2025-06-20T23:45:59.634547", "type": "GAMESTATE", "from": "GAMESTATE.PLAYING", "to": "GAMESTATE.PAUSED"}
{"timestamp": "2025-06-20T23:46:15.002862", "type": "APPSTATE", "from": "APPSTATE.MAIN_MENU", "to": "APPSTATE.IN_GAME"}
{"timestamp": "2025-06-20T23:46:15.256481", "type": "GAMESTATE", "from": "GAMESTATE.PLAYING", "to": "GAMESTATE.PAUSED"}
{"timestamp": "2025-06-20T23:46:16.521001", "type": "GAMESTATE", "from": "GAMESTATE.PAUSED", "to": "GAMESTATE.PLAYING"}
{"timestamp": "2025-06-20T23:46:17.764636", "type": "GAMESTATE", "from": "GAMESTATE.PLAYING", "to": "GAMESTATE.PAUSED"}
{"timestamp": "2025-06-20T23:46:19.004685", "type": "GAMESTATE", "from": "GAMESTATE.PAUSED", "to": "GAMESTATE.PLAYING"}
{"timestamp": "2025-06-20T23:46:20.641136", "type": "APPSTATE", "from": "APPSTATE.IN_GAME", "to": "APPSTATE.QUIT"}
{"timestamp": "2025-06-20T23:46:56.759049", "type": "APPSTATE", "from": "APPSTATE.MAIN_MENU", "to": "APPSTATE.IN_GAME"}
{"timestamp": "2025-06-20T23:46:57.204881", "type": "GAMESTATE", "from": "GAMESTATE.PLAYING", "to": "GAMESTATE.PAUSED"}
{"timestamp": "2025-06-20T23:46:58.225376", "type": "GAMESTATE", "from": "GAMESTATE.PAUSED", "to": "GAMESTATE.PLAYING"}
{"timestamp": "2025-06-20T23:46:58.878634", "type": "GAMESTATE", "from": "GAMESTATE.PLAYING", "to": "GAMESTATE.PAUSED"}
{"timestamp": "2025-06-20T23:46:59.826009", "type": "GAMESTATE", "from": "GAMESTATE.PAUSED", "to": "GAMESTATE.PLAYING"}
{"timestamp": "2025-06-20T23:46:59.826157", "type": "APPSTATE", "from": "APPSTATE.IN_GAME", "to": "APPSTATE.MAIN_MENU"}
{"timestamp": "2025-06-20T23:47:01.259351", "type": "APPSTATE", "from": "APPSTATE.MAIN_MENU", "to": "APPSTATE.QUIT"}
{"timestamp": "2025-06-20T23:48:40.758163", "type": "APPSTATE", "from": "APPSTATE.MAIN_MENU", "to": "APPSTATE.IN_GAME"}
{"timestamp": "2025-06-20T23:48:41.165783", "type": "GAMESTATE", "from": "GAMESTATE.PLAYING", "to": "GAMESTATE.PAUSED"}
{"timestamp": "2025-06-20T23:48:41.989447", "type": "GAMESTATE", "from": "GAMESTATE.PAUSED", "to": "GAMESTATE.PLAYING"}
{"timestamp": "2025-06-20T23:48:43.081962", "type": "APPSTATE", "from": "APPSTATE.IN_GAME", "to": "APPSTATE.QUIT"}
{"timestamp": "2025-06-20T23:49:15.201335", "type": "APPSTATE", "from": "APPSTATE.MAIN_MENU", "to": "APPSTATE.IN_GAME"}
{"timestamp": "2025-06-20T23:49:16.715994", "type": "GAMESTATE", "from": "GAMESTATE.PLAYING", "to": "GAMESTATE.PAUSED"}
{"timestamp": "2025-06-20T23:49:17.612477", "type": "GAMESTATE", "from": "GAMESTATE.PAUSED", "to": "GAMESTATE.PLAYING"}
{"timestamp": "2025-06-20T23:49:18.879839", "type": "APPSTATE", "from": "APPSTATE.IN_GAME", "to": "APPSTATE.QUIT"}
{"timestamp": "2025-06-20T23:50:08.853030", "type": "APPSTATE", "from": "APPSTATE.MAIN_MENU", "to": "APPSTATE.IN_GAME"}
{"timestamp": "2025-06-20T23:50:09.614439", "type": "GAMESTATE", "from": "GAMESTATE.PLAYING", "to": "GAMESTATE.PAUSED"}
{"timestamp": "2025-06-20T23:50:10.992981", "type": "GAMESTATE", "from": "GAMESTATE.PAUSED", "to": "GAMESTATE.PLAYING"}
{"timestamp": "2025-06-20T23:50:12.253002", "type": "APPSTATE", "from": "APPSTATE.IN_GAME", "to": "APPSTATE.QUIT"}
{"timestamp": "2025-06-20T23:52:25.556349", "type": "APPSTATE", "from": "APPSTATE.MAIN_MENU", "to": "APPSTATE.IN_GAME"}
{"timestamp": "2025-06-20T23:52:25.968378", "type": "GAMESTATE", "from": "GAMESTATE.PLAYING", "to": "GAMESTATE.PAUSED"}
{"timestamp": "2025-06-20T23:52:27.007909", "type": "GAMESTATE", "from": "GAMESTATE.PAUSED", "to": "GAMESTATE.PLAYING"}
{"timestamp": "2025-06-20T23:52:27.915895", "type": "GAMESTATE", "from": "GAMESTATE.PLAYING", "to": "GAMESTATE.PAUSED"}
{"timestamp": "2025-06-20T23:52:28.412499", "type": "GAMESTATE", "from": "GAMESTATE.PAUSED", "to": "GAMESTATE.PLAYING"}
{"timestamp": "2025-06-20T23:52:29.089806", "type": "GAMESTATE", "from": "GAMESTATE.PLAYING", "to": "GAMESTATE.PAUSED"}
{"timestamp": "2025-06-20T23:52:29.395003", "type": "GAMESTATE", "from": "GAMESTATE.PAUSED", "to": "GAMESTATE.PLAYING"}
{"timestamp": "2025-06-20T23:52:29.751147", "type": "GAMESTATE", "from": "GAMESTATE.PLAYING", "to": "GAMESTATE.PAUSED"}
{"timestamp": "2025-06-20T23:52:30.891644", "type": "APPSTATE", "from": "APPSTATE.IN_GAME", "to": "APPSTATE.QUIT"}
{"timestamp": "2025-06-20T23:52:43.842318", "type": "APPSTATE", "from": "APPSTATE.MAIN_MENU", "to": "APPSTATE.IN_GAME"}
{"timestamp": "2025-06-20T23:52:44.030373", "type": "GAMESTATE", "from": "GAMESTATE.PLAYING", "to": "GAMESTATE.PAUSED"}
{"timestamp": "2025-06-20T23:52:45.326126", "type": "GAMESTATE", "from": "GAMESTATE.PAUSED", "to": "GAMESTATE.PLAYING"}
{"timestamp": "2025-06-20T23:52:45.326264", "type": "APPSTATE", "from": "APPSTATE.IN_GAME", "to": "APPSTATE.MAIN_MENU"}
{"timestamp": "2025-06-20T23:52:47.251312", "type": "APPSTATE", "from": "APPSTATE.MAIN_MENU", "to": "APPSTATE.QUIT"}
{"timestamp": "2025-06-20T23:52:54.043671", "type": "APPSTATE", "from": "APPSTATE.MAIN_MENU", "to": "APPSTATE.IN_GAME"}
{"timestamp": "2025-06-20T23:52:54.196417", "type": "GAMESTATE", "from": "GAMESTATE.PLAYING", "to": "GAMESTATE.PAUSED"}
{"timestamp": "2025-06-20T23:52:55.737918", "type": "GAMESTATE", "from": "GAMESTATE.PAUSED", "to": "GAMESTATE.PLAYING"}
{"timestamp": "2025-06-20T23:52:56.111448", "type": "GAMESTATE", "from": "GAMESTATE.PLAYING", "to": "GAMESTATE.PAUSED"}
{"timestamp": "2025-06-20T23:52:56.724375", "type": "GAMESTATE", "from": "GAMESTATE.PAUSED", "to": "GAMESTATE.PLAYING"}
{"timestamp": "2025-06-20T23:52:57.226199", "type": "GAMESTATE", "from": "GAMESTATE.PLAYING", "to": "GAMESTATE.PAUSED"}
{"timestamp": "2025-06-20T23:52:57.887490", "type": "GAMESTATE", "from": "GAMESTATE.PAUSED", "to": "GAMESTATE.PLAYING"}
{"timestamp": "2025-06-20T23:52:58.195324", "type": "GAMESTATE", "from": "GAMESTATE.PLAYING", "to": "GAMESTATE.PAUSED"}
{"timestamp": "2025-06-20T23:52:58.694155", "type": "GAMESTATE", "from": "GAMESTATE.PAUSED", "to": "GAMESTATE.PLAYING"}
{"timestamp": "2025-06-20T23:52:58.694301", "type": "APPSTATE", "from": "APPSTATE.IN_GAME", "to": "APPSTATE.MAIN_MENU"}
{"timestamp": "2025-06-20T23:53:00.192677", "type": "APPSTATE", "from": "APPSTATE.MAIN_MENU", "to": "APPSTATE.IN_GAME"}
{"timestamp": "2025-06-20T23:53:00.487494", "type": "GAMESTATE", "from": "GAMESTATE.PLAYING", "to": "GAMESTATE.PAUSED"}
{"timestamp": "2025-06-20T23:53:01.429431", "type": "GAMESTATE", "from": "GAMESTATE.PAUSED", "to": "GAMESTATE.PLAYING"}
{"timestamp": "2025-06-20T23:53:01.792615", "type": "GAMESTATE", "from": "GAMESTATE.PLAYING", "to": "GAMESTATE.PAUSED"}
{"timestamp": "2025-06-20T23:53:03.701178", "type": "APPSTATE", "from": "APPSTATE.IN_GAME", "to": "APPSTATE.QUIT"}
{"timestamp": "2025-06-20T23:54:38.925929", "type": "APPSTATE", "from": "APPSTATE.MAIN_MENU", "to": "APPSTATE.IN_GAME"}
{"timestamp": "2025-06-20T23:54:39.222408", "type": "GAMESTATE", "from": "GAMESTATE.PLAYING", "to": "GAMESTATE.PAUSED"}
{"timestamp": "2025-06-20T23:54:40.260313", "type": "GAMESTATE", "from": "GAMESTATE.PAUSED", "to": "GAMESTATE.PLAYING"}
{"timestamp": "2025-06-20T23:54:42.243183", "type": "APPSTATE", "from": "APPSTATE.IN_GAME", "to": "APPSTATE.QUIT"}
{"timestamp": "2025-06-20T23:55:00.445817", "type": "APPSTATE", "from": "APPSTATE.MAIN_MENU", "to": "APPSTATE.IN_GAME"}
{"timestamp": "2025-06-20T23:55:01.152604", "type": "GAMESTATE", "from": "GAMESTATE.PLAYING", "to": "GAMESTATE.PAUSED"}
{"timestamp": "2025-06-20T23:55:02.696270", "type": "GAMESTATE", "from": "GAMESTATE.PAUSED", "to": "GAMESTATE.PLAYING"}
{"timestamp": "2025-06-20T23:55:04.608611", "type": "GAMESTATE", "from": "GAMESTATE.PLAYING", "to": "GAMESTATE.PAUSED"}
{"timestamp": "2025-06-20T23:55:06.257069", "type": "APPSTATE", "from": "APPSTATE.IN_GAME", "to": "APPSTATE.QUIT"}
{"timestamp": "2025-06-20T23:55:22.048788", "type": "APPSTATE", "from": "APPSTATE.MAIN_MENU", "to": "APPSTATE.IN_GAME"}
{"timestamp": "2025-06-20T23:55:22.251226", "type": "GAMESTATE", "from": "GAMESTATE.PLAYING", "to": "GAMESTATE.PAUSED"}
{"timestamp": "2025-06-20T23:55:24.931618", "type": "GAMESTATE", "from": "GAMESTATE.PAUSED", "to": "GAMESTATE.PLAYING"}
{"timestamp": "2025-06-20T23:55:25.517830", "type": "GAMESTATE", "from": "GAMESTATE.PLAYING", "to": "GAMESTATE.PAUSED"}
{"timestamp": "2025-06-20T23:55:26.624389", "type": "GAMESTATE", "from": "GAMESTATE.PAUSED", "to": "GAMESTATE.PLAYING"}
{"timestamp": "2025-06-20T23:55:27.056827", "type": "GAMESTATE", "from": "GAMESTATE.PLAYING", "to": "GAMESTATE.PAUSED"}
{"timestamp": "2025-06-20T23:55:27.496319", "type": "GAMESTATE", "from": "GAMESTATE.PAUSED", "to": "GAMESTATE.PLAYING"}
{"timestamp": "2025-06-20T23:55:27.830789", "type": "GAMESTATE", "from": "GAMESTATE.PLAYING", "to": "GAMESTATE.PAUSED"}
{"timestamp": "2025-06-20T23:55:28.281538", "type": "GAMESTATE", "from": "GAMESTATE.PAUSED", "to": "GAMESTATE.PLAYING"}
{"timestamp": "2025-06-20T23:55:29.071562", "type": "GAMESTATE", "from": "GAMESTATE.PLAYING", "to": "GAMESTATE.PAUSED"}
{"timestamp": "2025-06-20T23:55:30.972604", "type": "APPSTATE", "from": "APPSTATE.IN_GAME", "to": "APPSTATE.QUIT"}
{"timestamp": "2025-06-20T23:55:42.018126", "type": "APPSTATE", "from": "APPSTATE.MAIN_MENU", "to": "APPSTATE.IN_GAME"}
{"timestamp": "2025-06-20T23:55:43.123159", "type": "GAMESTATE", "from": "GAMESTATE.PLAYING", "to": "GAMESTATE.PAUSED"}
{"timestamp": "2025-06-20T23:55:45.502051", "type": "APPSTATE", "from": "APPSTATE.IN_GAME", "to": "APPSTATE.QUIT"}
{"timestamp": "2025-06-20T23:55:52.786602", "type": "APPSTATE", "from": "APPSTATE.MAIN_MENU", "to": "APPSTATE.IN_GAME"}
{"timestamp": "2025-06-20T23:55:53.068537", "type": "GAMESTATE", "from": "GAMESTATE.PLAYING", "to": "GAMESTATE.PAUSED"}
{"timestamp": "2025-06-20T23:55:55.820720", "type": "APPSTATE", "from": "APPSTATE.IN_GAME", "to": "APPSTATE.QUIT"}
{"timestamp": "2025-06-20T23:56:02.622449", "type": "APPSTATE", "from": "APPSTATE.MAIN_MENU", "to": "APPSTATE.IN_GAME"}
{"timestamp": "2025-06-20T23:56:02.743784", "type": "GAMESTATE", "from": "GAMESTATE.PLAYING", "to": "GAMESTATE.PAUSED"}
{"timestamp": "2025-06-20T23:56:03.562320", "type": "GAMESTATE", "from": "GAMESTATE.PAUSED", "to": "GAMESTATE.PLAYING"}
{"timestamp": "2025-06-20T23:56:05.356163", "type": "APPSTATE", "from": "APPSTATE.IN_GAME", "to": "APPSTATE.QUIT"}
{"timestamp": "2025-06-21T00:17:35.189331", "type": "APPSTATE", "from": "APPSTATE.MAIN_MENU", "to": "APPSTATE.IN_GAME"}
{"timestamp": "2025-06-21T00:17:35.575633", "type": "GAMESTATE", "from": "GAMESTATE.PLAYING", "to": "GAMESTATE.PAUSED"}
{"timestamp": "2025-06-21T00:17:36.426297", "type": "GAMESTATE", "from": "GAMESTATE.PAUSED", "to": "GAMESTATE.PLAYING"}
{"timestamp": "2025-06-21T00:17:36.426441", "type": "APPSTATE", "from": "APPSTATE.IN_GAME", "to": "APPSTATE.MAIN_MENU"}
{"timestamp": "2025-06-21T00:17:37.714440", "type": "APPSTATE", "from": "APPSTATE.MAIN_MENU", "to": "APPSTATE.QUIT"}
{"timestamp": "2025-06-21T00:17:45.175268", "type": "APPSTATE", "from": "APPSTATE.MAIN_MENU", "to": "APPSTATE.IN_GAME"}
{"timestamp": "2025-06-21T00:17:49.508849", "type": "APPSTATE", "from": "APPSTATE.IN_GAME", "to": "APPSTATE.QUIT"}
{"timestamp": "2025-06-21T00:17:53.842988", "type": "APPSTATE", "from": "APPSTATE.MAIN_MENU", "to": "APPSTATE.IN_GAME"}
{"timestamp": "2025-06-21T00:17:54.499961", "type": "GAMESTATE", "from": "GAMESTATE.PLAYING", "to": "GAMESTATE.PAUSED"}
{"timestamp": "2025-06-21T00:18:15.679630", "type": "GAMESTATE", "from": "GAMESTATE.PAUSED", "to": "GAMESTATE.PLAYING"}
{"timestamp": "2025-06-21T00:18:18.219693", "type": "GAMESTATE", "from": "GAMESTATE.PLAYING", "to": "GAMESTATE.PAUSED"}
{"timestamp": "2025-06-21T00:18:20.496992", "type": "GAMESTATE", "from": "GAMESTATE.PAUSED", "to": "GAMESTATE.PLAYING"}
{"timestamp": "2025-06-21T00:18:20.497115", "type": "APPSTATE", "from": "APPSTATE.IN_GAME", "to": "APPSTATE.MAIN_MENU"}
{"timestamp": "2025-06-21T00:18:26.364319", "type": "APPSTATE", "from": "APPSTATE.MAIN_MENU", "to": "APPSTATE.IN_GAME"}
{"timestamp": "2025-06-21T00:18:28.490344", "type": "GAMESTATE", "from": "GAMESTATE.PLAYING", "to": "GAMESTATE.PAUSED"}
{"timestamp": "2025-06-21T00:18:36.015881", "type": "APPSTATE", "from": "APPSTATE.IN_GAME", "to": "APPSTATE.QUIT"}
{"timestamp": "2025-06-21T00:57:58.638177", "type": "APPSTATE", "from": "APPSTATE.MAIN_MENU", "to": "APPSTATE.IN_GAME"}
{"timestamp": "2025-06-21T00:58:00.665544", "type": "GAMESTATE", "from": "GAMESTATE.PLAYING", "to": "GAMESTATE.PAUSED"}
{"timestamp": "2025-06-21T01:13:47.051521", "type": "APPSTATE", "from": "APPSTATE.IN_GAME", "to": "APPSTATE.QUIT"}
{"timestamp": "2025-06-21T11:12:23.953304", "type": "APPSTATE", "from": "APPSTATE.MAIN_MENU", "to": "APPSTATE.IN_GAME"}
{"timestamp": "2025-06-21T11:12:25.003383", "type": "GAMESTATE", "from": "GAMESTATE.PLAYING", "to": "GAMESTATE.PAUSED"}
{"timestamp": "2025-06-21T11:12:31.068159", "type": "GAMESTATE", "from": "GAMESTATE.PAUSED", "to": "GAMESTATE.PLAYING"}
{"timestamp": "2025-06-21T11:12:31.068351", "type": "APPSTATE", "from": "APPSTATE.IN_GAME", "to": "APPSTATE.MAIN_MENU"}
{"timestamp": "2025-06-21T11:12:39.889167", "type": "APPSTATE", "from": "APPSTATE.MAIN_MENU", "to": "APPSTATE.IN_GAME"}
{"timestamp": "2025-06-21T11:12:43.405978", "type": "GAMESTATE", "from": "GAMESTATE.PLAYING", "to": "GAMESTATE.PAUSED"}
{"timestamp": "2025-06-21T11:12:44.499605", "type": "GAMESTATE", "from": "GAMESTATE.PAUSED", "to": "GAMESTATE.PLAYING"}
{"timestamp": "2025-06-21T11:12:44.981761", "type": "GAMESTATE", "from": "GAMESTATE.PLAYING", "to": "GAMESTATE.PAUSED"}
{"timestamp": "2025-06-21T11:12:45.936039", "type": "GAMESTATE", "from": "GAMESTATE.PAUSED", "to": "GAMESTATE.PLAYING"}
{"timestamp": "2025-06-21T11:12:46.403238", "type": "GAMESTATE", "from": "GAMESTATE.PLAYING", "to": "GAMESTATE.PAUSED"}
{"timestamp": "2025-06-21T11:12:46.676788", "type": "GAMESTATE", "from": "GAMESTATE.PAUSED", "to": "GAMESTATE.PLAYING"}
{"timestamp": "2025-06-21T11:12:47.112424", "type": "GAMESTATE", "from": "GAMESTATE.PLAYING", "to": "GAMESTATE.PAUSED"}
{"timestamp": "2025-06-21T11:12:54.121556", "type": "APPSTATE", "from": "APPSTATE.IN_GAME", "to": "APPSTATE.QUIT"}
{"timestamp": "2025-06-21T11:13:22.951176", "type": "APPSTATE", "from": "APPSTATE.MAIN_MENU", "to": "APPSTATE.IN_GAME"}
{"timestamp": "2025-06-21T11:13:25.057208", "type": "GAMESTATE", "from": "GAMESTATE.PLAYING", "to": "GAMESTATE.PAUSED"}
{"timestamp": "2025-06-21T11:13:26.384716", "type": "GAMESTATE", "from": "GAMESTATE.PAUSED", "to": "GAMESTATE.PLAYING"}
{"timestamp": "2025-06-21T11:13:26.738796", "type": "GAMESTATE", "from": "GAMESTATE.PLAYING", "to": "GAMESTATE.PAUSED"}
{"timestamp": "2025-06-21T11:13:33.278313", "type": "APPSTATE", "from": "APPSTATE.IN_GAME", "to": "APPSTATE.QUIT"}
{"timestamp": "2025-06-21T11:34:30.032413", "type": "APPSTATE", "from": "APPSTATE.MAIN_MENU", "to": "APPSTATE.IN_GAME"}
{"timestamp": "2025-06-21T11:34:31.845840", "type": "GAMESTATE", "from": "GAMESTATE.PLAYING", "to": "GAMESTATE.PAUSED"}
{"timestamp": "2025-06-21T11:34:33.032781", "type": "GAMESTATE", "from": "GAMESTATE.PAUSED", "to": "GAMESTATE.PLAYING"}
{"timestamp": "2025-06-21T11:34:33.469979", "type": "GAMESTATE", "from": "GAMESTATE.PLAYING", "to": "GAMESTATE.PAUSED"}
{"timestamp": "2025-06-21T11:34:34.033226", "type": "GAMESTATE", "from": "GAMESTATE.PAUSED", "to": "GAMESTATE.PLAYING"}
{"timestamp": "2025-06-21T12:11:28.453823", "type": "APPSTATE", "from": "APPSTATE.MAIN_MENU", "to": "APPSTATE.IN_GAME"}
{"timestamp": "2025-06-21T12:11:28.832839", "type": "GAMESTATE", "from": "GAMESTATE.PLAYING", "to": "GAMESTATE.PAUSED"}
{"timestamp": "2025-06-21T12:11:45.132968", "type": "APPSTATE", "from": "APPSTATE.MAIN_MENU", "to": "APPSTATE.IN_GAME"}
{"timestamp": "2025-06-21T12:11:50.263187", "type": "APPSTATE", "from": "APPSTATE.IN_GAME", "to": "APPSTATE.QUIT"}
{"timestamp": "2025-06-21T12:11:54.799721", "type": "APPSTATE", "from": "APPSTATE.MAIN_MENU", "to": "APPSTATE.IN_GAME"}
{"timestamp": "2025-06-21T12:11:59.892136", "type": "APPSTATE", "from": "APPSTATE.IN_GAME", "to": "APPSTATE.QUIT"}
{"timestamp": "2025-06-21T12:12:32.630005", "type": "APPSTATE", "from": "APPSTATE.MAIN_MENU", "to": "APPSTATE.IN_GAME"}
{"timestamp": "2025-06-21T12:12:34.294451", "type": "GAMESTATE", "from": "GAMESTATE.PLAYING", "to": "GAMESTATE.PAUSED"}
{"timestamp": "2025-06-21T12:12:36.297582", "type": "GAMESTATE", "from": "GAMESTATE.PAUSED", "to": "GAMESTATE.PLAYING"}
{"timestamp": "2025-06-21T12:12:36.297721", "type": "APPSTATE", "from": "APPSTATE.IN_GAME", "to": "APPSTATE.MAIN_MENU"}
{"timestamp": "2025-06-21T12:12:43.999479", "type": "APPSTATE", "from": "APPSTATE.MAIN_MENU", "to": "APPSTATE.IN_GAME"}
{"timestamp": "2025-06-21T12:12:45.975467", "type": "GAMESTATE", "from": "GAMESTATE.PLAYING", "to": "GAMESTATE.PAUSED"}
{"timestamp": "2025-06-21T12:12:46.553758", "type": "GAMESTATE", "from": "GAMESTATE.PAUSED", "to": "GAMESTATE.PLAYING"}
{"timestamp": "2025-06-21T12:12:46.553942", "type": "APPSTATE", "from": "APPSTATE.IN_GAME", "to": "APPSTATE.MAIN_MENU"}
{"timestamp": "2025-06-21T12:12:49.900688", "type": "APPSTATE", "from": "APPSTATE.MAIN_MENU", "to": "APPSTATE.QUIT"}
{"timestamp": "2025-06-21T12:13:07.788820", "type": "APPSTATE", "from": "APPSTATE.MAIN_MENU", "to": "APPSTATE.QUIT"}
{"timestamp": "2025-06-21T12:13:32.555971", "type": "APPSTATE", "from": "APPSTATE.MAIN_MENU", "to": "APPSTATE.IN_GAME"}
{"timestamp": "2025-06-21T12:14:00.660342", "type": "APPSTATE", "from": "APPSTATE.MAIN_MENU", "to": "APPSTATE.IN_GAME"}
{"timestamp": "2025-06-21T12:14:04.909343", "type": "GAMESTATE", "from": "GAMESTATE.PLAYING", "to": "GAMESTATE.PAUSED"}
{"timestamp": "2025-06-21T12:20:44.649115", "type": "APPSTATE", "from": "APPSTATE.IN_GAME", "to": "APPSTATE.QUIT"}
{"timestamp": "2025-06-27T09:55:55.475834", "type": "APPSTATE", "from": "APPSTATE.MAIN_MENU", "to": "APPSTATE.IN_GAME"}
{"timestamp": "2025-06-27T09:55:56.539360", "type": "GAMESTATE", "from": "GAMESTATE.PLAYING", "to": "GAMESTATE.PAUSED"}
{"timestamp": "2025-06-27T09:56:06.061482", "type": "APPSTATE", "from": "APPSTATE.IN_GAME", "to": "APPSTATE.QUIT"}
{"timestamp": "2025-06-27T10:01:58.694879", "type": "APPSTATE", "from": "APPSTATE.MAIN_MENU", "to": "APPSTATE.QUIT"}
{"timestamp": "2025-06-29T11:22:53.754666", "type": "APPSTATE", "from": "APPSTATE.MAIN_MENU", "to": "APPSTATE.IN_GAME"}
{"timestamp": "2025-06-29T11:23:01.441884", "type": "GAMESTATE", "from": "GAMESTATE.PLAYING", "to": "GAMESTATE.PAUSED"}
{"timestamp": "2025-06-29T11:23:07.456677", "type": "GAMESTATE", "from": "GAMESTATE.PAUSED", "to": "GAMESTATE.PLAYING"}
{"timestamp": "2025-06-29T11:23:07.456824", "type": "APPSTATE", "from": "APPSTATE.IN_GAME", "to": "APPSTATE.MAIN_MENU"}
{"timestamp": "2025-06-29T11:23:09.496316", "type": "APPSTATE", "from": "APPSTATE.MAIN_MENU", "to": "APPSTATE.IN_GAME"}
{"timestamp": "2025-06-29T11:23:10.462591", "type": "GAMESTATE", "from": "GAMESTATE.PLAYING", "to": "GAMESTATE.PAUSED"}
{"timestamp": "2025-06-29T11:23:11.747807", "type": "GAMESTATE", "from": "GAMESTATE.PAUSED", "to": "GAMESTATE.PLAYING"}
{"timestamp": "2025-06-29T11:23:11.747950", "type": "APPSTATE", "from": "APPSTATE.IN_GAME", "to": "APPSTATE.MAIN_MENU"}
{"timestamp": "2025-06-29T11:23:12.858055", "type": "APPSTATE", "from": "APPSTATE.MAIN_MENU", "to": "APPSTATE.IN_GAME"}
{"timestamp": "2025-06-29T11:23:17.813980", "type": "GAMESTATE", "from": "GAMESTATE.PLAYING", "to": "GAMESTATE.PAUSED"}
{"timestamp": "2025-06-29T11:23:18.649816", "type": "GAMESTATE", "from": "GAMESTATE.PAUSED", "to": "GAMESTATE.PLAYING"}
{"timestamp": "2025-06-29T11:23:18.649962", "type": "APPSTATE", "from": "APPSTATE.IN_GAME", "to": "APPSTATE.MAIN_MENU"}
{"timestamp": "2025-06-29T11:23:19.616854", "type": "APPSTATE", "from": "APPSTATE.MAIN_MENU", "to": "APPSTATE.IN_GAME"}
{"timestamp": "2025-06-29T11:23:20.357801", "type": "GAMESTATE", "from": "GAMESTATE.PLAYING", "to": "GAMESTATE.PAUSED"}
{"timestamp": "2025-06-29T11:23:21.968010", "type": "GAMESTATE", "from": "GAMESTATE.PAUSED", "to": "GAMESTATE.PLAYING"}
{"timestamp": "2025-06-29T11:23:22.758493", "type": "GAMESTATE", "from": "GAMESTATE.PLAYING", "to": "GAMESTATE.PAUSED"}
{"timestamp": "2025-06-29T11:23:23.884169", "type": "GAMESTATE", "from": "GAMESTATE.PAUSED", "to": "GAMESTATE.PLAYING"}
{"timestamp": "2025-06-29T11:23:23.884325", "type": "APPSTATE", "from": "APPSTATE.IN_GAME", "to": "APPSTATE.MAIN_MENU"}
{"timestamp": "2025-06-29T11:23:34.364551", "type": "APPSTATE", "from": "APPSTATE.MAIN_MENU", "to": "APPSTATE.QUIT"}
{"timestamp": "2025-06-29T12:37:25.008292", "type": "APPSTATE", "from": "APPSTATE.MAIN_MENU", "to": "APPSTATE.QUIT"}
{"timestamp": "2025-06-29T12:39:24.923315", "type": "APPSTATE", "from": "APPSTATE.MAIN_MENU", "to": "APPSTATE.QUIT"}
{"timestamp": "2025-06-29T12:40:37.826876", "type": "APPSTATE", "from": "APPSTATE.MAIN_MENU", "to": "APPSTATE.QUIT"}
{"timestamp": "2025-06-29T12:41:01.467848", "type": "APPSTATE", "from": "APPSTATE.MAIN_MENU", "to": "APPSTATE.QUIT"}
{"timestamp": "2025-06-29T12:43:38.458614", "type": "APPSTATE", "from": "APPSTATE.MAIN_MENU", "to": "APPSTATE.QUIT"}
{"timestamp": "2025-06-29T12:46:16.464874", "type": "APPSTATE", "from": "APPSTATE.MAIN_MENU", "to": "APPSTATE.QUIT"}
{"timestamp": "2025-06-29T12:46:37.918023", "type": "APPSTATE", "from": "APPSTATE.MAIN_MENU", "to": "APPSTATE.QUIT"}
{"timestamp": "2025-06-29T12:47:37.149095", "type": "APPSTATE", "from": "APPSTATE.MAIN_MENU", "to": "APPSTATE.QUIT"}
{"timestamp": "2025-06-29T12:48:06.147608", "type": "APPSTATE", "from": "APPSTATE.MAIN_MENU", "to": "APPSTATE.QUIT"}
{"timestamp": "2025-06-29T12:48:16.600478", "type": "APPSTATE", "from": "APPSTATE.MAIN_MENU", "to": "APPSTATE.QUIT"}
{"timestamp": "2025-06-29T12:48:40.159239", "type": "APPSTATE", "from": "APPSTATE.MAIN_MENU", "to": "APPSTATE.QUIT"}
{"timestamp": "2025-06-29T12:52:07.811763", "type": "APPSTATE", "from": "APPSTATE.MAIN_MENU", "to": "APPSTATE.QUIT"}
{"timestamp": "2025-06-29T12:56:16.264139", "type": "APPSTATE", "from": "APPSTATE.MAIN_MENU", "to": "APPSTATE.QUIT"}
{"timestamp": "2025-06-29T12:56:33.088215", "type": "APPSTATE", "from": "APPSTATE.MAIN_MENU", "to": "APPSTATE.QUIT"}
{"timestamp": "2025-06-29T12:56:45.040004", "type": "APPSTATE", "from": "APPSTATE.MAIN_MENU", "to": "APPSTATE.IN_GAME"}
{"timestamp": "2025-06-29T12:56:50.630758", "type": "GAMESTATE", "from": "GAMESTATE.PLAYING", "to": "GAMESTATE.PAUSED"}
{"timestamp": "2025-06-29T12:56:51.325587", "type": "GAMESTATE", "from": "GAMESTATE.PAUSED", "to": "GAMESTATE.PLAYING"}
{"timestamp": "2025-06-29T12:56:51.325705", "type": "APPSTATE", "from": "APPSTATE.IN_GAME", "to": "APPSTATE.MAIN_MENU"}
{"timestamp": "2025-06-29T12:57:03.426486", "type": "APPSTATE", "from": "APPSTATE.MAIN_MENU", "to": "APPSTATE.QUIT"}
{"timestamp": "2025-06-29T12:58:32.022860", "type": "APPSTATE", "from": "APPSTATE.MAIN_MENU", "to": "APPSTATE.IN_GAME"}
{"timestamp": "2025-06-29T12:58:34.199926", "type": "GAMESTATE", "from": "GAMESTATE.PLAYING", "to": "GAMESTATE.PAUSED"}
{"timestamp": "2025-06-29T12:58:36.694796", "type": "GAMESTATE", "from": "GAMESTATE.PAUSED", "to": "GAMESTATE.PLAYING"}
{"timestamp": "2025-06-29T12:58:36.694954", "type": "APPSTATE", "from": "APPSTATE.IN_GAME", "to": "APPSTATE.MAIN_MENU"}
{"timestamp": "2025-06-29T12:58:38.059291", "type": "APPSTATE", "from": "APPSTATE.MAIN_MENU", "to": "APPSTATE.IN_GAME"}
{"timestamp": "2025-06-29T12:58:38.526058", "type": "GAMESTATE", "from": "GAMESTATE.PLAYING", "to": "GAMESTATE.PAUSED"}
{"timestamp": "2025-06-29T12:58:39.208192", "type": "GAMESTATE", "from": "GAMESTATE.PAUSED", "to": "GAMESTATE.PLAYING"}
{"timestamp": "2025-06-29T12:58:39.208323", "type": "APPSTATE", "from": "APPSTATE.IN_GAME", "to": "APPSTATE.MAIN_MENU"}
{"timestamp": "2025-06-29T12:58:40.677512", "type": "APPSTATE", "from": "APPSTATE.MAIN_MENU", "to": "APPSTATE.QUIT"}
{"timestamp": "2025-06-29T13:14:30.414566", "type": "APPSTATE", "from": "APPSTATE.MAIN_MENU", "to": "APPSTATE.IN_GAME"}
{"timestamp": "2025-06-29T13:14:38.166823", "type": "APPSTATE", "from": "APPSTATE.IN_GAME", "to": "APPSTATE.QUIT"}
{"timestamp": "2025-06-29T13:20:35.000824", "type": "APPSTATE", "from": "APPSTATE.MAIN_MENU", "to": "APPSTATE.IN_GAME"}
{"timestamp": "2025-06-29T13:21:20.206153", "type": "APPSTATE", "from": "APPSTATE.MAIN_MENU", "to": "APPSTATE.IN_GAME"}
{"timestamp": "2025-06-29T13:21:24.224067", "type": "GAMESTATE", "from": "GAMESTATE.PLAYING", "to": "GAMESTATE.PAUSED"}
{"timestamp": "2025-06-29T13:21:25.440308", "type": "GAMESTATE", "from": "GAMESTATE.PAUSED", "to": "GAMESTATE.PLAYING"}
{"timestamp": "2025-06-29T13:21:25.440430", "type": "APPSTATE", "from": "APPSTATE.IN_GAME", "to": "APPSTATE.MAIN_MENU"}
{"timestamp": "2025-06-29T13:21:29.073929", "type": "APPSTATE", "from": "APPSTATE.MAIN_MENU", "to": "APPSTATE.IN_GAME"}
{"timestamp": "2025-06-29T13:21:46.426920", "type": "APPSTATE", "from": "APPSTATE.IN_GAME", "to": "APPSTATE.QUIT"}
{"timestamp": "2025-06-29T13:22:02.198718", "type": "APPSTATE", "from": "APPSTATE.MAIN_MENU", "to": "APPSTATE.IN_GAME"}
{"timestamp": "2025-06-29T13:22:05.230588", "type": "APPSTATE", "from": "APPSTATE.IN_GAME", "to": "APPSTATE.QUIT"}
{"timestamp": "2025-06-29T13:22:36.268295", "type": "APPSTATE", "from": "APPSTATE.MAIN_MENU", "to": "APPSTATE.IN_GAME"}
{"timestamp": "2025-06-29T13:22:38.403954", "type": "APPSTATE", "from": "APPSTATE.IN_GAME", "to": "APPSTATE.QUIT"}
{"timestamp": "2025-06-29T13:23:32.776213", "type": "APPSTATE", "from": "APPSTATE.MAIN_MENU", "to": "APPSTATE.IN_GAME"}
{"timestamp": "2025-06-29T13:23:44.644686", "type": "APPSTATE", "from": "APPSTATE.MAIN_MENU", "to": "APPSTATE.IN_GAME"}
{"timestamp": "2025-06-29T13:23:46.377961", "type": "APPSTATE", "from": "APPSTATE.IN_GAME", "to": "APPSTATE.QUIT"}
{"timestamp": "2025-06-29T13:23:58.312764", "type": "APPSTATE", "from": "APPSTATE.MAIN_MENU", "to": "APPSTATE.IN_GAME"}
{"timestamp": "2025-06-29T13:23:59.155479", "type": "GAMESTATE", "from": "GAMESTATE.PLAYING", "to": "GAMESTATE.PAUSED"}
{"timestamp": "2025-06-29T13:24:00.425933", "type": "GAMESTATE", "from": "GAMESTATE.PAUSED", "to": "GAMESTATE.PLAYING"}
{"timestamp": "2025-06-29T13:24:01.003558", "type": "GAMESTATE", "from": "GAMESTATE.PLAYING", "to": "GAMESTATE.PAUSED"}
{"timestamp": "2025-06-29T13:24:01.419323", "type": "GAMESTATE", "from": "GAMESTATE.PAUSED", "to": "GAMESTATE.PLAYING"}
{"timestamp": "2025-06-29T13:24:02.141929", "type": "GAMESTATE", "from": "GAMESTATE.PLAYING", "to": "GAMESTATE.PAUSED"}
{"timestamp": "2025-06-29T13:24:03.880054", "type": "APPSTATE", "from": "APPSTATE.IN_GAME", "to": "APPSTATE.QUIT"}
{"timestamp": "2025-06-29T13:24:22.982388", "type": "APPSTATE", "from": "APPSTATE.MAIN_MENU", "to": "APPSTATE.IN_GAME"}
{"timestamp": "2025-06-29T13:24:23.553285", "type": "GAMESTATE", "from": "GAMESTATE.PLAYING", "to": "GAMESTATE.PAUSED"}
{"timestamp": "2025-06-29T13:24:27.383019", "type": "GAMESTATE", "from": "GAMESTATE.PAUSED", "to": "GAMESTATE.PLAYING"}
{"timestamp": "2025-06-29T13:24:28.927752", "type": "GAMESTATE", "from": "GAMESTATE.PLAYING", "to": "GAMESTATE.PAUSED"}
{"timestamp": "2025-06-29T13:24:29.483499", "type": "GAMESTATE", "from": "GAMESTATE.PAUSED", "to": "GAMESTATE.PLAYING"}
{"timestamp": "2025-06-29T13:24:29.483633", "type": "APPSTATE", "from": "APPSTATE.IN_GAME", "to": "APPSTATE.MAIN_MENU"}
{"timestamp": "2025-06-29T13:24:31.585907", "type": "APPSTATE", "from": "APPSTATE.MAIN_MENU", "to": "APPSTATE.QUIT"}
{"timestamp": "2025-06-29T13:28:13.915452", "type": "APPSTATE", "from": "APPSTATE.MAIN_MENU", "to": "APPSTATE.IN_GAME"}
{"timestamp": "2025-06-29T13:28:16.116411", "type": "APPSTATE", "from": "APPSTATE.IN_GAME", "to": "APPSTATE.QUIT"}
{"timestamp": "2025-06-29T13:28:30.151297", "type": "APPSTATE", "from": "APPSTATE.MAIN_MENU", "to": "APPSTATE.IN_GAME"}
{"timestamp": "2025-06-29T13:28:34.787384", "type": "APPSTATE", "from": "APPSTATE.IN_GAME", "to": "APPSTATE.QUIT"}
{"timestamp": "2025-06-29T13:29:11.191717", "type": "APPSTATE", "from": "APPSTATE.MAIN_MENU", "to": "APPSTATE.IN_GAME"}
{"timestamp": "2025-06-29T13:29:14.707514", "type": "APPSTATE", "from": "APPSTATE.IN_GAME", "to": "APPSTATE.QUIT"}
{"timestamp": "2025-06-29T13:29:47.330117", "type": "APPSTATE", "from": "APPSTATE.MAIN_MENU", "to": "APPSTATE.IN_GAME"}
{"timestamp": "2025-06-29T13:29:50.397337", "type": "APPSTATE", "from": "APPSTATE.IN_GAME", "to": "APPSTATE.QUIT"}
{"timestamp": "2025-06-29T13:30:02.115757", "type": "APPSTATE", "from": "APPSTATE.MAIN_MENU", "to": "APPSTATE.IN_GAME"}
{"timestamp": "2025-06-29T13:30:04.932805", "type": "APPSTATE", "from": "APPSTATE.IN_GAME", "to": "APPSTATE.QUIT"}
{"timestamp": "2025-06-29T13:31:00.529977", "type": "APPSTATE", "from": "APPSTATE.MAIN_MENU", "to": "APPSTATE.IN_GAME"}
{"timestamp": "2025-06-29T13:31:04.040801", "type": "APPSTATE", "from": "APPSTATE.IN_GAME", "to": "APPSTATE.QUIT"}
{"timestamp": "2025-06-29T13:31:13.383194", "type": "APPSTATE", "from": "APPSTATE.MAIN_MENU", "to": "APPSTATE.IN_GAME"}
{"timestamp": "2025-06-29T13:31:16.517684", "type": "APPSTATE", "from": "APPSTATE.IN_GAME", "to": "APPSTATE.QUIT"}
{"timestamp": "2025-06-29T13:31:26.610099", "type": "APPSTATE", "from": "APPSTATE.MAIN_MENU", "to": "APPSTATE.IN_GAME"}
{"timestamp": "2025-06-29T13:31:28.811747", "type": "APPSTATE", "from": "APPSTATE.IN_GAME", "to": "APPSTATE.QUIT"}
{"timestamp": "2025-06-29T13:31:35.911715", "type": "APPSTATE", "from": "APPSTATE.MAIN_MENU", "to": "APPSTATE.IN_GAME"}
{"timestamp": "2025-06-29T13:31:42.250659", "type": "APPSTATE", "from": "APPSTATE.IN_GAME", "to": "APPSTATE.QUIT"}
{"timestamp": "2025-06-29T13:36:03.008496", "type": "APPSTATE", "from": "APPSTATE.MAIN_MENU", "to": "APPSTATE.QUIT"}
{"timestamp": "2025-06-29T13:36:38.223537", "type": "APPSTATE", "from": "APPSTATE.MAIN_MENU", "to": "APPSTATE.QUIT"}
{"timestamp": "2025-06-29T13:36:55.959879", "type": "APPSTATE", "from": "APPSTATE.MAIN_MENU", "to": "APPSTATE.QUIT"}
{"timestamp": "2025-06-29T13:37:11.962131", "type": "APPSTATE", "from": "APPSTATE.MAIN_MENU", "to": "APPSTATE.QUIT"}
{"timestamp": "2025-06-29T13:37:44.716765", "type": "APPSTATE", "from": "APPSTATE.MAIN_MENU", "to": "APPSTATE.IN_GAME"}
{"timestamp": "2025-06-29T13:37:46.563513", "type": "GAMESTATE", "from": "GAMESTATE.PLAYING", "to": "GAMESTATE.PAUSED"}
{"timestamp": "2025-06-29T13:37:48.757196", "type": "GAMESTATE", "from": "GAMESTATE.PAUSED", "to": "GAMESTATE.PLAYING"}
{"timestamp": "2025-06-29T13:37:49.963717", "type": "GAMESTATE", "from": "GAMESTATE.PLAYING", "to": "GAMESTATE.PAUSED"}
{"timestamp": "2025-06-29T13:37:50.349338", "type": "GAMESTATE", "from": "GAMESTATE.PAUSED", "to": "GAMESTATE.PLAYING"}
{"timestamp": "2025-06-29T13:37:50.669076", "type": "GAMESTATE", "from": "GAMESTATE.PLAYING", "to": "GAMESTATE.PAUSED"}
{"timestamp": "2025-06-29T13:37:51.400946", "type": "GAMESTATE", "from": "GAMESTATE.PAUSED", "to": "GAMESTATE.PLAYING"}
{"timestamp": "2025-06-29T13:37:51.401079", "type": "APPSTATE", "from": "APPSTATE.IN_GAME", "to": "APPSTATE.MAIN_MENU"}
{"timestamp": "2025-06-29T13:37:54.366904", "type": "APPSTATE", "from": "APPSTATE.MAIN_MENU", "to": "APPSTATE.IN_GAME"}
{"timestamp": "2025-06-29T13:37:54.731882", "type": "GAMESTATE", "from": "GAMESTATE.PLAYING", "to": "GAMESTATE.PAUSED"}
{"timestamp": "2025-06-29T13:37:55.374650", "type": "GAMESTATE", "from": "GAMESTATE.PAUSED", "to": "GAMESTATE.PLAYING"}
{"timestamp": "2025-06-29T13:37:55.746890", "type": "GAMESTATE", "from": "GAMESTATE.PLAYING", "to": "GAMESTATE.PAUSED"}
{"timestamp": "2025-06-29T13:37:56.100547", "type": "GAMESTATE", "from": "GAMESTATE.PAUSED", "to": "GAMESTATE.PLAYING"}
{"timestamp": "2025-06-29T13:37:56.470301", "type": "GAMESTATE", "from": "GAMESTATE.PLAYING", "to": "GAMESTATE.PAUSED"}
{"timestamp": "2025-06-29T13:37:56.871684", "type": "GAMESTATE", "from": "GAMESTATE.PAUSED", "to": "GAMESTATE.PLAYING"}
{"timestamp": "2025-06-29T13:37:57.304797", "type": "GAMESTATE", "from": "GAMESTATE.PLAYING", "to": "GAMESTATE.PAUSED"}
{"timestamp": "2025-06-29T13:37:57.708468", "type": "GAMESTATE", "from": "GAMESTATE.PAUSED", "to": "GAMESTATE.PLAYING"}
{"timestamp": "2025-06-29T13:37:58.144498", "type": "GAMESTATE", "from": "GAMESTATE.PLAYING", "to": "GAMESTATE.PAUSED"}
{"timestamp": "2025-06-29T13:37:58.530536", "type": "GAMESTATE", "from": "GAMESTATE.PAUSED", "to": "GAMESTATE.PLAYING"}
{"timestamp": "2025-06-29T13:38:04.485902", "type": "APPSTATE", "from": "APPSTATE.IN_GAME", "to": "APPSTATE.QUIT"}
{"timestamp": "2025-06-29T13:38:31.039382", "type": "APPSTATE", "from": "APPSTATE.MAIN_MENU", "to": "APPSTATE.IN_GAME"}
{"timestamp": "2025-06-29T13:38:39.210924", "type": "GAMESTATE", "from": "GAMESTATE.PLAYING", "to": "GAMESTATE.PAUSED"}
{"timestamp": "2025-06-29T13:38:39.809662", "type": "GAMESTATE", "from": "GAMESTATE.PAUSED", "to": "GAMESTATE.PLAYING"}
{"timestamp": "2025-06-29T13:38:40.197205", "type": "GAMESTATE", "from": "GAMESTATE.PLAYING", "to": "GAMESTATE.PAUSED"}
{"timestamp": "2025-06-29T13:38:41.050643", "type": "GAMESTATE", "from": "GAMESTATE.PAUSED", "to": "GAMESTATE.PLAYING"}
{"timestamp": "2025-06-29T13:38:41.859082", "type": "GAMESTATE", "from": "GAMESTATE.PLAYING", "to": "GAMESTATE.PAUSED"}
{"timestamp": "2025-06-29T13:38:43.140411", "type": "GAMESTATE", "from": "GAMESTATE.PAUSED", "to": "GAMESTATE.PLAYING"}
{"timestamp": "2025-06-29T13:38:43.140531", "type": "APPSTATE", "from": "APPSTATE.IN_GAME", "to": "APPSTATE.MAIN_MENU"}
{"timestamp": "2025-06-29T13:38:46.692198", "type": "APPSTATE", "from": "APPSTATE.MAIN_MENU", "to": "APPSTATE.IN_GAME"}
{"timestamp": "2025-06-29T13:38:54.300296", "type": "GAMESTATE", "from": "GAMESTATE.PLAYING", "to": "GAMESTATE.PAUSED"}
{"timestamp": "2025-06-29T13:38:54.861490", "type": "GAMESTATE", "from": "GAMESTATE.PAUSED", "to": "GAMESTATE.PLAYING"}
{"timestamp": "2025-06-29T13:38:58.067013", "type": "GAMESTATE", "from": "GAMESTATE.PLAYING", "to": "GAMESTATE.PAUSED"}
{"timestamp": "2025-06-29T13:38:59.805066", "type": "GAMESTATE", "from": "GAMESTATE.PAUSED", "to": "GAMESTATE.PLAYING"}
{"timestamp": "2025-06-29T13:39:00.255852", "type": "GAMESTATE", "from": "GAMESTATE.PLAYING", "to": "GAMESTATE.PAUSED"}
{"timestamp": "2025-06-29T13:39:00.834097", "type": "GAMESTATE", "from": "GAMESTATE.PAUSED", "to": "GAMESTATE.PLAYING"}
{"timestamp": "2025-06-29T13:39:01.204254", "type": "GAMESTATE", "from": "GAMESTATE.PLAYING", "to": "GAMESTATE.PAUSED"}
{"timestamp": "2025-06-29T13:39:01.672225", "type": "GAMESTATE", "from": "GAMESTATE.PAUSED", "to": "GAMESTATE.PLAYING"}
{"timestamp": "2025-06-29T13:39:02.089870", "type": "GAMESTATE", "from": "GAMESTATE.PLAYING", "to": "GAMESTATE.PAUSED"}
{"timestamp": "2025-06-29T13:39:02.573173", "type": "GAMESTATE", "from": "GAMESTATE.PAUSED", "to": "GAMESTATE.PLAYING"}
{"timestamp": "2025-06-29T13:39:03.651725", "type": "APPSTATE", "from": "APPSTATE.IN_GAME", "to": "APPSTATE.QUIT"}
{"timestamp": "2025-06-29T13:39:40.365728", "type": "APPSTATE", "from": "APPSTATE.MAIN_MENU", "to": "APPSTATE.IN_GAME"}
{"timestamp": "2025-06-29T13:39:42.076153", "type": "GAMESTATE", "from": "GAMESTATE.PLAYING", "to": "GAMESTATE.PAUSED"}
{"timestamp": "2025-06-29T13:39:42.870939", "type": "GAMESTATE", "from": "GAMESTATE.PAUSED", "to": "GAMESTATE.PLAYING"}
{"timestamp": "2025-06-29T13:39:43.479711", "type": "GAMESTATE", "from": "GAMESTATE.PLAYING", "to": "GAMESTATE.PAUSED"}
{"timestamp": "2025-06-29T13:39:44.367398", "type": "GAMESTATE", "from": "GAMESTATE.PAUSED", "to": "GAMESTATE.PLAYING"}
{"timestamp": "2025-06-29T13:39:50.057857", "type": "GAMESTATE", "from": "GAMESTATE.PLAYING", "to": "GAMESTATE.PAUSED"}
{"timestamp": "2025-06-29T13:39:51.400771", "type": "GAMESTATE", "from": "GAMESTATE.PAUSED", "to": "GAMESTATE.PLAYING"}
{"timestamp": "2025-06-29T13:39:51.400934", "type": "APPSTATE", "from": "APPSTATE.IN_GAME", "to": "APPSTATE.MAIN_MENU"}
{"timestamp": "2025-06-29T13:39:54.034692", "type": "APPSTATE", "from": "APPSTATE.MAIN_MENU", "to": "APPSTATE.IN_GAME"}
{"timestamp": "2025-06-29T13:39:55.073903", "type": "GAMESTATE", "from": "GAMESTATE.PLAYING", "to": "GAMESTATE.PAUSED"}
{"timestamp": "2025-06-29T13:39:56.034816", "type": "GAMESTATE", "from": "GAMESTATE.PAUSED", "to": "GAMESTATE.PLAYING"}
{"timestamp": "2025-06-29T13:39:56.034972", "type": "APPSTATE", "from": "APPSTATE.IN_GAME", "to": "APPSTATE.MAIN_MENU"}
{"timestamp": "2025-06-29T13:39:57.502736", "type": "APPSTATE", "from": "APPSTATE.MAIN_MENU", "to": "APPSTATE.IN_GAME"}
{"timestamp": "2025-06-29T13:39:58.412634", "type": "GAMESTATE", "from": "GAMESTATE.PLAYING", "to": "GAMESTATE.PAUSED"}
{"timestamp": "2025-06-29T13:39:59.602132", "type": "GAMESTATE", "from": "GAMESTATE.PAUSED", "to": "GAMESTATE.PLAYING"}
{"timestamp": "2025-06-29T13:40:01.820208", "type": "APPSTATE", "from": "APPSTATE.IN_GAME", "to": "APPSTATE.QUIT"}
{"timestamp": "2025-06-29T13:58:20.014388", "type": "APPSTATE", "from": "APPSTATE.MAIN_MENU", "to": "APPSTATE.IN_GAME"}
{"timestamp": "2025-06-29T13:58:21.064366", "type": "GAMESTATE", "from": "GAMESTATE.PLAYING", "to": "GAMESTATE.PAUSED"}
{"timestamp": "2025-06-29T13:58:21.985857", "type": "GAMESTATE", "from": "GAMESTATE.PAUSED", "to": "GAMESTATE.PLAYING"}
{"timestamp": "2025-06-29T13:58:23.647098", "type": "GAMESTATE", "from": "GAMESTATE.PLAYING", "to": "GAMESTATE.PAUSED"}
{"timestamp": "2025-06-29T13:58:24.452961", "type": "GAMESTATE", "from": "GAMESTATE.PAUSED", "to": "GAMESTATE.PLAYING"}
{"timestamp": "2025-06-29T13:58:25.097688", "type": "GAMESTATE", "from": "GAMESTATE.PLAYING", "to": "GAMESTATE.PAUSED"}
{"timestamp": "2025-06-29T13:58:26.128425", "type": "GAMESTATE", "from": "GAMESTATE.PAUSED", "to": "GAMESTATE.PLAYING"}
{"timestamp": "2025-06-29T13:58:27.085427", "type": "GAMESTATE", "from": "GAMESTATE.PLAYING", "to": "GAMESTATE.PAUSED"}
{"timestamp": "2025-06-29T13:58:28.263518", "type": "GAMESTATE", "from": "GAMESTATE.PAUSED", "to": "GAMESTATE.PLAYING"}
{"timestamp": "2025-06-29T13:58:30.321932", "type": "APPSTATE", "from": "APPSTATE.IN_GAME", "to": "APPSTATE.QUIT"}
{"timestamp": "2025-06-29T14:01:09.073370", "type": "APPSTATE", "from": "APPSTATE.MAIN_MENU", "to": "APPSTATE.IN_GAME"}
{"timestamp": "2025-06-29T14:01:20.011314", "type": "APPSTATE", "from": "APPSTATE.IN_GAME", "to": "APPSTATE.QUIT"}
{"timestamp": "2025-06-29T14:01:37.777764", "type": "APPSTATE", "from": "APPSTATE.MAIN_MENU", "to": "APPSTATE.IN_GAME"}
{"timestamp": "2025-06-29T14:01:43.878524", "type": "APPSTATE", "from": "APPSTATE.IN_GAME", "to": "APPSTATE.QUIT"}
{"timestamp": "2025-06-29T14:01:50.213021", "type": "APPSTATE", "from": "APPSTATE.MAIN_MENU", "to": "APPSTATE.IN_GAME"}
{"timestamp": "2025-06-29T14:01:52.900580", "type": "APPSTATE", "from": "APPSTATE.IN_GAME", "to": "APPSTATE.QUIT"}
{"timestamp": "2025-06-29T14:02:19.108388", "type": "APPSTATE", "from": "APPSTATE.MAIN_MENU", "to": "APPSTATE.IN_GAME"}
{"timestamp": "2025-06-29T14:02:22.916145", "type": "GAMESTATE", "from": "GAMESTATE.PLAYING", "to": "GAMESTATE.PAUSED"}
{"timestamp": "2025-06-29T14:02:23.616420", "type": "GAMESTATE", "from": "GAMESTATE.PAUSED", "to": "GAMESTATE.PLAYING"}
{"timestamp": "2025-06-29T14:02:23.616548", "type": "APPSTATE", "from": "APPSTATE.IN_GAME", "to": "APPSTATE.MAIN_MENU"}
{"timestamp": "2025-06-29T14:02:24.349318", "type": "APPSTATE", "from": "APPSTATE.MAIN_MENU", "to": "APPSTATE.IN_GAME"}
{"timestamp": "2025-06-29T14:02:25.467114", "type": "GAMESTATE", "from": "GAMESTATE.PLAYING", "to": "GAMESTATE.PAUSED"}
{"timestamp": "2025-06-29T14:02:26.034456", "type": "GAMESTATE", "from": "GAMESTATE.PAUSED", "to": "GAMESTATE.PLAYING"}
{"timestamp": "2025-06-29T14:02:26.034578", "type": "APPSTATE", "from": "APPSTATE.IN_GAME", "to": "APPSTATE.MAIN_MENU"}
{"timestamp": "2025-06-29T14:02:27.236780", "type": "APPSTATE", "from": "APPSTATE.MAIN_MENU", "to": "APPSTATE.QUIT"}
{"timestamp": "2025-06-29T14:02:54.178825", "type": "APPSTATE", "from": "APPSTATE.MAIN_MENU", "to": "APPSTATE.IN_GAME"}
{"timestamp": "2025-06-29T14:02:56.157760", "type": "GAMESTATE", "from": "GAMESTATE.PLAYING", "to": "GAMESTATE.PAUSED"}
{"timestamp": "2025-06-29T14:02:56.656367", "type": "GAMESTATE", "from": "GAMESTATE.PAUSED", "to": "GAMESTATE.PLAYING"}
{"timestamp": "2025-06-29T14:02:56.656495", "type": "APPSTATE", "from": "APPSTATE.IN_GAME", "to": "APPSTATE.MAIN_MENU"}
{"timestamp": "2025-06-29T14:02:57.571507", "type": "APPSTATE", "from": "APPSTATE.MAIN_MENU", "to": "APPSTATE.IN_GAME"}
{"timestamp": "2025-06-29T14:02:58.576777", "type": "GAMESTATE", "from": "GAMESTATE.PLAYING", "to": "GAMESTATE.PAUSED"}
{"timestamp": "2025-06-29T14:02:59.422696", "type": "GAMESTATE", "from": "GAMESTATE.PAUSED", "to": "GAMESTATE.PLAYING"}
{"timestamp": "2025-06-29T14:02:59.422839", "type": "APPSTATE", "from": "APPSTATE.IN_GAME", "to": "APPSTATE.MAIN_MENU"}
{"timestamp": "2025-06-29T14:03:00.142888", "type": "APPSTATE", "from": "APPSTATE.MAIN_MENU", "to": "APPSTATE.QUIT"}
{"timestamp": "2025-06-29T14:03:29.609951", "type": "APPSTATE", "from": "APPSTATE.MAIN_MENU", "to": "APPSTATE.IN_GAME"}
{"timestamp": "2025-06-29T14:03:34.845381", "type": "GAMESTATE", "from": "GAMESTATE.PLAYING", "to": "GAMESTATE.PAUSED"}
{"timestamp": "2025-06-29T14:03:35.428801", "type": "GAMESTATE", "from": "GAMESTATE.PAUSED", "to": "GAMESTATE.PLAYING"}
{"timestamp": "2025-06-29T14:03:35.428929", "type": "APPSTATE", "from": "APPSTATE.IN_GAME", "to": "APPSTATE.MAIN_MENU"}
{"timestamp": "2025-06-29T14:03:36.145482", "type": "APPSTATE", "from": "APPSTATE.MAIN_MENU", "to": "APPSTATE.IN_GAME"}
{"timestamp": "2025-06-29T14:03:36.916183", "type": "GAMESTATE", "from": "GAMESTATE.PLAYING", "to": "GAMESTATE.PAUSED"}
{"timestamp": "2025-06-29T14:03:38.045307", "type": "GAMESTATE", "from": "GAMESTATE.PAUSED", "to": "GAMESTATE.PLAYING"}
{"timestamp": "2025-06-29T14:03:40.065264", "type": "GAMESTATE", "from": "GAMESTATE.PLAYING", "to": "GAMESTATE.PAUSED"}
{"timestamp": "2025-06-29T14:03:41.344724", "type": "GAMESTATE", "from": "GAMESTATE.PAUSED", "to": "GAMESTATE.PLAYING"}
{"timestamp": "2025-06-29T14:03:41.344874", "type": "APPSTATE", "from": "APPSTATE.IN_GAME", "to": "APPSTATE.MAIN_MENU"}
{"timestamp": "2025-06-29T14:03:42.728359", "type": "APPSTATE", "from": "APPSTATE.MAIN_MENU", "to": "APPSTATE.IN_GAME"}
{"timestamp": "2025-06-29T14:03:43.192935", "type": "GAMESTATE", "from": "GAMESTATE.PLAYING", "to": "GAMESTATE.PAUSED"}
{"timestamp": "2025-06-29T14:03:45.028619", "type": "GAMESTATE", "from": "GAMESTATE.PAUSED", "to": "GAMESTATE.PLAYING"}
{"timestamp": "2025-06-29T14:03:49.312709", "type": "APPSTATE", "from": "APPSTATE.IN_GAME", "to": "APPSTATE.QUIT"}
{"timestamp": "2025-06-29T14:06:24.202424", "type": "APPSTATE", "from": "APPSTATE.MAIN_MENU", "to": "APPSTATE.IN_GAME"}
{"timestamp": "2025-06-29T14:06:25.521035", "type": "GAMESTATE", "from": "GAMESTATE.PLAYING", "to": "GAMESTATE.PAUSED"}
{"timestamp": "2025-06-29T14:06:26.152501", "type": "GAMESTATE", "from": "GAMESTATE.PAUSED", "to": "GAMESTATE.PLAYING"}
{"timestamp": "2025-06-29T14:06:26.152789", "type": "APPSTATE", "from": "APPSTATE.IN_GAME", "to": "APPSTATE.MAIN_MENU"}
{"timestamp": "2025-06-29T14:06:26.720303", "type": "APPSTATE", "from": "APPSTATE.MAIN_MENU", "to": "APPSTATE.IN_GAME"}
{"timestamp": "2025-06-29T14:06:27.356621", "type": "GAMESTATE", "from": "GAMESTATE.PLAYING", "to": "GAMESTATE.PAUSED"}
{"timestamp": "2025-06-29T14:06:28.919407", "type": "GAMESTATE", "from": "GAMESTATE.PAUSED", "to": "GAMESTATE.PLAYING"}
{"timestamp": "2025-06-29T14:06:31.154280", "type": "APPSTATE", "from": "APPSTATE.IN_GAME", "to": "APPSTATE.QUIT"}
{"timestamp": "2025-06-29T14:08:29.304167", "type": "APPSTATE", "from": "APPSTATE.MAIN_MENU", "to": "APPSTATE.IN_GAME"}
{"timestamp": "2025-06-29T14:08:30.826712", "type": "GAMESTATE", "from": "GAMESTATE.PLAYING", "to": "GAMESTATE.PAUSED"}
{"timestamp": "2025-06-29T14:08:31.572034", "type": "GAMESTATE", "from": "GAMESTATE.PAUSED", "to": "GAMESTATE.PLAYING"}
{"timestamp": "2025-06-29T14:08:34.191686", "type": "APPSTATE", "from": "APPSTATE.IN_GAME", "to": "APPSTATE.QUIT"}
{"timestamp": "2025-06-29T14:09:01.909076", "type": "APPSTATE", "from": "APPSTATE.MAIN_MENU", "to": "APPSTATE.IN_GAME"}
{"timestamp": "2025-06-29T14:09:02.548380", "type": "GAMESTATE", "from": "GAMESTATE.PLAYING", "to": "GAMESTATE.PAUSED"}
{"timestamp": "2025-06-29T14:09:05.525954", "type": "GAMESTATE", "from": "GAMESTATE.PAUSED", "to": "GAMESTATE.PLAYING"}
{"timestamp": "2025-06-29T14:09:08.388024", "type": "GAMESTATE", "from": "GAMESTATE.PLAYING", "to": "GAMESTATE.PAUSED"}
{"timestamp": "2025-06-29T14:09:09.225994", "type": "GAMESTATE", "from": "GAMESTATE.PAUSED", "to": "GAMESTATE.PLAYING"}
{"timestamp": "2025-06-29T14:09:09.930536", "type": "GAMESTATE", "from": "GAMESTATE.PLAYING", "to": "GAMESTATE.PAUSED"}
{"timestamp": "2025-06-29T14:09:10.393113", "type": "GAMESTATE", "from": "GAMESTATE.PAUSED", "to": "GAMESTATE.PLAYING"}
{"timestamp": "2025-06-29T14:09:10.810391", "type": "GAMESTATE", "from": "GAMESTATE.PLAYING", "to": "GAMESTATE.PAUSED"}
{"timestamp": "2025-06-29T14:09:11.209909", "type": "GAMESTATE", "from": "GAMESTATE.PAUSED", "to": "GAMESTATE.PLAYING"}
{"timestamp": "2025-06-29T14:09:11.864151", "type": "GAMESTATE", "from": "GAMESTATE.PLAYING", "to": "GAMESTATE.PAUSED"}
{"timestamp": "2025-06-29T14:09:12.310802", "type": "GAMESTATE", "from": "GAMESTATE.PAUSED", "to": "GAMESTATE.PLAYING"}
{"timestamp": "2025-06-29T14:09:13.910328", "type": "APPSTATE", "from": "APPSTATE.IN_GAME", "to": "APPSTATE.QUIT"}
{"timestamp": "2025-06-29T14:09:40.315421", "type": "APPSTATE", "from": "APPSTATE.MAIN_MENU", "to": "APPSTATE.IN_GAME"}
{"timestamp": "2025-06-29T14:09:41.015478", "type": "GAMESTATE", "from": "GAMESTATE.PLAYING", "to": "GAMESTATE.PAUSED"}
{"timestamp": "2025-06-29T14:09:41.915285", "type": "GAMESTATE", "from": "GAMESTATE.PAUSED", "to": "GAMESTATE.PLAYING"}
{"timestamp": "2025-06-29T14:09:44.371071", "type": "GAMESTATE", "from": "GAMESTATE.PLAYING", "to": "GAMESTATE.PAUSED"}
{"timestamp": "2025-06-29T14:09:44.980893", "type": "GAMESTATE", "from": "GAMESTATE.PAUSED", "to": "GAMESTATE.PLAYING"}
{"timestamp": "2025-06-29T14:09:46.917384", "type": "APPSTATE", "from": "APPSTATE.IN_GAME", "to": "APPSTATE.QUIT"}
{"timestamp": "2025-06-29T14:12:13.303438", "type": "APPSTATE", "from": "APPSTATE.MAIN_MENU", "to": "APPSTATE.IN_GAME"}
{"timestamp": "2025-06-29T14:12:16.047535", "type": "GAMESTATE", "from": "GAMESTATE.PLAYING", "to": "GAMESTATE.PAUSED"}
{"timestamp": "2025-06-29T14:12:18.622018", "type": "GAMESTATE", "from": "GAMESTATE.PAUSED", "to": "GAMESTATE.PLAYING"}
{"timestamp": "2025-06-29T14:12:19.782182", "type": "GAMESTATE", "from": "GAMESTATE.PLAYING", "to": "GAMESTATE.PAUSED"}
{"timestamp": "2025-06-29T14:12:20.573182", "type": "GAMESTATE", "from": "GAMESTATE.PAUSED", "to": "GAMESTATE.PLAYING"}
{"timestamp": "2025-06-29T14:12:22.124977", "type": "GAMESTATE", "from": "GAMESTATE.PLAYING", "to": "GAMESTATE.PAUSED"}
{"timestamp": "2025-06-29T14:12:22.639668", "type": "APPSTATE", "from": "APPSTATE.IN_GAME", "to": "APPSTATE.QUIT"}
{"timestamp": "2025-06-29T14:12:26.205266", "type": "APPSTATE", "from": "APPSTATE.MAIN_MENU", "to": "APPSTATE.IN_GAME"}
{"timestamp": "2025-06-29T14:12:35.984149", "type": "APPSTATE", "from": "APPSTATE.IN_GAME", "to": "APPSTATE.QUIT"}
{"timestamp": "2025-06-29T14:45:25.195892", "type": "APPSTATE", "from": "APPSTATE.MAIN_MENU", "to": "APPSTATE.IN_GAME"}
{"timestamp": "2025-06-29T14:45:32.412008", "type": "GAMESTATE", "from": "GAMESTATE.PLAYING", "to": "GAMESTATE.PAUSED"}
{"timestamp": "2025-06-29T14:45:33.779306", "type": "GAMESTATE", "from": "GAMESTATE.PAUSED", "to": "GAMESTATE.PLAYING"}
{"timestamp": "2025-06-29T14:45:34.342345", "type": "GAMESTATE", "from": "GAMESTATE.PLAYING", "to": "GAMESTATE.PAUSED"}
{"timestamp": "2025-06-29T14:45:34.971715", "type": "GAMESTATE", "from": "GAMESTATE.PAUSED", "to": "GAMESTATE.PLAYING"}
{"timestamp": "2025-06-29T14:45:35.439824", "type": "GAMESTATE", "from": "GAMESTATE.PLAYING", "to": "GAMESTATE.PAUSED"}
{"timestamp": "2025-06-29T14:46:08.485319", "type": "APPSTATE", "from": "APPSTATE.IN_GAME", "to": "APPSTATE.QUIT"}
{"timestamp": "2025-06-29T17:41:19.672407", "type": "APPSTATE", "from": "APPSTATE.MAIN_MENU", "to": "APPSTATE.IN_GAME"}
{"timestamp": "2025-06-29T17:41:28.906771", "type": "GAMESTATE", "from": "GAMESTATE.PLAYING", "to": "GAMESTATE.PAUSED"}
{"timestamp": "2025-06-29T17:41:29.824427", "type": "GAMESTATE", "from": "GAMESTATE.PAUSED", "to": "GAMESTATE.PLAYING"}
{"timestamp": "2025-06-29T17:41:38.063499", "type": "GAMESTATE", "from": "GAMESTATE.PLAYING", "to": "GAMESTATE.PAUSED"}
{"timestamp": "2025-06-29T17:41:39.175429", "type": "APPSTATE", "from": "APPSTATE.IN_GAME", "to": "APPSTATE.QUIT"}
{"timestamp": "2025-06-29T17:56:06.818572", "type": "APPSTATE", "from": "APPSTATE.MAIN_MENU", "to": "APPSTATE.QUIT"}
{"timestamp": "2025-06-29T17:57:00.562540", "type": "APPSTATE", "from": "APPSTATE.MAIN_MENU", "to": "APPSTATE.QUIT"}
{"timestamp": "2025-06-29T17:59:49.884903", "type": "APPSTATE", "from": "APPSTATE.MAIN_MENU", "to": "APPSTATE.QUIT"}
{"timestamp": "2025-06-29T18:00:28.640555", "type": "APPSTATE", "from": "APPSTATE.MAIN_MENU", "to": "APPSTATE.QUIT"}
{"timestamp": "2025-06-29T18:02:37.525673", "type": "APPSTATE", "from": "APPSTATE.MAIN_MENU", "to": "APPSTATE.QUIT"}
{"timestamp": "2025-06-29T18:06:32.126953", "type": "APPSTATE", "from": "APPSTATE.MAIN_MENU", "to": "APPSTATE.QUIT"}
{"timestamp": "2025-06-29T18:09:23.935891", "type": "APPSTATE", "from": "APPSTATE.MAIN_MENU", "to": "APPSTATE.QUIT"}
{"timestamp": "2025-06-29T18:13:10.552115", "type": "APPSTATE", "from": "APPSTATE.MAIN_MENU", "to": "APPSTATE.QUIT"}
{"timestamp": "2025-06-29T18:13:54.007771", "type": "APPSTATE", "from": "APPSTATE.MAIN_MENU", "to": "APPSTATE.QUIT"}
{"timestamp": "2025-06-29T18:14:41.932607", "type": "APPSTATE", "from": "APPSTATE.MAIN_MENU", "to": "APPSTATE.QUIT"}
{"timestamp": "2025-06-29T18:14:52.603099", "type": "APPSTATE", "from": "APPSTATE.MAIN_MENU", "to": "APPSTATE.QUIT"}
{"timestamp": "2025-06-29T18:15:31.342490", "type": "APPSTATE", "from": "APPSTATE.MAIN_MENU", "to": "APPSTATE.QUIT"}
{"timestamp": "2025-06-29T18:17:21.904335", "type": "APPSTATE", "from": "APPSTATE.MAIN_MENU", "to": "APPSTATE.QUIT"}
{"timestamp": "2025-06-29T18:17:56.167895", "type": "APPSTATE", "from": "APPSTATE.MAIN_MENU", "to": "APPSTATE.QUIT"}
{"timestamp": "2025-06-29T18:18:55.885546", "type": "APPSTATE", "from": "APPSTATE.MAIN_MENU", "to": "APPSTATE.QUIT"}
{"timestamp": "2025-06-29T18:19:54.950057", "type": "APPSTATE", "from": "APPSTATE.MAIN_MENU", "to": "APPSTATE.QUIT"}
{"timestamp": "2025-06-29T18:21:06.481187", "type": "APPSTATE", "from": "APPSTATE.MAIN_MENU", "to": "APPSTATE.QUIT"}
{"timestamp": "2025-06-29T18:21:39.042603", "type": "APPSTATE", "from": "APPSTATE.MAIN_MENU", "to": "APPSTATE.IN_GAME"}
{"timestamp": "2025-06-29T18:22:18.045860", "type": "GAMESTATE", "from": "GAMESTATE.PLAYING", "to": "GAMESTATE.PAUSED"}
{"timestamp": "2025-06-29T18:22:20.869133", "type": "GAMESTATE", "from": "GAMESTATE.PAUSED", "to": "GAMESTATE.PLAYING"}
{"timestamp": "2025-06-29T18:22:21.580878", "type": "GAMESTATE", "from": "GAMESTATE.PLAYING", "to": "GAMESTATE.PAUSED"}
{"timestamp": "2025-06-29T18:22:22.986919", "type": "GAMESTATE", "from": "GAMESTATE.PAUSED", "to": "GAMESTATE.PLAYING"}
{"timestamp": "2025-06-29T18:22:42.476970", "type": "GAMESTATE", "from": "GAMESTATE.PLAYING", "to": "GAMESTATE.PAUSED"}
{"timestamp": "2025-06-29T18:22:43.569022", "type": "APPSTATE", "from": "APPSTATE.IN_GAME", "to": "APPSTATE.QUIT"}
{"timestamp": "2025-06-29T18:31:38.164405", "type": "APPSTATE", "from": "APPSTATE.MAIN_MENU", "to": "APPSTATE.IN_GAME"}
{"timestamp": "2025-06-29T18:31:50.116548", "type": "APPSTATE", "from": "APPSTATE.IN_GAME", "to": "APPSTATE.QUIT"}
{"timestamp": "2025-06-29T18:32:25.370479", "type": "APPSTATE", "from": "APPSTATE.MAIN_MENU", "to": "APPSTATE.IN_GAME"}
{"timestamp": "2025-06-29T18:32:29.311436", "type": "GAMESTATE", "from": "GAMESTATE.PLAYING", "to": "GAMESTATE.PAUSED"}
{"timestamp": "2025-06-29T18:32:30.043854", "type": "GAMESTATE", "from": "GAMESTATE.PAUSED", "to": "GAMESTATE.PLAYING"}
{"timestamp": "2025-06-29T18:32:30.591621", "type": "GAMESTATE", "from": "GAMESTATE.PLAYING", "to": "GAMESTATE.PAUSED"}
{"timestamp": "2025-06-29T18:32:31.025823", "type": "GAMESTATE", "from": "GAMESTATE.PAUSED", "to": "GAMESTATE.PLAYING"}
{"timestamp": "2025-06-29T18:32:32.282684", "type": "GAMESTATE", "from": "GAMESTATE.PLAYING", "to": "GAMESTATE.PAUSED"}
{"timestamp": "2025-06-29T18:32:32.477178", "type": "GAMESTATE", "from": "GAMESTATE.PAUSED", "to": "GAMESTATE.PLAYING"}
{"timestamp": "2025-06-29T18:32:32.655194", "type": "GAMESTATE", "from": "GAMESTATE.PLAYING", "to": "GAMESTATE.PAUSED"}
{"timestamp": "2025-06-29T18:32:33.955961", "type": "APPSTATE", "from": "APPSTATE.IN_GAME", "to": "APPSTATE.QUIT"}
{"timestamp": "2025-06-29T18:32:58.444978", "type": "APPSTATE", "from": "APPSTATE.MAIN_MENU", "to": "APPSTATE.IN_GAME"}
{"timestamp": "2025-06-29T18:33:00.250173", "type": "GAMESTATE", "from": "GAMESTATE.PLAYING", "to": "GAMESTATE.PAUSED"}
{"timestamp": "2025-06-29T18:33:01.389281", "type": "GAMESTATE", "from": "GAMESTATE.PAUSED", "to": "GAMESTATE.PLAYING"}
{"timestamp": "2025-06-29T18:33:01.803396", "type": "GAMESTATE", "from": "GAMESTATE.PLAYING", "to": "GAMESTATE.PAUSED"}
{"timestamp": "2025-06-29T18:33:02.415260", "type": "GAMESTATE", "from": "GAMESTATE.PAUSED", "to": "GAMESTATE.PLAYING"}
{"timestamp": "2025-06-29T18:33:03.234251", "type": "GAMESTATE", "from": "GAMESTATE.PLAYING", "to": "GAMESTATE.PAUSED"}
{"timestamp": "2025-06-29T18:33:04.024670", "type": "GAMESTATE", "from": "GAMESTATE.PAUSED", "to": "GAMESTATE.PLAYING"}
{"timestamp": "2025-06-29T18:33:05.338606", "type": "APPSTATE", "from": "APPSTATE.IN_GAME", "to": "APPSTATE.QUIT"}
{"timestamp": "2025-06-29T18:33:25.562277", "type": "APPSTATE", "from": "APPSTATE.MAIN_MENU", "to": "APPSTATE.IN_GAME"}
{"timestamp": "2025-06-29T18:33:26.556479", "type": "GAMESTATE", "from": "GAMESTATE.PLAYING", "to": "GAMESTATE.PAUSED"}
{"timestamp": "2025-06-29T18:33:30.586232", "type": "GAMESTATE", "from": "GAMESTATE.PAUSED", "to": "GAMESTATE.PLAYING"}
{"timestamp": "2025-06-29T18:33:49.171938", "type": "GAMESTATE", "from": "GAMESTATE.PLAYING", "to": "GAMESTATE.PAUSED"}
{"timestamp": "2025-06-29T18:33:49.983526", "type": "GAMESTATE", "from": "GAMESTATE.PAUSED", "to": "GAMESTATE.PLAYING"}
{"timestamp": "2025-06-29T18:33:50.861428", "type": "GAMESTATE", "from": "GAMESTATE.PLAYING", "to": "GAMESTATE.PAUSED"}
{"timestamp": "2025-06-29T18:33:52.489108", "type": "GAMESTATE", "from": "GAMESTATE.PAUSED", "to": "GAMESTATE.PLAYING"}
{"timestamp": "2025-06-29T18:33:54.143843", "type": "GAMESTATE", "from": "GAMESTATE.PLAYING", "to": "GAMESTATE.PAUSED"}
{"timestamp": "2025-06-29T18:33:54.835209", "type": "GAMESTATE", "from": "GAMESTATE.PAUSED", "to": "GAMESTATE.PLAYING"}
{"timestamp": "2025-06-29T18:33:54.835461", "type": "APPSTATE", "from": "APPSTATE.IN_GAME", "to": "APPSTATE.MAIN_MENU"}
{"timestamp": "2025-06-29T18:33:56.018116", "type": "APPSTATE", "from": "APPSTATE.MAIN_MENU", "to": "APPSTATE.IN_GAME"}
{"timestamp": "2025-06-29T18:33:58.634943", "type": "APPSTATE", "from": "APPSTATE.IN_GAME", "to": "APPSTATE.QUIT"}
{"timestamp": "2025-06-29T18:34:48.691537", "type": "APPSTATE", "from": "APPSTATE.MAIN_MENU", "to": "APPSTATE.IN_GAME"}
{"timestamp": "2025-06-29T18:34:54.474431", "type": "GAMESTATE", "from": "GAMESTATE.PLAYING", "to": "GAMESTATE.PAUSED"}
{"timestamp": "2025-06-29T18:34:55.226982", "type": "GAMESTATE", "from": "GAMESTATE.PAUSED", "to": "GAMESTATE.PLAYING"}
{"timestamp": "2025-06-29T18:34:55.227298", "type": "APPSTATE", "from": "APPSTATE.IN_GAME", "to": "APPSTATE.MAIN_MENU"}
{"timestamp": "2025-06-29T18:35:05.776967", "type": "APPSTATE", "from": "APPSTATE.MAIN_MENU", "to": "APPSTATE.QUIT"}
{"timestamp": "2025-06-29T18:36:07.122995", "type": "APPSTATE", "from": "APPSTATE.MAIN_MENU", "to": "APPSTATE.QUIT"}
{"timestamp": "2025-06-29T18:40:34.242727", "type": "APPSTATE", "from": "APPSTATE.MAIN_MENU", "to": "APPSTATE.QUIT"}
{"timestamp": "2025-06-29T18:41:25.849527", "type": "APPSTATE", "from": "APPSTATE.MAIN_MENU", "to": "APPSTATE.QUIT"}
{"timestamp": "2025-06-29T18:44:07.108362", "type": "APPSTATE", "from": "APPSTATE.MAIN_MENU", "to": "APPSTATE.QUIT"}
{"timestamp": "2025-06-29T18:47:01.582246", "type": "APPSTATE", "from": "APPSTATE.MAIN_MENU", "to": "APPSTATE.QUIT"}
{"timestamp": "2025-06-29T18:47:49.529565", "type": "APPSTATE", "from": "APPSTATE.MAIN_MENU", "to": "APPSTATE.QUIT"}
{"timestamp": "2025-06-29T18:51:06.486803", "type": "APPSTATE", "from": "APPSTATE.MAIN_MENU", "to": "APPSTATE.QUIT"}
{"timestamp": "2025-06-29T18:51:40.659889", "type": "APPSTATE", "from": "APPSTATE.MAIN_MENU", "to": "APPSTATE.QUIT"}
{"timestamp": "2025-06-29T18:53:39.273830", "type": "APPSTATE", "from": "APPSTATE.MAIN_MENU", "to": "APPSTATE.QUIT"}
{"timestamp": "2025-06-29T18:53:59.559434", "type": "APPSTATE", "from": "APPSTATE.MAIN_MENU", "to": "APPSTATE.QUIT"}
{"timestamp": "2025-06-29T18:54:22.510335", "type": "APPSTATE", "from": "APPSTATE.MAIN_MENU", "to": "APPSTATE.QUIT"}
{"timestamp": "2025-06-29T18:54:34.848648", "type": "APPSTATE", "from": "APPSTATE.MAIN_MENU", "to": "APPSTATE.QUIT"}
{"timestamp": "2025-06-29T18:56:46.109715", "type": "APPSTATE", "from": "APPSTATE.MAIN_MENU", "to": "APPSTATE.QUIT"}
{"timestamp": "2025-06-29T18:59:31.492507", "type": "APPSTATE", "from": "APPSTATE.MAIN_MENU", "to": "APPSTATE.IN_GAME"}
{"timestamp": "2025-06-29T18:59:42.141388", "type": "GAMESTATE", "from": "GAMESTATE.PLAYING", "to": "GAMESTATE.PAUSED"}
{"timestamp": "2025-06-29T18:59:47.074660", "type": "GAMESTATE", "from": "GAMESTATE.PAUSED", "to": "GAMESTATE.PLAYING"}
{"timestamp": "2025-06-29T19:00:31.900259", "type": "GAMESTATE", "from": "GAMESTATE.PLAYING", "to": "GAMESTATE.PAUSED"}
{"timestamp": "2025-06-29T19:00:33.685201", "type": "APPSTATE", "from": "APPSTATE.IN_GAME", "to": "APPSTATE.QUIT"}
{"timestamp": "2025-06-29T19:01:19.577288", "type": "APPSTATE", "from": "APPSTATE.MAIN_MENU", "to": "APPSTATE.QUIT"}
{"timestamp": "2025-06-29T19:01:56.396775", "type": "APPSTATE", "from": "APPSTATE.MAIN_MENU", "to": "APPSTATE.QUIT"}
{"timestamp": "2025-06-29T19:02:14.016582", "type": "APPSTATE", "from": "APPSTATE.MAIN_MENU", "to": "APPSTATE.QUIT"}
{"timestamp": "2025-10-23T10:31:06.619832", "type": "APPSTATE", "from": "APPSTATE.MAIN_MENU", "to": "APPSTATE.IN_GAME"}
{"timestamp": "2025-10-23T10:32:01.756011", "type": "GAMESTATE", "from": "GAMESTATE.PLAYING", "to": "GAMESTATE.PAUSED"}
{"timestamp": "2025-10-23T10:32:02.959623", "type": "GAMESTATE", "from": "GAMESTATE.PAUSED", "to": "GAMESTATE.PLAYING"}
{"timestamp": "2025-10-23T10:32:02.959856", "type": "APPSTATE", "from": "APPSTATE.IN_GAME", "to": "APPSTATE.MAIN_MENU"}
{"timestamp": "2025-10-23T10:32:05.097266", "type": "APPSTATE", "from": "APPSTATE.MAIN_MENU", "to": "APPSTATE.IN_GAME"}
{"timestamp": "2025-10-23T10:32:08.859667", "type": "GAMESTATE", "from": "GAMESTATE.PLAYING", "to": "GAMESTATE.PAUSED"}
{"timestamp": "2025-10-23T10:32:09.568248", "type": "GAMESTATE", "from": "GAMESTATE.PAUSED", "to": "GAMESTATE.PLAYING"}
{"timestamp": "2025-10-23T10:32:10.980965", "type": "GAMESTATE", "from": "GAMESTATE.PLAYING", "to": "GAMESTATE.PAUSED"}
{"timestamp": "2025-10-23T10:32:12.362393", "type": "APPSTATE", "from": "APPSTATE.IN_GAME", "to": "APPSTATE.QUIT"}
{"timestamp": "2025-10-23T10:33:34.672700", "type": "APPSTATE", "from": "APPSTATE.MAIN_MENU", "to": "APPSTATE.IN_GAME"}
{"timestamp": "2025-10-23T10:33:36.824915", "type": "GAMESTATE", "from": "GAMESTATE.PLAYING", "to": "GAMESTATE.PAUSED"}
{"timestamp": "2025-10-23T10:33:37.820772", "type": "GAMESTATE", "from": "GAMESTATE.PAUSED", "to": "GAMESTATE.PLAYING"}
{"timestamp": "2025-10-23T10:33:38.479054", "type": "GAMESTATE", "from": "GAMESTATE.PLAYING", "to": "GAMESTATE.PAUSED"}
{"timestamp": "2025-10-23T10:33:38.995404", "type": "APPSTATE", "from": "APPSTATE.IN_GAME", "to": "APPSTATE.QUIT"}
{"timestamp": "2025-10-23T10:45:33.033132", "type": "APPSTATE", "from": "APPSTATE.MAIN_MENU", "to": "APPSTATE.IN_GAME"}
{"timestamp": "2025-10-23T10:45:35.893166", "type": "GAMESTATE", "from": "GAMESTATE.PLAYING", "to": "GAMESTATE.PAUSED"}
{"timestamp": "2025-10-23T10:45:36.617076", "type": "GAMESTATE", "from": "GAMESTATE.PAUSED", "to": "GAMESTATE.PLAYING"}
{"timestamp": "2025-10-23T10:45:36.617199", "type": "APPSTATE", "from": "APPSTATE.IN_GAME", "to": "APPSTATE.MAIN_MENU"}
{"timestamp": "2025-10-23T10:45:37.982386", "type": "APPSTATE", "from": "APPSTATE.MAIN_MENU", "to": "APPSTATE.QUIT"}
{"timestamp": "2025-10-23T10:57:46.422595", "type": "APPSTATE", "from": "APPSTATE.MAIN_MENU", "to": "APPSTATE.IN_GAME"}
{"timestamp": "2025-10-23T10:57:50.950569", "type": "APPSTATE", "from": "APPSTATE.IN_GAME", "to": "APPSTATE.QUIT"}
{"timestamp": "2025-10-23T11:06:47.145205", "type": "APPSTATE", "from": "APPSTATE.MAIN_MENU", "to": "APPSTATE.IN_GAME"}
{"timestamp": "2025-10-23T11:06:56.867484", "type": "APPSTATE", "from": "APPSTATE.IN_GAME", "to": "APPSTATE.QUIT"}
{"timestamp": "2025-10-23T11:09:23.614691", "type": "APPSTATE", "from": "APPSTATE.MAIN_MENU", "to": "APPSTATE.IN_GAME"}
{"timestamp": "2025-10-23T11:09:24.273942", "type": "GAMESTATE", "from": "GAMESTATE.PLAYING", "to": "GAMESTATE.PAUSED"}
{"timestamp": "2025-10-23T11:09:24.964772", "type": "GAMESTATE", "from": "GAMESTATE.PAUSED", "to": "GAMESTATE.PLAYING"}
{"timestamp": "2025-10-23T11:09:24.964915", "type": "APPSTATE", "from": "APPSTATE.IN_GAME", "to": "APPSTATE.MAIN_MENU"}
{"timestamp": "2025-10-23T11:09:27.341278", "type": "APPSTATE", "from": "APPSTATE.MAIN_MENU", "to": "APPSTATE.IN_GAME"}
{"timestamp": "2025-10-23T11:09:28.418231", "type": "GAMESTATE", "from": "GAMESTATE.PLAYING", "to": "GAMESTATE.PAUSED"}
{"timestamp": "2025-10-23T11:09:29.267913", "type": "APPSTATE", "from": "APPSTATE.IN_GAME", "to": "APPSTATE.QUIT"}
{"timestamp": "2025-10-23T11:09:33.459508", "type": "APPSTATE", "from": "APPSTATE.MAIN_MENU", "to": "APPSTATE.QUIT"}
{"timestamp": "2025-10-23T11:09:50.012354", "type": "APPSTATE", "from": "APPSTATE.MAIN_MENU", "to": "APPSTATE.QUIT"}
{"timestamp": "2025-10-23T11:11:26.875057", "type": "APPSTATE", "from": "APPSTATE.MAIN_MENU", "to": "APPSTATE.QUIT"}
{"timestamp": "2025-10-23T11:12:54.496791", "type": "APPSTATE", "from": "APPSTATE.MAIN_MENU", "to": "APPSTATE.QUIT"}
{"timestamp": "2025-10-23T11:13:05.796522", "type": "APPSTATE", "from": "APPSTATE.MAIN_MENU", "to": "APPSTATE.QUIT"}
{"timestamp": "2025-10-23T11:14:16.594502", "type": "APPSTATE", "from": "APPSTATE.MAIN_MENU", "to": "APPSTATE.IN_GAME"}
{"timestamp": "2025-10-23T11:14:19.581776", "type": "GAMESTATE", "from": "GAMESTATE.PLAYING", "to": "GAMESTATE.PAUSED"}
{"timestamp": "2025-10-23T11:14:20.879992", "type": "GAMESTATE", "from": "GAMESTATE.PAUSED", "to": "GAMESTATE.PLAYING"}
{"timestamp": "2025-10-23T11:14:20.880124", "type": "APPSTATE", "from": "APPSTATE.IN_GAME", "to": "APPSTATE.MAIN_MENU"}
{"timestamp": "2025-10-23T11:14:21.856177", "type": "APPSTATE", "from": "APPSTATE.MAIN_MENU", "to": "APPSTATE.IN_GAME"}
{"timestamp": "2025-10-23T11:14:22.208703", "type": "GAMESTATE", "from": "GAMESTATE.PLAYING", "to": "GAMESTATE.PAUSED"}
{"timestamp": "2025-10-23T11:14:22.834229", "type": "GAMESTATE", "from": "GAMESTATE.PAUSED", "to": "GAMESTATE.PLAYING"}
{"timestamp": "2025-10-23T11:14:23.331443", "type": "GAMESTATE", "from": "GAMESTATE.PLAYING", "to": "GAMESTATE.PAUSED"}
{"timestamp": "2025-10-23T11:14:23.700034", "type": "GAMESTATE", "from": "GAMESTATE.PAUSED", "to": "GAMESTATE.PLAYING"}
{"timestamp": "2025-10-23T11:14:23.700162", "type": "APPSTATE", "from": "APPSTATE.IN_GAME", "to": "APPSTATE.MAIN_MENU"}
{"timestamp": "2025-10-23T11:14:24.677083", "type": "APPSTATE", "from": "APPSTATE.MAIN_MENU", "to": "APPSTATE.IN_GAME"}
{"timestamp": "2025-10-23T11:14:25.221737", "type": "GAMESTATE", "from": "GAMESTATE.PLAYING", "to": "GAMESTATE.PAUSED"}
{"timestamp": "2025-10-23T11:14:25.703891", "type": "GAMESTATE", "from": "GAMESTATE.PAUSED", "to": "GAMESTATE.PLAYING"}
{"timestamp": "2025-10-23T11:14:25.704010", "type": "APPSTATE", "from": "APPSTATE.IN_GAME", "to": "APPSTATE.MAIN_MENU"}
{"timestamp": "2025-10-23T11:14:26.399529", "type": "APPSTATE", "from": "APPSTATE.MAIN_MENU", "to": "APPSTATE.IN_GAME"}
{"timestamp": "2025-10-23T11:14:26.929627", "type": "GAMESTATE", "from": "GAMESTATE.PLAYING", "to": "GAMESTATE.PAUSED"}
{"timestamp": "2025-10-23T11:14:27.796399", "type": "APPSTATE", "from": "APPSTATE.IN_GAME", "to": "APPSTATE.QUIT"}
{"timestamp": "2025-10-23T11:54:59.246515", "type": "APPSTATE", "from": "APPSTATE.MAIN_MENU", "to": "APPSTATE.QUIT"}
{"timestamp": "2025-10-23T11:55:01.363892", "type": "APPSTATE", "from": "APPSTATE.MAIN_MENU", "to": "APPSTATE.QUIT"}
{"timestamp": "2025-10-23T11:55:05.397583", "type": "APPSTATE", "from": "APPSTATE.MAIN_MENU", "to": "APPSTATE.QUIT"}
{"timestamp": "2025-10-23T11:55:17.858722", "type": "APPSTATE", "from": "APPSTATE.MAIN_MENU", "to": "APPSTATE.QUIT"}
{"timestamp": "2025-10-23T11:59:52.703028", "type": "APPSTATE", "from": "APPSTATE.MAIN_MENU", "to": "APPSTATE.IN_GAME"}
{"timestamp": "2025-10-23T11:59:57.739209", "type": "APPSTATE", "from": "APPSTATE.IN_GAME", "to": "APPSTATE.QUIT"}
{"timestamp": "2025-10-23T12:00:47.637452", "type": "APPSTATE", "from": "APPSTATE.MAIN_MENU", "to": "APPSTATE.IN_GAME"}
{"timestamp": "2025-10-23T12:00:55.218804", "type": "APPSTATE", "from": "APPSTATE.IN_GAME", "to": "APPSTATE.QUIT"}
{"timestamp": "2025-10-23T12:02:04.365353", "type": "APPSTATE", "from": "APPSTATE.MAIN_MENU", "to": "APPSTATE.IN_GAME"}
{"timestamp": "2025-10-23T12:02:10.192553", "type": "APPSTATE", "from": "APPSTATE.IN_GAME", "to": "APPSTATE.QUIT"}
