{"timestamp": "2026-01-05T11:46:05.637626", "type": "PAUSE_MENU_STATE", "from": "PAUSE_MENU_STATE.ROOT", "to": "PAUSE_MENU_STATE.SETTINGS"}
{"timestamp": "2026-01-05T11:46:06.699834", "type": "PAUSE_MENU_STATE", "from": "PAUSE_MENU_STATE.SETTINGS", "to": "PAUSE_MENU_STATE.AUDIO"}
{"timestamp": "2026-01-05T11:46:08.754126", "type": "PAUSE_MENU_STATE", "from": "PAUSE_MENU_STATE.AUDIO", "to": "PAUSE_MENU_STATE.ROOT"}
{"timestamp": "2026-01-05T11:46:23.542366", "type": "PAUSE_MENU_STATE", "from": "PAUSE_MENU_STATE.ROOT", "to": "PAUSE_MENU_STATE.SETTINGS"}
{"timestamp": "2026-01-05T11:46:25.321416", "type": "PAUSE_MENU_STATE", "from": "PAUSE_MENU_STATE.SETTINGS", "to": "PAUSE_MENU_STATE.AUDIO"}
{"timestamp": "2026-01-05T11:46:27.280704", "type": "PAUSE_MENU_STATE", "from": "PAUSE_MENU_STATE.AUDIO", "to": "PAUSE_MENU_STATE.ROOT"}
{"timestamp": "2026-01-05T11:46:44.900373", "type": "PAUSE_MENU_STATE", "from": "PAUSE_MENU_STATE.ROOT", "to": "PAUSE_MENU_STATE.SETTINGS"}
{"timestamp": "2026-01-05T11:46:46.150859", "type": "PAUSE_MENU_STATE", "from": "PAUSE_MENU_STATE.SETTINGS", "to": "PAUSE_MENU_STATE.AUDIO"}
{"timestamp": "2026-01-05T11:46:48.722112", "type": "PAUSE_MENU_STATE", "from": "PAUSE_MENU_STATE.AUDIO", "to": "PAUSE_MENU_STATE.ROOT"}
{"timestamp": "2026-01-05T11:49:58.466867", "type": "PAUSE_MENU_STATE", "from": "PAUSE_MENU_STATE.ROOT", "to": "PAUSE_MENU_STATE.SETTINGS"}
{"timestamp": "2026-01-05T11:49:59.259082", "type": "PAUSE_MENU_STATE", "from": "PAUSE_MENU_STATE.SETTINGS", "to": "PAUSE_MENU_STATE.AUDIO"}
{"timestamp": "2026-01-05T11:50:06.791192", "type": "PAUSE_MENU_STATE", "from": "PAUSE_MENU_STATE.AUDIO", "to": "PAUSE_MENU_STATE.SETTINGS"}
{"timestamp": "2026-01-05T11:50:07.786887", "type": "PAUSE_MENU_STATE", "from": "PAUSE_MENU_STATE.SETTINGS", "to": "PAUSE_MENU_STATE.ROOT"}
{"timestamp": "2026-01-05T11:50:14.967236", "type": "PAUSE_MENU_STATE", "from": "PAUSE_MENU_STATE.ROOT", "to": "PAUSE_MENU_STATE.SETTINGS"}
{"timestamp": "2026-01-05T11:50:15.642424", "type": "PAUSE_MENU_STATE", "from": "PAUSE_MENU_STATE.SETTINGS", "to": "PAUSE_MENU_STATE.AUDIO"}
{"timestamp": "2026-01-05T11:50:17.260566", "type": "PAUSE_MENU_STATE", "from": "PAUSE_MENU_STATE.AUDIO", "to": "PAUSE_MENU_STATE.ROOT"}
{"timestamp": "2026-01-06T09:22:00.039119", "type": "PAUSE_MENU_STATE", "from": "PAUSE_MENU_STATE.ROOT", "to": "PAUSE_MENU_STATE.SETTINGS"}
{"timestamp": "2026-01-06T09:22:01.080216", "type": "PAUSE_MENU_STATE", "from": "PAUSE_MENU_STATE.SETTINGS", "to": "PAUSE_MENU_STATE.ROOT"}
{"timestamp": "2026-01-06T09:22:22.301967", "type": "PAUSE_MENU_STATE", "from": "PAUSE_MENU_STATE.ROOT", "to": "PAUSE_MENU_STATE.SETTINGS"}
{"timestamp": "2026-01-06T09:22:23.282822", "type": "PAUSE_MENU_STATE", "from": "PAUSE_MENU_STATE.SETTINGS", "to": "PAUSE_MENU_STATE.ROOT"}
{"timestamp": "2026-01-06T09:22:33.991830", "type": "PAUSE_MENU_STATE", "from": "PAUSE_MENU_STATE.ROOT", "to": "PAUSE_MENU_STATE.SETTINGS"}
{"timestamp": "2026-01-06T09:22:35.000815", "type": "PAUSE_MENU_STATE", "from": "PAUSE_MENU_STATE.SETTINGS", "to": "PAUSE_MENU_STATE.ROOT"}
{"timestamp": "2026-01-06T09:22:56.017495", "type": "PAUSE_MENU_STATE", "from": "PAUSE_MENU_STATE.ROOT", "to": "PAUSE_MENU_STATE.SETTINGS"}
{"timestamp": "2026-01-06T09:22:56.948048", "type": "PAUSE_MENU_STATE", "from": "PAUSE_MENU_STATE.SETTINGS", "to": "PAUSE_MENU_STATE.ROOT"}
{"timestamp": "2026-01-06T09:23:33.723567", "type": "PAUSE_MENU_STATE", "from": "PAUSE_MENU_STATE.ROOT", "to": "PAUSE_MENU_STATE.SETTINGS"}
{"timestamp": "2026-01-06T09:23:34.459402", "type": "PAUSE_MENU_STATE", "from": "PAUSE_MENU_STATE.SETTINGS", "to": "PAUSE_MENU_STATE.ROOT"}
{"timestamp": "2026-01-06T09:24:14.563574", "type": "PAUSE_MENU_STATE", "from": "PAUSE_MENU_STATE.ROOT", "to": "PAUSE_MENU_STATE.SETTINGS"}
{"timestamp": "2026-01-06T09:24:15.253345", "type": "PAUSE_MENU_STATE", "from": "PAUSE_MENU_STATE.SETTINGS", "to": "PAUSE_MENU_STATE.ROOT"}
{"timestamp": "2026-01-06T09:24:29.890060", "type": "PAUSE_MENU_STATE", "from": "PAUSE_MENU_STATE.ROOT", "to": "PAUSE_MENU_STATE.SETTINGS"}
{"timestamp": "2026-01-06T09:24:30.818194", "type": "PAUSE_MENU_STATE", "from": "PAUSE_MENU_STATE.SETTINGS", "to": "PAUSE_MENU_STATE.ROOT"}
{"timestamp": "2026-01-06T09:25:30.678386", "type": "PAUSE_MENU_STATE", "from": "PAUSE_MENU_STATE.ROOT", "to": "PAUSE_MENU_STATE.SETTINGS"}
{"timestamp": "2026-01-06T09:25:31.899184", "type": "PAUSE_MENU_STATE", "from": "PAUSE_MENU_STATE.SETTINGS", "to": "PAUSE_MENU_STATE.ROOT"}
