{"timestamp": "2025-10-28T02:01:30.960496", "type": "GAMESTATE", "from": "GAMESTATE.PLAYING", "to": "GAMESTATE.PAUSED"}
{"timestamp": "2025-10-28T02:01:33.403984", "type": "GAMESTATE", "from": "GAMESTATE.PAUSED", "to": "GAMESTATE.PLAYING"}
{"timestamp": "2025-10-28T02:01:34.127775", "type": "GAMESTATE", "from": "GAMESTATE.PLAYING", "to": "GAMESTATE.PAUSED"}
{"timestamp": "2025-10-28T02:01:34.691937", "type": "GAMESTATE", "from": "GAMESTATE.PAUSED", "to": "GAMESTATE.PLAYING"}
{"timestamp": "2025-10-28T02:45:24.563202", "type": "GAMESTATE", "from": "GAMESTATE.PLAYING", "to": "GAMESTATE.PAUSED"}
{"timestamp": "2025-10-28T02:45:25.271594", "type": "GAMESTATE", "from": "GAMESTATE.PAUSED", "to": "GAMESTATE.PLAYING"}
{"timestamp": "2025-11-17T08:59:28.226354", "type": "GAMESTATE", "from": "GAMESTATE.PLAYING", "to": "GAMESTATE.PAUSED"}
{"timestamp": "2025-11-17T08:59:29.193443", "type": "GAMESTATE", "from": "GAMESTATE.PAUSED", "to": "GAMESTATE.PLAYING"}
{"timestamp": "2025-11-17T09:02:15.128555", "type": "GAMESTATE", "from": "GAMESTATE.PLAYING", "to": "GAMESTATE.PAUSED"}
{"timestamp": "2025-11-17T09:02:26.060999", "type": "GAMESTATE", "from": "GAMESTATE.PAUSED", "to": "GAMESTATE.PLAYING"}
{"timestamp": "2025-11-17T09:43:24.932371", "type": "GAMESTATE", "from": "GAMESTATE.PLAYING", "to": "GAMESTATE.PAUSED"}
{"timestamp": "2025-11-17T09:43:25.539887", "type": "GAMESTATE", "from": "GAMESTATE.PAUSED", "to": "GAMESTATE.PLAYING"}
{"timestamp": "2025-11-17T09:58:17.404263", "type": "GAMESTATE", "from": "GAMESTATE.PLAYING", "to": "GAMESTATE.PAUSED"}
{"timestamp": "2025-11-17T09:58:22.136778", "type": "GAMESTATE", "from": "GAMESTATE.PAUSED", "to": "GAMESTATE.PLAYING"}
{"timestamp": "2025-11-17T09:58:23.843034", "type": "GAMESTATE", "from": "GAMESTATE.PLAYING", "to": "GAMESTATE.PAUSED"}
{"timestamp": "2025-11-17T09:58:25.692731", "type": "GAMESTATE", "from": "GAMESTATE.PAUSED", "to": "GAMESTATE.PLAYING"}
{"timestamp": "2025-11-17T09:58:28.570171", "type": "GAMESTATE", "from": "GAMESTATE.PLAYING", "to": "GAMESTATE.PAUSED"}
{"timestamp": "2025-11-17T09:59:06.402812", "type": "GAMESTATE", "from": "GAMESTATE.PAUSED", "to": "GAMESTATE.PLAYING"}
{"timestamp": "2025-11-17T10:29:14.039249", "type": "GAMESTATE", "from": "GAMESTATE.PLAYING", "to": "GAMESTATE.PAUSED"}
{"timestamp": "2025-11-17T10:29:14.856189", "type": "GAMESTATE", "from": "GAMESTATE.PAUSED", "to": "GAMESTATE.PLAYING"}
{"timestamp": "2025-11-18T01:41:01.636426", "type": "GAMESTATE", "from": "PLAYER_INTENT_STATE.IDLE", "to": "PLAYER_INTENT_STATE.TURN_RIGHT"}
{"timestamp": "2025-11-18T01:41:02.330010", "type": "GAMESTATE", "from": "PLAYER_INTENT_STATE.TURN_RIGHT", "to": "PLAYER_INTENT_STATE.MOVE_BACKWARD"}
{"timestamp": "2025-11-18T01:42:26.636828", "type": "GAMESTATE", "from": "PLAYER_INTENT_STATE.IDLE", "to": "PLAYER_INTENT_STATE.TURN_RIGHT"}
{"timestamp": "2025-11-18T01:42:27.200427", "type": "GAMESTATE", "from": "PLAYER_INTENT_STATE.TURN_RIGHT", "to": "PLAYER_INTENT_STATE.TURN_LEFT"}
{"timestamp": "2025-11-18T01:42:27.554435", "type": "GAMESTATE", "from": "PLAYER_INTENT_STATE.TURN_LEFT", "to": "PLAYER_INTENT_STATE.TURN_RIGHT"}
{"timestamp": "2025-11-18T01:42:28.105240", "type": "GAMESTATE", "from": "PLAYER_INTENT_STATE.TURN_RIGHT", "to": "PLAYER_INTENT_STATE.MOVE_FORWARD"}
{"timestamp": "2025-11-18T01:42:28.458807", "type": "GAMESTATE", "from": "PLAYER_INTENT_STATE.MOVE_FORWARD", "to": "PLAYER_INTENT_STATE.TURN_LEFT"}
{"timestamp": "2025-11-18T01:42:28.653219", "type": "GAMESTATE", "from": "PLAYER_INTENT_STATE.TURN_LEFT", "to": "PLAYER_INTENT_STATE.MOVE_BACKWARD"}
{"timestamp": "2025-11-18T01:42:29.085972", "type": "GAMESTATE", "from": "PLAYER_INTENT_STATE.MOVE_BACKWARD", "to": "PLAYER_INTENT_STATE.MOVE_FORWARD"}
{"timestamp": "2025-11-18T01:42:29.585750", "type": "GAMESTATE", "from": "PLAYER_INTENT_STATE.MOVE_FORWARD", "to": "PLAYER_INTENT_STATE.MOVE_BACKWARD"}
{"timestamp": "2025-11-18T01:42:30.098875", "type": "GAMESTATE", "from": "PLAYER_INTENT_STATE.MOVE_BACKWARD", "to": "PLAYER_INTENT_STATE.MOVE_FORWARD"}
{"timestamp": "2025-11-18T01:46:08.131424", "type": "GAMESTATE", "from": "PLAYER_INTENT_STATE.IDLE", "to": "PLAYER_INTENT_STATE.TURN_RIGHT"}
{"timestamp": "2025-11-18T01:46:08.660971", "type": "GAMESTATE", "from": "PLAYER_INTENT_STATE.TURN_RIGHT", "to": "PLAYER_INTENT_STATE.TURN_LEFT"}
{"timestamp": "2025-11-18T01:46:09.190795", "type": "GAMESTATE", "from": "PLAYER_INTENT_STATE.TURN_LEFT", "to": "PLAYER_INTENT_STATE.TURN_RIGHT"}
{"timestamp": "2025-11-18T01:46:09.285962", "type": "GAMESTATE", "from": "PLAYER_INTENT_STATE.TURN_RIGHT", "to": "PLAYER_INTENT_STATE.MOVE_FORWARD"}
{"timestamp": "2025-11-18T01:46:09.626980", "type": "GAMESTATE", "from": "PLAYER_INTENT_STATE.MOVE_FORWARD", "to": "PLAYER_INTENT_STATE.TURN_LEFT"}
{"timestamp": "2025-11-18T01:46:09.674943", "type": "GAMESTATE", "from": "PLAYER_INTENT_STATE.TURN_LEFT", "to": "PLAYER_INTENT_STATE.MOVE_BACKWARD"}
{"timestamp": "2025-11-18T01:46:10.112525", "type": "GAMESTATE", "from": "PLAYER_INTENT_STATE.MOVE_BACKWARD", "to": "PLAYER_INTENT_STATE.MOVE_FORWARD"}
{"timestamp": "2025-11-18T01:46:10.581729", "type": "GAMESTATE", "from": "PLAYER_INTENT_STATE.MOVE_FORWARD", "to": "PLAYER_INTENT_STATE.MOVE_BACKWARD"}
{"timestamp": "2025-11-18T01:47:18.582746", "type": "GAMESTATE", "from": "PLAYER_INTENT_STATE.IDLE", "to": "PLAYER_INTENT_STATE.TURN_RIGHT"}
{"timestamp": "2025-11-18T01:47:19.032205", "type": "GAMESTATE", "from": "PLAYER_INTENT_STATE.TURN_RIGHT", "to": "PLAYER_INTENT_STATE.TURN_LEFT"}
{"timestamp": "2025-11-18T01:47:19.434982", "type": "GAMESTATE", "from": "PLAYER_INTENT_STATE.TURN_LEFT", "to": "PLAYER_INTENT_STATE.MOVE_FORWARD"}
{"timestamp": "2025-11-18T01:47:19.564066", "type": "GAMESTATE", "from": "PLAYER_INTENT_STATE.MOVE_FORWARD", "to": "PLAYER_INTENT_STATE.TURN_RIGHT"}
{"timestamp": "2025-11-18T01:47:19.725303", "type": "GAMESTATE", "from": "PLAYER_INTENT_STATE.TURN_RIGHT", "to": "PLAYER_INTENT_STATE.MOVE_BACKWARD"}
{"timestamp": "2025-11-18T01:47:19.967509", "type": "GAMESTATE", "from": "PLAYER_INTENT_STATE.MOVE_BACKWARD", "to": "PLAYER_INTENT_STATE.TURN_LEFT"}
{"timestamp": "2025-11-18T01:47:20.142644", "type": "GAMESTATE", "from": "PLAYER_INTENT_STATE.TURN_LEFT", "to": "PLAYER_INTENT_STATE.MOVE_FORWARD"}
{"timestamp": "2025-11-18T01:47:20.351458", "type": "GAMESTATE", "from": "PLAYER_INTENT_STATE.MOVE_FORWARD", "to": "PLAYER_INTENT_STATE.TURN_RIGHT"}
{"timestamp": "2025-11-18T01:47:20.575026", "type": "GAMESTATE", "from": "PLAYER_INTENT_STATE.TURN_RIGHT", "to": "PLAYER_INTENT_STATE.IDLE"}
{"timestamp": "2025-11-18T01:57:36.883015", "type": "GAMESTATE", "from": "PLAYER_INTENT_STATE.IDLE", "to": "PLAYER_INTENT_STATE.TURN_RIGHT"}
{"timestamp": "2025-11-18T01:57:37.315071", "type": "GAMESTATE", "from": "PLAYER_INTENT_STATE.TURN_RIGHT", "to": "PLAYER_INTENT_STATE.IDLE"}
{"timestamp": "2025-11-18T01:57:37.411808", "type": "GAMESTATE", "from": "PLAYER_INTENT_STATE.IDLE", "to": "PLAYER_INTENT_STATE.TURN_LEFT"}
{"timestamp": "2025-11-18T01:57:37.814065", "type": "GAMESTATE", "from": "PLAYER_INTENT_STATE.TURN_LEFT", "to": "PLAYER_INTENT_STATE.TURN_RIGHT"}
{"timestamp": "2025-11-18T01:57:37.894731", "type": "GAMESTATE", "from": "PLAYER_INTENT_STATE.TURN_RIGHT", "to": "PLAYER_INTENT_STATE.MOVE_BACKWARD"}
{"timestamp": "2025-11-18T01:57:38.152009", "type": "GAMESTATE", "from": "PLAYER_INTENT_STATE.MOVE_BACKWARD", "to": "PLAYER_INTENT_STATE.TURN_LEFT"}
{"timestamp": "2025-11-18T01:57:38.298228", "type": "GAMESTATE", "from": "PLAYER_INTENT_STATE.TURN_LEFT", "to": "PLAYER_INTENT_STATE.MOVE_FORWARD"}
{"timestamp": "2025-11-18T01:57:38.458690", "type": "GAMESTATE", "from": "PLAYER_INTENT_STATE.MOVE_FORWARD", "to": "PLAYER_INTENT_STATE.IDLE"}
{"timestamp": "2025-11-18T01:57:38.603057", "type": "GAMESTATE", "from": "PLAYER_INTENT_STATE.IDLE", "to": "PLAYER_INTENT_STATE.MOVE_BACKWARD"}
{"timestamp": "2025-11-18T01:57:38.749990", "type": "GAMESTATE", "from": "PLAYER_INTENT_STATE.MOVE_BACKWARD", "to": "PLAYER_INTENT_STATE.TURN_RIGHT"}
{"timestamp": "2025-11-18T01:57:38.877154", "type": "GAMESTATE", "from": "PLAYER_INTENT_STATE.TURN_RIGHT", "to": "PLAYER_INTENT_STATE.MOVE_FORWARD"}
{"timestamp": "2025-11-18T01:57:38.990937", "type": "GAMESTATE", "from": "PLAYER_INTENT_STATE.MOVE_FORWARD", "to": "PLAYER_INTENT_STATE.TURN_LEFT"}
{"timestamp": "2025-11-18T01:57:39.201440", "type": "GAMESTATE", "from": "PLAYER_INTENT_STATE.TURN_LEFT", "to": "PLAYER_INTENT_STATE.MOVE_BACKWARD"}
{"timestamp": "2025-11-18T01:57:39.329531", "type": "GAMESTATE", "from": "PLAYER_INTENT_STATE.MOVE_BACKWARD", "to": "PLAYER_INTENT_STATE.TURN_RIGHT"}
{"timestamp": "2025-11-18T01:57:39.473013", "type": "GAMESTATE", "from": "PLAYER_INTENT_STATE.TURN_RIGHT", "to": "PLAYER_INTENT_STATE.IDLE"}
{"timestamp": "2025-11-18T01:57:54.883803", "type": "GAMESTATE", "from": "PLAYER_INTENT_STATE.IDLE", "to": "PLAYER_INTENT_STATE.MOVE_FORWARD"}
{"timestamp": "2025-11-18T01:57:55.678731", "type": "GAMESTATE", "from": "PLAYER_INTENT_STATE.MOVE_FORWARD", "to": "PLAYER_INTENT_STATE.IDLE"}
{"timestamp": "2025-11-18T01:57:55.871601", "type": "GAMESTATE", "from": "PLAYER_INTENT_STATE.IDLE", "to": "PLAYER_INTENT_STATE.MOVE_FORWARD"}
{"timestamp": "2025-11-18T01:57:56.208733", "type": "GAMESTATE", "from": "PLAYER_INTENT_STATE.MOVE_FORWARD", "to": "PLAYER_INTENT_STATE.IDLE"}
{"timestamp": "2025-11-18T01:57:56.596153", "type": "GAMESTATE", "from": "PLAYER_INTENT_STATE.IDLE", "to": "PLAYER_INTENT_STATE.MOVE_FORWARD"}
{"timestamp": "2025-11-18T01:57:57.515563", "type": "GAMESTATE", "from": "PLAYER_INTENT_STATE.MOVE_FORWARD", "to": "PLAYER_INTENT_STATE.IDLE"}
{"timestamp": "2025-11-18T01:57:58.142234", "type": "GAMESTATE", "from": "PLAYER_INTENT_STATE.IDLE", "to": "PLAYER_INTENT_STATE.MOVE_FORWARD"}
{"timestamp": "2025-11-18T01:57:58.366964", "type": "GAMESTATE", "from": "PLAYER_INTENT_STATE.MOVE_FORWARD", "to": "PLAYER_INTENT_STATE.IDLE"}
{"timestamp": "2025-11-18T01:57:58.575009", "type": "GAMESTATE", "from": "PLAYER_INTENT_STATE.IDLE", "to": "PLAYER_INTENT_STATE.MOVE_FORWARD"}
{"timestamp": "2025-11-18T01:57:58.671391", "type": "GAMESTATE", "from": "PLAYER_INTENT_STATE.MOVE_FORWARD", "to": "PLAYER_INTENT_STATE.IDLE"}
{"timestamp": "2025-11-18T01:57:58.815419", "type": "GAMESTATE", "from": "PLAYER_INTENT_STATE.IDLE", "to": "PLAYER_INTENT_STATE.TURN_RIGHT"}
{"timestamp": "2025-11-18T01:57:59.151696", "type": "GAMESTATE", "from": "PLAYER_INTENT_STATE.TURN_RIGHT", "to": "PLAYER_INTENT_STATE.MOVE_FORWARD"}
{"timestamp": "2025-11-18T01:57:59.762929", "type": "GAMESTATE", "from": "PLAYER_INTENT_STATE.MOVE_FORWARD", "to": "PLAYER_INTENT_STATE.TURN_RIGHT"}
{"timestamp": "2025-11-18T01:57:59.811289", "type": "GAMESTATE", "from": "PLAYER_INTENT_STATE.TURN_RIGHT", "to": "PLAYER_INTENT_STATE.IDLE"}
{"timestamp": "2025-11-18T01:57:59.972103", "type": "GAMESTATE", "from": "PLAYER_INTENT_STATE.IDLE", "to": "PLAYER_INTENT_STATE.MOVE_FORWARD"}
{"timestamp": "2025-11-18T01:58:00.485080", "type": "GAMESTATE", "from": "PLAYER_INTENT_STATE.MOVE_FORWARD", "to": "PLAYER_INTENT_STATE.IDLE"}
{"timestamp": "2025-11-18T02:00:03.029633", "type": "GAMESTATE", "from": "PLAYER_INTENT_STATE.IDLE", "to": "PLAYER_INTENT_STATE.TURN_RIGHT"}
{"timestamp": "2025-11-18T02:00:03.191634", "type": "GAMESTATE", "from": "PLAYER_INTENT_STATE.TURN_RIGHT", "to": "PLAYER_INTENT_STATE.MOVE_FORWARD"}
{"timestamp": "2025-11-18T02:00:03.417961", "type": "GAMESTATE", "from": "PLAYER_INTENT_STATE.MOVE_FORWARD", "to": "PLAYER_INTENT_STATE.TURN_LEFT"}
{"timestamp": "2025-11-18T02:00:03.737356", "type": "GAMESTATE", "from": "PLAYER_INTENT_STATE.TURN_LEFT", "to": "PLAYER_INTENT_STATE.MOVE_BACKWARD"}
{"timestamp": "2025-11-18T02:00:03.948930", "type": "GAMESTATE", "from": "PLAYER_INTENT_STATE.MOVE_BACKWARD", "to": "PLAYER_INTENT_STATE.TURN_RIGHT"}
{"timestamp": "2025-11-18T02:00:04.109799", "type": "GAMESTATE", "from": "PLAYER_INTENT_STATE.TURN_RIGHT", "to": "PLAYER_INTENT_STATE.MOVE_FORWARD"}
{"timestamp": "2025-11-18T02:00:04.271843", "type": "GAMESTATE", "from": "PLAYER_INTENT_STATE.MOVE_FORWARD", "to": "PLAYER_INTENT_STATE.TURN_LEFT"}
{"timestamp": "2025-11-18T02:00:04.448292", "type": "GAMESTATE", "from": "PLAYER_INTENT_STATE.TURN_LEFT", "to": "PLAYER_INTENT_STATE.MOVE_BACKWARD"}
{"timestamp": "2025-11-18T02:00:04.610175", "type": "GAMESTATE", "from": "PLAYER_INTENT_STATE.MOVE_BACKWARD", "to": "PLAYER_INTENT_STATE.TURN_RIGHT"}
{"timestamp": "2025-11-18T02:00:04.769574", "type": "GAMESTATE", "from": "PLAYER_INTENT_STATE.TURN_RIGHT", "to": "PLAYER_INTENT_STATE.MOVE_FORWARD"}
{"timestamp": "2025-11-18T02:00:04.948366", "type": "GAMESTATE", "from": "PLAYER_INTENT_STATE.MOVE_FORWARD", "to": "PLAYER_INTENT_STATE.TURN_LEFT"}
{"timestamp": "2025-11-18T02:00:05.123190", "type": "GAMESTATE", "from": "PLAYER_INTENT_STATE.TURN_LEFT", "to": "PLAYER_INTENT_STATE.IDLE"}
{"timestamp": "2025-11-18T02:00:05.237506", "type": "GAMESTATE", "from": "PLAYER_INTENT_STATE.IDLE", "to": "PLAYER_INTENT_STATE.MOVE_BACKWARD"}
{"timestamp": "2025-11-18T02:00:05.414957", "type": "GAMESTATE", "from": "PLAYER_INTENT_STATE.MOVE_BACKWARD", "to": "PLAYER_INTENT_STATE.TURN_RIGHT"}
{"timestamp": "2025-11-18T02:00:05.526245", "type": "GAMESTATE", "from": "PLAYER_INTENT_STATE.TURN_RIGHT", "to": "PLAYER_INTENT_STATE.IDLE"}
{"timestamp": "2025-11-18T02:04:06.745174", "type": "GAMESTATE", "from": "PLAYER_INTENT_STATE.IDLE", "to": "PLAYER_INTENT_STATE.TURN_RIGHT"}
{"timestamp": "2025-11-18T02:04:07.165607", "type": "GAMESTATE", "from": "PLAYER_INTENT_STATE.TURN_RIGHT", "to": "PLAYER_INTENT_STATE.IDLE"}
{"timestamp": "2025-11-18T02:04:07.181591", "type": "GAMESTATE", "from": "PLAYER_INTENT_STATE.IDLE", "to": "PLAYER_INTENT_STATE.TURN_LEFT"}
{"timestamp": "2025-11-18T02:04:07.644320", "type": "GAMESTATE", "from": "PLAYER_INTENT_STATE.TURN_LEFT", "to": "PLAYER_INTENT_STATE.MOVE_BACKWARD"}
{"timestamp": "2025-11-18T02:04:07.853867", "type": "GAMESTATE", "from": "PLAYER_INTENT_STATE.MOVE_BACKWARD", "to": "PLAYER_INTENT_STATE.TURN_RIGHT"}
{"timestamp": "2025-11-18T02:04:07.998600", "type": "GAMESTATE", "from": "PLAYER_INTENT_STATE.TURN_RIGHT", "to": "PLAYER_INTENT_STATE.MOVE_FORWARD"}
{"timestamp": "2025-11-18T02:04:08.111433", "type": "GAMESTATE", "from": "PLAYER_INTENT_STATE.MOVE_FORWARD", "to": "PLAYER_INTENT_STATE.TURN_LEFT"}
{"timestamp": "2025-11-18T02:04:08.287184", "type": "GAMESTATE", "from": "PLAYER_INTENT_STATE.TURN_LEFT", "to": "PLAYER_INTENT_STATE.MOVE_BACKWARD"}
{"timestamp": "2025-11-18T02:04:08.417381", "type": "GAMESTATE", "from": "PLAYER_INTENT_STATE.MOVE_BACKWARD", "to": "PLAYER_INTENT_STATE.TURN_RIGHT"}
{"timestamp": "2025-11-18T02:04:08.736601", "type": "GAMESTATE", "from": "PLAYER_INTENT_STATE.TURN_RIGHT", "to": "PLAYER_INTENT_STATE.IDLE"}
{"timestamp": "2025-11-18T02:04:32.483122", "type": "GAMESTATE", "from": "PLAYER_INTENT_STATE.IDLE", "to": "PLAYER_INTENT_STATE.MOVE_FORWARD"}
{"timestamp": "2025-11-18T02:04:32.966827", "type": "GAMESTATE", "from": "PLAYER_INTENT_STATE.MOVE_FORWARD", "to": "PLAYER_INTENT_STATE.IDLE"}
{"timestamp": "2025-11-18T02:04:33.079243", "type": "GAMESTATE", "from": "PLAYER_INTENT_STATE.IDLE", "to": "PLAYER_INTENT_STATE.MOVE_FORWARD"}
{"timestamp": "2025-11-18T02:04:33.431218", "type": "GAMESTATE", "from": "PLAYER_INTENT_STATE.MOVE_FORWARD", "to": "PLAYER_INTENT_STATE.IDLE"}
{"timestamp": "2025-11-18T02:04:33.643622", "type": "GAMESTATE", "from": "PLAYER_INTENT_STATE.IDLE", "to": "PLAYER_INTENT_STATE.MOVE_FORWARD"}
{"timestamp": "2025-11-18T02:04:34.205243", "type": "GAMESTATE", "from": "PLAYER_INTENT_STATE.MOVE_FORWARD", "to": "PLAYER_INTENT_STATE.IDLE"}
{"timestamp": "2025-11-18T02:04:34.509945", "type": "GAMESTATE", "from": "PLAYER_INTENT_STATE.IDLE", "to": "PLAYER_INTENT_STATE.MOVE_FORWARD"}
{"timestamp": "2025-11-18T02:04:35.045047", "type": "GAMESTATE", "from": "PLAYER_INTENT_STATE.MOVE_FORWARD", "to": "PLAYER_INTENT_STATE.IDLE"}
{"timestamp": "2025-11-18T02:04:35.430312", "type": "GAMESTATE", "from": "PLAYER_INTENT_STATE.IDLE", "to": "PLAYER_INTENT_STATE.MOVE_FORWARD"}
{"timestamp": "2025-11-18T02:07:44.301694", "type": "GAMESTATE", "from": "PLAYER_INTENT_STATE.IDLE", "to": "PLAYER_INTENT_STATE.TURN_RIGHT"}
{"timestamp": "2025-11-18T02:07:44.687335", "type": "GAMESTATE", "from": "PLAYER_INTENT_STATE.TURN_RIGHT", "to": "PLAYER_INTENT_STATE.IDLE"}
{"timestamp": "2025-11-18T02:07:44.705270", "type": "GAMESTATE", "from": "PLAYER_INTENT_STATE.IDLE", "to": "PLAYER_INTENT_STATE.MOVE_FORWARD"}
{"timestamp": "2025-11-18T02:07:45.155321", "type": "GAMESTATE", "from": "PLAYER_INTENT_STATE.MOVE_FORWARD", "to": "PLAYER_INTENT_STATE.TURN_LEFT"}
{"timestamp": "2025-11-18T02:07:45.591572", "type": "GAMESTATE", "from": "PLAYER_INTENT_STATE.TURN_LEFT", "to": "PLAYER_INTENT_STATE.MOVE_FORWARD"}
{"timestamp": "2025-11-18T02:07:46.022207", "type": "GAMESTATE", "from": "PLAYER_INTENT_STATE.MOVE_FORWARD", "to": "PLAYER_INTENT_STATE.TURN_RIGHT"}
{"timestamp": "2025-11-18T02:07:46.938004", "type": "GAMESTATE", "from": "PLAYER_INTENT_STATE.TURN_RIGHT", "to": "PLAYER_INTENT_STATE.MOVE_FORWARD"}
{"timestamp": "2025-11-18T02:07:47.199388", "type": "GAMESTATE", "from": "PLAYER_INTENT_STATE.MOVE_FORWARD", "to": "PLAYER_INTENT_STATE.TURN_LEFT"}
{"timestamp": "2025-11-18T02:07:47.341303", "type": "GAMESTATE", "from": "PLAYER_INTENT_STATE.TURN_LEFT", "to": "PLAYER_INTENT_STATE.MOVE_BACKWARD"}
{"timestamp": "2025-11-18T02:07:47.517709", "type": "GAMESTATE", "from": "PLAYER_INTENT_STATE.MOVE_BACKWARD", "to": "PLAYER_INTENT_STATE.TURN_RIGHT"}
{"timestamp": "2025-11-18T02:07:47.775965", "type": "GAMESTATE", "from": "PLAYER_INTENT_STATE.TURN_RIGHT", "to": "PLAYER_INTENT_STATE.MOVE_FORWARD"}
{"timestamp": "2025-11-18T02:07:48.904770", "type": "GAMESTATE", "from": "PLAYER_INTENT_STATE.MOVE_FORWARD", "to": "PLAYER_INTENT_STATE.TURN_LEFT"}
{"timestamp": "2025-11-18T02:07:49.078313", "type": "GAMESTATE", "from": "PLAYER_INTENT_STATE.TURN_LEFT", "to": "PLAYER_INTENT_STATE.MOVE_BACKWARD"}
{"timestamp": "2025-11-18T02:07:49.639085", "type": "GAMESTATE", "from": "PLAYER_INTENT_STATE.MOVE_BACKWARD", "to": "PLAYER_INTENT_STATE.TURN_RIGHT"}
{"timestamp": "2025-11-18T02:07:51.427939", "type": "GAMESTATE", "from": "PLAYER_INTENT_STATE.TURN_RIGHT", "to": "PLAYER_INTENT_STATE.MOVE_FORWARD"}
{"timestamp": "2025-11-18T02:07:52.011345", "type": "GAMESTATE", "from": "PLAYER_INTENT_STATE.MOVE_FORWARD", "to": "PLAYER_INTENT_STATE.TURN_LEFT"}
{"timestamp": "2025-11-18T02:07:52.523678", "type": "GAMESTATE", "from": "PLAYER_INTENT_STATE.TURN_LEFT", "to": "PLAYER_INTENT_STATE.MOVE_FORWARD"}
{"timestamp": "2025-11-18T02:07:53.295870", "type": "GAMESTATE", "from": "PLAYER_INTENT_STATE.MOVE_FORWARD", "to": "PLAYER_INTENT_STATE.TURN_RIGHT"}
{"timestamp": "2025-11-18T02:07:53.733098", "type": "GAMESTATE", "from": "PLAYER_INTENT_STATE.TURN_RIGHT", "to": "PLAYER_INTENT_STATE.TURN_LEFT"}
{"timestamp": "2025-11-18T02:07:54.422107", "type": "GAMESTATE", "from": "PLAYER_INTENT_STATE.TURN_LEFT", "to": "PLAYER_INTENT_STATE.IDLE"}
{"timestamp": "2025-11-18T02:42:37.888825", "type": "GAMESTATE", "from": "GAMESTATE.PLAYING", "to": "GAMESTATE.PAUSED"}
{"timestamp": "2025-11-18T02:42:38.612563", "type": "GAMESTATE", "from": "GAMESTATE.PAUSED", "to": "GAMESTATE.PLAYING"}
{"timestamp": "2025-11-23T06:39:51.780007", "type": "GAMESTATE", "from": "GAMESTATE.PLAYING", "to": "GAMESTATE.PAUSED"}
{"timestamp": "2025-12-17T05:09:03.378932", "type": "GAMESTATE", "from": "GAMESTATE.PLAYING", "to": "GAMESTATE.PAUSED"}
{"timestamp": "2025-12-17T05:09:04.371618", "type": "GAMESTATE", "from": "GAMESTATE.PAUSED", "to": "GAMESTATE.PLAYING"}
{"timestamp": "2025-12-17T05:09:27.331604", "type": "GAMESTATE", "from": "GAMESTATE.PLAYING", "to": "GAMESTATE.PAUSED"}
{"timestamp": "2025-12-17T05:47:14.533197", "type": "GAMESTATE", "from": "GAMESTATE.PLAYING", "to": "GAMESTATE.PAUSED"}
{"timestamp": "2025-12-17T05:47:16.208562", "type": "GAMESTATE", "from": "GAMESTATE.PAUSED", "to": "GAMESTATE.PLAYING"}
{"timestamp": "2025-12-17T05:47:18.134783", "type": "GAMESTATE", "from": "GAMESTATE.PLAYING", "to": "GAMESTATE.PAUSED"}
{"timestamp": "2025-12-17T05:47:18.889361", "type": "GAMESTATE", "from": "GAMESTATE.PAUSED", "to": "GAMESTATE.PLAYING"}
{"timestamp": "2025-12-17T05:47:19.980908", "type": "GAMESTATE", "from": "GAMESTATE.PLAYING", "to": "GAMESTATE.PAUSED"}
{"timestamp": "2025-12-17T05:47:20.707042", "type": "GAMESTATE", "from": "GAMESTATE.PAUSED", "to": "GAMESTATE.PLAYING"}
{"timestamp": "2025-12-17T05:49:11.149275", "type": "GAMESTATE", "from": "GAMESTATE.PLAYING", "to": "GAMESTATE.PAUSED"}
{"timestamp": "2025-12-17T05:58:42.255743", "type": "GAMESTATE", "from": "GAMESTATE.PLAYING", "to": "GAMESTATE.PAUSED"}
{"timestamp": "2025-12-17T05:58:48.519943", "type": "GAMESTATE", "from": "GAMESTATE.PLAYING", "to": "GAMESTATE.PAUSED"}
{"timestamp": "2025-12-17T05:58:49.541860", "type": "GAMESTATE", "from": "GAMESTATE.PAUSED", "to": "GAMESTATE.PLAYING"}
{"timestamp": "2025-12-17T06:15:33.859772", "type": "GAMESTATE", "from": "GAMESTATE.PLAYING", "to": "GAMESTATE.PAUSED"}
<<<<<<< HEAD
{"timestamp": "2025-12-17T08:07:21.951172", "type": "GAMESTATE", "from": "GAMESTATE.PLAYING", "to": "GAMESTATE.PAUSED"}
{"timestamp": "2025-12-17T08:09:49.008378", "type": "GAMESTATE", "from": "GAMESTATE.PLAYING", "to": "GAMESTATE.PAUSED"}
{"timestamp": "2025-12-17T08:10:04.899101", "type": "GAMESTATE", "from": "GAMESTATE.PLAYING", "to": "GAMESTATE.PAUSED"}
{"timestamp": "2025-12-17T08:10:05.588406", "type": "GAMESTATE", "from": "GAMESTATE.PAUSED", "to": "GAMESTATE.PLAYING"}
{"timestamp": "2025-12-17T08:10:07.000374", "type": "GAMESTATE", "from": "GAMESTATE.PLAYING", "to": "GAMESTATE.PAUSED"}
{"timestamp": "2025-12-17T08:10:08.589830", "type": "GAMESTATE", "from": "GAMESTATE.PAUSED", "to": "GAMESTATE.PLAYING"}
{"timestamp": "2025-12-17T08:40:36.906644", "type": "GAMESTATE", "from": "GAMESTATE.PLAYING", "to": "GAMESTATE.PAUSED"}
{"timestamp": "2025-12-17T08:40:37.807112", "type": "GAMESTATE", "from": "GAMESTATE.PAUSED", "to": "GAMESTATE.PLAYING"}
{"timestamp": "2025-12-17T08:40:38.831521", "type": "GAMESTATE", "from": "GAMESTATE.PLAYING", "to": "GAMESTATE.PAUSED"}
{"timestamp": "2025-12-17T08:41:56.704558", "type": "GAMESTATE", "from": "GAMESTATE.PLAYING", "to": "GAMESTATE.PAUSED"}
{"timestamp": "2025-12-17T08:42:00.037210", "type": "GAMESTATE", "from": "GAMESTATE.PAUSED", "to": "GAMESTATE.PLAYING"}
{"timestamp": "2025-12-17T08:42:05.826473", "type": "GAMESTATE", "from": "GAMESTATE.PLAYING", "to": "GAMESTATE.PAUSED"}
{"timestamp": "2025-12-17T08:42:06.568315", "type": "GAMESTATE", "from": "GAMESTATE.PAUSED", "to": "GAMESTATE.PLAYING"}
{"timestamp": "2025-12-17T08:43:41.136701", "type": "GAMESTATE", "from": "GAMESTATE.PLAYING", "to": "GAMESTATE.PAUSED"}
{"timestamp": "2025-12-17T08:43:42.065951", "type": "GAMESTATE", "from": "GAMESTATE.PAUSED", "to": "GAMESTATE.PLAYING"}
{"timestamp": "2025-12-17T08:46:15.687719", "type": "GAMESTATE", "from": "GAMESTATE.PLAYING", "to": "GAMESTATE.PAUSED"}
{"timestamp": "2025-12-17T08:46:16.844514", "type": "GAMESTATE", "from": "GAMESTATE.PAUSED", "to": "GAMESTATE.PLAYING"}
{"timestamp": "2025-12-17T08:46:24.125047", "type": "GAMESTATE", "from": "GAMESTATE.PLAYING", "to": "GAMESTATE.PAUSED"}
{"timestamp": "2025-12-17T08:46:28.361890", "type": "GAMESTATE", "from": "GAMESTATE.PAUSED", "to": "GAMESTATE.PLAYING"}
{"timestamp": "2025-12-17T08:46:31.873290", "type": "GAMESTATE", "from": "GAMESTATE.PLAYING", "to": "GAMESTATE.PAUSED"}
{"timestamp": "2025-12-17T08:46:32.709928", "type": "GAMESTATE", "from": "GAMESTATE.PAUSED", "to": "GAMESTATE.PLAYING"}
{"timestamp": "2025-12-18T05:11:54.718380", "type": "GAMESTATE", "from": "GAMESTATE.PLAYING", "to": "GAMESTATE.PAUSED"}
=======
{"timestamp": "2025-12-22T03:13:41.766957", "type": "GAMESTATE", "from": "GAMESTATE.PLAYING", "to": "GAMESTATE.PAUSED"}
{"timestamp": "2025-12-22T03:13:42.410506", "type": "GAMESTATE", "from": "GAMESTATE.PAUSED", "to": "GAMESTATE.PLAYING"}
{"timestamp": "2025-12-22T03:13:43.535244", "type": "GAMESTATE", "from": "GAMESTATE.PLAYING", "to": "GAMESTATE.PAUSED"}
{"timestamp": "2025-12-23T01:34:02.387330", "type": "GAMESTATE", "from": "GAMESTATE.PLAYING", "to": "GAMESTATE.PAUSED"}
{"timestamp": "2025-12-23T01:34:10.004798", "type": "GAMESTATE", "from": "GAMESTATE.PAUSED", "to": "GAMESTATE.PLAYING"}
{"timestamp": "2025-12-23T02:00:33.032745", "type": "GAMESTATE", "from": "GAMESTATE.PLAYING", "to": "GAMESTATE.PAUSED"}
{"timestamp": "2025-12-23T02:00:33.433815", "type": "GAMESTATE", "from": "GAMESTATE.PAUSED", "to": "GAMESTATE.PLAYING"}
{"timestamp": "2025-12-23T02:00:34.076726", "type": "GAMESTATE", "from": "GAMESTATE.PLAYING", "to": "GAMESTATE.PAUSED"}
{"timestamp": "2025-12-23T02:00:34.414908", "type": "GAMESTATE", "from": "GAMESTATE.PAUSED", "to": "GAMESTATE.PLAYING"}
{"timestamp": "2025-12-23T02:08:55.558055", "type": "GAMESTATE", "from": "GAMESTATE.PLAYING", "to": "GAMESTATE.PAUSED"}
{"timestamp": "2025-12-23T02:09:34.475640", "type": "GAMESTATE", "from": "GAMESTATE.PLAYING", "to": "GAMESTATE.PAUSED"}
{"timestamp": "2025-12-23T02:10:59.125013", "type": "GAMESTATE", "from": "GAMESTATE.PLAYING", "to": "GAMESTATE.PAUSED"}
{"timestamp": "2025-12-23T02:12:46.743836", "type": "GAMESTATE", "from": "GAMESTATE.PLAYING", "to": "GAMESTATE.PAUSED"}
{"timestamp": "2025-12-23T02:13:05.893899", "type": "GAMESTATE", "from": "GAMESTATE.PLAYING", "to": "GAMESTATE.PAUSED"}
{"timestamp": "2025-12-23T02:13:33.006824", "type": "GAMESTATE", "from": "GAMESTATE.PLAYING", "to": "GAMESTATE.PAUSED"}
{"timestamp": "2025-12-23T02:13:38.276233", "type": "GAMESTATE", "from": "GAMESTATE.PAUSED", "to": "GAMESTATE.PLAYING"}
{"timestamp": "2025-12-23T02:13:38.516937", "type": "GAMESTATE", "from": "GAMESTATE.PLAYING", "to": "GAMESTATE.PAUSED"}
{"timestamp": "2025-12-23T02:13:39.354838", "type": "GAMESTATE", "from": "GAMESTATE.PAUSED", "to": "GAMESTATE.PLAYING"}
{"timestamp": "2025-12-23T02:16:48.239519", "type": "GAMESTATE", "from": "GAMESTATE.PLAYING", "to": "GAMESTATE.PAUSED"}
{"timestamp": "2025-12-23T02:16:50.565852", "type": "GAMESTATE", "from": "GAMESTATE.PAUSED", "to": "GAMESTATE.PLAYING"}
{"timestamp": "2025-12-23T02:16:52.251948", "type": "GAMESTATE", "from": "GAMESTATE.PLAYING", "to": "GAMESTATE.PAUSED"}
{"timestamp": "2025-12-23T02:16:54.069871", "type": "GAMESTATE", "from": "GAMESTATE.PAUSED", "to": "GAMESTATE.PLAYING"}
{"timestamp": "2025-12-23T02:18:37.251543", "type": "GAMESTATE", "from": "GAMESTATE.PLAYING", "to": "GAMESTATE.PAUSED"}
{"timestamp": "2025-12-23T02:19:33.800459", "type": "GAMESTATE", "from": "GAMESTATE.PLAYING", "to": "GAMESTATE.PAUSED"}
{"timestamp": "2025-12-23T02:19:35.053539", "type": "GAMESTATE", "from": "GAMESTATE.PAUSED", "to": "GAMESTATE.PLAYING"}
{"timestamp": "2025-12-23T02:20:45.563999", "type": "GAMESTATE", "from": "GAMESTATE.PLAYING", "to": "GAMESTATE.PAUSED"}
{"timestamp": "2025-12-23T02:20:47.815537", "type": "GAMESTATE", "from": "GAMESTATE.PAUSED", "to": "GAMESTATE.PLAYING"}
{"timestamp": "2025-12-23T02:21:29.878304", "type": "GAMESTATE", "from": "GAMESTATE.PLAYING", "to": "GAMESTATE.PAUSED"}
{"timestamp": "2025-12-23T02:21:34.867309", "type": "GAMESTATE", "from": "GAMESTATE.PAUSED", "to": "GAMESTATE.PLAYING"}
{"timestamp": "2025-12-23T02:27:17.342524", "type": "GAMESTATE", "from": "GAMESTATE.PLAYING", "to": "GAMESTATE.PAUSED"}
{"timestamp": "2025-12-23T02:27:20.658378", "type": "GAMESTATE", "from": "GAMESTATE.PAUSED", "to": "GAMESTATE.PLAYING"}
{"timestamp": "2025-12-23T02:27:57.111039", "type": "GAMESTATE", "from": "GAMESTATE.PLAYING", "to": "GAMESTATE.PAUSED"}
{"timestamp": "2025-12-23T02:27:59.345539", "type": "GAMESTATE", "from": "GAMESTATE.PAUSED", "to": "GAMESTATE.PLAYING"}
{"timestamp": "2025-12-23T03:04:05.280678", "type": "GAMESTATE", "from": "GAMESTATE.PLAYING", "to": "GAMESTATE.PAUSED"}
{"timestamp": "2025-12-23T03:04:06.324349", "type": "GAMESTATE", "from": "GAMESTATE.PAUSED", "to": "GAMESTATE.PLAYING"}
{"timestamp": "2025-12-23T03:04:09.351854", "type": "GAMESTATE", "from": "GAMESTATE.PLAYING", "to": "GAMESTATE.PAUSED"}
{"timestamp": "2025-12-23T03:06:30.772009", "type": "GAMESTATE", "from": "GAMESTATE.PLAYING", "to": "GAMESTATE.PAUSED"}
{"timestamp": "2025-12-23T03:06:31.799448", "type": "GAMESTATE", "from": "GAMESTATE.PAUSED", "to": "GAMESTATE.PLAYING"}
{"timestamp": "2025-12-23T03:10:08.917627", "type": "GAMESTATE", "from": "GAMESTATE.PLAYING", "to": "GAMESTATE.PAUSED"}
{"timestamp": "2025-12-23T03:14:46.473970", "type": "GAMESTATE", "from": "GAMESTATE.PLAYING", "to": "GAMESTATE.PAUSED"}
>>>>>>> 05c0622 (Heavy update. Added Player Entity and base functionality of it.)
{"timestamp": "2025-12-23T05:23:25.434432", "type": "GAMESTATE", "from": "GAMESTATE.PLAYING", "to": "GAMESTATE.PAUSED"}
{"timestamp": "2025-12-23T05:23:26.751230", "type": "GAMESTATE", "from": "GAMESTATE.PAUSED", "to": "GAMESTATE.PLAYING"}
{"timestamp": "2025-12-23T05:23:29.325939", "type": "GAMESTATE", "from": "GAMESTATE.PLAYING", "to": "GAMESTATE.PAUSED"}
{"timestamp": "2025-12-23T05:23:29.808604", "type": "GAMESTATE", "from": "GAMESTATE.PAUSED", "to": "GAMESTATE.PLAYING"}
{"timestamp": "2025-12-23T05:23:31.317860", "type": "GAMESTATE", "from": "GAMESTATE.PLAYING", "to": "GAMESTATE.PAUSED"}
{"timestamp": "2025-12-23T05:23:32.075023", "type": "GAMESTATE", "from": "GAMESTATE.PAUSED", "to": "GAMESTATE.PLAYING"}
{"timestamp": "2025-12-23T06:11:17.438419", "type": "GAMESTATE", "from": "GAMESTATE.PLAYING", "to": "GAMESTATE.PAUSED"}
{"timestamp": "2025-12-23T06:11:18.130491", "type": "GAMESTATE", "from": "GAMESTATE.PAUSED", "to": "GAMESTATE.PLAYING"}
{"timestamp": "2025-12-23T06:11:18.690842", "type": "GAMESTATE", "from": "GAMESTATE.PLAYING", "to": "GAMESTATE.PAUSED"}
{"timestamp": "2025-12-23T06:11:19.077540", "type": "GAMESTATE", "from": "GAMESTATE.PAUSED", "to": "GAMESTATE.PLAYING"}
{"timestamp": "2025-12-23T06:21:07.019480", "type": "GAMESTATE", "from": "GAMESTATE.PLAYING", "to": "GAMESTATE.PAUSED"}
{"timestamp": "2025-12-23T06:21:08.629580", "type": "GAMESTATE", "from": "GAMESTATE.PAUSED", "to": "GAMESTATE.PLAYING"}
{"timestamp": "2025-12-23T06:21:32.143920", "type": "GAMESTATE", "from": "GAMESTATE.PLAYING", "to": "GAMESTATE.GAME_OVER"}
{"timestamp": "2025-12-23T06:22:27.474034", "type": "GAMESTATE", "from": "GAMESTATE.PLAYING", "to": "GAMESTATE.GAME_OVER"}
{"timestamp": "2025-12-23T06:24:48.645521", "type": "GAMESTATE", "from": "GAMESTATE.PLAYING", "to": "GAMESTATE.GAME_OVER"}
{"timestamp": "2025-12-23T06:32:57.621742", "type": "GAMESTATE", "from": "GAMESTATE.PLAYING", "to": "GAMESTATE.GAME_OVER"}
{"timestamp": "2025-12-23T06:33:34.183073", "type": "GAMESTATE", "from": "GAMESTATE.PLAYING", "to": "GAMESTATE.GAME_OVER"}
{"timestamp": "2025-12-23T06:34:51.412072", "type": "GAMESTATE", "from": "GAMESTATE.PLAYING", "to": "GAMESTATE.GAME_OVER"}
{"timestamp": "2025-12-23T06:34:52.170661", "type": "GAMESTATE", "from": "GAMESTATE.GAME_OVER", "to": "GAMESTATE.PLAYING"}
{"timestamp": "2025-12-23T06:34:53.117708", "type": "GAMESTATE", "from": "GAMESTATE.PLAYING", "to": "GAMESTATE.GAME_OVER"}
{"timestamp": "2025-12-23T06:34:55.787349", "type": "GAMESTATE", "from": "GAMESTATE.GAME_OVER", "to": "GAMESTATE.PLAYING"}
{"timestamp": "2025-12-23T06:34:58.840896", "type": "GAMESTATE", "from": "GAMESTATE.PLAYING", "to": "GAMESTATE.GAME_OVER"}
{"timestamp": "2025-12-23T06:35:15.852375", "type": "GAMESTATE", "from": "GAMESTATE.PLAYING", "to": "GAMESTATE.GAME_OVER"}
{"timestamp": "2025-12-23T06:35:16.496117", "type": "GAMESTATE", "from": "GAMESTATE.GAME_OVER", "to": "GAMESTATE.PLAYING"}
{"timestamp": "2025-12-23T06:35:20.478100", "type": "GAMESTATE", "from": "GAMESTATE.PLAYING", "to": "GAMESTATE.GAME_OVER"}
{"timestamp": "2025-12-23T06:35:22.038996", "type": "GAMESTATE", "from": "GAMESTATE.GAME_OVER", "to": "GAMESTATE.PLAYING"}
{"timestamp": "2025-12-23T06:47:24.699601", "type": "GAMESTATE", "from": "GAMESTATE.PLAYING", "to": "GAMESTATE.GAME_OVER"}
{"timestamp": "2025-12-23T06:47:46.863840", "type": "GAMESTATE", "from": "GAMESTATE.PLAYING", "to": "GAMESTATE.GAME_OVER"}
{"timestamp": "2025-12-23T06:48:16.773588", "type": "GAMESTATE", "from": "GAMESTATE.PLAYING", "to": "GAMESTATE.GAME_OVER"}
{"timestamp": "2025-12-23T06:48:52.812537", "type": "GAMESTATE", "from": "GAMESTATE.PLAYING", "to": "GAMESTATE.GAME_OVER"}
