{"timestamp": "2026-01-07T03:15:59.247515", "type": "MENUSTATE", "ticks": "application/menustates", "from": "MENUSTATE.ROOT", "to": "MENUSTATE.LEADERBOARDVIEWER"}
{"timestamp": "2026-01-07T03:16:00.018289", "type": "MENUSTATE", "ticks": "application/menustates", "from": "MENUSTATE.LEADERBOARDVIEWER", "to": "MENUSTATE.ROOT"}
{"timestamp": "2026-01-07T03:16:37.009339", "type": "MENUSTATE", "ticks": "application/menustates", "from": "MENUSTATE.ROOT", "to": "MENUSTATE.SETTINGS"}
{"timestamp": "2026-01-07T03:16:38.052985", "type": "MENUSTATE", "ticks": "application/menustates", "from": "MENUSTATE.SETTINGS", "to": "MENUSTATE.ROOT"}
{"timestamp": "2026-01-07T03:16:39.778286", "type": "MENUSTATE", "ticks": "application/menustates", "from": "MENUSTATE.ROOT", "to": "MENUSTATE.SETTINGS"}
{"timestamp": "2026-01-07T03:16:40.200655", "type": "MENUSTATE", "ticks": "application/menustates", "from": "MENUSTATE.SETTINGS", "to": "MENUSTATE.DEVELOPERSETTINGS"}
{"timestamp": "2026-01-07T03:16:41.554253", "type": "MENUSTATE", "ticks": "application/menustates", "from": "MENUSTATE.DEVELOPERSETTINGS", "to": "MENUSTATE.CREATEUSERNAME"}
{"timestamp": "2026-01-07T03:17:06.056401", "type": "MENUSTATE", "ticks": "application/menustates", "from": "MENUSTATE.CREATEUSERNAME", "to": "MENUSTATE.ROOT"}
{"timestamp": "2026-01-07T06:18:59.729766", "type": "MENUSTATE", "ticks": "application/menustates", "from": "MENUSTATE.ROOT", "to": "MENUSTATE.SETTINGS"}
{"timestamp": "2026-01-07T06:19:00.500917", "type": "MENUSTATE", "ticks": "application/menustates", "from": "MENUSTATE.SETTINGS", "to": "MENUSTATE.ROOT"}
{"timestamp": "2026-01-07T06:19:01.900460", "type": "MENUSTATE", "ticks": "application/menustates", "from": "MENUSTATE.ROOT", "to": "MENUSTATE.LEADERBOARDVIEWER"}
{"timestamp": "2026-01-07T06:19:02.769382", "type": "MENUSTATE", "ticks": "application/menustates", "from": "MENUSTATE.LEADERBOARDVIEWER", "to": "MENUSTATE.ROOT"}
{"timestamp": "2026-01-07T06:19:05.474493", "type": "MENUSTATE", "ticks": "application/menustates", "from": "MENUSTATE.ROOT", "to": "MENUSTATE.SETTINGS"}
{"timestamp": "2026-01-07T06:19:06.311809", "type": "MENUSTATE", "ticks": "application/menustates", "from": "MENUSTATE.SETTINGS", "to": "MENUSTATE.ROOT"}
{"timestamp": "2026-01-07T06:21:27.359210", "type": "MENUSTATE", "ticks": "application/menustates", "from": "MENUSTATE.ROOT", "to": "MENUSTATE.SETTINGS"}
{"timestamp": "2026-01-07T06:21:27.872135", "type": "MENUSTATE", "ticks": "application/menustates", "from": "MENUSTATE.SETTINGS", "to": "MENUSTATE.AUDIO"}
{"timestamp": "2026-01-07T06:21:29.872156", "type": "MENUSTATE", "ticks": "application/menustates", "from": "MENUSTATE.AUDIO", "to": "MENUSTATE.SETTINGS"}
{"timestamp": "2026-01-07T06:21:30.582012", "type": "MENUSTATE", "ticks": "application/menustates", "from": "MENUSTATE.SETTINGS", "to": "MENUSTATE.ROOT"}
{"timestamp": "2026-01-07T06:24:12.851704", "type": "MENUSTATE", "ticks": "application/menustates", "from": "MENUSTATE.ROOT", "to": "MENUSTATE.SETTINGS"}
{"timestamp": "2026-01-07T06:24:13.435838", "type": "MENUSTATE", "ticks": "application/menustates", "from": "MENUSTATE.SETTINGS", "to": "MENUSTATE.AUDIO"}
{"timestamp": "2026-01-07T06:24:15.359590", "type": "MENUSTATE", "ticks": "application/menustates", "from": "MENUSTATE.AUDIO", "to": "MENUSTATE.SETTINGS"}
{"timestamp": "2026-01-07T06:24:16.148631", "type": "MENUSTATE", "ticks": "application/menustates", "from": "MENUSTATE.SETTINGS", "to": "MENUSTATE.ROOT"}
{"timestamp": "2026-01-07T06:24:16.950300", "type": "MENUSTATE", "ticks": "application/menustates", "from": "MENUSTATE.ROOT", "to": "MENUSTATE.SETTINGS"}
{"timestamp": "2026-01-07T06:24:17.575522", "type": "MENUSTATE", "ticks": "application/menustates", "from": "MENUSTATE.SETTINGS", "to": "MENUSTATE.AUDIO"}
{"timestamp": "2026-01-07T06:24:19.458655", "type": "MENUSTATE", "ticks": "application/menustates", "from": "MENUSTATE.AUDIO", "to": "MENUSTATE.SETTINGS"}
{"timestamp": "2026-01-07T06:24:20.458222", "type": "MENUSTATE", "ticks": "application/menustates", "from": "MENUSTATE.SETTINGS", "to": "MENUSTATE.ROOT"}
{"timestamp": "2026-01-07T06:24:38.271601", "type": "MENUSTATE", "ticks": "application/menustates", "from": "MENUSTATE.ROOT", "to": "MENUSTATE.SETTINGS"}
{"timestamp": "2026-01-07T06:24:39.316551", "type": "MENUSTATE", "ticks": "application/menustates", "from": "MENUSTATE.SETTINGS", "to": "MENUSTATE.ROOT"}
{"timestamp": "2026-01-07T06:24:40.164840", "type": "MENUSTATE", "ticks": "application/menustates", "from": "MENUSTATE.ROOT", "to": "MENUSTATE.SETTINGS"}
{"timestamp": "2026-01-07T06:24:40.875405", "type": "MENUSTATE", "ticks": "application/menustates", "from": "MENUSTATE.SETTINGS", "to": "MENUSTATE.AUDIO"}
{"timestamp": "2026-01-07T06:24:42.066303", "type": "MENUSTATE", "ticks": "application/menustates", "from": "MENUSTATE.AUDIO", "to": "MENUSTATE.SETTINGS"}
{"timestamp": "2026-01-07T06:24:42.932110", "type": "MENUSTATE", "ticks": "application/menustates", "from": "MENUSTATE.SETTINGS", "to": "MENUSTATE.ROOT"}
{"timestamp": "2026-01-07T07:31:07.011109", "type": "MENUSTATE", "ticks": "application/menustates", "from": "MENUSTATE.ROOT", "to": "MENUSTATE.LEADERBOARDOPTIN"}
{"timestamp": "2026-01-07T07:31:14.059206", "type": "MENUSTATE", "ticks": "application/menustates", "from": "MENUSTATE.LEADERBOARDOPTIN", "to": "MENUSTATE.CREATEUSERNAME"}
{"timestamp": "2026-01-07T07:47:21.448093", "type": "MENUSTATE", "ticks": "application/menustates", "from": "MENUSTATE.ROOT", "to": "MENUSTATE.LEADERBOARDOPTIN"}
{"timestamp": "2026-01-07T07:47:32.015687", "type": "MENUSTATE", "ticks": "application/menustates", "from": "MENUSTATE.ROOT", "to": "MENUSTATE.LEADERBOARDOPTIN"}
{"timestamp": "2026-01-07T07:47:35.497453", "type": "MENUSTATE", "ticks": "application/menustates", "from": "MENUSTATE.LEADERBOARDOPTIN", "to": "MENUSTATE.CREATEUSERNAME"}
{"timestamp": "2026-01-07T07:48:56.076641", "type": "MENUSTATE", "ticks": "application/menustates", "from": "MENUSTATE.ROOT", "to": "MENUSTATE.LEADERBOARDOPTIN"}
{"timestamp": "2026-01-07T07:48:59.564365", "type": "MENUSTATE", "ticks": "application/menustates", "from": "MENUSTATE.LEADERBOARDOPTIN", "to": "MENUSTATE.CREATEUSERNAME"}
{"timestamp": "2026-01-07T07:49:47.958845", "type": "MENUSTATE", "ticks": "application/menustates", "from": "MENUSTATE.ROOT", "to": "MENUSTATE.LEADERBOARDOPTIN"}
{"timestamp": "2026-01-07T07:49:50.623277", "type": "MENUSTATE", "ticks": "application/menustates", "from": "MENUSTATE.LEADERBOARDOPTIN", "to": "MENUSTATE.CREATEUSERNAME"}
{"timestamp": "2026-01-07T07:50:04.575036", "type": "MENUSTATE", "ticks": "application/menustates", "from": "MENUSTATE.ROOT", "to": "MENUSTATE.LEADERBOARDOPTIN"}
{"timestamp": "2026-01-07T07:50:05.797470", "type": "MENUSTATE", "ticks": "application/menustates", "from": "MENUSTATE.LEADERBOARDOPTIN", "to": "MENUSTATE.CREATEUSERNAME"}
{"timestamp": "2026-01-07T07:50:36.123647", "type": "MENUSTATE", "ticks": "application/menustates", "from": "MENUSTATE.ROOT", "to": "MENUSTATE.LEADERBOARDOPTIN"}
{"timestamp": "2026-01-07T07:50:41.920552", "type": "MENUSTATE", "ticks": "application/menustates", "from": "MENUSTATE.LEADERBOARDOPTIN", "to": "MENUSTATE.CREATEUSERNAME"}
{"timestamp": "2026-01-07T07:51:38.467647", "type": "MENUSTATE", "ticks": "application/menustates", "from": "MENUSTATE.ROOT", "to": "MENUSTATE.LEADERBOARDOPTIN"}
{"timestamp": "2026-01-07T07:51:42.074731", "type": "MENUSTATE", "ticks": "application/menustates", "from": "MENUSTATE.LEADERBOARDOPTIN", "to": "MENUSTATE.CREATEUSERNAME"}
{"timestamp": "2026-01-07T07:52:11.837277", "type": "MENUSTATE", "ticks": "application/menustates", "from": "MENUSTATE.ROOT", "to": "MENUSTATE.SETTINGS"}
{"timestamp": "2026-01-07T07:52:12.767403", "type": "MENUSTATE", "ticks": "application/menustates", "from": "MENUSTATE.SETTINGS", "to": "MENUSTATE.ROOT"}
{"timestamp": "2026-01-07T07:53:25.681603", "type": "MENUSTATE", "ticks": "application/menustates", "from": "MENUSTATE.ROOT", "to": "MENUSTATE.LEADERBOARDOPTIN"}
{"timestamp": "2026-01-07T07:53:29.406929", "type": "MENUSTATE", "ticks": "application/menustates", "from": "MENUSTATE.LEADERBOARDOPTIN", "to": "MENUSTATE.CREATEUSERNAME"}
{"timestamp": "2026-01-07T07:58:28.893563", "type": "MENUSTATE", "ticks": "application/menustates", "from": "MENUSTATE.ROOT", "to": "MENUSTATE.SETTINGS"}
{"timestamp": "2026-01-07T07:58:29.730418", "type": "MENUSTATE", "ticks": "application/menustates", "from": "MENUSTATE.SETTINGS", "to": "MENUSTATE.DEVELOPERSETTINGS"}
{"timestamp": "2026-01-07T07:58:30.260173", "type": "MENUSTATE", "ticks": "application/menustates", "from": "MENUSTATE.DEVELOPERSETTINGS", "to": "MENUSTATE.CREATEUSERNAME"}
{"timestamp": "2026-01-07T07:58:43.257792", "type": "MENUSTATE", "ticks": "application/menustates", "from": "MENUSTATE.ROOT", "to": "MENUSTATE.LEADERBOARDOPTIN"}
{"timestamp": "2026-01-07T07:58:46.634819", "type": "MENUSTATE", "ticks": "application/menustates", "from": "MENUSTATE.LEADERBOARDOPTIN", "to": "MENUSTATE.CREATEUSERNAME"}
{"timestamp": "2026-01-07T07:59:43.951565", "type": "MENUSTATE", "ticks": "application/menustates", "from": "MENUSTATE.ROOT", "to": "MENUSTATE.LEADERBOARDOPTIN"}
{"timestamp": "2026-01-07T07:59:47.770666", "type": "MENUSTATE", "ticks": "application/menustates", "from": "MENUSTATE.LEADERBOARDOPTIN", "to": "MENUSTATE.CREATEUSERNAME"}
{"timestamp": "2026-01-07T08:00:08.237430", "type": "MENUSTATE", "ticks": "application/menustates", "from": "MENUSTATE.CREATEUSERNAME", "to": "MENUSTATE.ROOT"}
{"timestamp": "2026-01-07T08:04:36.601845", "type": "MENUSTATE", "ticks": "application/menustates", "from": "MENUSTATE.ROOT", "to": "MENUSTATE.SETTINGS"}
{"timestamp": "2026-01-07T08:04:37.692909", "type": "MENUSTATE", "ticks": "application/menustates", "from": "MENUSTATE.SETTINGS", "to": "MENUSTATE.DEVELOPERSETTINGS"}
{"timestamp": "2026-01-07T08:04:38.542926", "type": "MENUSTATE", "ticks": "application/menustates", "from": "MENUSTATE.DEVELOPERSETTINGS", "to": "MENUSTATE.CREATEUSERNAME"}
{"timestamp": "2026-01-07T08:05:11.906482", "type": "MENUSTATE", "ticks": "application/menustates", "from": "MENUSTATE.ROOT", "to": "MENUSTATE.SETTINGS"}
{"timestamp": "2026-01-07T08:05:13.078291", "type": "MENUSTATE", "ticks": "application/menustates", "from": "MENUSTATE.SETTINGS", "to": "MENUSTATE.ROOT"}
{"timestamp": "2026-01-07T08:05:23.085769", "type": "MENUSTATE", "ticks": "application/menustates", "from": "MENUSTATE.ROOT", "to": "MENUSTATE.SETTINGS"}
{"timestamp": "2026-01-07T08:05:35.641407", "type": "MENUSTATE", "ticks": "application/menustates", "from": "MENUSTATE.SETTINGS", "to": "MENUSTATE.ROOT"}
{"timestamp": "2026-01-07T08:05:36.976585", "type": "MENUSTATE", "ticks": "application/menustates", "from": "MENUSTATE.ROOT", "to": "MENUSTATE.SETTINGS"}
{"timestamp": "2026-01-07T08:05:39.036841", "type": "MENUSTATE", "ticks": "application/menustates", "from": "MENUSTATE.SETTINGS", "to": "MENUSTATE.DEVELOPERSETTINGS"}
{"timestamp": "2026-01-07T08:05:55.013096", "type": "MENUSTATE", "ticks": "application/menustates", "from": "MENUSTATE.DEVELOPERSETTINGS", "to": "MENUSTATE.CREATEUSERNAME"}
{"timestamp": "2026-01-07T08:06:05.916156", "type": "MENUSTATE", "ticks": "application/menustates", "from": "MENUSTATE.CREATEUSERNAME", "to": "MENUSTATE.ROOT"}
{"timestamp": "2026-01-07T08:06:40.529009", "type": "MENUSTATE", "ticks": "application/menustates", "from": "MENUSTATE.ROOT", "to": "MENUSTATE.SETTINGS"}
{"timestamp": "2026-01-07T08:07:06.803059", "type": "MENUSTATE", "ticks": "application/menustates", "from": "MENUSTATE.SETTINGS", "to": "MENUSTATE.ROOT"}
{"timestamp": "2026-01-07T18:41:12.303358", "type": "MENUSTATE", "ticks": "application/menustates", "from": "MENUSTATE.ROOT", "to": "MENUSTATE.SETTINGS"}
{"timestamp": "2026-01-07T18:41:13.234113", "type": "MENUSTATE", "ticks": "application/menustates", "from": "MENUSTATE.SETTINGS", "to": "MENUSTATE.ROOT"}
{"timestamp": "2026-01-07T18:54:14.856267", "type": "MENUSTATE", "ticks": "application/menustates", "from": "MENUSTATE.ROOT", "to": "MENUSTATE.SETTINGS"}
{"timestamp": "2026-01-07T18:54:15.756264", "type": "MENUSTATE", "ticks": "application/menustates", "from": "MENUSTATE.SETTINGS", "to": "MENUSTATE.ROOT"}
{"timestamp": "2026-01-07T18:56:49.241205", "type": "MENUSTATE", "ticks": "application/menustates", "from": "MENUSTATE.ROOT", "to": "MENUSTATE.SETTINGS"}
{"timestamp": "2026-01-07T18:56:50.270193", "type": "MENUSTATE", "ticks": "application/menustates", "from": "MENUSTATE.SETTINGS", "to": "MENUSTATE.ROOT"}
{"timestamp": "2026-01-07T18:56:52.020763", "type": "MENUSTATE", "ticks": "application/menustates", "from": "MENUSTATE.ROOT", "to": "MENUSTATE.SETTINGS"}
{"timestamp": "2026-01-07T18:56:52.870063", "type": "MENUSTATE", "ticks": "application/menustates", "from": "MENUSTATE.SETTINGS", "to": "MENUSTATE.DEVELOPERSETTINGS"}
{"timestamp": "2026-01-07T18:56:53.257202", "type": "MENUSTATE", "ticks": "application/menustates", "from": "MENUSTATE.DEVELOPERSETTINGS", "to": "MENUSTATE.CREATEUSERNAME"}
{"timestamp": "2026-01-07T18:56:55.802159", "type": "MENUSTATE", "ticks": "application/menustates", "from": "MENUSTATE.CREATEUSERNAME", "to": "MENUSTATE.ROOT"}
